Preloaded 'libsteam_api.so'
Initialize engine version: 2019.4.20f1 (6dd1c08eedfa)
[Subsystems] Discovering subsystems at path /home/vhserver/serverfiles/valheim_server_Data/UnitySubsystems
Forcing GfxDevice: Null
GfxDevice: creating device client; threaded=0
NullGfxDevice:
    Version:  NULL 1.0 [1.0]
    Renderer: Null Device
    Vendor:   Unity Technologies
Begin MonoManager ReloadAssembly
- Completed reload, in  0.102 seconds
UnloadTime: 1.099829 ms
02/19/2021 01:00:14: Starting to load scene:start
 
(Filename: ./Runtime/Export/Debug/Debug.bindings.h Line: 35)

Couldn't create a Convex Mesh from source mesh "RearBig" within the maximum polygons limit (256). The partial hull will be used. Consider simplifying your mesh. 
(Filename:  Line: 91)

HDR Render Texture not supported, disabling HDR on reflection probe. 
(Filename:  Line: 277)

HDR Render Texture not supported, disabling HDR on reflection probe. 
(Filename:  Line: 277)

Unloading 6 Unused Serialized files (Serialized files now loaded: 0)
UnloadTime: 6.029347 ms
Only custom filters can be played. Please add a custom filter or an audioclip to the audiosource (Amb_MainMenu). 
(Filename:  Line: 509)

HDR Render Texture not supported, disabling HDR on reflection probe. 
(Filename:  Line: 277)

02/19/2021 01:15:16: Initializing world generator seed: ( 0 )   menu:True  worldgen version:1
 
(Filename: ./Runtime/Export/Debug/Debug.bindings.h Line: 35)

02/19/2021 01:15:16: Using mountain distance: 1000
 
(Filename: ./Runtime/Export/Debug/Debug.bindings.h Line: 35)

02/19/2021 01:15:16: Render threading mode:SingleThreaded
 
(Filename: ./Runtime/Export/Debug/Debug.bindings.h Line: 35)

02/19/2021 01:15:16: Get create world abc123
 
(Filename: ./Runtime/Export/Debug/Debug.bindings.h Line: 35)

02/19/2021 01:15:16: Using steam_appid.txt
 
(Filename: ./Runtime/Export/Debug/Debug.bindings.h Line: 35)

02/19/2021 01:15:16: Using steam APPID:892970
 
(Filename: ./Runtime/Export/Debug/Debug.bindings.h Line: 35)

CAppInfoCacheReadFromDiskThread took 3 milliseconds to initialize
CApplicationManagerPopulateThread took 0 milliseconds to initialize (will have waited on CAppInfoCacheReadFromDiskThread)
RecordSteamInterfaceCreation (PID 22987): SteamGameServer012 / GameServer
RecordSteamInterfaceCreation (PID 22987): SteamUtils009 / Utils
Setting breakpad minidump AppID = 892970
RecordSteamInterfaceCreation (PID 22987): SteamGameServer012 / GameServer
RecordSteamInterfaceCreation (PID 22987): SteamUtils009 / Utils
RecordSteamInterfaceCreation (PID 22987): SteamNetworking005 / Networking
RecordSteamInterfaceCreation (PID 22987): SteamGameServerStats001 / GameServerStats
RecordSteamInterfaceCreation (PID 22987): STEAMHTTP_INTERFACE_VERSION002 / HTTP
RecordSteamInterfaceCreation (PID 22987): STEAMINVENTORY_INTERFACE_V002 / Inventory
RecordSteamInterfaceCreation (PID 22987): STEAMUGC_INTERFACE_VERSION010 / UGC
RecordSteamInterfaceCreation (PID 22987): STEAMAPPS_INTERFACE_VERSION008 / Apps
02/19/2021 01:15:16: Server ID 90071992547409920
 
(Filename: ./Runtime/Export/Debug/Debug.bindings.h Line: 35)

02/19/2021 01:15:16: Steam game server initialized
 
(Filename: ./Runtime/Export/Debug/Debug.bindings.h Line: 35)

02/19/2021 01:15:16: Missing audio clip in music respawn
 
(Filename: ./Runtime/Export/Debug/Debug.bindings.h Line: 35)

02/19/2021 01:15:16: Builder started
 
(Filename: ./Runtime/Export/Debug/Debug.bindings.h Line: 35)

02/19/2021 01:15:18: Loaded localization English
 
(Filename: ./Runtime/Export/Debug/Debug.bindings.h Line: 35)

02/19/2021 01:15:18: Game server connected
 
(Filename: ./Runtime/Export/Debug/Debug.bindings.h Line: 35)


Unloading 16 unused Assets to reduce memory usage. Loaded Objects now: 85935.
Total: 73.351996 ms (FindLiveObjects: 4.408717 ms CreateObjectMapping: 12.226510 ms MarkObjects: 56.422946 ms  DeleteObjects: 0.289101 ms)

Unloading 6 Unused Serialized files (Serialized files now loaded: 0)
UnloadTime: 20.247511 ms
HDR Render Texture not supported, disabling HDR on reflection probe. 
(Filename:  Line: 277)

HDR Render Texture not supported, disabling HDR on reflection probe. 
(Filename:  Line: 277)

02/19/2021 01:15:18: Zonesystem Awake 18709162
 
(Filename: ./Runtime/Export/Debug/Debug.bindings.h Line: 35)

02/19/2021 01:15:18: DungeonDB Awake 18709162
 
(Filename: ./Runtime/Export/Debug/Debug.bindings.h Line: 35)

02/19/2021 01:15:18: ZSteamSocket  Registering global callbacks
 
(Filename: ./Runtime/Export/Debug/Debug.bindings.h Line: 35)

02/19/2021 01:15:18: Registering lobby
 
(Filename: ./Runtime/Export/Debug/Debug.bindings.h Line: 35)

02/19/2021 01:15:18: Initializing world generator seed:nepTbzQlS5 ( -1441259986 )   menu:False  worldgen version:1
 
(Filename: ./Runtime/Export/Debug/Debug.bindings.h Line: 35)

02/19/2021 01:15:18: Using mountain distance: 1000
 
(Filename: ./Runtime/Export/Debug/Debug.bindings.h Line: 35)

02/19/2021 01:15:18: Found 596 mountain points
 
(Filename: ./Runtime/Export/Debug/Debug.bindings.h Line: 35)

02/19/2021 01:15:18: Remaining mountains:81
 
(Filename: ./Runtime/Export/Debug/Debug.bindings.h Line: 35)

02/19/2021 01:15:18: Calc time 34.732 ms
 
(Filename: ./Runtime/Export/Debug/Debug.bindings.h Line: 35)

02/19/2021 01:15:18: Found 8216 lake points
 
(Filename: ./Runtime/Export/Debug/Debug.bindings.h Line: 35)

02/19/2021 01:15:21: Remaining lakes:115
 
(Filename: ./Runtime/Export/Debug/Debug.bindings.h Line: 35)

02/19/2021 01:15:21: Calc time 2705.615 ms
 
(Filename: ./Runtime/Export/Debug/Debug.bindings.h Line: 35)

02/19/2021 01:15:21: Rivers:157
 
(Filename: ./Runtime/Export/Debug/Debug.bindings.h Line: 35)

02/19/2021 01:15:21: River buckets 15631
 
(Filename: ./Runtime/Export/Debug/Debug.bindings.h Line: 35)

02/19/2021 01:15:21: River render time 420.991 ms
 
(Filename: ./Runtime/Export/Debug/Debug.bindings.h Line: 35)

02/19/2021 01:15:21: River Calc time 440.593 ms
 
(Filename: ./Runtime/Export/Debug/Debug.bindings.h Line: 35)

02/19/2021 01:15:23: River buckets 24190
 
(Filename: ./Runtime/Export/Debug/Debug.bindings.h Line: 35)

02/19/2021 01:15:23: River render time 618.313 ms
 
(Filename: ./Runtime/Export/Debug/Debug.bindings.h Line: 35)

02/19/2021 01:15:23: Placed 1878 streams
 
(Filename: ./Runtime/Export/Debug/Debug.bindings.h Line: 35)

02/19/2021 01:15:23: Stream Calc time 1522.295 ms
 
(Filename: ./Runtime/Export/Debug/Debug.bindings.h Line: 35)

02/19/2021 01:15:23: Load world abc123
 
(Filename: ./Runtime/Export/Debug/Debug.bindings.h Line: 35)

02/19/2021 01:15:23: Loading 263984 zdos , my id -648836903 data version:26
 
(Filename: ./Runtime/Export/Debug/Debug.bindings.h Line: 35)

02/19/2021 01:15:25: Loaded 100000 dead zdos
 
(Filename: ./Runtime/Export/Debug/Debug.bindings.h Line: 35)

02/19/2021 01:15:25: Removed 0 OLD generated ZDOS
 
(Filename: ./Runtime/Export/Debug/Debug.bindings.h Line: 35)

02/19/2021 01:15:25: Loaded 7132 locations
 
(Filename: ./Runtime/Export/Debug/Debug.bindings.h Line: 35)

02/19/2021 01:15:25: Audioman already exist, destroying self
 
(Filename: ./Runtime/Export/Debug/Debug.bindings.h Line: 35)


Unloading 490 unused Assets to reduce memory usage. Loaded Objects now: 86248.
Total: 339.602085 ms (FindLiveObjects: 6.282079 ms CreateObjectMapping: 14.040017 ms MarkObjects: 314.602890 ms  DeleteObjects: 4.671949 ms)

02/19/2021 01:15:30: Zonesystem Start 18709162
 
(Filename: ./Runtime/Export/Debug/Debug.bindings.h Line: 35)

02/19/2021 01:15:31: DungeonDB Start 18709162
 
(Filename: ./Runtime/Export/Debug/Debug.bindings.h Line: 35)

Warning: failed to init SDL thread priority manager: SDL not found
02/19/2021 01:25:31:  Connections 0 ZDOS:263984  sent:0 recv:0
 
(Filename: ./Runtime/Export/Debug/Debug.bindings.h Line: 35)

Unloading 6 Unused Serialized files (Serialized files now loaded: 0)

Unloading 6 unused Assets to reduce memory usage. Loaded Objects now: 1116725.
Total: 719.774592 ms (FindLiveObjects: 102.871840 ms CreateObjectMapping: 31.922627 ms MarkObjects: 583.966352 ms  DeleteObjects: 1.008498 ms)

02/19/2021 01:32:53: Got session request from 76561197991367904
 
(Filename: ./Runtime/Export/Debug/Debug.bindings.h Line: 35)

02/19/2021 01:32:55: Got handshake from client 76561197991367904
 
(Filename: ./Runtime/Export/Debug/Debug.bindings.h Line: 35)

02/19/2021 01:33:04: VERSION check their:0.145.6  mine:0.145.6
 
(Filename: ./Runtime/Export/Debug/Debug.bindings.h Line: 35)

02/19/2021 01:33:04: Server: New peer connected,sending global keys
 
(Filename: ./Runtime/Export/Debug/Debug.bindings.h Line: 35)

02/19/2021 01:33:24: Got character ZDOID from Spacey : 537700779:1
 
(Filename: ./Runtime/Export/Debug/Debug.bindings.h Line: 35)

02/19/2021 01:35:32:  Connections 1 ZDOS:263997  sent:0 recv:300
 
(Filename: ./Runtime/Export/Debug/Debug.bindings.h Line: 35)

Unloading 0 Unused Serialized files (Serialized files now loaded: 0)

Unloading 0 unused Assets to reduce memory usage. Loaded Objects now: 1116725.
Total: 725.862327 ms (FindLiveObjects: 101.356350 ms CreateObjectMapping: 37.025673 ms MarkObjects: 586.488759 ms  DeleteObjects: 0.986329 ms)

02/19/2021 01:35:33: clone 645
 
(Filename: ./Runtime/Export/Debug/Debug.bindings.h Line: 35)

02/19/2021 01:35:34: Saved 263991 zdos
 
(Filename: ./Runtime/Export/Debug/Debug.bindings.h Line: 35)

02/19/2021 01:35:34: World saved ( 1397.641ms )
 
(Filename: ./Runtime/Export/Debug/Debug.bindings.h Line: 35)

02/19/2021 01:45:32:  Connections 1 ZDOS:263990  sent:0 recv:259
 
(Filename: ./Runtime/Export/Debug/Debug.bindings.h Line: 35)

Unloading 0 Unused Serialized files (Serialized files now loaded: 0)

Unloading 0 unused Assets to reduce memory usage. Loaded Objects now: 1116725.
Total: 784.318465 ms (FindLiveObjects: 130.140948 ms CreateObjectMapping: 35.283039 ms MarkObjects: 618.005302 ms  DeleteObjects: 0.883200 ms)

02/19/2021 01:51:48: RPC_Disconnect 
 
(Filename: ./Runtime/Export/Debug/Debug.bindings.h Line: 35)

02/19/2021 01:51:48: Destroying abandoned non persistent zdo 537700779:1861 owner 537700779
 
(Filename: ./Runtime/Export/Debug/Debug.bindings.h Line: 35)

02/19/2021 01:51:48: Destroying abandoned non persistent zdo 537700779:2071 owner 537700779
 
(Filename: ./Runtime/Export/Debug/Debug.bindings.h Line: 35)

02/19/2021 01:51:48: Destroying abandoned non persistent zdo 537700779:2070 owner 537700779
 
(Filename: ./Runtime/Export/Debug/Debug.bindings.h Line: 35)

02/19/2021 01:51:48: Destroying abandoned non persistent zdo 537700779:1 owner 537700779
 
(Filename: ./Runtime/Export/Debug/Debug.bindings.h Line: 35)

02/19/2021 01:51:48: Destroying abandoned non persistent zdo 537700779:2072 owner 537700779
 
(Filename: ./Runtime/Export/Debug/Debug.bindings.h Line: 35)

02/19/2021 01:51:48: Destroying abandoned non persistent zdo 537700779:2075 owner 537700779
 
(Filename: ./Runtime/Export/Debug/Debug.bindings.h Line: 35)

02/19/2021 01:51:48: Destroying abandoned non persistent zdo 537700779:2078 owner 537700779
 
(Filename: ./Runtime/Export/Debug/Debug.bindings.h Line: 35)

02/19/2021 01:51:48: Destroying abandoned non persistent zdo 537700779:2076 owner 537700779
 
(Filename: ./Runtime/Export/Debug/Debug.bindings.h Line: 35)

02/19/2021 01:51:48: Destroying abandoned non persistent zdo 537700779:2079 owner 537700779
 
(Filename: ./Runtime/Export/Debug/Debug.bindings.h Line: 35)

02/19/2021 01:51:48: Destroying abandoned non persistent zdo 537700779:2080 owner 537700779
 
(Filename: ./Runtime/Export/Debug/Debug.bindings.h Line: 35)

02/19/2021 01:51:48: Destroying abandoned non persistent zdo 537700779:2077 owner 537700779
 
(Filename: ./Runtime/Export/Debug/Debug.bindings.h Line: 35)

02/19/2021 01:51:48: Destroying abandoned non persistent zdo 537700779:2017 owner 537700779
 
(Filename: ./Runtime/Export/Debug/Debug.bindings.h Line: 35)

02/19/2021 01:51:48: Destroying abandoned non persistent zdo 537700779:2074 owner 537700779
 
(Filename: ./Runtime/Export/Debug/Debug.bindings.h Line: 35)

02/19/2021 01:51:48: Destroying abandoned non persistent zdo 537700779:2016 owner 537700779
 
(Filename: ./Runtime/Export/Debug/Debug.bindings.h Line: 35)

02/19/2021 01:51:48: Destroying abandoned non persistent zdo 537700779:2026 owner 537700779
 
(Filename: ./Runtime/Export/Debug/Debug.bindings.h Line: 35)

02/19/2021 01:51:48: Destroying abandoned non persistent zdo 537700779:2073 owner 537700779
 
(Filename: ./Runtime/Export/Debug/Debug.bindings.h Line: 35)

02/19/2021 01:51:48: Disposing socket
 
(Filename: ./Runtime/Export/Debug/Debug.bindings.h Line: 35)

02/19/2021 01:51:48: Closing socket 76561197991367904
 
(Filename: ./Runtime/Export/Debug/Debug.bindings.h Line: 35)

02/19/2021 01:51:48:   send queue size:0
 
(Filename: ./Runtime/Export/Debug/Debug.bindings.h Line: 35)

02/19/2021 01:51:48:   P2P state, bytes in send queue:0
 
(Filename: ./Runtime/Export/Debug/Debug.bindings.h Line: 35)

02/19/2021 01:51:48: Disposing socket
 
(Filename: ./Runtime/Export/Debug/Debug.bindings.h Line: 35)

02/19/2021 01:51:48: Closing socket 0
 
(Filename: ./Runtime/Export/Debug/Debug.bindings.h Line: 35)

02/19/2021 01:55:33:  Connections 0 ZDOS:263982  sent:0 recv:0
 
(Filename: ./Runtime/Export/Debug/Debug.bindings.h Line: 35)

Unloading 0 Unused Serialized files (Serialized files now loaded: 0)

Unloading 0 unused Assets to reduce memory usage. Loaded Objects now: 1116725.
Total: 793.141200 ms (FindLiveObjects: 133.916955 ms CreateObjectMapping: 37.462100 ms MarkObjects: 620.730039 ms  DeleteObjects: 1.026349 ms)

02/19/2021 01:55:35: clone 771
 
(Filename: ./Runtime/Export/Debug/Debug.bindings.h Line: 35)

02/19/2021 01:55:36: Saved 263982 zdos
 
(Filename: ./Runtime/Export/Debug/Debug.bindings.h Line: 35)

02/19/2021 01:55:36: World saved ( 1260.554ms )
 
(Filename: ./Runtime/Export/Debug/Debug.bindings.h Line: 35)

02/19/2021 02:05:12: Got session request from 76561197991367904
 
(Filename: ./Runtime/Export/Debug/Debug.bindings.h Line: 35)

02/19/2021 02:05:14: Got handshake from client 76561197991367904
 
(Filename: ./Runtime/Export/Debug/Debug.bindings.h Line: 35)

02/19/2021 02:05:17: VERSION check their:0.145.6  mine:0.145.6
 
(Filename: ./Runtime/Export/Debug/Debug.bindings.h Line: 35)

02/19/2021 02:05:17: Server: New peer connected,sending global keys
 
(Filename: ./Runtime/Export/Debug/Debug.bindings.h Line: 35)

02/19/2021 02:05:34:  Connections 1 ZDOS:263982  sent:467 recv:0
 
(Filename: ./Runtime/Export/Debug/Debug.bindings.h Line: 35)

Unloading 0 Unused Serialized files (Serialized files now loaded: 0)

Unloading 0 unused Assets to reduce memory usage. Loaded Objects now: 1116725.
Total: 711.810397 ms (FindLiveObjects: 100.805417 ms CreateObjectMapping: 32.370873 ms MarkObjects: 577.677448 ms  DeleteObjects: 0.951860 ms)

02/19/2021 02:05:36: Got character ZDOID from Spacey : 1538416613:1
 
(Filename: ./Runtime/Export/Debug/Debug.bindings.h Line: 35)

02/19/2021 02:15:34:  Connections 1 ZDOS:263986  sent:0 recv:275
 
(Filename: ./Runtime/Export/Debug/Debug.bindings.h Line: 35)

Unloading 0 Unused Serialized files (Serialized files now loaded: 0)

Unloading 0 unused Assets to reduce memory usage. Loaded Objects now: 1116725.
Total: 761.198904 ms (FindLiveObjects: 140.813928 ms CreateObjectMapping: 37.214843 ms MarkObjects: 582.215941 ms  DeleteObjects: 0.948932 ms)

02/19/2021 02:15:36: clone 675
 
(Filename: ./Runtime/Export/Debug/Debug.bindings.h Line: 35)

02/19/2021 02:15:37: Saved 263981 zdos
 
(Filename: ./Runtime/Export/Debug/Debug.bindings.h Line: 35)

02/19/2021 02:15:37: World saved ( 1353.633ms )
 
(Filename: ./Runtime/Export/Debug/Debug.bindings.h Line: 35)

02/19/2021 02:21:04: Got session request from 76561198018752214
 
(Filename: ./Runtime/Export/Debug/Debug.bindings.h Line: 35)

02/19/2021 02:21:08: Got handshake from client 76561198018752214
 
(Filename: ./Runtime/Export/Debug/Debug.bindings.h Line: 35)

02/19/2021 02:21:14: VERSION check their:0.145.6  mine:0.145.6
 
(Filename: ./Runtime/Export/Debug/Debug.bindings.h Line: 35)

02/19/2021 02:21:14: Server: New peer connected,sending global keys
 
(Filename: ./Runtime/Export/Debug/Debug.bindings.h Line: 35)

02/19/2021 02:21:32: Got character ZDOID from Johanegro : 842297871:1
 
(Filename: ./Runtime/Export/Debug/Debug.bindings.h Line: 35)

02/19/2021 02:25:35:  Connections 2 ZDOS:263905  sent:502 recv:410
 
(Filename: ./Runtime/Export/Debug/Debug.bindings.h Line: 35)

Unloading 0 Unused Serialized files (Serialized files now loaded: 0)

Unloading 0 unused Assets to reduce memory usage. Loaded Objects now: 1116725.
Total: 708.867909 ms (FindLiveObjects: 97.028191 ms CreateObjectMapping: 31.141221 ms MarkObjects: 579.821739 ms  DeleteObjects: 0.871183 ms)

02/19/2021 02:35:35:  Connections 2 ZDOS:263992  sent:555 recv:400
 
(Filename: ./Runtime/Export/Debug/Debug.bindings.h Line: 35)

Unloading 0 Unused Serialized files (Serialized files now loaded: 0)

Unloading 0 unused Assets to reduce memory usage. Loaded Objects now: 1116725.
Total: 743.335483 ms (FindLiveObjects: 127.714153 ms CreateObjectMapping: 30.913124 ms MarkObjects: 583.703417 ms  DeleteObjects: 0.999994 ms)

02/19/2021 02:35:37: clone 705
 
(Filename: ./Runtime/Export/Debug/Debug.bindings.h Line: 35)

02/19/2021 02:35:39: Saved 263975 zdos
 
(Filename: ./Runtime/Export/Debug/Debug.bindings.h Line: 35)

02/19/2021 02:35:39: World saved ( 1739.028ms )
 
(Filename: ./Runtime/Export/Debug/Debug.bindings.h Line: 35)

02/19/2021 02:45:36:  Connections 2 ZDOS:264488  sent:390 recv:615
 
(Filename: ./Runtime/Export/Debug/Debug.bindings.h Line: 35)

Unloading 0 Unused Serialized files (Serialized files now loaded: 0)

Unloading 36 unused Assets to reduce memory usage. Loaded Objects now: 1116725.
Total: 766.204043 ms (FindLiveObjects: 136.939252 ms CreateObjectMapping: 36.579948 ms MarkObjects: 591.509297 ms  DeleteObjects: 1.170148 ms)

02/19/2021 02:46:12: Placed locations in zone -40,63  duration 4.21 ms
 
(Filename: ./Runtime/Export/Debug/Debug.bindings.h Line: 35)

02/19/2021 02:47:02: Placed locations in zone -39,61  duration 34.617 ms
 
(Filename: ./Runtime/Export/Debug/Debug.bindings.h Line: 35)

02/19/2021 02:47:42: Placed locations in zone -37,55  duration 8.534 ms
 
(Filename: ./Runtime/Export/Debug/Debug.bindings.h Line: 35)

02/19/2021 02:55:37:  Connections 2 ZDOS:264931  sent:411 recv:495
 
(Filename: ./Runtime/Export/Debug/Debug.bindings.h Line: 35)

Unloading 0 Unused Serialized files (Serialized files now loaded: 0)

Unloading 66 unused Assets to reduce memory usage. Loaded Objects now: 1116725.
Total: 788.415699 ms (FindLiveObjects: 143.497206 ms CreateObjectMapping: 37.844575 ms MarkObjects: 605.940480 ms  DeleteObjects: 1.128128 ms)

02/19/2021 02:55:39: clone 621
 
(Filename: ./Runtime/Export/Debug/Debug.bindings.h Line: 35)

02/19/2021 02:55:41: Saved 264915 zdos
 
(Filename: ./Runtime/Export/Debug/Debug.bindings.h Line: 35)

02/19/2021 02:55:41: World saved ( 1659.853ms )
 
(Filename: ./Runtime/Export/Debug/Debug.bindings.h Line: 35)

02/19/2021 03:05:37:  Connections 2 ZDOS:264938  sent:282 recv:318
 
(Filename: ./Runtime/Export/Debug/Debug.bindings.h Line: 35)

Unloading 0 Unused Serialized files (Serialized files now loaded: 0)

Unloading 0 unused Assets to reduce memory usage. Loaded Objects now: 1116725.
Total: 724.625844 ms (FindLiveObjects: 104.365888 ms CreateObjectMapping: 32.959916 ms MarkObjects: 586.332857 ms  DeleteObjects: 0.961852 ms)

02/19/2021 03:08:33: Placed locations in zone -5,-20  duration 20.38 ms
 
(Filename: ./Runtime/Export/Debug/Debug.bindings.h Line: 35)

02/19/2021 03:08:43: Placed locations in zone -7,-19  duration 5.804 ms
 
(Filename: ./Runtime/Export/Debug/Debug.bindings.h Line: 35)

02/19/2021 03:09:17: Placed locations in zone -8,-19  duration 59.651 ms
 
(Filename: ./Runtime/Export/Debug/Debug.bindings.h Line: 35)

02/19/2021 03:09:53: Placed locations in zone -9,-18  duration 5.695 ms
 
(Filename: ./Runtime/Export/Debug/Debug.bindings.h Line: 35)

02/19/2021 03:11:59: Placed locations in zone -13,-15  duration 12.253 ms
 
(Filename: ./Runtime/Export/Debug/Debug.bindings.h Line: 35)

02/19/2021 03:12:26: Loading dungeon
 
(Filename: ./Runtime/Export/Debug/Debug.bindings.h Line: 35)

02/19/2021 03:12:26: Dungeon loaded 0
 
(Filename: ./Runtime/Export/Debug/Debug.bindings.h Line: 35)

02/19/2021 03:12:26: Dungeon load time 0.912 ms
 
(Filename: ./Runtime/Export/Debug/Debug.bindings.h Line: 35)

02/19/2021 03:12:26: Available rooms:13
 
(Filename: ./Runtime/Export/Debug/Debug.bindings.h Line: 35)

02/19/2021 03:12:26: To place:30
 
(Filename: ./Runtime/Export/Debug/Debug.bindings.h Line: 35)

02/19/2021 03:12:26: Placed 15 rooms
 
(Filename: ./Runtime/Export/Debug/Debug.bindings.h Line: 35)

02/19/2021 03:12:26: Placed locations in zone -14,-15  duration 169.423 ms
 
(Filename: ./Runtime/Export/Debug/Debug.bindings.h Line: 35)

02/19/2021 03:13:25: Placed locations in zone -13,-12  duration 2.815 ms
 
(Filename: ./Runtime/Export/Debug/Debug.bindings.h Line: 35)

02/19/2021 03:15:07: Placed locations in zone -14,-12  duration 1.502 ms
 
(Filename: ./Runtime/Export/Debug/Debug.bindings.h Line: 35)

02/19/2021 03:15:07: Placed locations in zone -14,-11  duration 2.274 ms
 
(Filename: ./Runtime/Export/Debug/Debug.bindings.h Line: 35)

02/19/2021 03:15:07: Loading dungeon
 
(Filename: ./Runtime/Export/Debug/Debug.bindings.h Line: 35)

02/19/2021 03:15:07: Dungeon loaded 0
 
(Filename: ./Runtime/Export/Debug/Debug.bindings.h Line: 35)

02/19/2021 03:15:07: Dungeon load time 0.972 ms
 
(Filename: ./Runtime/Export/Debug/Debug.bindings.h Line: 35)

02/19/2021 03:15:07: Available rooms:18
 
(Filename: ./Runtime/Export/Debug/Debug.bindings.h Line: 35)

02/19/2021 03:15:07: To place:40
 
(Filename: ./Runtime/Export/Debug/Debug.bindings.h Line: 35)

02/19/2021 03:15:07: Connections 4
 
(Filename: ./Runtime/Export/Debug/Debug.bindings.h Line: 35)

02/19/2021 03:15:08: placed 17 doors
 
(Filename: ./Runtime/Export/Debug/Debug.bindings.h Line: 35)

02/19/2021 03:15:08: Placed 37 rooms
 
(Filename: ./Runtime/Export/Debug/Debug.bindings.h Line: 35)

02/19/2021 03:15:08: Placed locations in zone -14,-10  duration 95.623 ms
 
(Filename: ./Runtime/Export/Debug/Debug.bindings.h Line: 35)

02/19/2021 03:15:38:  Connections 2 ZDOS:270302  sent:112 recv:136
 
(Filename: ./Runtime/Export/Debug/Debug.bindings.h Line: 35)

Unloading 0 Unused Serialized files (Serialized files now loaded: 0)

Unloading 489 unused Assets to reduce memory usage. Loaded Objects now: 1116725.
Total: 780.160681 ms (FindLiveObjects: 97.392185 ms CreateObjectMapping: 34.210864 ms MarkObjects: 645.974960 ms  DeleteObjects: 2.577433 ms)

02/19/2021 03:15:40: clone 665
 
(Filename: ./Runtime/Export/Debug/Debug.bindings.h Line: 35)

02/19/2021 03:15:42: Saved 270297 zdos
 
(Filename: ./Runtime/Export/Debug/Debug.bindings.h Line: 35)

02/19/2021 03:15:42: World saved ( 1356.512ms )
 
(Filename: ./Runtime/Export/Debug/Debug.bindings.h Line: 35)

02/19/2021 03:15:59: Placed locations in zone -15,-12  duration 7.53 ms
 
(Filename: ./Runtime/Export/Debug/Debug.bindings.h Line: 35)

02/19/2021 03:16:00: Placed locations in zone -15,-11  duration 1.162 ms
 
(Filename: ./Runtime/Export/Debug/Debug.bindings.h Line: 35)

02/19/2021 03:16:27: Placed locations in zone -16,-13  duration 7.241 ms
 
(Filename: ./Runtime/Export/Debug/Debug.bindings.h Line: 35)

02/19/2021 03:16:28: Placed locations in zone -16,-11  duration 0.163 ms
 
(Filename: ./Runtime/Export/Debug/Debug.bindings.h Line: 35)

02/19/2021 03:16:28: Placed locations in zone -16,-9  duration 38.062 ms
 
(Filename: ./Runtime/Export/Debug/Debug.bindings.h Line: 35)

02/19/2021 03:16:55: Placed locations in zone -17,-12  duration 5.06 ms
 
(Filename: ./Runtime/Export/Debug/Debug.bindings.h Line: 35)

02/19/2021 03:17:35: Placed locations in zone -18,-11  duration 7.123 ms
 
(Filename: ./Runtime/Export/Debug/Debug.bindings.h Line: 35)

02/19/2021 03:24:33: Placed locations in zone -20,-13  duration 9.955 ms
 
(Filename: ./Runtime/Export/Debug/Debug.bindings.h Line: 35)

02/19/2021 03:24:33: Placed locations in zone -18,-13  duration 0.121 ms
 
(Filename: ./Runtime/Export/Debug/Debug.bindings.h Line: 35)

02/19/2021 03:24:42: Placed locations in zone -18,-14  duration 25.208 ms
 
(Filename: ./Runtime/Export/Debug/Debug.bindings.h Line: 35)

02/19/2021 03:24:51: Placed locations in zone -20,-15  duration 0.511 ms
 
(Filename: ./Runtime/Export/Debug/Debug.bindings.h Line: 35)

02/19/2021 03:24:51: Placed locations in zone -18,-15  duration 4.039 ms
 
(Filename: ./Runtime/Export/Debug/Debug.bindings.h Line: 35)

02/19/2021 03:24:51: Placed locations in zone -17,-15  duration 0.178 ms
 
(Filename: ./Runtime/Export/Debug/Debug.bindings.h Line: 35)

02/19/2021 03:24:59: Placed locations in zone -18,-16  duration 0.369 ms
 
(Filename: ./Runtime/Export/Debug/Debug.bindings.h Line: 35)

02/19/2021 03:25:38:  Connections 2 ZDOS:277533  sent:479 recv:621
 
(Filename: ./Runtime/Export/Debug/Debug.bindings.h Line: 35)

Unloading 0 Unused Serialized files (Serialized files now loaded: 0)

Unloading 180 unused Assets to reduce memory usage. Loaded Objects now: 1116725.
Total: 785.421367 ms (FindLiveObjects: 102.259942 ms CreateObjectMapping: 33.545599 ms MarkObjects: 647.855938 ms  DeleteObjects: 1.754798 ms)

02/19/2021 03:30:00: Placed locations in zone -27,-14  duration 1.037 ms
 
(Filename: ./Runtime/Export/Debug/Debug.bindings.h Line: 35)

02/19/2021 03:30:22: Placed locations in zone -28,-23  duration 0.154 ms
 
(Filename: ./Runtime/Export/Debug/Debug.bindings.h Line: 35)

02/19/2021 03:30:26: Loading dungeon
 
(Filename: ./Runtime/Export/Debug/Debug.bindings.h Line: 35)

02/19/2021 03:30:26: Dungeon loaded 0
 
(Filename: ./Runtime/Export/Debug/Debug.bindings.h Line: 35)

02/19/2021 03:30:26: Dungeon load time 0.698 ms
 
(Filename: ./Runtime/Export/Debug/Debug.bindings.h Line: 35)

02/19/2021 03:30:26: Available rooms:18
 
(Filename: ./Runtime/Export/Debug/Debug.bindings.h Line: 35)

02/19/2021 03:30:26: To place:40
 
(Filename: ./Runtime/Export/Debug/Debug.bindings.h Line: 35)

02/19/2021 03:30:26: Connections 4
 
(Filename: ./Runtime/Export/Debug/Debug.bindings.h Line: 35)

02/19/2021 03:30:26: placed 9 doors
 
(Filename: ./Runtime/Export/Debug/Debug.bindings.h Line: 35)

02/19/2021 03:30:26: Placed 34 rooms
 
(Filename: ./Runtime/Export/Debug/Debug.bindings.h Line: 35)

02/19/2021 03:30:26: Placed locations in zone -27,-25  duration 145.493 ms
 
(Filename: ./Runtime/Export/Debug/Debug.bindings.h Line: 35)

02/19/2021 03:30:26: Placed locations in zone -25,-25  duration 1.736 ms
 
(Filename: ./Runtime/Export/Debug/Debug.bindings.h Line: 35)

02/19/2021 03:30:34: Loading dungeon
 
(Filename: ./Runtime/Export/Debug/Debug.bindings.h Line: 35)

02/19/2021 03:30:34: Dungeon loaded 0
 
(Filename: ./Runtime/Export/Debug/Debug.bindings.h Line: 35)

02/19/2021 03:30:34: Dungeon load time 0.905 ms
 
(Filename: ./Runtime/Export/Debug/Debug.bindings.h Line: 35)

02/19/2021 03:30:34: Available rooms:18
 
(Filename: ./Runtime/Export/Debug/Debug.bindings.h Line: 35)

02/19/2021 03:30:34: To place:40
 
(Filename: ./Runtime/Export/Debug/Debug.bindings.h Line: 35)

02/19/2021 03:30:34: Connections 4
 
(Filename: ./Runtime/Export/Debug/Debug.bindings.h Line: 35)

02/19/2021 03:30:34: placed 7 doors
 
(Filename: ./Runtime/Export/Debug/Debug.bindings.h Line: 35)

02/19/2021 03:30:34: Placed 31 rooms
 
(Filename: ./Runtime/Export/Debug/Debug.bindings.h Line: 35)

02/19/2021 03:30:34: Placed locations in zone -28,-26  duration 88.034 ms
 
(Filename: ./Runtime/Export/Debug/Debug.bindings.h Line: 35)

02/19/2021 03:30:34: Placed locations in zone -27,-26  duration 5.439 ms
 
(Filename: ./Runtime/Export/Debug/Debug.bindings.h Line: 35)

02/19/2021 03:30:34: Placed locations in zone -25,-26  duration 5.776 ms
 
(Filename: ./Runtime/Export/Debug/Debug.bindings.h Line: 35)

02/19/2021 03:30:34: Placed locations in zone -24,-26  duration 6.501 ms
 
(Filename: ./Runtime/Export/Debug/Debug.bindings.h Line: 35)

02/19/2021 03:30:43: Placed locations in zone -28,-27  duration 2.122 ms
 
(Filename: ./Runtime/Export/Debug/Debug.bindings.h Line: 35)

02/19/2021 03:30:50: Placed locations in zone -29,-25  duration 13.157 ms
 
(Filename: ./Runtime/Export/Debug/Debug.bindings.h Line: 35)

02/19/2021 03:30:50: Placed locations in zone -29,-23  duration 4.416 ms
 
(Filename: ./Runtime/Export/Debug/Debug.bindings.h Line: 35)

02/19/2021 03:30:50: Placed locations in zone -29,-22  duration 9.285 ms
 
(Filename: ./Runtime/Export/Debug/Debug.bindings.h Line: 35)

02/19/2021 03:31:02: Placed locations in zone -22,-28  duration 8.921 ms
 
(Filename: ./Runtime/Export/Debug/Debug.bindings.h Line: 35)

02/19/2021 03:31:02: Placed locations in zone -21,-28  duration 3.552 ms
 
(Filename: ./Runtime/Export/Debug/Debug.bindings.h Line: 35)

02/19/2021 03:31:12: Placed locations in zone -30,-25  duration 4.687 ms
 
(Filename: ./Runtime/Export/Debug/Debug.bindings.h Line: 35)

02/19/2021 03:31:12: Placed locations in zone -30,-22  duration 0.165 ms
 
(Filename: ./Runtime/Export/Debug/Debug.bindings.h Line: 35)

02/19/2021 03:31:12: Placed locations in zone -30,-21  duration 33.228 ms
 
(Filename: ./Runtime/Export/Debug/Debug.bindings.h Line: 35)

02/19/2021 03:31:22: Placed locations in zone -31,-28  duration 9.257 ms
 
(Filename: ./Runtime/Export/Debug/Debug.bindings.h Line: 35)

02/19/2021 03:31:22: Placed locations in zone -31,-27  duration 3.809 ms
 
(Filename: ./Runtime/Export/Debug/Debug.bindings.h Line: 35)

02/19/2021 03:31:22: Placed locations in zone -31,-25  duration 0.206 ms
 
(Filename: ./Runtime/Export/Debug/Debug.bindings.h Line: 35)

02/19/2021 03:31:22: Placed locations in zone -31,-23  duration 10.084 ms
 
(Filename: ./Runtime/Export/Debug/Debug.bindings.h Line: 35)

02/19/2021 03:31:24: Placed locations in zone -30,-19  duration 0.145 ms
 
(Filename: ./Runtime/Export/Debug/Debug.bindings.h Line: 35)

02/19/2021 03:31:34: Placed locations in zone -32,-27  duration 0.449 ms
 
(Filename: ./Runtime/Export/Debug/Debug.bindings.h Line: 35)

02/19/2021 03:31:34: Placed locations in zone -32,-26  duration 13.693 ms
 
(Filename: ./Runtime/Export/Debug/Debug.bindings.h Line: 35)

02/19/2021 03:31:34: Placed locations in zone -32,-23  duration 0.39 ms
 
(Filename: ./Runtime/Export/Debug/Debug.bindings.h Line: 35)

02/19/2021 03:31:35: Placed locations in zone -32,-20  duration 17.63 ms
 
(Filename: ./Runtime/Export/Debug/Debug.bindings.h Line: 35)

02/19/2021 03:31:35: Placed locations in zone -32,-19  duration 18.269 ms
 
(Filename: ./Runtime/Export/Debug/Debug.bindings.h Line: 35)

02/19/2021 03:31:46: Placed locations in zone -32,-18  duration 0.156 ms
 
(Filename: ./Runtime/Export/Debug/Debug.bindings.h Line: 35)

02/19/2021 03:31:46: Placed locations in zone -31,-18  duration 19.932 ms
 
(Filename: ./Runtime/Export/Debug/Debug.bindings.h Line: 35)

02/19/2021 03:31:58: Placed locations in zone -32,-17  duration 2.364 ms
 
(Filename: ./Runtime/Export/Debug/Debug.bindings.h Line: 35)

02/19/2021 03:32:00: Placed locations in zone -33,-24  duration 11.626 ms
 
(Filename: ./Runtime/Export/Debug/Debug.bindings.h Line: 35)

02/19/2021 03:32:01: Placed locations in zone -33,-17  duration 12.513 ms
 
(Filename: ./Runtime/Export/Debug/Debug.bindings.h Line: 35)

02/19/2021 03:32:28: Placed locations in zone -34,-22  duration 0.125 ms
 
(Filename: ./Runtime/Export/Debug/Debug.bindings.h Line: 35)

02/19/2021 03:32:28: Placed locations in zone -34,-21  duration 21.759 ms
 
(Filename: ./Runtime/Export/Debug/Debug.bindings.h Line: 35)

02/19/2021 03:32:28: Placed locations in zone -34,-20  duration 0.122 ms
 
(Filename: ./Runtime/Export/Debug/Debug.bindings.h Line: 35)

02/19/2021 03:32:50: Placed locations in zone -34,-13  duration 21.435 ms
 
(Filename: ./Runtime/Export/Debug/Debug.bindings.h Line: 35)

02/19/2021 03:32:50: Placed locations in zone -33,-13  duration 19.195 ms
 
(Filename: ./Runtime/Export/Debug/Debug.bindings.h Line: 35)

02/19/2021 03:34:25: Placed locations in zone -36,-14  duration 6.194 ms
 
(Filename: ./Runtime/Export/Debug/Debug.bindings.h Line: 35)

02/19/2021 03:34:25: Placed locations in zone -36,-13  duration 24.5 ms
 
(Filename: ./Runtime/Export/Debug/Debug.bindings.h Line: 35)

02/19/2021 03:34:54: Placed locations in zone -37,-16  duration 0.379 ms
 
(Filename: ./Runtime/Export/Debug/Debug.bindings.h Line: 35)

02/19/2021 03:35:39:  Connections 2 ZDOS:298097  sent:795 recv:225
 
(Filename: ./Runtime/Export/Debug/Debug.bindings.h Line: 35)

Unloading 0 Unused Serialized files (Serialized files now loaded: 0)

Unloading 681 unused Assets to reduce memory usage. Loaded Objects now: 1116725.
Total: 762.878754 ms (FindLiveObjects: 106.285535 ms CreateObjectMapping: 32.148168 ms MarkObjects: 621.415382 ms  DeleteObjects: 3.024794 ms)

02/19/2021 03:35:42: clone 827
 
(Filename: ./Runtime/Export/Debug/Debug.bindings.h Line: 35)

02/19/2021 03:35:43: Saved 298085 zdos
 
(Filename: ./Runtime/Export/Debug/Debug.bindings.h Line: 35)

02/19/2021 03:35:43: World saved ( 1486.87ms )
 
(Filename: ./Runtime/Export/Debug/Debug.bindings.h Line: 35)

02/19/2021 03:40:25: Placed locations in zone -25,-29  duration 38.971 ms
 
(Filename: ./Runtime/Export/Debug/Debug.bindings.h Line: 35)

02/19/2021 03:40:25: Placed locations in zone -22,-29  duration 5.777 ms
 
(Filename: ./Runtime/Export/Debug/Debug.bindings.h Line: 35)

02/19/2021 03:40:25: Placed locations in zone -21,-29  duration 8.845 ms
 
(Filename: ./Runtime/Export/Debug/Debug.bindings.h Line: 35)

02/19/2021 03:40:39: Placed locations in zone -25,-30  duration 0.481 ms
 
(Filename: ./Runtime/Export/Debug/Debug.bindings.h Line: 35)

02/19/2021 03:40:39: Placed locations in zone -24,-30  duration 0.209 ms
 
(Filename: ./Runtime/Export/Debug/Debug.bindings.h Line: 35)

02/19/2021 03:40:39: Placed locations in zone -22,-30  duration 16.545 ms
 
(Filename: ./Runtime/Export/Debug/Debug.bindings.h Line: 35)

02/19/2021 03:40:39: Placed locations in zone -20,-30  duration 2.635 ms
 
(Filename: ./Runtime/Export/Debug/Debug.bindings.h Line: 35)

02/19/2021 03:40:40: Placed locations in zone -18,-30  duration 4.985 ms
 
(Filename: ./Runtime/Export/Debug/Debug.bindings.h Line: 35)

02/19/2021 03:40:55: Placed locations in zone -21,-31  duration 4.426 ms
 
(Filename: ./Runtime/Export/Debug/Debug.bindings.h Line: 35)

02/19/2021 03:40:55: Placed locations in zone -19,-31  duration 6.267 ms
 
(Filename: ./Runtime/Export/Debug/Debug.bindings.h Line: 35)

02/19/2021 03:40:56: Placed locations in zone -16,-31  duration 3.656 ms
 
(Filename: ./Runtime/Export/Debug/Debug.bindings.h Line: 35)

02/19/2021 03:41:25: Placed locations in zone -22,-32  duration 4.301 ms
 
(Filename: ./Runtime/Export/Debug/Debug.bindings.h Line: 35)

02/19/2021 03:41:25: Placed locations in zone -21,-32  duration 8.423 ms
 
(Filename: ./Runtime/Export/Debug/Debug.bindings.h Line: 35)

02/19/2021 03:41:26: Placed locations in zone -20,-32  duration 5.802 ms
 
(Filename: ./Runtime/Export/Debug/Debug.bindings.h Line: 35)

02/19/2021 03:41:26: Placed locations in zone -16,-32  duration 0.148 ms
 
(Filename: ./Runtime/Export/Debug/Debug.bindings.h Line: 35)

02/19/2021 03:41:26: Placed locations in zone -15,-32  duration 2.955 ms
 
(Filename: ./Runtime/Export/Debug/Debug.bindings.h Line: 35)

02/19/2021 03:41:54: Placed locations in zone -20,-33  duration 41.826 ms
 
(Filename: ./Runtime/Export/Debug/Debug.bindings.h Line: 35)

02/19/2021 03:41:54: Placed locations in zone -19,-33  duration 0.155 ms
 
(Filename: ./Runtime/Export/Debug/Debug.bindings.h Line: 35)

02/19/2021 03:42:22: Placed locations in zone -21,-34  duration 1.538 ms
 
(Filename: ./Runtime/Export/Debug/Debug.bindings.h Line: 35)

02/19/2021 03:43:42: Placed locations in zone -23,-38  duration 6.2 ms
 
(Filename: ./Runtime/Export/Debug/Debug.bindings.h Line: 35)

02/19/2021 03:43:42: Placed locations in zone -23,-35  duration 4.789 ms
 
(Filename: ./Runtime/Export/Debug/Debug.bindings.h Line: 35)

02/19/2021 03:43:42: Placed locations in zone -23,-34  duration 6.649 ms
 
(Filename: ./Runtime/Export/Debug/Debug.bindings.h Line: 35)

02/19/2021 03:43:52: Loading dungeon
 
(Filename: ./Runtime/Export/Debug/Debug.bindings.h Line: 35)

02/19/2021 03:43:52: Dungeon loaded 0
 
(Filename: ./Runtime/Export/Debug/Debug.bindings.h Line: 35)

02/19/2021 03:43:52: Dungeon load time 2.499 ms
 
(Filename: ./Runtime/Export/Debug/Debug.bindings.h Line: 35)

02/19/2021 03:43:52: Available rooms:18
 
(Filename: ./Runtime/Export/Debug/Debug.bindings.h Line: 35)

02/19/2021 03:43:52: To place:40
 
(Filename: ./Runtime/Export/Debug/Debug.bindings.h Line: 35)

02/19/2021 03:43:52: Connections 4
 
(Filename: ./Runtime/Export/Debug/Debug.bindings.h Line: 35)

02/19/2021 03:43:52: placed 5 doors
 
(Filename: ./Runtime/Export/Debug/Debug.bindings.h Line: 35)

02/19/2021 03:43:52: Placed 23 rooms
 
(Filename: ./Runtime/Export/Debug/Debug.bindings.h Line: 35)

02/19/2021 03:43:52: Placed locations in zone -22,-39  duration 79.876 ms
 
(Filename: ./Runtime/Export/Debug/Debug.bindings.h Line: 35)

02/19/2021 03:43:53: Placed locations in zone -24,-35  duration 2.576 ms
 
(Filename: ./Runtime/Export/Debug/Debug.bindings.h Line: 35)

02/19/2021 03:43:53: Placed locations in zone -24,-33  duration 6.589 ms
 
(Filename: ./Runtime/Export/Debug/Debug.bindings.h Line: 35)

02/19/2021 03:44:00: Placed locations in zone -25,-34  duration 1.699 ms
 
(Filename: ./Runtime/Export/Debug/Debug.bindings.h Line: 35)

02/19/2021 03:44:10: Placed locations in zone -26,-35  duration 3.543 ms
 
(Filename: ./Runtime/Export/Debug/Debug.bindings.h Line: 35)

02/19/2021 03:44:10: Placed locations in zone -26,-31  duration 22.488 ms
 
(Filename: ./Runtime/Export/Debug/Debug.bindings.h Line: 35)

02/19/2021 03:44:14: Loading dungeon
 
(Filename: ./Runtime/Export/Debug/Debug.bindings.h Line: 35)

02/19/2021 03:44:14: Dungeon loaded 0
 
(Filename: ./Runtime/Export/Debug/Debug.bindings.h Line: 35)

02/19/2021 03:44:14: Dungeon load time 1.016 ms
 
(Filename: ./Runtime/Export/Debug/Debug.bindings.h Line: 35)

02/19/2021 03:44:14: Available rooms:18
 
(Filename: ./Runtime/Export/Debug/Debug.bindings.h Line: 35)

02/19/2021 03:44:14: To place:40
 
(Filename: ./Runtime/Export/Debug/Debug.bindings.h Line: 35)

02/19/2021 03:44:14: Connections 4
 
(Filename: ./Runtime/Export/Debug/Debug.bindings.h Line: 35)

02/19/2021 03:44:14: cyclic detected , cool
 
(Filename: ./Runtime/Export/Debug/Debug.bindings.h Line: 35)

02/19/2021 03:44:14: cyclic detected , cool
 
(Filename: ./Runtime/Export/Debug/Debug.bindings.h Line: 35)

02/19/2021 03:44:14: placed 9 doors
 
(Filename: ./Runtime/Export/Debug/Debug.bindings.h Line: 35)

02/19/2021 03:44:14: Placed 33 rooms
 
(Filename: ./Runtime/Export/Debug/Debug.bindings.h Line: 35)

02/19/2021 03:44:14: Placed locations in zone -24,-40  duration 86.059 ms
 
(Filename: ./Runtime/Export/Debug/Debug.bindings.h Line: 35)

02/19/2021 03:44:22: Placed locations in zone -27,-36  duration 3.074 ms
 
(Filename: ./Runtime/Export/Debug/Debug.bindings.h Line: 35)

02/19/2021 03:44:22: Placed locations in zone -27,-35  duration 36.397 ms
 
(Filename: ./Runtime/Export/Debug/Debug.bindings.h Line: 35)

02/19/2021 03:44:22: Placed locations in zone -27,-34  duration 4.646 ms
 
(Filename: ./Runtime/Export/Debug/Debug.bindings.h Line: 35)

02/19/2021 03:44:32: Placed locations in zone -28,-36  duration 29.928 ms
 
(Filename: ./Runtime/Export/Debug/Debug.bindings.h Line: 35)

02/19/2021 03:44:32: Placed locations in zone -28,-35  duration 4.669 ms
 
(Filename: ./Runtime/Export/Debug/Debug.bindings.h Line: 35)

02/19/2021 03:44:32: Loading dungeon
 
(Filename: ./Runtime/Export/Debug/Debug.bindings.h Line: 35)

02/19/2021 03:44:32: Dungeon loaded 0
 
(Filename: ./Runtime/Export/Debug/Debug.bindings.h Line: 35)

02/19/2021 03:44:32: Dungeon load time 0.781 ms
 
(Filename: ./Runtime/Export/Debug/Debug.bindings.h Line: 35)

02/19/2021 03:44:32: Available rooms:18
 
(Filename: ./Runtime/Export/Debug/Debug.bindings.h Line: 35)

02/19/2021 03:44:32: To place:40
 
(Filename: ./Runtime/Export/Debug/Debug.bindings.h Line: 35)

02/19/2021 03:44:32: Connections 4
 
(Filename: ./Runtime/Export/Debug/Debug.bindings.h Line: 35)

02/19/2021 03:44:33: placed 9 doors
 
(Filename: ./Runtime/Export/Debug/Debug.bindings.h Line: 35)

02/19/2021 03:44:33: Placed 30 rooms
 
(Filename: ./Runtime/Export/Debug/Debug.bindings.h Line: 35)

02/19/2021 03:44:33: Placed locations in zone -28,-33  duration 83.063 ms
 
(Filename: ./Runtime/Export/Debug/Debug.bindings.h Line: 35)

02/19/2021 03:44:40: Placed locations in zone -29,-36  duration 2.479 ms
 
(Filename: ./Runtime/Export/Debug/Debug.bindings.h Line: 35)

02/19/2021 03:44:50: Placed locations in zone -30,-36  duration 21.889 ms
 
(Filename: ./Runtime/Export/Debug/Debug.bindings.h Line: 35)

02/19/2021 03:44:50: Placed locations in zone -30,-35  duration 3.832 ms
 
(Filename: ./Runtime/Export/Debug/Debug.bindings.h Line: 35)

02/19/2021 03:44:50: Placed locations in zone -30,-34  duration 8.496 ms
 
(Filename: ./Runtime/Export/Debug/Debug.bindings.h Line: 35)

02/19/2021 03:45:05: Loading dungeon
 
(Filename: ./Runtime/Export/Debug/Debug.bindings.h Line: 35)

02/19/2021 03:45:05: Dungeon loaded 0
 
(Filename: ./Runtime/Export/Debug/Debug.bindings.h Line: 35)

02/19/2021 03:45:05: Dungeon load time 1.018 ms
 
(Filename: ./Runtime/Export/Debug/Debug.bindings.h Line: 35)

02/19/2021 03:45:05: Available rooms:18
 
(Filename: ./Runtime/Export/Debug/Debug.bindings.h Line: 35)

02/19/2021 03:45:05: To place:40
 
(Filename: ./Runtime/Export/Debug/Debug.bindings.h Line: 35)

02/19/2021 03:45:05: Connections 4
 
(Filename: ./Runtime/Export/Debug/Debug.bindings.h Line: 35)

02/19/2021 03:45:05: placed 8 doors
 
(Filename: ./Runtime/Export/Debug/Debug.bindings.h Line: 35)

02/19/2021 03:45:05: Placed 25 rooms
 
(Filename: ./Runtime/Export/Debug/Debug.bindings.h Line: 35)

02/19/2021 03:45:05: Placed locations in zone -31,-34  duration 42.693 ms
 
(Filename: ./Runtime/Export/Debug/Debug.bindings.h Line: 35)

02/19/2021 03:45:40: Placed locations in zone -32,-46  duration 58.944 ms
 
(Filename: ./Runtime/Export/Debug/Debug.bindings.h Line: 35)

02/19/2021 03:45:40:  Connections 2 ZDOS:315607  sent:68 recv:83
 
(Filename: ./Runtime/Export/Debug/Debug.bindings.h Line: 35)

Unloading 0 Unused Serialized files (Serialized files now loaded: 0)

Unloading 858 unused Assets to reduce memory usage. Loaded Objects now: 1116725.
Total: 798.782851 ms (FindLiveObjects: 106.214654 ms CreateObjectMapping: 33.384714 ms MarkObjects: 652.671328 ms  DeleteObjects: 6.506497 ms)

02/19/2021 03:45:46: Placed locations in zone -33,-44  duration 0.158 ms
 
(Filename: ./Runtime/Export/Debug/Debug.bindings.h Line: 35)

02/19/2021 03:46:06: Placed locations in zone -34,-43  duration 2.752 ms
 
(Filename: ./Runtime/Export/Debug/Debug.bindings.h Line: 35)

02/19/2021 03:46:38: Loading dungeon
 
(Filename: ./Runtime/Export/Debug/Debug.bindings.h Line: 35)

02/19/2021 03:46:38: Dungeon loaded 0
 
(Filename: ./Runtime/Export/Debug/Debug.bindings.h Line: 35)

02/19/2021 03:46:38: Dungeon load time 0.679 ms
 
(Filename: ./Runtime/Export/Debug/Debug.bindings.h Line: 35)

02/19/2021 03:46:38: Available rooms:17
 
(Filename: ./Runtime/Export/Debug/Debug.bindings.h Line: 35)

02/19/2021 03:46:38: To place:25
 
(Filename: ./Runtime/Export/Debug/Debug.bindings.h Line: 35)

02/19/2021 03:46:38: Placed 17 rooms
 
(Filename: ./Runtime/Export/Debug/Debug.bindings.h Line: 35)

02/19/2021 03:46:38: Force generaeting hmap (-2112.0, 0.0, -3072.0)
 
(Filename: ./Runtime/Export/Debug/Debug.bindings.h Line: 35)

02/19/2021 03:46:38: Placed locations in zone -33,-48  duration 173.894 ms
 
(Filename: ./Runtime/Export/Debug/Debug.bindings.h Line: 35)

02/19/2021 03:46:39: Loading dungeon
 
(Filename: ./Runtime/Export/Debug/Debug.bindings.h Line: 35)

02/19/2021 03:46:39: Dungeon loaded 0
 
(Filename: ./Runtime/Export/Debug/Debug.bindings.h Line: 35)

02/19/2021 03:46:39: Dungeon load time 1.08 ms
 
(Filename: ./Runtime/Export/Debug/Debug.bindings.h Line: 35)

02/19/2021 03:46:39: Available rooms:17
 
(Filename: ./Runtime/Export/Debug/Debug.bindings.h Line: 35)

02/19/2021 03:46:39: To place:25
 
(Filename: ./Runtime/Export/Debug/Debug.bindings.h Line: 35)

02/19/2021 03:46:40: Placed 26 rooms
 
(Filename: ./Runtime/Export/Debug/Debug.bindings.h Line: 35)

02/19/2021 03:46:40: Force generaeting hmap (-2240.0, 0.0, -2688.0)
 
(Filename: ./Runtime/Export/Debug/Debug.bindings.h Line: 35)

02/19/2021 03:46:40: Placed locations in zone -35,-42  duration 256.18 ms
 
(Filename: ./Runtime/Export/Debug/Debug.bindings.h Line: 35)

02/19/2021 03:47:09: Placed locations in zone -26,-51  duration 13.16 ms
 
(Filename: ./Runtime/Export/Debug/Debug.bindings.h Line: 35)

02/19/2021 03:48:28: Placed locations in zone -25,-51  duration 9.724 ms
 
(Filename: ./Runtime/Export/Debug/Debug.bindings.h Line: 35)

02/19/2021 03:48:43: Placed locations in zone -26,-52  duration 2.538 ms
 
(Filename: ./Runtime/Export/Debug/Debug.bindings.h Line: 35)

02/19/2021 03:55:40:  Connections 2 ZDOS:320273  sent:182 recv:219
 
(Filename: ./Runtime/Export/Debug/Debug.bindings.h Line: 35)

Unloading 0 Unused Serialized files (Serialized files now loaded: 0)

Unloading 459 unused Assets to reduce memory usage. Loaded Objects now: 1116725.
Total: 744.115009 ms (FindLiveObjects: 107.566722 ms CreateObjectMapping: 31.471375 ms MarkObjects: 602.380154 ms  DeleteObjects: 2.690777 ms)

02/19/2021 03:55:44: clone 817
 
(Filename: ./Runtime/Export/Debug/Debug.bindings.h Line: 35)

02/19/2021 03:55:45: Saved 320259 zdos
 
(Filename: ./Runtime/Export/Debug/Debug.bindings.h Line: 35)

02/19/2021 03:55:45: World saved ( 1433.335ms )
 
(Filename: ./Runtime/Export/Debug/Debug.bindings.h Line: 35)

02/19/2021 03:59:01: Got character ZDOID from Spacey : 0:0
 
(Filename: ./Runtime/Export/Debug/Debug.bindings.h Line: 35)

02/19/2021 03:59:09: Got character ZDOID from Spacey : 1538416613:8988
 
(Filename: ./Runtime/Export/Debug/Debug.bindings.h Line: 35)

02/19/2021 04:01:53: Got character ZDOID from Spacey : 0:0
 
(Filename: ./Runtime/Export/Debug/Debug.bindings.h Line: 35)

02/19/2021 04:02:01: Got character ZDOID from Spacey : 1538416613:9425
 
(Filename: ./Runtime/Export/Debug/Debug.bindings.h Line: 35)

02/19/2021 04:05:41:  Connections 2 ZDOS:320249  sent:190 recv:228
 
(Filename: ./Runtime/Export/Debug/Debug.bindings.h Line: 35)

Unloading 0 Unused Serialized files (Serialized files now loaded: 0)

Unloading 0 unused Assets to reduce memory usage. Loaded Objects now: 1116725.
Total: 817.431376 ms (FindLiveObjects: 151.437713 ms CreateObjectMapping: 38.100500 ms MarkObjects: 626.840897 ms  DeleteObjects: 1.046778 ms)

02/19/2021 04:15:42:  Connections 2 ZDOS:320231  sent:2 recv:378
 
(Filename: ./Runtime/Export/Debug/Debug.bindings.h Line: 35)

Unloading 0 Unused Serialized files (Serialized files now loaded: 0)

Unloading 0 unused Assets to reduce memory usage. Loaded Objects now: 1116725.
Total: 866.368888 ms (FindLiveObjects: 141.865241 ms CreateObjectMapping: 36.482229 ms MarkObjects: 687.079927 ms  DeleteObjects: 0.936435 ms)

02/19/2021 04:15:45: clone 814
 
(Filename: ./Runtime/Export/Debug/Debug.bindings.h Line: 35)

02/19/2021 04:15:47: Saved 320220 zdos
 
(Filename: ./Runtime/Export/Debug/Debug.bindings.h Line: 35)

02/19/2021 04:15:47: World saved ( 1878.223ms )
 
(Filename: ./Runtime/Export/Debug/Debug.bindings.h Line: 35)

02/19/2021 04:21:14: Got character ZDOID from Spacey : 0:0
 
(Filename: ./Runtime/Export/Debug/Debug.bindings.h Line: 35)

02/19/2021 04:21:22: Got character ZDOID from Spacey : 1538416613:11322
 
(Filename: ./Runtime/Export/Debug/Debug.bindings.h Line: 35)

02/19/2021 04:25:43:  Connections 2 ZDOS:320197  sent:169 recv:201
 
(Filename: ./Runtime/Export/Debug/Debug.bindings.h Line: 35)

Unloading 0 Unused Serialized files (Serialized files now loaded: 0)

Unloading 0 unused Assets to reduce memory usage. Loaded Objects now: 1116725.
Total: 990.226828 ms (FindLiveObjects: 166.944475 ms CreateObjectMapping: 39.255111 ms MarkObjects: 783.102569 ms  DeleteObjects: 0.919058 ms)

02/19/2021 04:30:20: Got character ZDOID from Johanegro : 0:0
 
(Filename: ./Runtime/Export/Debug/Debug.bindings.h Line: 35)

02/19/2021 04:30:28: Got character ZDOID from Johanegro : 842297871:12607
 
(Filename: ./Runtime/Export/Debug/Debug.bindings.h Line: 35)

02/19/2021 04:33:18: Placed locations in zone -40,-41  duration 128.209 ms
 
(Filename: ./Runtime/Export/Debug/Debug.bindings.h Line: 35)

02/19/2021 04:33:18: Placed locations in zone -38,-41  duration 20.294 ms
 
(Filename: ./Runtime/Export/Debug/Debug.bindings.h Line: 35)

02/19/2021 04:34:05: RPC_Disconnect 
 
(Filename: ./Runtime/Export/Debug/Debug.bindings.h Line: 35)

02/19/2021 04:34:05: Destroying abandoned non persistent zdo 1538416613:12396 owner 1538416613
 
(Filename: ./Runtime/Export/Debug/Debug.bindings.h Line: 35)

02/19/2021 04:34:05: Destroying abandoned non persistent zdo 1538416613:12152 owner 1538416613
 
(Filename: ./Runtime/Export/Debug/Debug.bindings.h Line: 35)

02/19/2021 04:34:05: Destroying abandoned non persistent zdo 1538416613:11322 owner 1538416613
 
(Filename: ./Runtime/Export/Debug/Debug.bindings.h Line: 35)

02/19/2021 04:34:05: Destroying abandoned non persistent zdo 1538416613:12395 owner 1538416613
 
(Filename: ./Runtime/Export/Debug/Debug.bindings.h Line: 35)

02/19/2021 04:34:05: Destroying abandoned non persistent zdo 1538416613:12394 owner 1538416613
 
(Filename: ./Runtime/Export/Debug/Debug.bindings.h Line: 35)

02/19/2021 04:34:05: Disposing socket
 
(Filename: ./Runtime/Export/Debug/Debug.bindings.h Line: 35)

02/19/2021 04:34:05: Closing socket 76561197991367904
 
(Filename: ./Runtime/Export/Debug/Debug.bindings.h Line: 35)

02/19/2021 04:34:05:   send queue size:0
 
(Filename: ./Runtime/Export/Debug/Debug.bindings.h Line: 35)

02/19/2021 04:34:05:   P2P state, bytes in send queue:0
 
(Filename: ./Runtime/Export/Debug/Debug.bindings.h Line: 35)

02/19/2021 04:34:05: Disposing socket
 
(Filename: ./Runtime/Export/Debug/Debug.bindings.h Line: 35)

02/19/2021 04:34:05: Closing socket 0
 
(Filename: ./Runtime/Export/Debug/Debug.bindings.h Line: 35)

02/19/2021 04:35:44:  Connections 1 ZDOS:321158  sent:2 recv:247
 
(Filename: ./Runtime/Export/Debug/Debug.bindings.h Line: 35)

Unloading 0 Unused Serialized files (Serialized files now loaded: 0)

Unloading 75 unused Assets to reduce memory usage. Loaded Objects now: 1116725.
Total: 805.216379 ms (FindLiveObjects: 151.240668 ms CreateObjectMapping: 33.439328 ms MarkObjects: 619.389101 ms  DeleteObjects: 1.142283 ms)

02/19/2021 04:35:46: Placed locations in zone -26,-53  duration 42.923 ms
 
(Filename: ./Runtime/Export/Debug/Debug.bindings.h Line: 35)

02/19/2021 04:35:47: clone 919
 
(Filename: ./Runtime/Export/Debug/Debug.bindings.h Line: 35)

02/19/2021 04:35:49: Saved 321428 zdos
 
(Filename: ./Runtime/Export/Debug/Debug.bindings.h Line: 35)

02/19/2021 04:35:49: World saved ( 1686.043ms )
 
(Filename: ./Runtime/Export/Debug/Debug.bindings.h Line: 35)

02/19/2021 04:35:58: Placed locations in zone -25,-52  duration 0.239 ms
 
(Filename: ./Runtime/Export/Debug/Debug.bindings.h Line: 35)

02/19/2021 04:36:56: Placed locations in zone -23,-46  duration 3.372 ms
 
(Filename: ./Runtime/Export/Debug/Debug.bindings.h Line: 35)

02/19/2021 04:45:45:  Connections 1 ZDOS:322239  sent:116 recv:107
 
(Filename: ./Runtime/Export/Debug/Debug.bindings.h Line: 35)

Unloading 0 Unused Serialized files (Serialized files now loaded: 0)

Unloading 72 unused Assets to reduce memory usage. Loaded Objects now: 1116725.
Total: 736.752020 ms (FindLiveObjects: 118.133682 ms CreateObjectMapping: 30.967400 ms MarkObjects: 586.580952 ms  DeleteObjects: 1.065035 ms)

02/19/2021 04:55:45:  Connections 1 ZDOS:322242  sent:0 recv:242
 
(Filename: ./Runtime/Export/Debug/Debug.bindings.h Line: 35)

Unloading 0 Unused Serialized files (Serialized files now loaded: 0)

Unloading 0 unused Assets to reduce memory usage. Loaded Objects now: 1116725.
Total: 812.048624 ms (FindLiveObjects: 125.868077 ms CreateObjectMapping: 36.275316 ms MarkObjects: 648.958291 ms  DeleteObjects: 0.941336 ms)

02/19/2021 04:55:49: clone 807
 
(Filename: ./Runtime/Export/Debug/Debug.bindings.h Line: 35)

02/19/2021 04:55:51: Saved 322233 zdos
 
(Filename: ./Runtime/Export/Debug/Debug.bindings.h Line: 35)

02/19/2021 04:55:51: World saved ( 1664.225ms )
 
(Filename: ./Runtime/Export/Debug/Debug.bindings.h Line: 35)

^C02/19/2021 05:00:04: Game - OnApplicationQuit
 
(Filename: ./Runtime/Export/Debug/Debug.bindings.h Line: 35)

02/19/2021 05:00:04: ZNet Shutdown
 
(Filename: ./Runtime/Export/Debug/Debug.bindings.h Line: 35)

02/19/2021 05:00:05: clone 956
 
(Filename: ./Runtime/Export/Debug/Debug.bindings.h Line: 35)

02/19/2021 05:00:06: Saved 322231 zdos
 
(Filename: ./Runtime/Export/Debug/Debug.bindings.h Line: 35)

02/19/2021 05:00:06: World saved ( 1210.872ms )
 
(Filename: ./Runtime/Export/Debug/Debug.bindings.h Line: 35)

02/19/2021 05:00:07: Sending disconnect msg
 
(Filename: ./Runtime/Export/Debug/Debug.bindings.h Line: 35)

02/19/2021 05:00:07: Sent to 76561198018752214
 
(Filename: ./Runtime/Export/Debug/Debug.bindings.h Line: 35)

02/19/2021 05:00:07: Disposing socket
 
(Filename: ./Runtime/Export/Debug/Debug.bindings.h Line: 35)

02/19/2021 05:00:07: Closing socket 0
 
(Filename: ./Runtime/Export/Debug/Debug.bindings.h Line: 35)

02/19/2021 05:00:07: Disposing socket
 
(Filename: ./Runtime/Export/Debug/Debug.bindings.h Line: 35)

02/19/2021 05:00:07: Closing socket 76561198018752214
 
(Filename: ./Runtime/Export/Debug/Debug.bindings.h Line: 35)

02/19/2021 05:00:07:   send queue size:0
 
(Filename: ./Runtime/Export/Debug/Debug.bindings.h Line: 35)

02/19/2021 05:00:07:   P2P state, bytes in send queue:0
 
(Filename: ./Runtime/Export/Debug/Debug.bindings.h Line: 35)

02/19/2021 05:00:07: Last socket, unregistering callback
 
(Filename: ./Runtime/Export/Debug/Debug.bindings.h Line: 35)

02/19/2021 05:00:07: ZSteamSocket  UnregisterGlobalCallbacks, existing sockets:0
 
(Filename: ./Runtime/Export/Debug/Debug.bindings.h Line: 35)

02/19/2021 05:00:07: Disposing socket
 
(Filename: ./Runtime/Export/Debug/Debug.bindings.h Line: 35)

02/19/2021 05:00:07: Closing socket 0
 
(Filename: ./Runtime/Export/Debug/Debug.bindings.h Line: 35)

02/19/2021 05:00:07: Last socket, unregistering callback
 
(Filename: ./Runtime/Export/Debug/Debug.bindings.h Line: 35)

02/19/2021 05:00:07: ZSteamSocket  UnregisterGlobalCallbacks, existing sockets:0
 
(Filename: ./Runtime/Export/Debug/Debug.bindings.h Line: 35)

Setting up 1 worker threads for Enlighten.
  Thread -> id: 7f9fe67fe700 -> priority: 1 
02/19/2021 05:00:09: ZNet OnDestroy
 
(Filename: ./Runtime/Export/Debug/Debug.bindings.h Line: 35)

02/19/2021 05:00:09: Net scene destroyed
 
(Filename: ./Runtime/Export/Debug/Debug.bindings.h Line: 35)

02/19/2021 05:00:10: Steam manager on destroy
 
(Filename: ./Runtime/Export/Debug/Debug.bindings.h Line: 35)

