
Initialize engine version: 2019.4.16f1 (e05b6e02d63e)
[Subsystems] Discovering subsystems at path /home/vhserver/serverfiles/valheim_server_Data/UnitySubsystems
Forcing GfxDevice: Null
GfxDevice: creating device client; threaded=0
NullGfxDevice:
    Version:  NULL 1.0 [1.0]
    Renderer: Null Device
    Vendor:   Unity Technologies
Begin MonoManager ReloadAssembly
- Completed reload, in  0.096 seconds
UnloadTime: 1.026547 ms
02/16/2021 13:00:13: Starting to load scene:start
 
(Filename: ./Runtime/Export/Debug/Debug.bindings.h Line: 35)

Couldn't create a Convex Mesh from source mesh "RearBig" within the maximum polygons limit (256). The partial hull will be used. Consider simplifying your mesh. 
(Filename:  Line: 91)

WARNING: Shader Unsupported: 'Autodesk Interactive' - All passes removed
WARNING: Shader Did you use #pragma only_renderers and omit this platform?
HDR Render Texture not supported, disabling HDR on reflection probe. 
(Filename:  Line: 277)

HDR Render Texture not supported, disabling HDR on reflection probe. 
(Filename:  Line: 277)

Unloading 6 Unused Serialized files (Serialized files now loaded: 0)
UnloadTime: 5.411912 ms
Only custom filters can be played. Please add a custom filter or an audioclip to the audiosource (Amb_MainMenu). 
(Filename:  Line: 509)

HDR Render Texture not supported, disabling HDR on reflection probe. 
(Filename:  Line: 277)

Initializing Google Analytics 0.2. 
(Filename: ./Runtime/Export/Debug/Debug.bindings.h Line: 35)

02/16/2021 13:14:54: Initializing world generator seed: ( 0 )   menu:True  worldgen version:1
 
(Filename: ./Runtime/Export/Debug/Debug.bindings.h Line: 35)

02/16/2021 13:14:54: Using mountain distance: 1000
 
(Filename: ./Runtime/Export/Debug/Debug.bindings.h Line: 35)

02/16/2021 13:14:54: Render threading mode:SingleThreaded
 
(Filename: ./Runtime/Export/Debug/Debug.bindings.h Line: 35)

02/16/2021 13:14:54: Get create world abc123
 
(Filename: ./Runtime/Export/Debug/Debug.bindings.h Line: 35)

02/16/2021 13:14:54: Using steam_appid.txt
 
(Filename: ./Runtime/Export/Debug/Debug.bindings.h Line: 35)

02/16/2021 13:14:54: Using steam APPID:892970
 
(Filename: ./Runtime/Export/Debug/Debug.bindings.h Line: 35)

CAppInfoCacheReadFromDiskThread took 1 milliseconds to initialize
CApplicationManagerPopulateThread took 0 milliseconds to initialize (will have waited on CAppInfoCacheReadFromDiskThread)
RecordSteamInterfaceCreation (PID 8344): SteamGameServer012 / GameServer
RecordSteamInterfaceCreation (PID 8344): SteamUtils009 / Utils
Setting breakpad minidump AppID = 892970
RecordSteamInterfaceCreation (PID 8344): SteamGameServer012 / GameServer
RecordSteamInterfaceCreation (PID 8344): SteamUtils009 / Utils
RecordSteamInterfaceCreation (PID 8344): SteamNetworking005 / Networking
RecordSteamInterfaceCreation (PID 8344): SteamGameServerStats001 / GameServerStats
RecordSteamInterfaceCreation (PID 8344): STEAMHTTP_INTERFACE_VERSION002 / HTTP
RecordSteamInterfaceCreation (PID 8344): STEAMINVENTORY_INTERFACE_V002 / Inventory
RecordSteamInterfaceCreation (PID 8344): STEAMUGC_INTERFACE_VERSION010 / UGC
RecordSteamInterfaceCreation (PID 8344): STEAMAPPS_INTERFACE_VERSION008 / Apps
02/16/2021 13:14:54: Server ID 90071992547409920
 
(Filename: ./Runtime/Export/Debug/Debug.bindings.h Line: 35)

02/16/2021 13:14:54: Steam game server initialized
 
(Filename: ./Runtime/Export/Debug/Debug.bindings.h Line: 35)

02/16/2021 13:14:54: Missing audio clip in music respawn
 
(Filename: ./Runtime/Export/Debug/Debug.bindings.h Line: 35)

02/16/2021 13:14:54: Builder started
 
(Filename: ./Runtime/Export/Debug/Debug.bindings.h Line: 35)

02/16/2021 13:14:56: Loaded localization English
 
(Filename: ./Runtime/Export/Debug/Debug.bindings.h Line: 35)

02/16/2021 13:14:56: Game server connected
 
(Filename: ./Runtime/Export/Debug/Debug.bindings.h Line: 35)


Unloading 16 unused Assets to reduce memory usage. Loaded Objects now: 85931.
Total: 73.189916 ms (FindLiveObjects: 4.872152 ms CreateObjectMapping: 13.219796 ms MarkObjects: 54.736874 ms  DeleteObjects: 0.356543 ms)

Unloading 6 Unused Serialized files (Serialized files now loaded: 0)
UnloadTime: 21.483615 ms
HDR Render Texture not supported, disabling HDR on reflection probe. 
(Filename:  Line: 277)

HDR Render Texture not supported, disabling HDR on reflection probe. 
(Filename:  Line: 277)

02/16/2021 13:14:56: Zonesystem Awake 17076171
 
(Filename: ./Runtime/Export/Debug/Debug.bindings.h Line: 35)

02/16/2021 13:14:56: DungeonDB Awake 17076171
 
(Filename: ./Runtime/Export/Debug/Debug.bindings.h Line: 35)

02/16/2021 13:14:56: ZSteamSocket  Registering global callbacks
 
(Filename: ./Runtime/Export/Debug/Debug.bindings.h Line: 35)

02/16/2021 13:14:56: Registering lobby
 
(Filename: ./Runtime/Export/Debug/Debug.bindings.h Line: 35)

02/16/2021 13:14:56: Initializing world generator seed:nepTbzQlS5 ( -1441259986 )   menu:False  worldgen version:1
 
(Filename: ./Runtime/Export/Debug/Debug.bindings.h Line: 35)

02/16/2021 13:14:56: Using mountain distance: 1000
 
(Filename: ./Runtime/Export/Debug/Debug.bindings.h Line: 35)

02/16/2021 13:14:56: Found 596 mountain points
 
(Filename: ./Runtime/Export/Debug/Debug.bindings.h Line: 35)

02/16/2021 13:14:56: Remaining mountains:81
 
(Filename: ./Runtime/Export/Debug/Debug.bindings.h Line: 35)

02/16/2021 13:14:56: Calc time 39.003 ms
 
(Filename: ./Runtime/Export/Debug/Debug.bindings.h Line: 35)

02/16/2021 13:14:56: Found 8216 lake points
 
(Filename: ./Runtime/Export/Debug/Debug.bindings.h Line: 35)

02/16/2021 13:14:59: Remaining lakes:115
 
(Filename: ./Runtime/Export/Debug/Debug.bindings.h Line: 35)

02/16/2021 13:14:59: Calc time 2704.98 ms
 
(Filename: ./Runtime/Export/Debug/Debug.bindings.h Line: 35)

02/16/2021 13:14:59: Rivers:157
 
(Filename: ./Runtime/Export/Debug/Debug.bindings.h Line: 35)

02/16/2021 13:14:59: River buckets 15631
 
(Filename: ./Runtime/Export/Debug/Debug.bindings.h Line: 35)

02/16/2021 13:14:59: River render time 461.759 ms
 
(Filename: ./Runtime/Export/Debug/Debug.bindings.h Line: 35)

02/16/2021 13:14:59: River Calc time 483.017 ms
 
(Filename: ./Runtime/Export/Debug/Debug.bindings.h Line: 35)

02/16/2021 13:15:01: River buckets 24190
 
(Filename: ./Runtime/Export/Debug/Debug.bindings.h Line: 35)

02/16/2021 13:15:01: River render time 662.333 ms
 
(Filename: ./Runtime/Export/Debug/Debug.bindings.h Line: 35)

02/16/2021 13:15:01: Placed 1878 streams
 
(Filename: ./Runtime/Export/Debug/Debug.bindings.h Line: 35)

02/16/2021 13:15:01: Stream Calc time 1601.82 ms
 
(Filename: ./Runtime/Export/Debug/Debug.bindings.h Line: 35)

02/16/2021 13:15:01: Load world abc123
 
(Filename: ./Runtime/Export/Debug/Debug.bindings.h Line: 35)

02/16/2021 13:15:01: Loading 176412 zdos , my id -29059504 data version:26
 
(Filename: ./Runtime/Export/Debug/Debug.bindings.h Line: 35)

02/16/2021 13:15:02: Loaded 100000 dead zdos
 
(Filename: ./Runtime/Export/Debug/Debug.bindings.h Line: 35)

02/16/2021 13:15:02: Removed 0 OLD generated ZDOS
 
(Filename: ./Runtime/Export/Debug/Debug.bindings.h Line: 35)

02/16/2021 13:15:02: Loaded 7132 locations
 
(Filename: ./Runtime/Export/Debug/Debug.bindings.h Line: 35)

02/16/2021 13:15:03: Build settings:10
 
(Filename: ./Runtime/Export/Debug/Debug.bindings.h Line: 35)

02/16/2021 13:15:03: Removing -1233507428
 
(Filename: ./Runtime/Export/Debug/Debug.bindings.h Line: 35)

02/16/2021 13:15:03: Removing 1883198027
 
(Filename: ./Runtime/Export/Debug/Debug.bindings.h Line: 35)

02/16/2021 13:15:03: Removing 868418350
 
(Filename: ./Runtime/Export/Debug/Debug.bindings.h Line: 35)

02/16/2021 13:15:03: Removing -535269195
 
(Filename: ./Runtime/Export/Debug/Debug.bindings.h Line: 35)

02/16/2021 13:15:03: Removing 1547815568
 
(Filename: ./Runtime/Export/Debug/Debug.bindings.h Line: 35)

02/16/2021 13:15:03: Removing -359949137
 
(Filename: ./Runtime/Export/Debug/Debug.bindings.h Line: 35)

02/16/2021 13:15:03: Removing 319464002
 
(Filename: ./Runtime/Export/Debug/Debug.bindings.h Line: 35)

02/16/2021 13:15:03: Removing 1225882809
 
(Filename: ./Runtime/Export/Debug/Debug.bindings.h Line: 35)

02/16/2021 13:15:03: Removing 404029124
 
(Filename: ./Runtime/Export/Debug/Debug.bindings.h Line: 35)

02/16/2021 13:15:03: Audioman already exist, destroying self
 
(Filename: ./Runtime/Export/Debug/Debug.bindings.h Line: 35)


Unloading 490 unused Assets to reduce memory usage. Loaded Objects now: 86244.
Total: 302.384421 ms (FindLiveObjects: 6.255770 ms CreateObjectMapping: 13.448184 ms MarkObjects: 277.532173 ms  DeleteObjects: 5.142389 ms)

02/16/2021 13:15:08: Zonesystem Start 17076171
 
(Filename: ./Runtime/Export/Debug/Debug.bindings.h Line: 35)

02/16/2021 13:15:08: DungeonDB Start 17076171
 
(Filename: ./Runtime/Export/Debug/Debug.bindings.h Line: 35)

Warning: failed to init SDL thread priority manager: SDL not found
02/16/2021 13:25:09:  Connections 0 ZDOS:176412  sent:0 recv:0
 
(Filename: ./Runtime/Export/Debug/Debug.bindings.h Line: 35)

Unloading 6 Unused Serialized files (Serialized files now loaded: 0)

Unloading 6 unused Assets to reduce memory usage. Loaded Objects now: 1116466.
Total: 683.969675 ms (FindLiveObjects: 102.078049 ms CreateObjectMapping: 31.837233 ms MarkObjects: 549.130073 ms  DeleteObjects: 0.918997 ms)

02/16/2021 13:35:09:  Connections 0 ZDOS:176412  sent:0 recv:0
 
(Filename: ./Runtime/Export/Debug/Debug.bindings.h Line: 35)

Unloading 0 Unused Serialized files (Serialized files now loaded: 0)

Unloading 0 unused Assets to reduce memory usage. Loaded Objects now: 1116466.
Total: 763.977714 ms (FindLiveObjects: 134.328932 ms CreateObjectMapping: 39.027048 ms MarkObjects: 589.488008 ms  DeleteObjects: 1.128346 ms)

02/16/2021 13:45:10: clone 478
 
(Filename: ./Runtime/Export/Debug/Debug.bindings.h Line: 35)

02/16/2021 13:45:10:  Connections 0 ZDOS:176412  sent:0 recv:0
 
(Filename: ./Runtime/Export/Debug/Debug.bindings.h Line: 35)

Unloading 0 Unused Serialized files (Serialized files now loaded: 0)

Unloading 0 unused Assets to reduce memory usage. Loaded Objects now: 1116466.
Total: 959.381722 ms (FindLiveObjects: 193.992583 ms CreateObjectMapping: 65.382821 ms MarkObjects: 690.622254 ms  DeleteObjects: 9.377881 ms)

02/16/2021 13:45:12: Saved 176412 zdos
 
(Filename: ./Runtime/Export/Debug/Debug.bindings.h Line: 35)

02/16/2021 13:45:13: World saved ( 2219.032ms )
 
(Filename: ./Runtime/Export/Debug/Debug.bindings.h Line: 35)

02/16/2021 13:55:11:  Connections 0 ZDOS:176412  sent:0 recv:0
 
(Filename: ./Runtime/Export/Debug/Debug.bindings.h Line: 35)

Unloading 0 Unused Serialized files (Serialized files now loaded: 0)

Unloading 0 unused Assets to reduce memory usage. Loaded Objects now: 1116466.
Total: 734.554125 ms (FindLiveObjects: 105.745611 ms CreateObjectMapping: 31.680527 ms MarkObjects: 596.154662 ms  DeleteObjects: 0.968048 ms)

02/16/2021 14:05:11:  Connections 0 ZDOS:176412  sent:0 recv:0
 
(Filename: ./Runtime/Export/Debug/Debug.bindings.h Line: 35)

Unloading 0 Unused Serialized files (Serialized files now loaded: 0)

Unloading 0 unused Assets to reduce memory usage. Loaded Objects now: 1116466.
Total: 658.592657 ms (FindLiveObjects: 92.973058 ms CreateObjectMapping: 30.119806 ms MarkObjects: 534.569601 ms  DeleteObjects: 0.924915 ms)

02/16/2021 14:15:12: clone 521
 
(Filename: ./Runtime/Export/Debug/Debug.bindings.h Line: 35)

02/16/2021 14:15:12:  Connections 0 ZDOS:176412  sent:0 recv:0
 
(Filename: ./Runtime/Export/Debug/Debug.bindings.h Line: 35)

Unloading 0 Unused Serialized files (Serialized files now loaded: 0)

Unloading 0 unused Assets to reduce memory usage. Loaded Objects now: 1116466.
Total: 891.712369 ms (FindLiveObjects: 210.759317 ms CreateObjectMapping: 63.117265 ms MarkObjects: 612.354367 ms  DeleteObjects: 5.475739 ms)

02/16/2021 14:15:14: Saved 176412 zdos
 
(Filename: ./Runtime/Export/Debug/Debug.bindings.h Line: 35)

02/16/2021 14:15:14: World saved ( 2158.549ms )
 
(Filename: ./Runtime/Export/Debug/Debug.bindings.h Line: 35)

02/16/2021 14:25:12:  Connections 0 ZDOS:176412  sent:0 recv:0
 
(Filename: ./Runtime/Export/Debug/Debug.bindings.h Line: 35)

Unloading 0 Unused Serialized files (Serialized files now loaded: 0)

Unloading 0 unused Assets to reduce memory usage. Loaded Objects now: 1116466.
Total: 685.965356 ms (FindLiveObjects: 103.515655 ms CreateObjectMapping: 36.879581 ms MarkObjects: 544.722258 ms  DeleteObjects: 0.842467 ms)

02/16/2021 14:35:12:  Connections 0 ZDOS:176412  sent:0 recv:0
 
(Filename: ./Runtime/Export/Debug/Debug.bindings.h Line: 35)

Unloading 0 Unused Serialized files (Serialized files now loaded: 0)

Unloading 0 unused Assets to reduce memory usage. Loaded Objects now: 1116466.
Total: 800.470833 ms (FindLiveObjects: 136.391451 ms CreateObjectMapping: 36.486700 ms MarkObjects: 626.475913 ms  DeleteObjects: 1.111340 ms)

02/16/2021 14:45:13: clone 467
 
(Filename: ./Runtime/Export/Debug/Debug.bindings.h Line: 35)

02/16/2021 14:45:13:  Connections 0 ZDOS:176412  sent:0 recv:0
 
(Filename: ./Runtime/Export/Debug/Debug.bindings.h Line: 35)

Unloading 0 Unused Serialized files (Serialized files now loaded: 0)

Unloading 0 unused Assets to reduce memory usage. Loaded Objects now: 1116466.
Total: 904.386742 ms (FindLiveObjects: 222.116895 ms CreateObjectMapping: 69.268281 ms MarkObjects: 608.623107 ms  DeleteObjects: 4.372731 ms)

02/16/2021 14:45:16: Saved 176412 zdos
 
(Filename: ./Runtime/Export/Debug/Debug.bindings.h Line: 35)

02/16/2021 14:45:16: World saved ( 2229.133ms )
 
(Filename: ./Runtime/Export/Debug/Debug.bindings.h Line: 35)

02/16/2021 14:55:14:  Connections 0 ZDOS:176412  sent:0 recv:0
 
(Filename: ./Runtime/Export/Debug/Debug.bindings.h Line: 35)

Unloading 0 Unused Serialized files (Serialized files now loaded: 0)

Unloading 0 unused Assets to reduce memory usage. Loaded Objects now: 1116466.
Total: 794.247002 ms (FindLiveObjects: 111.931918 ms CreateObjectMapping: 33.994783 ms MarkObjects: 645.800584 ms  DeleteObjects: 2.512299 ms)

02/16/2021 15:05:14:  Connections 0 ZDOS:176412  sent:0 recv:0
 
(Filename: ./Runtime/Export/Debug/Debug.bindings.h Line: 35)

Unloading 0 Unused Serialized files (Serialized files now loaded: 0)

Unloading 0 unused Assets to reduce memory usage. Loaded Objects now: 1116466.
Total: 896.143422 ms (FindLiveObjects: 127.655651 ms CreateObjectMapping: 42.820781 ms MarkObjects: 723.326729 ms  DeleteObjects: 2.333394 ms)

02/16/2021 15:15:15: clone 516
 
(Filename: ./Runtime/Export/Debug/Debug.bindings.h Line: 35)

02/16/2021 15:15:15:  Connections 0 ZDOS:176412  sent:0 recv:0
 
(Filename: ./Runtime/Export/Debug/Debug.bindings.h Line: 35)

Unloading 0 Unused Serialized files (Serialized files now loaded: 0)

Unloading 0 unused Assets to reduce memory usage. Loaded Objects now: 1116466.
Total: 855.994118 ms (FindLiveObjects: 205.108356 ms CreateObjectMapping: 64.117040 ms MarkObjects: 581.403021 ms  DeleteObjects: 5.359875 ms)

02/16/2021 15:15:17: Saved 176412 zdos
 
(Filename: ./Runtime/Export/Debug/Debug.bindings.h Line: 35)

02/16/2021 15:15:17: World saved ( 2086.243ms )
 
(Filename: ./Runtime/Export/Debug/Debug.bindings.h Line: 35)

02/16/2021 15:25:15:  Connections 0 ZDOS:176412  sent:0 recv:0
 
(Filename: ./Runtime/Export/Debug/Debug.bindings.h Line: 35)

Unloading 0 Unused Serialized files (Serialized files now loaded: 0)

Unloading 0 unused Assets to reduce memory usage. Loaded Objects now: 1116466.
Total: 715.068889 ms (FindLiveObjects: 135.142558 ms CreateObjectMapping: 35.764258 ms MarkObjects: 543.380767 ms  DeleteObjects: 0.775965 ms)

02/16/2021 15:35:16:  Connections 0 ZDOS:176412  sent:0 recv:0
 
(Filename: ./Runtime/Export/Debug/Debug.bindings.h Line: 35)

Unloading 0 Unused Serialized files (Serialized files now loaded: 0)

Unloading 0 unused Assets to reduce memory usage. Loaded Objects now: 1116466.
Total: 709.658873 ms (FindLiveObjects: 115.792755 ms CreateObjectMapping: 34.355230 ms MarkObjects: 558.563189 ms  DeleteObjects: 0.940840 ms)

02/16/2021 15:45:17: clone 425
 
(Filename: ./Runtime/Export/Debug/Debug.bindings.h Line: 35)

02/16/2021 15:45:17:  Connections 0 ZDOS:176412  sent:0 recv:0
 
(Filename: ./Runtime/Export/Debug/Debug.bindings.h Line: 35)

Unloading 0 Unused Serialized files (Serialized files now loaded: 0)

Unloading 0 unused Assets to reduce memory usage. Loaded Objects now: 1116466.
Total: 912.551662 ms (FindLiveObjects: 198.040618 ms CreateObjectMapping: 62.916283 ms MarkObjects: 643.020440 ms  DeleteObjects: 8.568215 ms)

02/16/2021 15:45:19: Saved 176412 zdos
 
(Filename: ./Runtime/Export/Debug/Debug.bindings.h Line: 35)

02/16/2021 15:45:19: World saved ( 2221.29ms )
 
(Filename: ./Runtime/Export/Debug/Debug.bindings.h Line: 35)

02/16/2021 15:55:17:  Connections 0 ZDOS:176412  sent:0 recv:0
 
(Filename: ./Runtime/Export/Debug/Debug.bindings.h Line: 35)

Unloading 0 Unused Serialized files (Serialized files now loaded: 0)

Unloading 0 unused Assets to reduce memory usage. Loaded Objects now: 1116466.
Total: 684.735264 ms (FindLiveObjects: 102.578313 ms CreateObjectMapping: 30.718038 ms MarkObjects: 549.869320 ms  DeleteObjects: 1.564474 ms)

02/16/2021 16:05:17:  Connections 0 ZDOS:176412  sent:0 recv:0
 
(Filename: ./Runtime/Export/Debug/Debug.bindings.h Line: 35)

Unloading 0 Unused Serialized files (Serialized files now loaded: 0)

Unloading 0 unused Assets to reduce memory usage. Loaded Objects now: 1116466.
Total: 670.958335 ms (FindLiveObjects: 97.850437 ms CreateObjectMapping: 31.820883 ms MarkObjects: 540.376518 ms  DeleteObjects: 0.904762 ms)

02/16/2021 16:15:18: clone 426
 
(Filename: ./Runtime/Export/Debug/Debug.bindings.h Line: 35)

02/16/2021 16:15:18:  Connections 0 ZDOS:176412  sent:0 recv:0
 
(Filename: ./Runtime/Export/Debug/Debug.bindings.h Line: 35)

Unloading 0 Unused Serialized files (Serialized files now loaded: 0)

Unloading 0 unused Assets to reduce memory usage. Loaded Objects now: 1116466.
Total: 834.827042 ms (FindLiveObjects: 185.330824 ms CreateObjectMapping: 68.348133 ms MarkObjects: 575.982100 ms  DeleteObjects: 5.160268 ms)

02/16/2021 16:15:20: Saved 176412 zdos
 
(Filename: ./Runtime/Export/Debug/Debug.bindings.h Line: 35)

02/16/2021 16:15:20: World saved ( 1931.448ms )
 
(Filename: ./Runtime/Export/Debug/Debug.bindings.h Line: 35)

02/16/2021 16:25:18:  Connections 0 ZDOS:176412  sent:0 recv:0
 
(Filename: ./Runtime/Export/Debug/Debug.bindings.h Line: 35)

Unloading 0 Unused Serialized files (Serialized files now loaded: 0)

Unloading 0 unused Assets to reduce memory usage. Loaded Objects now: 1116466.
Total: 708.477460 ms (FindLiveObjects: 111.693288 ms CreateObjectMapping: 33.215501 ms MarkObjects: 562.663081 ms  DeleteObjects: 0.899961 ms)

02/16/2021 16:35:19:  Connections 0 ZDOS:176412  sent:0 recv:0
 
(Filename: ./Runtime/Export/Debug/Debug.bindings.h Line: 35)

Unloading 0 Unused Serialized files (Serialized files now loaded: 0)

Unloading 0 unused Assets to reduce memory usage. Loaded Objects now: 1116466.
Total: 741.516579 ms (FindLiveObjects: 126.192108 ms CreateObjectMapping: 31.376196 ms MarkObjects: 582.977982 ms  DeleteObjects: 0.963767 ms)

02/16/2021 16:45:17: Got session request from 76561198251994680
 
(Filename: ./Runtime/Export/Debug/Debug.bindings.h Line: 35)

02/16/2021 16:45:19: clone 486
 
(Filename: ./Runtime/Export/Debug/Debug.bindings.h Line: 35)

02/16/2021 16:45:19:  Connections 0 ZDOS:176412  sent:0 recv:0
 
(Filename: ./Runtime/Export/Debug/Debug.bindings.h Line: 35)

Unloading 0 Unused Serialized files (Serialized files now loaded: 0)

Unloading 0 unused Assets to reduce memory usage. Loaded Objects now: 1116466.
Total: 965.801884 ms (FindLiveObjects: 187.577996 ms CreateObjectMapping: 72.811475 ms MarkObjects: 698.360220 ms  DeleteObjects: 7.045729 ms)

02/16/2021 16:45:20: Got handshake from client 76561198251994680
 
(Filename: ./Runtime/Export/Debug/Debug.bindings.h Line: 35)

02/16/2021 16:45:22: Saved 176412 zdos
 
(Filename: ./Runtime/Export/Debug/Debug.bindings.h Line: 35)

02/16/2021 16:45:22: World saved ( 2378.723ms )
 
(Filename: ./Runtime/Export/Debug/Debug.bindings.h Line: 35)

02/16/2021 16:45:22: VERSION check their:0.143.5  mine:0.143.5
 
(Filename: ./Runtime/Export/Debug/Debug.bindings.h Line: 35)

02/16/2021 16:45:22: Server: New peer connected,sending global keys
 
(Filename: ./Runtime/Export/Debug/Debug.bindings.h Line: 35)

02/16/2021 16:45:42: Got character ZDOID from Rysiu : -733994729:1
 
(Filename: ./Runtime/Export/Debug/Debug.bindings.h Line: 35)

02/16/2021 16:55:20:  Connections 1 ZDOS:176285  sent:0 recv:324
 
(Filename: ./Runtime/Export/Debug/Debug.bindings.h Line: 35)

Unloading 0 Unused Serialized files (Serialized files now loaded: 0)

Unloading 0 unused Assets to reduce memory usage. Loaded Objects now: 1116466.
Total: 698.927864 ms (FindLiveObjects: 109.121740 ms CreateObjectMapping: 33.506379 ms MarkObjects: 555.524857 ms  DeleteObjects: 0.769838 ms)

^C02/16/2021 17:00:07: Game - OnApplicationQuit
 
(Filename: ./Runtime/Export/Debug/Debug.bindings.h Line: 35)

02/16/2021 17:00:07: ZNet Shutdown
 
(Filename: ./Runtime/Export/Debug/Debug.bindings.h Line: 35)

02/16/2021 17:00:07: clone 468
 
(Filename: ./Runtime/Export/Debug/Debug.bindings.h Line: 35)

02/16/2021 17:00:08: Saved 176392 zdos
 
(Filename: ./Runtime/Export/Debug/Debug.bindings.h Line: 35)

02/16/2021 17:00:08: World saved ( 754.578ms )
 
(Filename: ./Runtime/Export/Debug/Debug.bindings.h Line: 35)

02/16/2021 17:00:08: Sending disconnect msg
 
(Filename: ./Runtime/Export/Debug/Debug.bindings.h Line: 35)

02/16/2021 17:00:08: Sent to 76561198251994680
 
(Filename: ./Runtime/Export/Debug/Debug.bindings.h Line: 35)

02/16/2021 17:00:08: Disposing socket
 
(Filename: ./Runtime/Export/Debug/Debug.bindings.h Line: 35)

02/16/2021 17:00:08: Closing socket 0
 
(Filename: ./Runtime/Export/Debug/Debug.bindings.h Line: 35)

02/16/2021 17:00:08: Disposing socket
 
(Filename: ./Runtime/Export/Debug/Debug.bindings.h Line: 35)

02/16/2021 17:00:08: Closing socket 76561198251994680
 
(Filename: ./Runtime/Export/Debug/Debug.bindings.h Line: 35)

02/16/2021 17:00:08:   send queue size:0
 
(Filename: ./Runtime/Export/Debug/Debug.bindings.h Line: 35)

02/16/2021 17:00:08:   P2P state, bytes in send queue:0
 
(Filename: ./Runtime/Export/Debug/Debug.bindings.h Line: 35)

02/16/2021 17:00:08: Last socket, unregistering callback
 
(Filename: ./Runtime/Export/Debug/Debug.bindings.h Line: 35)

02/16/2021 17:00:08: ZSteamSocket  UnregisterGlobalCallbacks, existing sockets:0
 
(Filename: ./Runtime/Export/Debug/Debug.bindings.h Line: 35)

02/16/2021 17:00:08: Disposing socket
 
(Filename: ./Runtime/Export/Debug/Debug.bindings.h Line: 35)

02/16/2021 17:00:08: Closing socket 0
 
(Filename: ./Runtime/Export/Debug/Debug.bindings.h Line: 35)

02/16/2021 17:00:08: Last socket, unregistering callback
 
(Filename: ./Runtime/Export/Debug/Debug.bindings.h Line: 35)

02/16/2021 17:00:08: ZSteamSocket  UnregisterGlobalCallbacks, existing sockets:0
 
(Filename: ./Runtime/Export/Debug/Debug.bindings.h Line: 35)

Setting up 1 worker threads for Enlighten.
  Thread -> id: 7f5fd47fc700 -> priority: 1 
02/16/2021 17:00:08: ZNet OnDestroy
 
(Filename: ./Runtime/Export/Debug/Debug.bindings.h Line: 35)

02/16/2021 17:00:08: Net scene destroyed
 
(Filename: ./Runtime/Export/Debug/Debug.bindings.h Line: 35)

02/16/2021 17:00:09: Steam manager on destroy
 
(Filename: ./Runtime/Export/Debug/Debug.bindings.h Line: 35)

