Initialize engine version: 2019.4.16f1 (e05b6e02d63e)
[Subsystems] Discovering subsystems at path /home/vhserver/serverfiles/valheim_server_Data/UnitySubsystems
Forcing GfxDevice: Null
GfxDevice: creating device client; threaded=0
NullGfxDevice:
    Version:  NULL 1.0 [1.0]
    Renderer: Null Device
    Vendor:   Unity Technologies
Begin MonoManager ReloadAssembly
- Completed reload, in  0.092 seconds
UnloadTime: 1.152030 ms
02/16/2021 21:00:14: Starting to load scene:start
 
(Filename: ./Runtime/Export/Debug/Debug.bindings.h Line: 35)

Couldn't create a Convex Mesh from source mesh "RearBig" within the maximum polygons limit (256). The partial hull will be used. Consider simplifying your mesh. 
(Filename:  Line: 91)

WARNING: Shader Unsupported: 'Autodesk Interactive' - All passes removed
WARNING: Shader Did you use #pragma only_renderers and omit this platform?
HDR Render Texture not supported, disabling HDR on reflection probe. 
(Filename:  Line: 277)

HDR Render Texture not supported, disabling HDR on reflection probe. 
(Filename:  Line: 277)

Unloading 6 Unused Serialized files (Serialized files now loaded: 0)
UnloadTime: 5.771126 ms
Only custom filters can be played. Please add a custom filter or an audioclip to the audiosource (Amb_MainMenu). 
(Filename:  Line: 509)

HDR Render Texture not supported, disabling HDR on reflection probe. 
(Filename:  Line: 277)

Initializing Google Analytics 0.2. 
(Filename: ./Runtime/Export/Debug/Debug.bindings.h Line: 35)

02/16/2021 21:14:57: Initializing world generator seed: ( 0 )   menu:True  worldgen version:1
 
(Filename: ./Runtime/Export/Debug/Debug.bindings.h Line: 35)

02/16/2021 21:14:57: Using mountain distance: 1000
 
(Filename: ./Runtime/Export/Debug/Debug.bindings.h Line: 35)

02/16/2021 21:14:57: Render threading mode:SingleThreaded
 
(Filename: ./Runtime/Export/Debug/Debug.bindings.h Line: 35)

02/16/2021 21:14:57: Get create world abc123
 
(Filename: ./Runtime/Export/Debug/Debug.bindings.h Line: 35)

02/16/2021 21:14:57: Using steam_appid.txt
 
(Filename: ./Runtime/Export/Debug/Debug.bindings.h Line: 35)

02/16/2021 21:14:57: Using steam APPID:892970
 
(Filename: ./Runtime/Export/Debug/Debug.bindings.h Line: 35)

CAppInfoCacheReadFromDiskThread took 1 milliseconds to initialize
CApplicationManagerPopulateThread took 0 milliseconds to initialize (will have waited on CAppInfoCacheReadFromDiskThread)
RecordSteamInterfaceCreation (PID 14126): SteamGameServer012 / GameServer
RecordSteamInterfaceCreation (PID 14126): SteamUtils009 / Utils
Setting breakpad minidump AppID = 892970
RecordSteamInterfaceCreation (PID 14126): SteamGameServer012 / GameServer
RecordSteamInterfaceCreation (PID 14126): SteamUtils009 / Utils
RecordSteamInterfaceCreation (PID 14126): SteamNetworking005 / Networking
RecordSteamInterfaceCreation (PID 14126): SteamGameServerStats001 / GameServerStats
RecordSteamInterfaceCreation (PID 14126): STEAMHTTP_INTERFACE_VERSION002 / HTTP
RecordSteamInterfaceCreation (PID 14126): STEAMINVENTORY_INTERFACE_V002 / Inventory
RecordSteamInterfaceCreation (PID 14126): STEAMUGC_INTERFACE_VERSION010 / UGC
RecordSteamInterfaceCreation (PID 14126): STEAMAPPS_INTERFACE_VERSION008 / Apps
02/16/2021 21:14:57: Server ID 90071992547409920
 
(Filename: ./Runtime/Export/Debug/Debug.bindings.h Line: 35)

02/16/2021 21:14:57: Steam game server initialized
 
(Filename: ./Runtime/Export/Debug/Debug.bindings.h Line: 35)

02/16/2021 21:14:57: Missing audio clip in music respawn
 
(Filename: ./Runtime/Export/Debug/Debug.bindings.h Line: 35)

02/16/2021 21:14:57: Builder started
 
(Filename: ./Runtime/Export/Debug/Debug.bindings.h Line: 35)

02/16/2021 21:14:59: Loaded localization English
 
(Filename: ./Runtime/Export/Debug/Debug.bindings.h Line: 35)

02/16/2021 21:14:59: Game server connected
 
(Filename: ./Runtime/Export/Debug/Debug.bindings.h Line: 35)


Unloading 16 unused Assets to reduce memory usage. Loaded Objects now: 85931.
Total: 78.833847 ms (FindLiveObjects: 5.641578 ms CreateObjectMapping: 13.056734 ms MarkObjects: 59.654875 ms  DeleteObjects: 0.475601 ms)

Unloading 6 Unused Serialized files (Serialized files now loaded: 0)
UnloadTime: 21.457350 ms
HDR Render Texture not supported, disabling HDR on reflection probe. 
(Filename:  Line: 277)

HDR Render Texture not supported, disabling HDR on reflection probe. 
(Filename:  Line: 277)

02/16/2021 21:14:59: Zonesystem Awake 15928234
 
(Filename: ./Runtime/Export/Debug/Debug.bindings.h Line: 35)

02/16/2021 21:15:00: DungeonDB Awake 15928234
 
(Filename: ./Runtime/Export/Debug/Debug.bindings.h Line: 35)

02/16/2021 21:15:00: ZSteamSocket  Registering global callbacks
 
(Filename: ./Runtime/Export/Debug/Debug.bindings.h Line: 35)

02/16/2021 21:15:00: Registering lobby
 
(Filename: ./Runtime/Export/Debug/Debug.bindings.h Line: 35)

02/16/2021 21:15:00: Initializing world generator seed:nepTbzQlS5 ( -1441259986 )   menu:False  worldgen version:1
 
(Filename: ./Runtime/Export/Debug/Debug.bindings.h Line: 35)

02/16/2021 21:15:00: Using mountain distance: 1000
 
(Filename: ./Runtime/Export/Debug/Debug.bindings.h Line: 35)

02/16/2021 21:15:00: Found 596 mountain points
 
(Filename: ./Runtime/Export/Debug/Debug.bindings.h Line: 35)

02/16/2021 21:15:00: Remaining mountains:81
 
(Filename: ./Runtime/Export/Debug/Debug.bindings.h Line: 35)

02/16/2021 21:15:00: Calc time 34.238 ms
 
(Filename: ./Runtime/Export/Debug/Debug.bindings.h Line: 35)

02/16/2021 21:15:00: Found 8216 lake points
 
(Filename: ./Runtime/Export/Debug/Debug.bindings.h Line: 35)

02/16/2021 21:15:02: Remaining lakes:115
 
(Filename: ./Runtime/Export/Debug/Debug.bindings.h Line: 35)

02/16/2021 21:15:02: Calc time 2784.056 ms
 
(Filename: ./Runtime/Export/Debug/Debug.bindings.h Line: 35)

02/16/2021 21:15:02: Rivers:157
 
(Filename: ./Runtime/Export/Debug/Debug.bindings.h Line: 35)

02/16/2021 21:15:03: River buckets 15631
 
(Filename: ./Runtime/Export/Debug/Debug.bindings.h Line: 35)

02/16/2021 21:15:03: River render time 426.498 ms
 
(Filename: ./Runtime/Export/Debug/Debug.bindings.h Line: 35)

02/16/2021 21:15:03: River Calc time 444.873 ms
 
(Filename: ./Runtime/Export/Debug/Debug.bindings.h Line: 35)

02/16/2021 21:15:04: River buckets 24190
 
(Filename: ./Runtime/Export/Debug/Debug.bindings.h Line: 35)

02/16/2021 21:15:04: River render time 618.496 ms
 
(Filename: ./Runtime/Export/Debug/Debug.bindings.h Line: 35)

02/16/2021 21:15:04: Placed 1878 streams
 
(Filename: ./Runtime/Export/Debug/Debug.bindings.h Line: 35)

02/16/2021 21:15:04: Stream Calc time 1519.754 ms
 
(Filename: ./Runtime/Export/Debug/Debug.bindings.h Line: 35)

02/16/2021 21:15:04: Load world abc123
 
(Filename: ./Runtime/Export/Debug/Debug.bindings.h Line: 35)

02/16/2021 21:15:04: Loading 178868 zdos , my id -152907780 data version:26
 
(Filename: ./Runtime/Export/Debug/Debug.bindings.h Line: 35)

02/16/2021 21:15:06: Loaded 100000 dead zdos
 
(Filename: ./Runtime/Export/Debug/Debug.bindings.h Line: 35)

02/16/2021 21:15:06: Removed 0 OLD generated ZDOS
 
(Filename: ./Runtime/Export/Debug/Debug.bindings.h Line: 35)

02/16/2021 21:15:06: Loaded 7132 locations
 
(Filename: ./Runtime/Export/Debug/Debug.bindings.h Line: 35)

02/16/2021 21:15:06: Build settings:10
 
(Filename: ./Runtime/Export/Debug/Debug.bindings.h Line: 35)

02/16/2021 21:15:06: Removing -1233507428
 
(Filename: ./Runtime/Export/Debug/Debug.bindings.h Line: 35)

02/16/2021 21:15:06: Removing 1883198027
 
(Filename: ./Runtime/Export/Debug/Debug.bindings.h Line: 35)

02/16/2021 21:15:06: Removing 868418350
 
(Filename: ./Runtime/Export/Debug/Debug.bindings.h Line: 35)

02/16/2021 21:15:06: Removing -535269195
 
(Filename: ./Runtime/Export/Debug/Debug.bindings.h Line: 35)

02/16/2021 21:15:06: Removing 1547815568
 
(Filename: ./Runtime/Export/Debug/Debug.bindings.h Line: 35)

02/16/2021 21:15:06: Removing -359949137
 
(Filename: ./Runtime/Export/Debug/Debug.bindings.h Line: 35)

02/16/2021 21:15:06: Removing 319464002
 
(Filename: ./Runtime/Export/Debug/Debug.bindings.h Line: 35)

02/16/2021 21:15:06: Removing 1225882809
 
(Filename: ./Runtime/Export/Debug/Debug.bindings.h Line: 35)

02/16/2021 21:15:06: Removing 404029124
 
(Filename: ./Runtime/Export/Debug/Debug.bindings.h Line: 35)

02/16/2021 21:15:06: Audioman already exist, destroying self
 
(Filename: ./Runtime/Export/Debug/Debug.bindings.h Line: 35)


Unloading 490 unused Assets to reduce memory usage. Loaded Objects now: 86244.
Total: 292.059510 ms (FindLiveObjects: 5.971348 ms CreateObjectMapping: 15.400467 ms MarkObjects: 265.140957 ms  DeleteObjects: 5.541488 ms)

02/16/2021 21:15:11: Zonesystem Start 15928234
 
(Filename: ./Runtime/Export/Debug/Debug.bindings.h Line: 35)

02/16/2021 21:15:12: DungeonDB Start 15928234
 
(Filename: ./Runtime/Export/Debug/Debug.bindings.h Line: 35)

Warning: failed to init SDL thread priority manager: SDL not found
02/16/2021 21:19:26: Got session request from 76561198018752214
 
(Filename: ./Runtime/Export/Debug/Debug.bindings.h Line: 35)

02/16/2021 21:19:29: Got handshake from client 76561198018752214
 
(Filename: ./Runtime/Export/Debug/Debug.bindings.h Line: 35)

02/16/2021 21:21:36: VERSION check their:0.143.5  mine:0.143.5
 
(Filename: ./Runtime/Export/Debug/Debug.bindings.h Line: 35)

02/16/2021 21:21:36: Server: New peer connected,sending global keys
 
(Filename: ./Runtime/Export/Debug/Debug.bindings.h Line: 35)

02/16/2021 21:21:55: Got character ZDOID from Johanegro : 1368468579:1
 
(Filename: ./Runtime/Export/Debug/Debug.bindings.h Line: 35)

02/16/2021 21:25:12:  Connections 1 ZDOS:178872  sent:0 recv:286
 
(Filename: ./Runtime/Export/Debug/Debug.bindings.h Line: 35)

Unloading 6 Unused Serialized files (Serialized files now loaded: 0)

Unloading 6 unused Assets to reduce memory usage. Loaded Objects now: 1116466.
Total: 742.341981 ms (FindLiveObjects: 98.072509 ms CreateObjectMapping: 32.907906 ms MarkObjects: 610.203414 ms  DeleteObjects: 1.152725 ms)

02/16/2021 21:35:13:  Connections 1 ZDOS:178871  sent:0 recv:285
 
(Filename: ./Runtime/Export/Debug/Debug.bindings.h Line: 35)

Unloading 0 Unused Serialized files (Serialized files now loaded: 0)

Unloading 0 unused Assets to reduce memory usage. Loaded Objects now: 1116466.
Total: 718.430411 ms (FindLiveObjects: 100.924741 ms CreateObjectMapping: 34.179927 ms MarkObjects: 582.283287 ms  DeleteObjects: 1.037089 ms)

02/16/2021 21:39:09: Got session request from 76561198043221849
 
(Filename: ./Runtime/Export/Debug/Debug.bindings.h Line: 35)

02/16/2021 21:39:12: Got handshake from client 76561198043221849
 
(Filename: ./Runtime/Export/Debug/Debug.bindings.h Line: 35)

02/16/2021 21:39:17: VERSION check their:0.143.5  mine:0.143.5
 
(Filename: ./Runtime/Export/Debug/Debug.bindings.h Line: 35)

02/16/2021 21:39:17: Server: New peer connected,sending global keys
 
(Filename: ./Runtime/Export/Debug/Debug.bindings.h Line: 35)

02/16/2021 21:39:45: Got character ZDOID from Uriel : 2300036906:1
 
(Filename: ./Runtime/Export/Debug/Debug.bindings.h Line: 35)

02/16/2021 21:43:01: Time 187201.759735093, day:103    nextm:187470.000010729  skipspeed:22.3533563030263
 
(Filename: ./Runtime/Export/Debug/Debug.bindings.h Line: 35)

02/16/2021 21:45:13:  Connections 2 ZDOS:178867  sent:590 recv:417
 
(Filename: ./Runtime/Export/Debug/Debug.bindings.h Line: 35)

Unloading 0 Unused Serialized files (Serialized files now loaded: 0)

Unloading 0 unused Assets to reduce memory usage. Loaded Objects now: 1116466.
Total: 731.156590 ms (FindLiveObjects: 99.680390 ms CreateObjectMapping: 34.538426 ms MarkObjects: 595.939428 ms  DeleteObjects: 0.993284 ms)

02/16/2021 21:45:14: clone 444
 
(Filename: ./Runtime/Export/Debug/Debug.bindings.h Line: 35)

02/16/2021 21:45:16: Saved 178849 zdos
 
(Filename: ./Runtime/Export/Debug/Debug.bindings.h Line: 35)

02/16/2021 21:45:16: World saved ( 1615.927ms )
 
(Filename: ./Runtime/Export/Debug/Debug.bindings.h Line: 35)

02/16/2021 21:45:58: Placed locations in zone -41,32  duration 71.558 ms
 
(Filename: ./Runtime/Export/Debug/Debug.bindings.h Line: 35)

02/16/2021 21:45:59: Placed locations in zone -41,36  duration 29.416 ms
 
(Filename: ./Runtime/Export/Debug/Debug.bindings.h Line: 35)

02/16/2021 21:46:48: Placed locations in zone -40,38  duration 1.714 ms
 
(Filename: ./Runtime/Export/Debug/Debug.bindings.h Line: 35)

02/16/2021 21:47:26: Placed locations in zone -39,39  duration 1.382 ms
 
(Filename: ./Runtime/Export/Debug/Debug.bindings.h Line: 35)

02/16/2021 21:47:54: Placed locations in zone -40,40  duration 80.234 ms
 
(Filename: ./Runtime/Export/Debug/Debug.bindings.h Line: 35)

02/16/2021 21:49:27: Placed locations in zone -36,42  duration 20.238 ms
 
(Filename: ./Runtime/Export/Debug/Debug.bindings.h Line: 35)

02/16/2021 21:49:27: Placed locations in zone -35,42  duration 6.947 ms
 
(Filename: ./Runtime/Export/Debug/Debug.bindings.h Line: 35)

02/16/2021 21:55:14:  Connections 2 ZDOS:181951  sent:404 recv:387
 
(Filename: ./Runtime/Export/Debug/Debug.bindings.h Line: 35)

Unloading 0 Unused Serialized files (Serialized files now loaded: 0)

Unloading 84 unused Assets to reduce memory usage. Loaded Objects now: 1116466.
Total: 694.782244 ms (FindLiveObjects: 95.011938 ms CreateObjectMapping: 31.785687 ms MarkObjects: 566.886634 ms  DeleteObjects: 1.092726 ms)

02/16/2021 22:04:56: Time 188772.499981616, day:104    nextm:189270.000010729  skipspeed:41.4583357594286
 
(Filename: ./Runtime/Export/Debug/Debug.bindings.h Line: 35)

02/16/2021 22:05:14:  Connections 2 ZDOS:181965  sent:507 recv:508
 
(Filename: ./Runtime/Export/Debug/Debug.bindings.h Line: 35)

Unloading 0 Unused Serialized files (Serialized files now loaded: 0)

Unloading 0 unused Assets to reduce memory usage. Loaded Objects now: 1116466.
Total: 703.631370 ms (FindLiveObjects: 105.799094 ms CreateObjectMapping: 31.815379 ms MarkObjects: 564.766833 ms  DeleteObjects: 1.244736 ms)

02/16/2021 22:15:15:  Connections 2 ZDOS:181921  sent:2 recv:376
 
(Filename: ./Runtime/Export/Debug/Debug.bindings.h Line: 35)

Unloading 0 Unused Serialized files (Serialized files now loaded: 0)

Unloading 0 unused Assets to reduce memory usage. Loaded Objects now: 1116466.
Total: 675.632856 ms (FindLiveObjects: 106.596027 ms CreateObjectMapping: 30.354477 ms MarkObjects: 537.708738 ms  DeleteObjects: 0.968207 ms)

02/16/2021 22:15:16: clone 437
 
(Filename: ./Runtime/Export/Debug/Debug.bindings.h Line: 35)

02/16/2021 22:15:17: Saved 181912 zdos
 
(Filename: ./Runtime/Export/Debug/Debug.bindings.h Line: 35)

02/16/2021 22:15:17: World saved ( 1516.92ms )
 
(Filename: ./Runtime/Export/Debug/Debug.bindings.h Line: 35)

02/16/2021 22:19:04: Placed locations in zone -39,19  duration 91.51 ms
 
(Filename: ./Runtime/Export/Debug/Debug.bindings.h Line: 35)

02/16/2021 22:19:04: Loading dungeon
 
(Filename: ./Runtime/Export/Debug/Debug.bindings.h Line: 35)

02/16/2021 22:19:04: Dungeon loaded 0
 
(Filename: ./Runtime/Export/Debug/Debug.bindings.h Line: 35)

02/16/2021 22:19:04: Dungeon load time 0.886 ms
 
(Filename: ./Runtime/Export/Debug/Debug.bindings.h Line: 35)

02/16/2021 22:19:04: Available rooms:16
 
(Filename: ./Runtime/Export/Debug/Debug.bindings.h Line: 35)

02/16/2021 22:19:04: To place:30
 
(Filename: ./Runtime/Export/Debug/Debug.bindings.h Line: 35)

02/16/2021 22:19:04: Connections 4
 
(Filename: ./Runtime/Export/Debug/Debug.bindings.h Line: 35)

02/16/2021 22:19:05: placed 0 doors
 
(Filename: ./Runtime/Export/Debug/Debug.bindings.h Line: 35)

02/16/2021 22:19:05: Placed 30 rooms
 
(Filename: ./Runtime/Export/Debug/Debug.bindings.h Line: 35)

02/16/2021 22:19:05: Placed locations in zone -38,19  duration 205.737 ms
 
(Filename: ./Runtime/Export/Debug/Debug.bindings.h Line: 35)

02/16/2021 22:19:05: Placed locations in zone -37,19  duration 0.369 ms
 
(Filename: ./Runtime/Export/Debug/Debug.bindings.h Line: 35)

02/16/2021 22:21:05: Loading dungeon
 
(Filename: ./Runtime/Export/Debug/Debug.bindings.h Line: 35)

02/16/2021 22:21:05: Dungeon loaded 0
 
(Filename: ./Runtime/Export/Debug/Debug.bindings.h Line: 35)

02/16/2021 22:21:05: Dungeon load time 0.873 ms
 
(Filename: ./Runtime/Export/Debug/Debug.bindings.h Line: 35)

02/16/2021 22:21:05: Available rooms:16
 
(Filename: ./Runtime/Export/Debug/Debug.bindings.h Line: 35)

02/16/2021 22:21:05: To place:30
 
(Filename: ./Runtime/Export/Debug/Debug.bindings.h Line: 35)

02/16/2021 22:21:05: Connections 4
 
(Filename: ./Runtime/Export/Debug/Debug.bindings.h Line: 35)

02/16/2021 22:21:05: placed 0 doors
 
(Filename: ./Runtime/Export/Debug/Debug.bindings.h Line: 35)

02/16/2021 22:21:05: Placed 5 rooms
 
(Filename: ./Runtime/Export/Debug/Debug.bindings.h Line: 35)

02/16/2021 22:21:05: Placed locations in zone -39,18  duration 13.218 ms
 
(Filename: ./Runtime/Export/Debug/Debug.bindings.h Line: 35)

02/16/2021 22:21:05: Placed locations in zone -38,18  duration 39.169 ms
 
(Filename: ./Runtime/Export/Debug/Debug.bindings.h Line: 35)

02/16/2021 22:21:05: Loading dungeon
 
(Filename: ./Runtime/Export/Debug/Debug.bindings.h Line: 35)

02/16/2021 22:21:05: Dungeon loaded 0
 
(Filename: ./Runtime/Export/Debug/Debug.bindings.h Line: 35)

02/16/2021 22:21:05: Dungeon load time 0.604 ms
 
(Filename: ./Runtime/Export/Debug/Debug.bindings.h Line: 35)

02/16/2021 22:21:05: Available rooms:16
 
(Filename: ./Runtime/Export/Debug/Debug.bindings.h Line: 35)

02/16/2021 22:21:05: To place:30
 
(Filename: ./Runtime/Export/Debug/Debug.bindings.h Line: 35)

02/16/2021 22:21:05: Connections 4
 
(Filename: ./Runtime/Export/Debug/Debug.bindings.h Line: 35)

02/16/2021 22:21:05: placed 0 doors
 
(Filename: ./Runtime/Export/Debug/Debug.bindings.h Line: 35)

02/16/2021 22:21:05: Placed 23 rooms
 
(Filename: ./Runtime/Export/Debug/Debug.bindings.h Line: 35)

02/16/2021 22:21:05: Placed locations in zone -37,18  duration 76.358 ms
 
(Filename: ./Runtime/Export/Debug/Debug.bindings.h Line: 35)

02/16/2021 22:21:21: Placed locations in zone -40,18  duration 56.482 ms
 
(Filename: ./Runtime/Export/Debug/Debug.bindings.h Line: 35)

02/16/2021 22:21:21: Placed locations in zone -40,19  duration 0.349 ms
 
(Filename: ./Runtime/Export/Debug/Debug.bindings.h Line: 35)

02/16/2021 22:21:27: Placed locations in zone -38,17  duration 1.626 ms
 
(Filename: ./Runtime/Export/Debug/Debug.bindings.h Line: 35)

02/16/2021 22:24:17: Placed locations in zone -41,17  duration 0.353 ms
 
(Filename: ./Runtime/Export/Debug/Debug.bindings.h Line: 35)

02/16/2021 22:24:17: Loading dungeon
 
(Filename: ./Runtime/Export/Debug/Debug.bindings.h Line: 35)

02/16/2021 22:24:17: Dungeon loaded 0
 
(Filename: ./Runtime/Export/Debug/Debug.bindings.h Line: 35)

02/16/2021 22:24:17: Dungeon load time 2.424 ms
 
(Filename: ./Runtime/Export/Debug/Debug.bindings.h Line: 35)

02/16/2021 22:24:17: Available rooms:16
 
(Filename: ./Runtime/Export/Debug/Debug.bindings.h Line: 35)

02/16/2021 22:24:17: To place:30
 
(Filename: ./Runtime/Export/Debug/Debug.bindings.h Line: 35)

02/16/2021 22:24:17: Connections 4
 
(Filename: ./Runtime/Export/Debug/Debug.bindings.h Line: 35)

02/16/2021 22:24:18: placed 0 doors
 
(Filename: ./Runtime/Export/Debug/Debug.bindings.h Line: 35)

02/16/2021 22:24:18: Placed 32 rooms
 
(Filename: ./Runtime/Export/Debug/Debug.bindings.h Line: 35)

02/16/2021 22:24:18: Placed locations in zone -41,18  duration 121.879 ms
 
(Filename: ./Runtime/Export/Debug/Debug.bindings.h Line: 35)

02/16/2021 22:24:18: Placed locations in zone -41,19  duration 23.322 ms
 
(Filename: ./Runtime/Export/Debug/Debug.bindings.h Line: 35)

02/16/2021 22:24:18: Placed locations in zone -41,20  duration 0.288 ms
 
(Filename: ./Runtime/Export/Debug/Debug.bindings.h Line: 35)

02/16/2021 22:24:18: Placed locations in zone -40,15  duration 3.942 ms
 
(Filename: ./Runtime/Export/Debug/Debug.bindings.h Line: 35)

02/16/2021 22:24:53: Placed locations in zone -41,16  duration 2.593 ms
 
(Filename: ./Runtime/Export/Debug/Debug.bindings.h Line: 35)

02/16/2021 22:25:15:  Connections 2 ZDOS:184775  sent:402 recv:475
 
(Filename: ./Runtime/Export/Debug/Debug.bindings.h Line: 35)

Unloading 0 Unused Serialized files (Serialized files now loaded: 0)

Unloading 75 unused Assets to reduce memory usage. Loaded Objects now: 1116466.
Total: 664.469462 ms (FindLiveObjects: 94.805044 ms CreateObjectMapping: 31.116190 ms MarkObjects: 537.442275 ms  DeleteObjects: 1.101660 ms)

02/16/2021 22:28:43: Got character ZDOID from Johanegro : 0:0
 
(Filename: ./Runtime/Export/Debug/Debug.bindings.h Line: 35)

02/16/2021 22:28:43: Got character ZDOID from Uriel : 0:0
 
(Filename: ./Runtime/Export/Debug/Debug.bindings.h Line: 35)

02/16/2021 22:28:51: Got character ZDOID from Johanegro : 1368468579:10116
 
(Filename: ./Runtime/Export/Debug/Debug.bindings.h Line: 35)

02/16/2021 22:28:51: Got character ZDOID from Uriel : 2300036906:8024
 
(Filename: ./Runtime/Export/Debug/Debug.bindings.h Line: 35)

02/16/2021 22:29:07: Time 190708.279978581, day:105    nextm:191070.000010729  skipspeed:30.1433360123386
 
(Filename: ./Runtime/Export/Debug/Debug.bindings.h Line: 35)

02/16/2021 22:35:15:  Connections 2 ZDOS:184736  sent:394 recv:389
 
(Filename: ./Runtime/Export/Debug/Debug.bindings.h Line: 35)

Unloading 0 Unused Serialized files (Serialized files now loaded: 0)

Unloading 0 unused Assets to reduce memory usage. Loaded Objects now: 1116466.
Total: 684.908807 ms (FindLiveObjects: 107.201571 ms CreateObjectMapping: 35.835470 ms MarkObjects: 540.833293 ms  DeleteObjects: 1.033803 ms)

02/16/2021 22:45:16:  Connections 2 ZDOS:184729  sent:387 recv:422
 
(Filename: ./Runtime/Export/Debug/Debug.bindings.h Line: 35)

Unloading 0 Unused Serialized files (Serialized files now loaded: 0)

Unloading 0 unused Assets to reduce memory usage. Loaded Objects now: 1116466.
Total: 693.482198 ms (FindLiveObjects: 94.597718 ms CreateObjectMapping: 29.790762 ms MarkObjects: 567.092927 ms  DeleteObjects: 1.996133 ms)

02/16/2021 22:45:17: clone 495
 
(Filename: ./Runtime/Export/Debug/Debug.bindings.h Line: 35)

02/16/2021 22:45:18: Saved 184713 zdos
 
(Filename: ./Runtime/Export/Debug/Debug.bindings.h Line: 35)

02/16/2021 22:45:18: World saved ( 1492.537ms )
 
(Filename: ./Runtime/Export/Debug/Debug.bindings.h Line: 35)

02/16/2021 22:55:16:  Connections 2 ZDOS:184766  sent:265 recv:590
 
(Filename: ./Runtime/Export/Debug/Debug.bindings.h Line: 35)

Unloading 0 Unused Serialized files (Serialized files now loaded: 0)

Unloading 0 unused Assets to reduce memory usage. Loaded Objects now: 1116466.
Total: 675.908265 ms (FindLiveObjects: 102.071657 ms CreateObjectMapping: 31.534145 ms MarkObjects: 540.590689 ms  DeleteObjects: 1.706872 ms)

02/16/2021 22:57:15: Time 192744.379973304, day:106    nextm:192870.000010729  skipspeed:10.4683364521091
 
(Filename: ./Runtime/Export/Debug/Debug.bindings.h Line: 35)

02/16/2021 23:05:17:  Connections 2 ZDOS:184746  sent:283 recv:282
 
(Filename: ./Runtime/Export/Debug/Debug.bindings.h Line: 35)

Unloading 0 Unused Serialized files (Serialized files now loaded: 0)

Unloading 0 unused Assets to reduce memory usage. Loaded Objects now: 1116466.
Total: 709.071931 ms (FindLiveObjects: 95.001738 ms CreateObjectMapping: 32.982934 ms MarkObjects: 579.901771 ms  DeleteObjects: 1.180530 ms)

02/16/2021 23:15:17:  Connections 2 ZDOS:184702  sent:120 recv:120
 
(Filename: ./Runtime/Export/Debug/Debug.bindings.h Line: 35)

Unloading 0 Unused Serialized files (Serialized files now loaded: 0)

Unloading 0 unused Assets to reduce memory usage. Loaded Objects now: 1116466.
Total: 669.350249 ms (FindLiveObjects: 96.319673 ms CreateObjectMapping: 32.053220 ms MarkObjects: 540.004568 ms  DeleteObjects: 0.967292 ms)

02/16/2021 23:15:18: clone 506
 
(Filename: ./Runtime/Export/Debug/Debug.bindings.h Line: 35)

02/16/2021 23:15:20: Saved 184694 zdos
 
(Filename: ./Runtime/Export/Debug/Debug.bindings.h Line: 35)

02/16/2021 23:15:20: World saved ( 1395.202ms )
 
(Filename: ./Runtime/Export/Debug/Debug.bindings.h Line: 35)

02/16/2021 23:22:32: Time 194375.039977089, day:107    nextm:194670.000010729  skipspeed:24.5800028033555
 
(Filename: ./Runtime/Export/Debug/Debug.bindings.h Line: 35)

02/16/2021 23:25:18:  Connections 2 ZDOS:184715  sent:437 recv:491
 
(Filename: ./Runtime/Export/Debug/Debug.bindings.h Line: 35)

Unloading 0 Unused Serialized files (Serialized files now loaded: 0)

Unloading 0 unused Assets to reduce memory usage. Loaded Objects now: 1116466.
Total: 697.864266 ms (FindLiveObjects: 113.231029 ms CreateObjectMapping: 33.374826 ms MarkObjects: 550.275943 ms  DeleteObjects: 0.977170 ms)

02/16/2021 23:29:30: Got session request from 76561198251994680
 
(Filename: ./Runtime/Export/Debug/Debug.bindings.h Line: 35)

02/16/2021 23:29:33: Got handshake from client 76561198251994680
 
(Filename: ./Runtime/Export/Debug/Debug.bindings.h Line: 35)

02/16/2021 23:29:35: VERSION check their:0.143.5  mine:0.143.5
 
(Filename: ./Runtime/Export/Debug/Debug.bindings.h Line: 35)

02/16/2021 23:29:35: Server: New peer connected,sending global keys
 
(Filename: ./Runtime/Export/Debug/Debug.bindings.h Line: 35)

02/16/2021 23:29:55: Got character ZDOID from Rysiu : -1510099738:1
 
(Filename: ./Runtime/Export/Debug/Debug.bindings.h Line: 35)

02/16/2021 23:33:28: Game server disconnected
 
(Filename: ./Runtime/Export/Debug/Debug.bindings.h Line: 35)

02/16/2021 23:34:32: Game server connected failed
 
(Filename: ./Runtime/Export/Debug/Debug.bindings.h Line: 35)

02/16/2021 23:35:13: Game server connected
 
(Filename: ./Runtime/Export/Debug/Debug.bindings.h Line: 35)

02/16/2021 23:35:18:  Connections 3 ZDOS:184554  sent:817 recv:564
 
(Filename: ./Runtime/Export/Debug/Debug.bindings.h Line: 35)

Unloading 0 Unused Serialized files (Serialized files now loaded: 0)

Unloading 0 unused Assets to reduce memory usage. Loaded Objects now: 1116466.
Total: 713.969338 ms (FindLiveObjects: 97.839588 ms CreateObjectMapping: 34.534298 ms MarkObjects: 580.727345 ms  DeleteObjects: 0.862858 ms)

02/16/2021 23:45:00: Time 196006.459980857, day:108    nextm:196470.000010729  skipspeed:38.6283358226841
 
(Filename: ./Runtime/Export/Debug/Debug.bindings.h Line: 35)

02/16/2021 23:45:18:  Connections 3 ZDOS:184730  sent:813 recv:533
 
(Filename: ./Runtime/Export/Debug/Debug.bindings.h Line: 35)

Unloading 0 Unused Serialized files (Serialized files now loaded: 0)

Unloading 0 unused Assets to reduce memory usage. Loaded Objects now: 1116466.
Total: 686.363265 ms (FindLiveObjects: 98.813179 ms CreateObjectMapping: 32.124358 ms MarkObjects: 554.486711 ms  DeleteObjects: 0.934200 ms)

02/16/2021 23:45:20: clone 422
 
(Filename: ./Runtime/Export/Debug/Debug.bindings.h Line: 35)

02/16/2021 23:45:21: Saved 184707 zdos
 
(Filename: ./Runtime/Export/Debug/Debug.bindings.h Line: 35)

02/16/2021 23:45:21: World saved ( 1580.953ms )
 
(Filename: ./Runtime/Export/Debug/Debug.bindings.h Line: 35)

02/16/2021 23:55:19:  Connections 3 ZDOS:184736  sent:789 recv:397
 
(Filename: ./Runtime/Export/Debug/Debug.bindings.h Line: 35)

Unloading 0 Unused Serialized files (Serialized files now loaded: 0)

Unloading 0 unused Assets to reduce memory usage. Loaded Objects now: 1116466.
Total: 693.834710 ms (FindLiveObjects: 98.532234 ms CreateObjectMapping: 32.803675 ms MarkObjects: 561.550859 ms  DeleteObjects: 0.943062 ms)

02/17/2021 00:05:19:  Connections 3 ZDOS:184726  sent:649 recv:350
 
(Filename: ./Runtime/Export/Debug/Debug.bindings.h Line: 35)

Unloading 0 Unused Serialized files (Serialized files now loaded: 0)

Unloading 0 unused Assets to reduce memory usage. Loaded Objects now: 1116466.
Total: 881.392827 ms (FindLiveObjects: 144.728583 ms CreateObjectMapping: 38.264819 ms MarkObjects: 697.192655 ms  DeleteObjects: 1.201520 ms)

02/17/2021 00:09:50: Time 197946.299977731, day:109    nextm:198270.000010729  skipspeed:26.975002749823
 
(Filename: ./Runtime/Export/Debug/Debug.bindings.h Line: 35)

02/17/2021 00:13:16: Got session request from 76561197991367904
 
(Filename: ./Runtime/Export/Debug/Debug.bindings.h Line: 35)

02/17/2021 00:13:18: Got handshake from client 76561197991367904
 
(Filename: ./Runtime/Export/Debug/Debug.bindings.h Line: 35)

02/17/2021 00:13:22: VERSION check their:0.143.5  mine:0.143.5
 
(Filename: ./Runtime/Export/Debug/Debug.bindings.h Line: 35)

02/17/2021 00:13:22: Server: New peer connected,sending global keys
 
(Filename: ./Runtime/Export/Debug/Debug.bindings.h Line: 35)

02/17/2021 00:13:41: Got character ZDOID from Spacey : 623580472:1
 
(Filename: ./Runtime/Export/Debug/Debug.bindings.h Line: 35)

02/17/2021 00:15:20:  Connections 4 ZDOS:184736  sent:828 recv:285
 
(Filename: ./Runtime/Export/Debug/Debug.bindings.h Line: 35)

Unloading 0 Unused Serialized files (Serialized files now loaded: 0)

Unloading 0 unused Assets to reduce memory usage. Loaded Objects now: 1116466.
Total: 783.706825 ms (FindLiveObjects: 112.932252 ms CreateObjectMapping: 32.199757 ms MarkObjects: 636.764713 ms  DeleteObjects: 1.805020 ms)

02/17/2021 00:15:21: clone 472
 
(Filename: ./Runtime/Export/Debug/Debug.bindings.h Line: 35)

02/17/2021 00:15:23: Saved 184703 zdos
 
(Filename: ./Runtime/Export/Debug/Debug.bindings.h Line: 35)

02/17/2021 00:15:23: World saved ( 1638.272ms )
 
(Filename: ./Runtime/Export/Debug/Debug.bindings.h Line: 35)

02/17/2021 00:23:01: Got character ZDOID from Uriel : 0:0
 
(Filename: ./Runtime/Export/Debug/Debug.bindings.h Line: 35)

02/17/2021 00:23:09: Got character ZDOID from Uriel : 2300036906:22339
 
(Filename: ./Runtime/Export/Debug/Debug.bindings.h Line: 35)

02/17/2021 00:24:22: Got character ZDOID from Uriel : 0:0
 
(Filename: ./Runtime/Export/Debug/Debug.bindings.h Line: 35)

02/17/2021 00:24:31: Got character ZDOID from Uriel : 2300036906:22463
 
(Filename: ./Runtime/Export/Debug/Debug.bindings.h Line: 35)

02/17/2021 00:25:20:  Connections 4 ZDOS:184772  sent:1218 recv:650
 
(Filename: ./Runtime/Export/Debug/Debug.bindings.h Line: 35)

Unloading 0 Unused Serialized files (Serialized files now loaded: 0)

Unloading 0 unused Assets to reduce memory usage. Loaded Objects now: 1116466.
Total: 767.415477 ms (FindLiveObjects: 139.269216 ms CreateObjectMapping: 36.528036 ms MarkObjects: 590.602517 ms  DeleteObjects: 1.010155 ms)

02/17/2021 00:34:41: RPC_Disconnect 
 
(Filename: ./Runtime/Export/Debug/Debug.bindings.h Line: 35)

02/17/2021 00:34:41: Destroying abandoned non persistent zdo 2300036906:23285 owner 2300036906
 
(Filename: ./Runtime/Export/Debug/Debug.bindings.h Line: 35)

02/17/2021 00:34:41: Destroying abandoned non persistent zdo 2300036906:23296 owner 2300036906
 
(Filename: ./Runtime/Export/Debug/Debug.bindings.h Line: 35)

02/17/2021 00:34:41: Destroying abandoned non persistent zdo 2300036906:23287 owner 2300036906
 
(Filename: ./Runtime/Export/Debug/Debug.bindings.h Line: 35)

02/17/2021 00:34:41: Destroying abandoned non persistent zdo 2300036906:23297 owner 2300036906
 
(Filename: ./Runtime/Export/Debug/Debug.bindings.h Line: 35)

02/17/2021 00:34:41: Destroying abandoned non persistent zdo 2300036906:23290 owner 2300036906
 
(Filename: ./Runtime/Export/Debug/Debug.bindings.h Line: 35)

02/17/2021 00:34:41: Destroying abandoned non persistent zdo 2300036906:23283 owner 2300036906
 
(Filename: ./Runtime/Export/Debug/Debug.bindings.h Line: 35)

02/17/2021 00:34:41: Destroying abandoned non persistent zdo 2300036906:23295 owner 2300036906
 
(Filename: ./Runtime/Export/Debug/Debug.bindings.h Line: 35)

02/17/2021 00:34:41: Destroying abandoned non persistent zdo 2300036906:23286 owner 2300036906
 
(Filename: ./Runtime/Export/Debug/Debug.bindings.h Line: 35)

02/17/2021 00:34:41: Destroying abandoned non persistent zdo 2300036906:23294 owner 2300036906
 
(Filename: ./Runtime/Export/Debug/Debug.bindings.h Line: 35)

02/17/2021 00:34:41: Destroying abandoned non persistent zdo 2300036906:22463 owner 2300036906
 
(Filename: ./Runtime/Export/Debug/Debug.bindings.h Line: 35)

02/17/2021 00:34:41: Destroying abandoned non persistent zdo 2300036906:23291 owner 2300036906
 
(Filename: ./Runtime/Export/Debug/Debug.bindings.h Line: 35)

02/17/2021 00:34:41: Destroying abandoned non persistent zdo 2300036906:23292 owner 2300036906
 
(Filename: ./Runtime/Export/Debug/Debug.bindings.h Line: 35)

02/17/2021 00:34:41: Destroying abandoned non persistent zdo 2300036906:23288 owner 2300036906
 
(Filename: ./Runtime/Export/Debug/Debug.bindings.h Line: 35)

02/17/2021 00:34:41: Destroying abandoned non persistent zdo 2300036906:23284 owner 2300036906
 
(Filename: ./Runtime/Export/Debug/Debug.bindings.h Line: 35)

02/17/2021 00:34:41: Destroying abandoned non persistent zdo 2300036906:23298 owner 2300036906
 
(Filename: ./Runtime/Export/Debug/Debug.bindings.h Line: 35)

02/17/2021 00:34:41: Destroying abandoned non persistent zdo 2300036906:23293 owner 2300036906
 
(Filename: ./Runtime/Export/Debug/Debug.bindings.h Line: 35)

02/17/2021 00:34:41: Destroying abandoned non persistent zdo 2300036906:23289 owner 2300036906
 
(Filename: ./Runtime/Export/Debug/Debug.bindings.h Line: 35)

02/17/2021 00:34:41: Disposing socket
 
(Filename: ./Runtime/Export/Debug/Debug.bindings.h Line: 35)

02/17/2021 00:34:41: Closing socket 76561198043221849
 
(Filename: ./Runtime/Export/Debug/Debug.bindings.h Line: 35)

02/17/2021 00:34:41:   send queue size:0
 
(Filename: ./Runtime/Export/Debug/Debug.bindings.h Line: 35)

02/17/2021 00:34:41:   P2P state, bytes in send queue:0
 
(Filename: ./Runtime/Export/Debug/Debug.bindings.h Line: 35)

02/17/2021 00:34:41: Disposing socket
 
(Filename: ./Runtime/Export/Debug/Debug.bindings.h Line: 35)

02/17/2021 00:34:41: Closing socket 0
 
(Filename: ./Runtime/Export/Debug/Debug.bindings.h Line: 35)

02/17/2021 00:35:21:  Connections 3 ZDOS:184758  sent:697 recv:300
 
(Filename: ./Runtime/Export/Debug/Debug.bindings.h Line: 35)

Unloading 0 Unused Serialized files (Serialized files now loaded: 0)

Unloading 0 unused Assets to reduce memory usage. Loaded Objects now: 1116466.
Total: 696.303203 ms (FindLiveObjects: 118.989388 ms CreateObjectMapping: 32.111403 ms MarkObjects: 544.330593 ms  DeleteObjects: 0.866992 ms)

02/17/2021 00:43:07: Found location of type Bonemass
 
(Filename: ./Runtime/Export/Debug/Debug.bindings.h Line: 35)

02/17/2021 00:43:29: Found location of type Bonemass
 
(Filename: ./Runtime/Export/Debug/Debug.bindings.h Line: 35)

02/17/2021 00:45:21:  Connections 3 ZDOS:184822  sent:550 recv:351
 
(Filename: ./Runtime/Export/Debug/Debug.bindings.h Line: 35)

Unloading 0 Unused Serialized files (Serialized files now loaded: 0)

Unloading 0 unused Assets to reduce memory usage. Loaded Objects now: 1116466.
Total: 779.528294 ms (FindLiveObjects: 141.705845 ms CreateObjectMapping: 38.410754 ms MarkObjects: 598.459194 ms  DeleteObjects: 0.947718 ms)

02/17/2021 00:45:23: clone 469
 
(Filename: ./Runtime/Export/Debug/Debug.bindings.h Line: 35)

02/17/2021 00:45:24: Saved 184741 zdos
 
(Filename: ./Runtime/Export/Debug/Debug.bindings.h Line: 35)

02/17/2021 00:45:24: World saved ( 1632.899ms )
 
(Filename: ./Runtime/Export/Debug/Debug.bindings.h Line: 35)

02/17/2021 00:55:22:  Connections 3 ZDOS:184938  sent:910 recv:784
 
(Filename: ./Runtime/Export/Debug/Debug.bindings.h Line: 35)

Unloading 0 Unused Serialized files (Serialized files now loaded: 0)

Unloading 0 unused Assets to reduce memory usage. Loaded Objects now: 1116466.
Total: 747.180980 ms (FindLiveObjects: 96.744423 ms CreateObjectMapping: 33.232968 ms MarkObjects: 616.023627 ms  DeleteObjects: 1.174709 ms)

^C02/17/2021 01:00:06: Game - OnApplicationQuit
 
(Filename: ./Runtime/Export/Debug/Debug.bindings.h Line: 35)

02/17/2021 01:00:06: ZNet Shutdown
 
(Filename: ./Runtime/Export/Debug/Debug.bindings.h Line: 35)

02/17/2021 01:00:06: clone 503
 
(Filename: ./Runtime/Export/Debug/Debug.bindings.h Line: 35)

02/17/2021 01:00:07: Saved 184875 zdos
 
(Filename: ./Runtime/Export/Debug/Debug.bindings.h Line: 35)

02/17/2021 01:00:07: World saved ( 966.226ms )
 
(Filename: ./Runtime/Export/Debug/Debug.bindings.h Line: 35)

02/17/2021 01:00:07: Sending disconnect msg
 
(Filename: ./Runtime/Export/Debug/Debug.bindings.h Line: 35)

02/17/2021 01:00:07: Sent to 76561198018752214
 
(Filename: ./Runtime/Export/Debug/Debug.bindings.h Line: 35)

02/17/2021 01:00:07: Sent to 76561198251994680
 
(Filename: ./Runtime/Export/Debug/Debug.bindings.h Line: 35)

02/17/2021 01:00:07: Sent to 76561197991367904
 
(Filename: ./Runtime/Export/Debug/Debug.bindings.h Line: 35)

02/17/2021 01:00:07: Disposing socket
 
(Filename: ./Runtime/Export/Debug/Debug.bindings.h Line: 35)

02/17/2021 01:00:07: Closing socket 0
 
(Filename: ./Runtime/Export/Debug/Debug.bindings.h Line: 35)

02/17/2021 01:00:07: Disposing socket
 
(Filename: ./Runtime/Export/Debug/Debug.bindings.h Line: 35)

02/17/2021 01:00:07: Closing socket 76561198018752214
 
(Filename: ./Runtime/Export/Debug/Debug.bindings.h Line: 35)

02/17/2021 01:00:07:   send queue size:0
 
(Filename: ./Runtime/Export/Debug/Debug.bindings.h Line: 35)

02/17/2021 01:00:07:   P2P state, bytes in send queue:0
 
(Filename: ./Runtime/Export/Debug/Debug.bindings.h Line: 35)

02/17/2021 01:00:07: Disposing socket
 
(Filename: ./Runtime/Export/Debug/Debug.bindings.h Line: 35)

02/17/2021 01:00:07: Closing socket 0
 
(Filename: ./Runtime/Export/Debug/Debug.bindings.h Line: 35)

02/17/2021 01:00:07: Disposing socket
 
(Filename: ./Runtime/Export/Debug/Debug.bindings.h Line: 35)

02/17/2021 01:00:07: Closing socket 76561198251994680
 
(Filename: ./Runtime/Export/Debug/Debug.bindings.h Line: 35)

02/17/2021 01:00:07:   send queue size:0
 
(Filename: ./Runtime/Export/Debug/Debug.bindings.h Line: 35)

02/17/2021 01:00:07:   P2P state, bytes in send queue:0
 
(Filename: ./Runtime/Export/Debug/Debug.bindings.h Line: 35)

02/17/2021 01:00:07: Disposing socket
 
(Filename: ./Runtime/Export/Debug/Debug.bindings.h Line: 35)

02/17/2021 01:00:07: Closing socket 0
 
(Filename: ./Runtime/Export/Debug/Debug.bindings.h Line: 35)

02/17/2021 01:00:07: Disposing socket
 
(Filename: ./Runtime/Export/Debug/Debug.bindings.h Line: 35)

02/17/2021 01:00:07: Closing socket 76561197991367904
 
(Filename: ./Runtime/Export/Debug/Debug.bindings.h Line: 35)

02/17/2021 01:00:07:   send queue size:0
 
(Filename: ./Runtime/Export/Debug/Debug.bindings.h Line: 35)

02/17/2021 01:00:07:   P2P state, bytes in send queue:0
 
(Filename: ./Runtime/Export/Debug/Debug.bindings.h Line: 35)

02/17/2021 01:00:07: Last socket, unregistering callback
 
(Filename: ./Runtime/Export/Debug/Debug.bindings.h Line: 35)

02/17/2021 01:00:07: ZSteamSocket  UnregisterGlobalCallbacks, existing sockets:0
 
(Filename: ./Runtime/Export/Debug/Debug.bindings.h Line: 35)

02/17/2021 01:00:07: Disposing socket
 
(Filename: ./Runtime/Export/Debug/Debug.bindings.h Line: 35)

02/17/2021 01:00:07: Closing socket 0
 
(Filename: ./Runtime/Export/Debug/Debug.bindings.h Line: 35)

02/17/2021 01:00:07: Last socket, unregistering callback
 
(Filename: ./Runtime/Export/Debug/Debug.bindings.h Line: 35)

02/17/2021 01:00:07: ZSteamSocket  UnregisterGlobalCallbacks, existing sockets:0
 
(Filename: ./Runtime/Export/Debug/Debug.bindings.h Line: 35)

Setting up 1 worker threads for Enlighten.
  Thread -> id: 7f6a637fe700 -> priority: 1 
02/17/2021 01:00:08: ZNet OnDestroy
 
(Filename: ./Runtime/Export/Debug/Debug.bindings.h Line: 35)

02/17/2021 01:00:08: Net scene destroyed
 
(Filename: ./Runtime/Export/Debug/Debug.bindings.h Line: 35)

02/17/2021 01:00:08: Steam manager on destroy
 
(Filename: ./Runtime/Export/Debug/Debug.bindings.h Line: 35)

