Preloaded 'libsteam_api.so'
Initialize engine version: 2019.4.20f1 (6dd1c08eedfa)
[Subsystems] Discovering subsystems at path /home/vhserver/serverfiles/valheim_server_Data/UnitySubsystems
Forcing GfxDevice: Null
GfxDevice: creating device client; threaded=0
NullGfxDevice:
    Version:  NULL 1.0 [1.0]
    Renderer: Null Device
    Vendor:   Unity Technologies
Begin MonoManager ReloadAssembly
- Completed reload, in  0.096 seconds
UnloadTime: 1.144685 ms
02/20/2021 09:00:14: Starting to load scene:start
 
(Filename: ./Runtime/Export/Debug/Debug.bindings.h Line: 35)

Couldn't create a Convex Mesh from source mesh "RearBig" within the maximum polygons limit (256). The partial hull will be used. Consider simplifying your mesh. 
(Filename:  Line: 91)

HDR Render Texture not supported, disabling HDR on reflection probe. 
(Filename:  Line: 277)

HDR Render Texture not supported, disabling HDR on reflection probe. 
(Filename:  Line: 277)

UnloadTime: 6.680483 ms
Only custom filters can be played. Please add a custom filter or an audioclip to the audiosource (Amb_MainMenu). 
(Filename:  Line: 509)

HDR Render Texture not supported, disabling HDR on reflection probe. 
(Filename:  Line: 277)

02/20/2021 09:15:01: Initializing world generator seed: ( 0 )   menu:True  worldgen version:1
 
(Filename: ./Runtime/Export/Debug/Debug.bindings.h Line: 35)

02/20/2021 09:15:01: Using mountain distance: 1000
 
(Filename: ./Runtime/Export/Debug/Debug.bindings.h Line: 35)

02/20/2021 09:15:01: Render threading mode:SingleThreaded
 
(Filename: ./Runtime/Export/Debug/Debug.bindings.h Line: 35)

02/20/2021 09:15:01: Get create world abc123
 
(Filename: ./Runtime/Export/Debug/Debug.bindings.h Line: 35)

02/20/2021 09:15:01: Using steam_appid.txt
 
(Filename: ./Runtime/Export/Debug/Debug.bindings.h Line: 35)

02/20/2021 09:15:01: Using steam APPID:892970
 
(Filename: ./Runtime/Export/Debug/Debug.bindings.h Line: 35)

Unloading 6 Unused Serialized files (Serialized files now loaded: 0)
CAppInfoCacheReadFromDiskThread took 2 milliseconds to initialize
CApplicationManagerPopulateThread took 0 milliseconds to initialize (will have waited on CAppInfoCacheReadFromDiskThread)
RecordSteamInterfaceCreation (PID 14271): SteamGameServer012 / GameServer
RecordSteamInterfaceCreation (PID 14271): SteamUtils009 / Utils
Setting breakpad minidump AppID = 892970
RecordSteamInterfaceCreation (PID 14271): SteamGameServer012 / GameServer
RecordSteamInterfaceCreation (PID 14271): SteamUtils009 / Utils
RecordSteamInterfaceCreation (PID 14271): SteamNetworking005 / Networking
RecordSteamInterfaceCreation (PID 14271): SteamGameServerStats001 / GameServerStats
RecordSteamInterfaceCreation (PID 14271): STEAMHTTP_INTERFACE_VERSION002 / HTTP
RecordSteamInterfaceCreation (PID 14271): STEAMINVENTORY_INTERFACE_V002 / Inventory
RecordSteamInterfaceCreation (PID 14271): STEAMUGC_INTERFACE_VERSION010 / UGC
RecordSteamInterfaceCreation (PID 14271): STEAMAPPS_INTERFACE_VERSION008 / Apps
02/20/2021 09:15:01: Server ID 90071992547409920
 
(Filename: ./Runtime/Export/Debug/Debug.bindings.h Line: 35)

02/20/2021 09:15:02: Steam game server initialized
 
(Filename: ./Runtime/Export/Debug/Debug.bindings.h Line: 35)

02/20/2021 09:15:02: Missing audio clip in music respawn
 
(Filename: ./Runtime/Export/Debug/Debug.bindings.h Line: 35)

02/20/2021 09:15:02: Builder started
 
(Filename: ./Runtime/Export/Debug/Debug.bindings.h Line: 35)

02/20/2021 09:15:04: Loaded localization English
 
(Filename: ./Runtime/Export/Debug/Debug.bindings.h Line: 35)

02/20/2021 09:15:04: Game server connected
 
(Filename: ./Runtime/Export/Debug/Debug.bindings.h Line: 35)


Unloading 16 unused Assets to reduce memory usage. Loaded Objects now: 85935.
Total: 88.932651 ms (FindLiveObjects: 6.908833 ms CreateObjectMapping: 14.866533 ms MarkObjects: 66.785613 ms  DeleteObjects: 0.366248 ms)

Unloading 6 Unused Serialized files (Serialized files now loaded: 0)
UnloadTime: 22.330088 ms
HDR Render Texture not supported, disabling HDR on reflection probe. 
(Filename:  Line: 277)

HDR Render Texture not supported, disabling HDR on reflection probe. 
(Filename:  Line: 277)

02/20/2021 09:15:04: Zonesystem Awake 17046030
 
(Filename: ./Runtime/Export/Debug/Debug.bindings.h Line: 35)

02/20/2021 09:15:04: DungeonDB Awake 17046030
 
(Filename: ./Runtime/Export/Debug/Debug.bindings.h Line: 35)

02/20/2021 09:15:04: ZSteamSocket  Registering global callbacks
 
(Filename: ./Runtime/Export/Debug/Debug.bindings.h Line: 35)

02/20/2021 09:15:04: Registering lobby
 
(Filename: ./Runtime/Export/Debug/Debug.bindings.h Line: 35)

02/20/2021 09:15:04: Initializing world generator seed:nepTbzQlS5 ( -1441259986 )   menu:False  worldgen version:1
 
(Filename: ./Runtime/Export/Debug/Debug.bindings.h Line: 35)

02/20/2021 09:15:04: Using mountain distance: 1000
 
(Filename: ./Runtime/Export/Debug/Debug.bindings.h Line: 35)

02/20/2021 09:15:04: Found 596 mountain points
 
(Filename: ./Runtime/Export/Debug/Debug.bindings.h Line: 35)

02/20/2021 09:15:04: Remaining mountains:81
 
(Filename: ./Runtime/Export/Debug/Debug.bindings.h Line: 35)

02/20/2021 09:15:04: Calc time 35.213 ms
 
(Filename: ./Runtime/Export/Debug/Debug.bindings.h Line: 35)

02/20/2021 09:15:04: Found 8216 lake points
 
(Filename: ./Runtime/Export/Debug/Debug.bindings.h Line: 35)

02/20/2021 09:15:07: Remaining lakes:115
 
(Filename: ./Runtime/Export/Debug/Debug.bindings.h Line: 35)

02/20/2021 09:15:07: Calc time 2665.159 ms
 
(Filename: ./Runtime/Export/Debug/Debug.bindings.h Line: 35)

02/20/2021 09:15:07: Rivers:157
 
(Filename: ./Runtime/Export/Debug/Debug.bindings.h Line: 35)

02/20/2021 09:15:07: River buckets 15631
 
(Filename: ./Runtime/Export/Debug/Debug.bindings.h Line: 35)

02/20/2021 09:15:07: River render time 424.398 ms
 
(Filename: ./Runtime/Export/Debug/Debug.bindings.h Line: 35)

02/20/2021 09:15:07: River Calc time 444.996 ms
 
(Filename: ./Runtime/Export/Debug/Debug.bindings.h Line: 35)

02/20/2021 09:15:09: River buckets 24190
 
(Filename: ./Runtime/Export/Debug/Debug.bindings.h Line: 35)

02/20/2021 09:15:09: River render time 616.757 ms
 
(Filename: ./Runtime/Export/Debug/Debug.bindings.h Line: 35)

02/20/2021 09:15:09: Placed 1878 streams
 
(Filename: ./Runtime/Export/Debug/Debug.bindings.h Line: 35)

02/20/2021 09:15:09: Stream Calc time 1498.467 ms
 
(Filename: ./Runtime/Export/Debug/Debug.bindings.h Line: 35)

02/20/2021 09:15:09: Load world abc123
 
(Filename: ./Runtime/Export/Debug/Debug.bindings.h Line: 35)

02/20/2021 09:15:09: Loading 357402 zdos , my id 859902941 data version:26
 
(Filename: ./Runtime/Export/Debug/Debug.bindings.h Line: 35)

02/20/2021 09:15:11: Loaded 100000 dead zdos
 
(Filename: ./Runtime/Export/Debug/Debug.bindings.h Line: 35)

02/20/2021 09:15:11: Removed 0 OLD generated ZDOS
 
(Filename: ./Runtime/Export/Debug/Debug.bindings.h Line: 35)

02/20/2021 09:15:11: Loaded 7132 locations
 
(Filename: ./Runtime/Export/Debug/Debug.bindings.h Line: 35)

02/20/2021 09:15:11: Audioman already exist, destroying self
 
(Filename: ./Runtime/Export/Debug/Debug.bindings.h Line: 35)


Unloading 490 unused Assets to reduce memory usage. Loaded Objects now: 86248.
Total: 527.724816 ms (FindLiveObjects: 7.213135 ms CreateObjectMapping: 13.821836 ms MarkObjects: 501.212974 ms  DeleteObjects: 5.471102 ms)

02/20/2021 09:15:17: Zonesystem Start 17046030
 
(Filename: ./Runtime/Export/Debug/Debug.bindings.h Line: 35)

02/20/2021 09:15:17: DungeonDB Start 17046030
 
(Filename: ./Runtime/Export/Debug/Debug.bindings.h Line: 35)

Warning: failed to init SDL thread priority manager: SDL not found
02/20/2021 09:25:18:  Connections 0 ZDOS:357402  sent:0 recv:0
 
(Filename: ./Runtime/Export/Debug/Debug.bindings.h Line: 35)

Unloading 6 Unused Serialized files (Serialized files now loaded: 0)

Unloading 6 unused Assets to reduce memory usage. Loaded Objects now: 1116725.
Total: 896.079385 ms (FindLiveObjects: 108.123770 ms CreateObjectMapping: 30.590450 ms MarkObjects: 756.200027 ms  DeleteObjects: 1.160060 ms)

02/20/2021 09:35:19:  Connections 0 ZDOS:357402  sent:0 recv:0
 
(Filename: ./Runtime/Export/Debug/Debug.bindings.h Line: 35)

Unloading 0 Unused Serialized files (Serialized files now loaded: 0)

Unloading 0 unused Assets to reduce memory usage. Loaded Objects now: 1116725.
Total: 868.647220 ms (FindLiveObjects: 99.276482 ms CreateObjectMapping: 30.850435 ms MarkObjects: 737.569060 ms  DeleteObjects: 0.944782 ms)

02/20/2021 09:35:20: clone 941
 
(Filename: ./Runtime/Export/Debug/Debug.bindings.h Line: 35)

02/20/2021 09:35:22: Saved 357402 zdos
 
(Filename: ./Runtime/Export/Debug/Debug.bindings.h Line: 35)

02/20/2021 09:35:22: World saved ( 1817.793ms )
 
(Filename: ./Runtime/Export/Debug/Debug.bindings.h Line: 35)

02/20/2021 09:45:20:  Connections 0 ZDOS:357402  sent:0 recv:0
 
(Filename: ./Runtime/Export/Debug/Debug.bindings.h Line: 35)

Unloading 0 Unused Serialized files (Serialized files now loaded: 0)

Unloading 0 unused Assets to reduce memory usage. Loaded Objects now: 1116725.
Total: 969.760000 ms (FindLiveObjects: 144.065730 ms CreateObjectMapping: 38.272858 ms MarkObjects: 784.944248 ms  DeleteObjects: 2.469548 ms)

02/20/2021 09:55:20:  Connections 0 ZDOS:357402  sent:0 recv:0
 
(Filename: ./Runtime/Export/Debug/Debug.bindings.h Line: 35)

Unloading 0 Unused Serialized files (Serialized files now loaded: 0)

Unloading 0 unused Assets to reduce memory usage. Loaded Objects now: 1116725.
Total: 961.598711 ms (FindLiveObjects: 129.417802 ms CreateObjectMapping: 34.771809 ms MarkObjects: 796.340113 ms  DeleteObjects: 1.063951 ms)

02/20/2021 09:55:22: clone 901
 
(Filename: ./Runtime/Export/Debug/Debug.bindings.h Line: 35)

02/20/2021 09:55:24: Saved 357402 zdos
 
(Filename: ./Runtime/Export/Debug/Debug.bindings.h Line: 35)

02/20/2021 09:55:24: World saved ( 1718.546ms )
 
(Filename: ./Runtime/Export/Debug/Debug.bindings.h Line: 35)

02/20/2021 10:05:22:  Connections 0 ZDOS:357402  sent:0 recv:0
 
(Filename: ./Runtime/Export/Debug/Debug.bindings.h Line: 35)

Unloading 0 Unused Serialized files (Serialized files now loaded: 0)

Unloading 0 unused Assets to reduce memory usage. Loaded Objects now: 1116725.
Total: 865.716035 ms (FindLiveObjects: 114.148107 ms CreateObjectMapping: 30.620919 ms MarkObjects: 719.963737 ms  DeleteObjects: 0.978074 ms)

02/20/2021 10:15:22:  Connections 0 ZDOS:357402  sent:0 recv:0
 
(Filename: ./Runtime/Export/Debug/Debug.bindings.h Line: 35)

Unloading 0 Unused Serialized files (Serialized files now loaded: 0)

Unloading 0 unused Assets to reduce memory usage. Loaded Objects now: 1116725.
Total: 931.966702 ms (FindLiveObjects: 103.861362 ms CreateObjectMapping: 32.916373 ms MarkObjects: 794.229368 ms  DeleteObjects: 0.953001 ms)

02/20/2021 10:15:24: clone 897
 
(Filename: ./Runtime/Export/Debug/Debug.bindings.h Line: 35)

02/20/2021 10:15:26: Saved 357402 zdos
 
(Filename: ./Runtime/Export/Debug/Debug.bindings.h Line: 35)

02/20/2021 10:15:26: World saved ( 1685.905ms )
 
(Filename: ./Runtime/Export/Debug/Debug.bindings.h Line: 35)

02/20/2021 10:25:23:  Connections 0 ZDOS:357402  sent:0 recv:0
 
(Filename: ./Runtime/Export/Debug/Debug.bindings.h Line: 35)

Unloading 0 Unused Serialized files (Serialized files now loaded: 0)

Unloading 0 unused Assets to reduce memory usage. Loaded Objects now: 1116725.
Total: 898.546640 ms (FindLiveObjects: 102.113284 ms CreateObjectMapping: 33.852147 ms MarkObjects: 761.566751 ms  DeleteObjects: 1.008890 ms)

02/20/2021 10:35:24:  Connections 0 ZDOS:357402  sent:0 recv:0
 
(Filename: ./Runtime/Export/Debug/Debug.bindings.h Line: 35)

Unloading 0 Unused Serialized files (Serialized files now loaded: 0)

Unloading 0 unused Assets to reduce memory usage. Loaded Objects now: 1116725.
Total: 972.259278 ms (FindLiveObjects: 123.046427 ms CreateObjectMapping: 34.851429 ms MarkObjects: 813.291832 ms  DeleteObjects: 1.064030 ms)

02/20/2021 10:35:26: clone 869
 
(Filename: ./Runtime/Export/Debug/Debug.bindings.h Line: 35)

02/20/2021 10:35:28: Saved 357402 zdos
 
(Filename: ./Runtime/Export/Debug/Debug.bindings.h Line: 35)

02/20/2021 10:35:28: World saved ( 1749.941ms )
 
(Filename: ./Runtime/Export/Debug/Debug.bindings.h Line: 35)

02/20/2021 10:45:25:  Connections 0 ZDOS:357402  sent:0 recv:0
 
(Filename: ./Runtime/Export/Debug/Debug.bindings.h Line: 35)

Unloading 0 Unused Serialized files (Serialized files now loaded: 0)

Unloading 0 unused Assets to reduce memory usage. Loaded Objects now: 1116725.
Total: 989.750327 ms (FindLiveObjects: 151.239907 ms CreateObjectMapping: 36.679240 ms MarkObjects: 800.853301 ms  DeleteObjects: 0.972363 ms)

02/20/2021 10:55:26:  Connections 0 ZDOS:357402  sent:0 recv:0
 
(Filename: ./Runtime/Export/Debug/Debug.bindings.h Line: 35)

Unloading 0 Unused Serialized files (Serialized files now loaded: 0)

Unloading 0 unused Assets to reduce memory usage. Loaded Objects now: 1116725.
Total: 943.861733 ms (FindLiveObjects: 100.766536 ms CreateObjectMapping: 31.740278 ms MarkObjects: 809.638524 ms  DeleteObjects: 1.710846 ms)

02/20/2021 10:55:29: clone 909
 
(Filename: ./Runtime/Export/Debug/Debug.bindings.h Line: 35)

02/20/2021 10:55:30: Saved 357402 zdos
 
(Filename: ./Runtime/Export/Debug/Debug.bindings.h Line: 35)

02/20/2021 10:55:30: World saved ( 1872.52ms )
 
(Filename: ./Runtime/Export/Debug/Debug.bindings.h Line: 35)

02/20/2021 11:05:27:  Connections 0 ZDOS:357402  sent:0 recv:0
 
(Filename: ./Runtime/Export/Debug/Debug.bindings.h Line: 35)

Unloading 0 Unused Serialized files (Serialized files now loaded: 0)

Unloading 0 unused Assets to reduce memory usage. Loaded Objects now: 1116725.
Total: 996.403124 ms (FindLiveObjects: 138.332602 ms CreateObjectMapping: 40.975864 ms MarkObjects: 816.146389 ms  DeleteObjects: 0.943211 ms)

02/20/2021 11:15:28:  Connections 0 ZDOS:357402  sent:0 recv:0
 
(Filename: ./Runtime/Export/Debug/Debug.bindings.h Line: 35)

Unloading 0 Unused Serialized files (Serialized files now loaded: 0)

Unloading 0 unused Assets to reduce memory usage. Loaded Objects now: 1116725.
Total: 942.375153 ms (FindLiveObjects: 95.536095 ms CreateObjectMapping: 31.398818 ms MarkObjects: 814.280141 ms  DeleteObjects: 1.154572 ms)

02/20/2021 11:15:31: clone 886
 
(Filename: ./Runtime/Export/Debug/Debug.bindings.h Line: 35)

02/20/2021 11:15:32: Saved 357402 zdos
 
(Filename: ./Runtime/Export/Debug/Debug.bindings.h Line: 35)

02/20/2021 11:15:32: World saved ( 1715.407ms )
 
(Filename: ./Runtime/Export/Debug/Debug.bindings.h Line: 35)

02/20/2021 11:25:29:  Connections 0 ZDOS:357402  sent:0 recv:0
 
(Filename: ./Runtime/Export/Debug/Debug.bindings.h Line: 35)

Unloading 0 Unused Serialized files (Serialized files now loaded: 0)

Unloading 0 unused Assets to reduce memory usage. Loaded Objects now: 1116725.
Total: 911.178620 ms (FindLiveObjects: 102.762803 ms CreateObjectMapping: 35.223992 ms MarkObjects: 772.148489 ms  DeleteObjects: 1.037457 ms)

02/20/2021 11:35:29:  Connections 0 ZDOS:357402  sent:0 recv:0
 
(Filename: ./Runtime/Export/Debug/Debug.bindings.h Line: 35)

Unloading 0 Unused Serialized files (Serialized files now loaded: 0)

Unloading 0 unused Assets to reduce memory usage. Loaded Objects now: 1116725.
Total: 959.472801 ms (FindLiveObjects: 104.762669 ms CreateObjectMapping: 32.041431 ms MarkObjects: 821.612031 ms  DeleteObjects: 1.051097 ms)

02/20/2021 11:35:33: clone 998
 
(Filename: ./Runtime/Export/Debug/Debug.bindings.h Line: 35)

02/20/2021 11:35:34: Saved 357402 zdos
 
(Filename: ./Runtime/Export/Debug/Debug.bindings.h Line: 35)

02/20/2021 11:35:35: World saved ( 1793.536ms )
 
(Filename: ./Runtime/Export/Debug/Debug.bindings.h Line: 35)

02/20/2021 11:45:31:  Connections 0 ZDOS:357402  sent:0 recv:0
 
(Filename: ./Runtime/Export/Debug/Debug.bindings.h Line: 35)

Unloading 0 Unused Serialized files (Serialized files now loaded: 0)

Unloading 0 unused Assets to reduce memory usage. Loaded Objects now: 1116725.
Total: 968.945548 ms (FindLiveObjects: 115.567820 ms CreateObjectMapping: 37.027565 ms MarkObjects: 815.399913 ms  DeleteObjects: 0.944938 ms)

02/20/2021 11:55:31:  Connections 0 ZDOS:357402  sent:0 recv:0
 
(Filename: ./Runtime/Export/Debug/Debug.bindings.h Line: 35)

Unloading 0 Unused Serialized files (Serialized files now loaded: 0)

Unloading 0 unused Assets to reduce memory usage. Loaded Objects now: 1116725.
Total: 926.702169 ms (FindLiveObjects: 138.511731 ms CreateObjectMapping: 32.905110 ms MarkObjects: 754.077335 ms  DeleteObjects: 1.202397 ms)

02/20/2021 11:55:35: clone 920
 
(Filename: ./Runtime/Export/Debug/Debug.bindings.h Line: 35)

02/20/2021 11:55:36: Saved 357402 zdos
 
(Filename: ./Runtime/Export/Debug/Debug.bindings.h Line: 35)

02/20/2021 11:55:36: World saved ( 1654.403ms )
 
(Filename: ./Runtime/Export/Debug/Debug.bindings.h Line: 35)

02/20/2021 12:05:32:  Connections 0 ZDOS:357402  sent:0 recv:0
 
(Filename: ./Runtime/Export/Debug/Debug.bindings.h Line: 35)

Unloading 0 Unused Serialized files (Serialized files now loaded: 0)

Unloading 0 unused Assets to reduce memory usage. Loaded Objects now: 1116725.
Total: 945.444974 ms (FindLiveObjects: 104.603557 ms CreateObjectMapping: 33.822425 ms MarkObjects: 805.970829 ms  DeleteObjects: 1.042115 ms)

02/20/2021 12:15:33:  Connections 0 ZDOS:357402  sent:0 recv:0
 
(Filename: ./Runtime/Export/Debug/Debug.bindings.h Line: 35)

Unloading 0 Unused Serialized files (Serialized files now loaded: 0)

Unloading 0 unused Assets to reduce memory usage. Loaded Objects now: 1116725.
Total: 894.656916 ms (FindLiveObjects: 99.974446 ms CreateObjectMapping: 35.365464 ms MarkObjects: 758.331189 ms  DeleteObjects: 0.980064 ms)

02/20/2021 12:15:37: clone 1104
 
(Filename: ./Runtime/Export/Debug/Debug.bindings.h Line: 35)

02/20/2021 12:15:39: Saved 357402 zdos
 
(Filename: ./Runtime/Export/Debug/Debug.bindings.h Line: 35)

02/20/2021 12:15:39: World saved ( 1867.252ms )
 
(Filename: ./Runtime/Export/Debug/Debug.bindings.h Line: 35)

02/20/2021 12:25:34:  Connections 0 ZDOS:357402  sent:0 recv:0
 
(Filename: ./Runtime/Export/Debug/Debug.bindings.h Line: 35)

Unloading 0 Unused Serialized files (Serialized files now loaded: 0)

Unloading 0 unused Assets to reduce memory usage. Loaded Objects now: 1116725.
Total: 1013.348981 ms (FindLiveObjects: 141.554524 ms CreateObjectMapping: 39.034288 ms MarkObjects: 830.789418 ms  DeleteObjects: 1.964586 ms)

02/20/2021 12:35:35:  Connections 0 ZDOS:357402  sent:0 recv:0
 
(Filename: ./Runtime/Export/Debug/Debug.bindings.h Line: 35)

Unloading 0 Unused Serialized files (Serialized files now loaded: 0)

Unloading 0 unused Assets to reduce memory usage. Loaded Objects now: 1116725.
Total: 960.625646 ms (FindLiveObjects: 109.187654 ms CreateObjectMapping: 35.084280 ms MarkObjects: 815.312743 ms  DeleteObjects: 1.035146 ms)

02/20/2021 12:35:40: clone 1361
 
(Filename: ./Runtime/Export/Debug/Debug.bindings.h Line: 35)

02/20/2021 12:35:42: Saved 357402 zdos
 
(Filename: ./Runtime/Export/Debug/Debug.bindings.h Line: 35)

02/20/2021 12:35:42: World saved ( 2580.796ms )
 
(Filename: ./Runtime/Export/Debug/Debug.bindings.h Line: 35)

02/20/2021 12:45:37:  Connections 0 ZDOS:357402  sent:0 recv:0
 
(Filename: ./Runtime/Export/Debug/Debug.bindings.h Line: 35)

Unloading 0 Unused Serialized files (Serialized files now loaded: 0)

Unloading 0 unused Assets to reduce memory usage. Loaded Objects now: 1116725.
Total: 978.572320 ms (FindLiveObjects: 133.040298 ms CreateObjectMapping: 36.586375 ms MarkObjects: 807.965864 ms  DeleteObjects: 0.972985 ms)

02/20/2021 12:55:37:  Connections 0 ZDOS:357402  sent:0 recv:0
 
(Filename: ./Runtime/Export/Debug/Debug.bindings.h Line: 35)

Unloading 0 Unused Serialized files (Serialized files now loaded: 0)

Unloading 0 unused Assets to reduce memory usage. Loaded Objects now: 1116725.
Total: 909.537925 ms (FindLiveObjects: 102.348238 ms CreateObjectMapping: 32.982733 ms MarkObjects: 772.382158 ms  DeleteObjects: 1.819334 ms)

02/20/2021 12:55:42: clone 1080
 
(Filename: ./Runtime/Export/Debug/Debug.bindings.h Line: 35)

02/20/2021 12:55:43: Saved 357402 zdos
 
(Filename: ./Runtime/Export/Debug/Debug.bindings.h Line: 35)

02/20/2021 12:55:43: World saved ( 1681.901ms )
 
(Filename: ./Runtime/Export/Debug/Debug.bindings.h Line: 35)

^C02/20/2021 13:00:04: Game - OnApplicationQuit
 
(Filename: ./Runtime/Export/Debug/Debug.bindings.h Line: 35)

02/20/2021 13:00:04: ZNet Shutdown
 
(Filename: ./Runtime/Export/Debug/Debug.bindings.h Line: 35)

02/20/2021 13:00:05: clone 965
 
(Filename: ./Runtime/Export/Debug/Debug.bindings.h Line: 35)

02/20/2021 13:00:06: Saved 357402 zdos
 
(Filename: ./Runtime/Export/Debug/Debug.bindings.h Line: 35)

02/20/2021 13:00:06: World saved ( 1629.863ms )
 
(Filename: ./Runtime/Export/Debug/Debug.bindings.h Line: 35)

02/20/2021 13:00:07: Sending disconnect msg
 
(Filename: ./Runtime/Export/Debug/Debug.bindings.h Line: 35)

02/20/2021 13:00:07: Disposing socket
 
(Filename: ./Runtime/Export/Debug/Debug.bindings.h Line: 35)

02/20/2021 13:00:07: Closing socket 0
 
(Filename: ./Runtime/Export/Debug/Debug.bindings.h Line: 35)

02/20/2021 13:00:07: Last socket, unregistering callback
 
(Filename: ./Runtime/Export/Debug/Debug.bindings.h Line: 35)

02/20/2021 13:00:07: ZSteamSocket  UnregisterGlobalCallbacks, existing sockets:0
 
(Filename: ./Runtime/Export/Debug/Debug.bindings.h Line: 35)

Setting up 1 worker threads for Enlighten.
  Thread -> id: 7f3f427fe700 -> priority: 1 
02/20/2021 13:00:09: Steam manager on destroy
 
(Filename: ./Runtime/Export/Debug/Debug.bindings.h Line: 35)

02/20/2021 13:00:09: ZNet OnDestroy
 
(Filename: ./Runtime/Export/Debug/Debug.bindings.h Line: 35)

02/20/2021 13:00:09: Net scene destroyed
 
(Filename: ./Runtime/Export/Debug/Debug.bindings.h Line: 35)

