Initialize engine version: 2019.4.20f1 (6dd1c08eedfa)
[Subsystems] Discovering subsystems at path /home/vhserver/serverfiles/valheim_server_Data/UnitySubsystems
Forcing GfxDevice: Null
GfxDevice: creating device client; threaded=0
NullGfxDevice:
    Version:  NULL 1.0 [1.0]
    Renderer: Null Device
    Vendor:   Unity Technologies
Begin MonoManager ReloadAssembly
- Completed reload, in  0.090 seconds
UnloadTime: 0.999424 ms
02/21/2021 13:00:18: Starting to load scene:start
 
(Filename: ./Runtime/Export/Debug/Debug.bindings.h Line: 35)

Couldn't create a Convex Mesh from source mesh "RearBig" within the maximum polygons limit (256). The partial hull will be used. Consider simplifying your mesh. 
(Filename:  Line: 91)

HDR Render Texture not supported, disabling HDR on reflection probe. 
(Filename:  Line: 277)

HDR Render Texture not supported, disabling HDR on reflection probe. 
(Filename:  Line: 277)

Unloading 6 Unused Serialized files (Serialized files now loaded: 0)
UnloadTime: 5.765431 ms
Only custom filters can be played. Please add a custom filter or an audioclip to the audiosource (Amb_MainMenu). 
(Filename:  Line: 509)

HDR Render Texture not supported, disabling HDR on reflection probe. 
(Filename:  Line: 277)

02/21/2021 13:00:34: Initializing world generator seed: ( 0 )   menu:True  worldgen version:1
 
(Filename: ./Runtime/Export/Debug/Debug.bindings.h Line: 35)

02/21/2021 13:00:34: Using mountain distance: 1000
 
(Filename: ./Runtime/Export/Debug/Debug.bindings.h Line: 35)

02/21/2021 13:00:34: Render threading mode:SingleThreaded
 
(Filename: ./Runtime/Export/Debug/Debug.bindings.h Line: 35)

02/21/2021 13:00:34: Get create world abc123
 
(Filename: ./Runtime/Export/Debug/Debug.bindings.h Line: 35)

02/21/2021 13:00:34: Using steam_appid.txt
 
(Filename: ./Runtime/Export/Debug/Debug.bindings.h Line: 35)

02/21/2021 13:00:34: Using steam APPID:892970
 
(Filename: ./Runtime/Export/Debug/Debug.bindings.h Line: 35)

CAppInfoCacheReadFromDiskThread took 1 milliseconds to initialize
CApplicationManagerPopulateThread took 0 milliseconds to initialize (will have waited on CAppInfoCacheReadFromDiskThread)
RecordSteamInterfaceCreation (PID 2474): SteamGameServer012 / GameServer
RecordSteamInterfaceCreation (PID 2474): SteamUtils009 / Utils
Setting breakpad minidump AppID = 892970
RecordSteamInterfaceCreation (PID 2474): SteamGameServer012 / GameServer
RecordSteamInterfaceCreation (PID 2474): SteamUtils009 / Utils
RecordSteamInterfaceCreation (PID 2474): SteamNetworking005 / Networking
RecordSteamInterfaceCreation (PID 2474): SteamGameServerStats001 / GameServerStats
RecordSteamInterfaceCreation (PID 2474): STEAMHTTP_INTERFACE_VERSION002 / HTTP
RecordSteamInterfaceCreation (PID 2474): STEAMINVENTORY_INTERFACE_V002 / Inventory
RecordSteamInterfaceCreation (PID 2474): STEAMUGC_INTERFACE_VERSION010 / UGC
RecordSteamInterfaceCreation (PID 2474): STEAMAPPS_INTERFACE_VERSION008 / Apps
02/21/2021 13:00:34: Server ID 90071992547409920
 
(Filename: ./Runtime/Export/Debug/Debug.bindings.h Line: 35)

02/21/2021 13:00:34: Steam game server initialized
 
(Filename: ./Runtime/Export/Debug/Debug.bindings.h Line: 35)

02/21/2021 13:00:34: Missing audio clip in music respawn
 
(Filename: ./Runtime/Export/Debug/Debug.bindings.h Line: 35)

02/21/2021 13:00:34: Builder started
 
(Filename: ./Runtime/Export/Debug/Debug.bindings.h Line: 35)

02/21/2021 13:00:36: Loaded localization English
 
(Filename: ./Runtime/Export/Debug/Debug.bindings.h Line: 35)

02/21/2021 13:00:36: Game server connected
 
(Filename: ./Runtime/Export/Debug/Debug.bindings.h Line: 35)


Unloading 16 unused Assets to reduce memory usage. Loaded Objects now: 85935.
Total: 76.604748 ms (FindLiveObjects: 4.728543 ms CreateObjectMapping: 12.894412 ms MarkObjects: 58.554834 ms  DeleteObjects: 0.422479 ms)

Unloading 6 Unused Serialized files (Serialized files now loaded: 0)
UnloadTime: 24.738321 ms
HDR Render Texture not supported, disabling HDR on reflection probe. 
(Filename:  Line: 277)

HDR Render Texture not supported, disabling HDR on reflection probe. 
(Filename:  Line: 277)

02/21/2021 13:00:37: Zonesystem Awake 24287
 
(Filename: ./Runtime/Export/Debug/Debug.bindings.h Line: 35)

02/21/2021 13:00:37: DungeonDB Awake 24287
 
(Filename: ./Runtime/Export/Debug/Debug.bindings.h Line: 35)

02/21/2021 13:00:37: ZSteamSocket  Registering global callbacks
 
(Filename: ./Runtime/Export/Debug/Debug.bindings.h Line: 35)

02/21/2021 13:00:37: Registering lobby
 
(Filename: ./Runtime/Export/Debug/Debug.bindings.h Line: 35)

02/21/2021 13:00:37: Initializing world generator seed:nepTbzQlS5 ( -1441259986 )   menu:False  worldgen version:1
 
(Filename: ./Runtime/Export/Debug/Debug.bindings.h Line: 35)

02/21/2021 13:00:37: Using mountain distance: 1000
 
(Filename: ./Runtime/Export/Debug/Debug.bindings.h Line: 35)

02/21/2021 13:00:37: Found 596 mountain points
 
(Filename: ./Runtime/Export/Debug/Debug.bindings.h Line: 35)

02/21/2021 13:00:37: Remaining mountains:81
 
(Filename: ./Runtime/Export/Debug/Debug.bindings.h Line: 35)

02/21/2021 13:00:37: Calc time 43.828 ms
 
(Filename: ./Runtime/Export/Debug/Debug.bindings.h Line: 35)

02/21/2021 13:00:37: Found 8216 lake points
 
(Filename: ./Runtime/Export/Debug/Debug.bindings.h Line: 35)

02/21/2021 13:00:39: Remaining lakes:115
 
(Filename: ./Runtime/Export/Debug/Debug.bindings.h Line: 35)

02/21/2021 13:00:39: Calc time 2787.335 ms
 
(Filename: ./Runtime/Export/Debug/Debug.bindings.h Line: 35)

02/21/2021 13:00:39: Rivers:157
 
(Filename: ./Runtime/Export/Debug/Debug.bindings.h Line: 35)

02/21/2021 13:00:40: River buckets 15631
 
(Filename: ./Runtime/Export/Debug/Debug.bindings.h Line: 35)

02/21/2021 13:00:40: River render time 437.311 ms
 
(Filename: ./Runtime/Export/Debug/Debug.bindings.h Line: 35)

02/21/2021 13:00:40: River Calc time 457.188 ms
 
(Filename: ./Runtime/Export/Debug/Debug.bindings.h Line: 35)

02/21/2021 13:00:42: River buckets 24190
 
(Filename: ./Runtime/Export/Debug/Debug.bindings.h Line: 35)

02/21/2021 13:00:42: River render time 668.819 ms
 
(Filename: ./Runtime/Export/Debug/Debug.bindings.h Line: 35)

02/21/2021 13:00:42: Placed 1878 streams
 
(Filename: ./Runtime/Export/Debug/Debug.bindings.h Line: 35)

02/21/2021 13:00:42: Stream Calc time 1722.795 ms
 
(Filename: ./Runtime/Export/Debug/Debug.bindings.h Line: 35)

02/21/2021 13:00:42: Load world abc123
 
(Filename: ./Runtime/Export/Debug/Debug.bindings.h Line: 35)

02/21/2021 13:00:42: Loading 411260 zdos , my id -21363220 data version:26
 
(Filename: ./Runtime/Export/Debug/Debug.bindings.h Line: 35)

02/21/2021 13:00:44: Loaded 100000 dead zdos
 
(Filename: ./Runtime/Export/Debug/Debug.bindings.h Line: 35)

02/21/2021 13:00:44: Removed 0 OLD generated ZDOS
 
(Filename: ./Runtime/Export/Debug/Debug.bindings.h Line: 35)

02/21/2021 13:00:44: Loaded 7132 locations
 
(Filename: ./Runtime/Export/Debug/Debug.bindings.h Line: 35)

02/21/2021 13:00:45: Audioman already exist, destroying self
 
(Filename: ./Runtime/Export/Debug/Debug.bindings.h Line: 35)


Unloading 490 unused Assets to reduce memory usage. Loaded Objects now: 86248.
Total: 630.799632 ms (FindLiveObjects: 8.403978 ms CreateObjectMapping: 16.790926 ms MarkObjects: 599.260368 ms  DeleteObjects: 6.338692 ms)

02/21/2021 13:00:51: Zonesystem Start 24287
 
(Filename: ./Runtime/Export/Debug/Debug.bindings.h Line: 35)

02/21/2021 13:00:51: DungeonDB Start 24287
 
(Filename: ./Runtime/Export/Debug/Debug.bindings.h Line: 35)

Warning: failed to init SDL thread priority manager: SDL not found
02/21/2021 13:10:52:  Connections 0 ZDOS:411260  sent:0 recv:0
 
(Filename: ./Runtime/Export/Debug/Debug.bindings.h Line: 35)

Unloading 6 Unused Serialized files (Serialized files now loaded: 0)

Unloading 6 unused Assets to reduce memory usage. Loaded Objects now: 1116725.
Total: 1024.508602 ms (FindLiveObjects: 133.537549 ms CreateObjectMapping: 44.794337 ms MarkObjects: 845.164497 ms  DeleteObjects: 1.006424 ms)

02/21/2021 13:20:53:  Connections 0 ZDOS:411260  sent:0 recv:0
 
(Filename: ./Runtime/Export/Debug/Debug.bindings.h Line: 35)

Unloading 0 Unused Serialized files (Serialized files now loaded: 0)

Unloading 0 unused Assets to reduce memory usage. Loaded Objects now: 1116725.
Total: 1114.936104 ms (FindLiveObjects: 144.183590 ms CreateObjectMapping: 36.671156 ms MarkObjects: 932.944354 ms  DeleteObjects: 1.131218 ms)

02/21/2021 13:20:55: clone 1031
 
(Filename: ./Runtime/Export/Debug/Debug.bindings.h Line: 35)

02/21/2021 13:20:57: Saved 411260 zdos
 
(Filename: ./Runtime/Export/Debug/Debug.bindings.h Line: 35)

02/21/2021 13:20:57: World saved ( 2417.184ms )
 
(Filename: ./Runtime/Export/Debug/Debug.bindings.h Line: 35)

02/21/2021 13:30:54:  Connections 0 ZDOS:411260  sent:0 recv:0
 
(Filename: ./Runtime/Export/Debug/Debug.bindings.h Line: 35)

Unloading 0 Unused Serialized files (Serialized files now loaded: 0)

Unloading 0 unused Assets to reduce memory usage. Loaded Objects now: 1116725.
Total: 905.959043 ms (FindLiveObjects: 99.979202 ms CreateObjectMapping: 32.610262 ms MarkObjects: 772.437478 ms  DeleteObjects: 0.926679 ms)

02/21/2021 13:40:55:  Connections 0 ZDOS:411260  sent:0 recv:0
 
(Filename: ./Runtime/Export/Debug/Debug.bindings.h Line: 35)

Unloading 0 Unused Serialized files (Serialized files now loaded: 0)

Unloading 0 unused Assets to reduce memory usage. Loaded Objects now: 1116725.
Total: 1096.079952 ms (FindLiveObjects: 109.572809 ms CreateObjectMapping: 33.584684 ms MarkObjects: 951.799442 ms  DeleteObjects: 1.109886 ms)

02/21/2021 13:40:57: clone 1285
 
(Filename: ./Runtime/Export/Debug/Debug.bindings.h Line: 35)

02/21/2021 13:40:59: Saved 411260 zdos
 
(Filename: ./Runtime/Export/Debug/Debug.bindings.h Line: 35)

02/21/2021 13:40:59: World saved ( 2055.667ms )
 
(Filename: ./Runtime/Export/Debug/Debug.bindings.h Line: 35)

02/21/2021 13:50:56:  Connections 0 ZDOS:411260  sent:0 recv:0
 
(Filename: ./Runtime/Export/Debug/Debug.bindings.h Line: 35)

Unloading 0 Unused Serialized files (Serialized files now loaded: 0)

Unloading 0 unused Assets to reduce memory usage. Loaded Objects now: 1116725.
Total: 945.422210 ms (FindLiveObjects: 102.526830 ms CreateObjectMapping: 33.964713 ms MarkObjects: 808.004382 ms  DeleteObjects: 0.920406 ms)

02/21/2021 14:00:57:  Connections 0 ZDOS:411260  sent:0 recv:0
 
(Filename: ./Runtime/Export/Debug/Debug.bindings.h Line: 35)

Unloading 0 Unused Serialized files (Serialized files now loaded: 0)

Unloading 0 unused Assets to reduce memory usage. Loaded Objects now: 1116725.
Total: 987.684842 ms (FindLiveObjects: 101.057223 ms CreateObjectMapping: 31.875474 ms MarkObjects: 853.819914 ms  DeleteObjects: 0.926918 ms)

02/21/2021 14:00:59: clone 1028
 
(Filename: ./Runtime/Export/Debug/Debug.bindings.h Line: 35)

02/21/2021 14:01:02: Saved 411260 zdos
 
(Filename: ./Runtime/Export/Debug/Debug.bindings.h Line: 35)

02/21/2021 14:01:02: World saved ( 2101.603ms )
 
(Filename: ./Runtime/Export/Debug/Debug.bindings.h Line: 35)

02/21/2021 14:10:58:  Connections 0 ZDOS:411260  sent:0 recv:0
 
(Filename: ./Runtime/Export/Debug/Debug.bindings.h Line: 35)

Unloading 0 Unused Serialized files (Serialized files now loaded: 0)

Unloading 0 unused Assets to reduce memory usage. Loaded Objects now: 1116725.
Total: 1005.329105 ms (FindLiveObjects: 142.075899 ms CreateObjectMapping: 44.282666 ms MarkObjects: 818.006205 ms  DeleteObjects: 0.958537 ms)

02/21/2021 14:20:59:  Connections 0 ZDOS:411260  sent:0 recv:0
 
(Filename: ./Runtime/Export/Debug/Debug.bindings.h Line: 35)

Unloading 0 Unused Serialized files (Serialized files now loaded: 0)

Unloading 0 unused Assets to reduce memory usage. Loaded Objects now: 1116725.
Total: 1034.143232 ms (FindLiveObjects: 129.245008 ms CreateObjectMapping: 36.650014 ms MarkObjects: 867.290138 ms  DeleteObjects: 0.952821 ms)

02/21/2021 14:21:02: clone 1219
 
(Filename: ./Runtime/Export/Debug/Debug.bindings.h Line: 35)

02/21/2021 14:21:04: Saved 411260 zdos
 
(Filename: ./Runtime/Export/Debug/Debug.bindings.h Line: 35)

02/21/2021 14:21:04: World saved ( 1971.689ms )
 
(Filename: ./Runtime/Export/Debug/Debug.bindings.h Line: 35)

02/21/2021 14:31:01:  Connections 0 ZDOS:411260  sent:0 recv:0
 
(Filename: ./Runtime/Export/Debug/Debug.bindings.h Line: 35)

Unloading 0 Unused Serialized files (Serialized files now loaded: 0)

Unloading 0 unused Assets to reduce memory usage. Loaded Objects now: 1116725.
Total: 969.175627 ms (FindLiveObjects: 97.813477 ms CreateObjectMapping: 33.218552 ms MarkObjects: 837.035203 ms  DeleteObjects: 1.103075 ms)

02/21/2021 14:41:01:  Connections 0 ZDOS:411260  sent:0 recv:0
 
(Filename: ./Runtime/Export/Debug/Debug.bindings.h Line: 35)

Unloading 0 Unused Serialized files (Serialized files now loaded: 0)

Unloading 0 unused Assets to reduce memory usage. Loaded Objects now: 1116725.
Total: 988.708179 ms (FindLiveObjects: 141.396859 ms CreateObjectMapping: 35.514877 ms MarkObjects: 810.788761 ms  DeleteObjects: 1.002051 ms)

02/21/2021 14:41:04: clone 1024
 
(Filename: ./Runtime/Export/Debug/Debug.bindings.h Line: 35)

02/21/2021 14:41:06: Saved 411260 zdos
 
(Filename: ./Runtime/Export/Debug/Debug.bindings.h Line: 35)

02/21/2021 14:41:06: World saved ( 2019.481ms )
 
(Filename: ./Runtime/Export/Debug/Debug.bindings.h Line: 35)

02/21/2021 14:51:03:  Connections 0 ZDOS:411260  sent:0 recv:0
 
(Filename: ./Runtime/Export/Debug/Debug.bindings.h Line: 35)

Unloading 0 Unused Serialized files (Serialized files now loaded: 0)

Unloading 0 unused Assets to reduce memory usage. Loaded Objects now: 1116725.
Total: 1007.134540 ms (FindLiveObjects: 115.671021 ms CreateObjectMapping: 35.245990 ms MarkObjects: 854.166192 ms  DeleteObjects: 2.046145 ms)

02/21/2021 15:01:03:  Connections 0 ZDOS:411260  sent:0 recv:0
 
(Filename: ./Runtime/Export/Debug/Debug.bindings.h Line: 35)

Unloading 0 Unused Serialized files (Serialized files now loaded: 0)

Unloading 0 unused Assets to reduce memory usage. Loaded Objects now: 1116725.
Total: 1040.202833 ms (FindLiveObjects: 102.517147 ms CreateObjectMapping: 31.349008 ms MarkObjects: 905.214816 ms  DeleteObjects: 1.116826 ms)

02/21/2021 15:01:07: clone 1207
 
(Filename: ./Runtime/Export/Debug/Debug.bindings.h Line: 35)

02/21/2021 15:01:09: Saved 411260 zdos
 
(Filename: ./Runtime/Export/Debug/Debug.bindings.h Line: 35)

02/21/2021 15:01:09: World saved ( 1897.373ms )
 
(Filename: ./Runtime/Export/Debug/Debug.bindings.h Line: 35)

02/21/2021 15:11:05:  Connections 0 ZDOS:411260  sent:0 recv:0
 
(Filename: ./Runtime/Export/Debug/Debug.bindings.h Line: 35)

Unloading 0 Unused Serialized files (Serialized files now loaded: 0)

Unloading 0 unused Assets to reduce memory usage. Loaded Objects now: 1116725.
Total: 944.586590 ms (FindLiveObjects: 102.245414 ms CreateObjectMapping: 32.571474 ms MarkObjects: 808.772297 ms  DeleteObjects: 0.991117 ms)

02/21/2021 15:21:05:  Connections 0 ZDOS:411260  sent:0 recv:0
 
(Filename: ./Runtime/Export/Debug/Debug.bindings.h Line: 35)

Unloading 0 Unused Serialized files (Serialized files now loaded: 0)

Unloading 0 unused Assets to reduce memory usage. Loaded Objects now: 1116725.
Total: 986.667105 ms (FindLiveObjects: 139.683945 ms CreateObjectMapping: 35.126220 ms MarkObjects: 810.878363 ms  DeleteObjects: 0.972590 ms)

02/21/2021 15:21:09: clone 1183
 
(Filename: ./Runtime/Export/Debug/Debug.bindings.h Line: 35)

02/21/2021 15:21:11: Saved 411260 zdos
 
(Filename: ./Runtime/Export/Debug/Debug.bindings.h Line: 35)

02/21/2021 15:21:11: World saved ( 1953.266ms )
 
(Filename: ./Runtime/Export/Debug/Debug.bindings.h Line: 35)

02/21/2021 15:31:07:  Connections 0 ZDOS:411260  sent:0 recv:0
 
(Filename: ./Runtime/Export/Debug/Debug.bindings.h Line: 35)

Unloading 0 Unused Serialized files (Serialized files now loaded: 0)

Unloading 0 unused Assets to reduce memory usage. Loaded Objects now: 1116725.
Total: 973.324576 ms (FindLiveObjects: 104.237206 ms CreateObjectMapping: 38.093725 ms MarkObjects: 829.843131 ms  DeleteObjects: 1.144442 ms)

02/21/2021 15:41:08:  Connections 0 ZDOS:411260  sent:0 recv:0
 
(Filename: ./Runtime/Export/Debug/Debug.bindings.h Line: 35)

Unloading 0 Unused Serialized files (Serialized files now loaded: 0)

Unloading 0 unused Assets to reduce memory usage. Loaded Objects now: 1116725.
Total: 959.232184 ms (FindLiveObjects: 110.792728 ms CreateObjectMapping: 32.733814 ms MarkObjects: 813.300420 ms  DeleteObjects: 2.399596 ms)

02/21/2021 15:41:11: clone 1104
 
(Filename: ./Runtime/Export/Debug/Debug.bindings.h Line: 35)

02/21/2021 15:41:14: Saved 411260 zdos
 
(Filename: ./Runtime/Export/Debug/Debug.bindings.h Line: 35)

02/21/2021 15:41:14: World saved ( 2209.126ms )
 
(Filename: ./Runtime/Export/Debug/Debug.bindings.h Line: 35)

02/21/2021 15:51:09:  Connections 0 ZDOS:411260  sent:0 recv:0
 
(Filename: ./Runtime/Export/Debug/Debug.bindings.h Line: 35)

Unloading 0 Unused Serialized files (Serialized files now loaded: 0)

Unloading 0 unused Assets to reduce memory usage. Loaded Objects now: 1116725.
Total: 1108.331080 ms (FindLiveObjects: 125.062679 ms CreateObjectMapping: 35.454901 ms MarkObjects: 946.357826 ms  DeleteObjects: 1.448659 ms)

02/21/2021 16:01:10:  Connections 0 ZDOS:411260  sent:0 recv:0
 
(Filename: ./Runtime/Export/Debug/Debug.bindings.h Line: 35)

Unloading 0 Unused Serialized files (Serialized files now loaded: 0)

Unloading 0 unused Assets to reduce memory usage. Loaded Objects now: 1116725.
Total: 991.914752 ms (FindLiveObjects: 140.086776 ms CreateObjectMapping: 37.986791 ms MarkObjects: 812.880809 ms  DeleteObjects: 0.955136 ms)

02/21/2021 16:01:14: clone 1182
 
(Filename: ./Runtime/Export/Debug/Debug.bindings.h Line: 35)

02/21/2021 16:01:16: Saved 411260 zdos
 
(Filename: ./Runtime/Export/Debug/Debug.bindings.h Line: 35)

02/21/2021 16:01:16: World saved ( 1939.154ms )
 
(Filename: ./Runtime/Export/Debug/Debug.bindings.h Line: 35)

02/21/2021 16:11:11:  Connections 0 ZDOS:411260  sent:0 recv:0
 
(Filename: ./Runtime/Export/Debug/Debug.bindings.h Line: 35)

Unloading 0 Unused Serialized files (Serialized files now loaded: 0)

Unloading 0 unused Assets to reduce memory usage. Loaded Objects now: 1116725.
Total: 914.416491 ms (FindLiveObjects: 106.505746 ms CreateObjectMapping: 37.320665 ms MarkObjects: 769.702783 ms  DeleteObjects: 0.881539 ms)

02/21/2021 16:21:12:  Connections 0 ZDOS:411260  sent:0 recv:0
 
(Filename: ./Runtime/Export/Debug/Debug.bindings.h Line: 35)

Unloading 0 Unused Serialized files (Serialized files now loaded: 0)

Unloading 0 unused Assets to reduce memory usage. Loaded Objects now: 1116725.
Total: 956.705643 ms (FindLiveObjects: 102.572965 ms CreateObjectMapping: 32.241940 ms MarkObjects: 820.380816 ms  DeleteObjects: 1.504172 ms)

02/21/2021 16:21:16: clone 1114
 
(Filename: ./Runtime/Export/Debug/Debug.bindings.h Line: 35)

02/21/2021 16:21:19: Saved 411260 zdos
 
(Filename: ./Runtime/Export/Debug/Debug.bindings.h Line: 35)

02/21/2021 16:21:19: World saved ( 2485.168ms )
 
(Filename: ./Runtime/Export/Debug/Debug.bindings.h Line: 35)

02/21/2021 16:31:13:  Connections 0 ZDOS:411260  sent:0 recv:0
 
(Filename: ./Runtime/Export/Debug/Debug.bindings.h Line: 35)

Unloading 0 Unused Serialized files (Serialized files now loaded: 0)

Unloading 0 unused Assets to reduce memory usage. Loaded Objects now: 1116725.
Total: 983.061909 ms (FindLiveObjects: 113.479385 ms CreateObjectMapping: 33.500121 ms MarkObjects: 835.012391 ms  DeleteObjects: 1.060986 ms)

02/21/2021 16:41:14:  Connections 0 ZDOS:411260  sent:0 recv:0
 
(Filename: ./Runtime/Export/Debug/Debug.bindings.h Line: 35)

Unloading 0 Unused Serialized files (Serialized files now loaded: 0)

Unloading 0 unused Assets to reduce memory usage. Loaded Objects now: 1116725.
Total: 983.845108 ms (FindLiveObjects: 139.609303 ms CreateObjectMapping: 39.636200 ms MarkObjects: 803.642174 ms  DeleteObjects: 0.951566 ms)

02/21/2021 16:41:19: clone 1411
 
(Filename: ./Runtime/Export/Debug/Debug.bindings.h Line: 35)

02/21/2021 16:41:21: Saved 411260 zdos
 
(Filename: ./Runtime/Export/Debug/Debug.bindings.h Line: 35)

02/21/2021 16:41:21: World saved ( 1893.169ms )
 
(Filename: ./Runtime/Export/Debug/Debug.bindings.h Line: 35)

02/21/2021 16:51:16:  Connections 0 ZDOS:411260  sent:0 recv:0
 
(Filename: ./Runtime/Export/Debug/Debug.bindings.h Line: 35)

Unloading 0 Unused Serialized files (Serialized files now loaded: 0)

Unloading 0 unused Assets to reduce memory usage. Loaded Objects now: 1116725.
Total: 921.379268 ms (FindLiveObjects: 96.360020 ms CreateObjectMapping: 31.001008 ms MarkObjects: 793.014506 ms  DeleteObjects: 0.998208 ms)

^C02/21/2021 17:00:05: Game - OnApplicationQuit
 
(Filename: ./Runtime/Export/Debug/Debug.bindings.h Line: 35)

02/21/2021 17:00:05: ZNet Shutdown
 
(Filename: ./Runtime/Export/Debug/Debug.bindings.h Line: 35)

02/21/2021 17:00:06: clone 1319
 
(Filename: ./Runtime/Export/Debug/Debug.bindings.h Line: 35)

02/21/2021 17:00:08: Saved 411260 zdos
 
(Filename: ./Runtime/Export/Debug/Debug.bindings.h Line: 35)

02/21/2021 17:00:08: World saved ( 1865.138ms )
 
(Filename: ./Runtime/Export/Debug/Debug.bindings.h Line: 35)

02/21/2021 17:00:08: Sending disconnect msg
 
(Filename: ./Runtime/Export/Debug/Debug.bindings.h Line: 35)

02/21/2021 17:00:08: Disposing socket
 
(Filename: ./Runtime/Export/Debug/Debug.bindings.h Line: 35)

02/21/2021 17:00:08: Closing socket 0
 
(Filename: ./Runtime/Export/Debug/Debug.bindings.h Line: 35)

02/21/2021 17:00:08: Last socket, unregistering callback
 
(Filename: ./Runtime/Export/Debug/Debug.bindings.h Line: 35)

02/21/2021 17:00:08: ZSteamSocket  UnregisterGlobalCallbacks, existing sockets:0
 
(Filename: ./Runtime/Export/Debug/Debug.bindings.h Line: 35)

Setting up 1 worker threads for Enlighten.
  Thread -> id: 7efb817fe700 -> priority: 1 
02/21/2021 17:00:10: ZNet OnDestroy
 
(Filename: ./Runtime/Export/Debug/Debug.bindings.h Line: 35)

02/21/2021 17:00:10: Net scene destroyed
 
(Filename: ./Runtime/Export/Debug/Debug.bindings.h Line: 35)

02/21/2021 17:00:12: Steam manager on destroy
 
(Filename: ./Runtime/Export/Debug/Debug.bindings.h Line: 35)

