
Initialize engine version: 2019.4.20f1 (6dd1c08eedfa)
[Subsystems] Discovering subsystems at path /home/vhserver/serverfiles/valheim_server_Data/UnitySubsystems
Forcing GfxDevice: Null
GfxDevice: creating device client; threaded=0
NullGfxDevice:
    Version:  NULL 1.0 [1.0]
    Renderer: Null Device
    Vendor:   Unity Technologies
Begin MonoManager ReloadAssembly
- Completed reload, in  0.125 seconds
UnloadTime: 1.255303 ms
02/18/2021 09:00:13: Starting to load scene:start
 
(Filename: ./Runtime/Export/Debug/Debug.bindings.h Line: 35)

Couldn't create a Convex Mesh from source mesh "RearBig" within the maximum polygons limit (256). The partial hull will be used. Consider simplifying your mesh. 
(Filename:  Line: 91)

HDR Render Texture not supported, disabling HDR on reflection probe. 
(Filename:  Line: 277)

HDR Render Texture not supported, disabling HDR on reflection probe. 
(Filename:  Line: 277)

Unloading 6 Unused Serialized files (Serialized files now loaded: 0)
UnloadTime: 5.896565 ms
Only custom filters can be played. Please add a custom filter or an audioclip to the audiosource (Amb_MainMenu). 
(Filename:  Line: 509)

HDR Render Texture not supported, disabling HDR on reflection probe. 
(Filename:  Line: 277)

02/18/2021 09:15:01: Initializing world generator seed: ( 0 )   menu:True  worldgen version:1
 
(Filename: ./Runtime/Export/Debug/Debug.bindings.h Line: 35)

02/18/2021 09:15:01: Using mountain distance: 1000
 
(Filename: ./Runtime/Export/Debug/Debug.bindings.h Line: 35)

02/18/2021 09:15:01: Render threading mode:SingleThreaded
 
(Filename: ./Runtime/Export/Debug/Debug.bindings.h Line: 35)

02/18/2021 09:15:01: Get create world abc123
 
(Filename: ./Runtime/Export/Debug/Debug.bindings.h Line: 35)

02/18/2021 09:15:01: Using steam_appid.txt
 
(Filename: ./Runtime/Export/Debug/Debug.bindings.h Line: 35)

02/18/2021 09:15:01: Using steam APPID:892970
 
(Filename: ./Runtime/Export/Debug/Debug.bindings.h Line: 35)

CAppInfoCacheReadFromDiskThread took 1 milliseconds to initialize
CApplicationManagerPopulateThread took 0 milliseconds to initialize (will have waited on CAppInfoCacheReadFromDiskThread)
RecordSteamInterfaceCreation (PID 11340): SteamGameServer012 / GameServer
RecordSteamInterfaceCreation (PID 11340): SteamUtils009 / Utils
Setting breakpad minidump AppID = 892970
RecordSteamInterfaceCreation (PID 11340): SteamGameServer012 / GameServer
RecordSteamInterfaceCreation (PID 11340): SteamUtils009 / Utils
RecordSteamInterfaceCreation (PID 11340): SteamNetworking005 / Networking
RecordSteamInterfaceCreation (PID 11340): SteamGameServerStats001 / GameServerStats
RecordSteamInterfaceCreation (PID 11340): STEAMHTTP_INTERFACE_VERSION002 / HTTP
RecordSteamInterfaceCreation (PID 11340): STEAMINVENTORY_INTERFACE_V002 / Inventory
RecordSteamInterfaceCreation (PID 11340): STEAMUGC_INTERFACE_VERSION010 / UGC
RecordSteamInterfaceCreation (PID 11340): STEAMAPPS_INTERFACE_VERSION008 / Apps
02/18/2021 09:15:01: Server ID 90071992547409920
 
(Filename: ./Runtime/Export/Debug/Debug.bindings.h Line: 35)

02/18/2021 09:15:01: Steam game server initialized
 
(Filename: ./Runtime/Export/Debug/Debug.bindings.h Line: 35)

02/18/2021 09:15:02: Missing audio clip in music respawn
 
(Filename: ./Runtime/Export/Debug/Debug.bindings.h Line: 35)

02/18/2021 09:15:02: Builder started
 
(Filename: ./Runtime/Export/Debug/Debug.bindings.h Line: 35)

02/18/2021 09:15:03: Loaded localization English
 
(Filename: ./Runtime/Export/Debug/Debug.bindings.h Line: 35)

02/18/2021 09:15:03: Game server connected
 
(Filename: ./Runtime/Export/Debug/Debug.bindings.h Line: 35)


Unloading 16 unused Assets to reduce memory usage. Loaded Objects now: 85935.
Total: 79.283008 ms (FindLiveObjects: 4.570442 ms CreateObjectMapping: 13.399054 ms MarkObjects: 60.962766 ms  DeleteObjects: 0.346105 ms)

Unloading 6 Unused Serialized files (Serialized files now loaded: 0)
UnloadTime: 21.576151 ms
HDR Render Texture not supported, disabling HDR on reflection probe. 
(Filename:  Line: 277)

HDR Render Texture not supported, disabling HDR on reflection probe. 
(Filename:  Line: 277)

02/18/2021 09:15:04: Zonesystem Awake 18190088
 
(Filename: ./Runtime/Export/Debug/Debug.bindings.h Line: 35)

02/18/2021 09:15:04: DungeonDB Awake 18190088
 
(Filename: ./Runtime/Export/Debug/Debug.bindings.h Line: 35)

02/18/2021 09:15:04: ZSteamSocket  Registering global callbacks
 
(Filename: ./Runtime/Export/Debug/Debug.bindings.h Line: 35)

02/18/2021 09:15:04: Registering lobby
 
(Filename: ./Runtime/Export/Debug/Debug.bindings.h Line: 35)

02/18/2021 09:15:04: Initializing world generator seed:nepTbzQlS5 ( -1441259986 )   menu:False  worldgen version:1
 
(Filename: ./Runtime/Export/Debug/Debug.bindings.h Line: 35)

02/18/2021 09:15:04: Using mountain distance: 1000
 
(Filename: ./Runtime/Export/Debug/Debug.bindings.h Line: 35)

02/18/2021 09:15:04: Found 596 mountain points
 
(Filename: ./Runtime/Export/Debug/Debug.bindings.h Line: 35)

02/18/2021 09:15:04: Remaining mountains:81
 
(Filename: ./Runtime/Export/Debug/Debug.bindings.h Line: 35)

02/18/2021 09:15:04: Calc time 37.476 ms
 
(Filename: ./Runtime/Export/Debug/Debug.bindings.h Line: 35)

02/18/2021 09:15:04: Found 8216 lake points
 
(Filename: ./Runtime/Export/Debug/Debug.bindings.h Line: 35)

02/18/2021 09:15:07: Remaining lakes:115
 
(Filename: ./Runtime/Export/Debug/Debug.bindings.h Line: 35)

02/18/2021 09:15:07: Calc time 2798.321 ms
 
(Filename: ./Runtime/Export/Debug/Debug.bindings.h Line: 35)

02/18/2021 09:15:07: Rivers:157
 
(Filename: ./Runtime/Export/Debug/Debug.bindings.h Line: 35)

02/18/2021 09:15:07: River buckets 15631
 
(Filename: ./Runtime/Export/Debug/Debug.bindings.h Line: 35)

02/18/2021 09:15:07: River render time 434.585 ms
 
(Filename: ./Runtime/Export/Debug/Debug.bindings.h Line: 35)

02/18/2021 09:15:07: River Calc time 457.13 ms
 
(Filename: ./Runtime/Export/Debug/Debug.bindings.h Line: 35)

02/18/2021 09:15:09: River buckets 24190
 
(Filename: ./Runtime/Export/Debug/Debug.bindings.h Line: 35)

02/18/2021 09:15:09: River render time 624.925 ms
 
(Filename: ./Runtime/Export/Debug/Debug.bindings.h Line: 35)

02/18/2021 09:15:09: Placed 1878 streams
 
(Filename: ./Runtime/Export/Debug/Debug.bindings.h Line: 35)

02/18/2021 09:15:09: Stream Calc time 1526.107 ms
 
(Filename: ./Runtime/Export/Debug/Debug.bindings.h Line: 35)

02/18/2021 09:15:09: Load world abc123
 
(Filename: ./Runtime/Export/Debug/Debug.bindings.h Line: 35)

02/18/2021 09:15:09: Loading 264074 zdos , my id -282342054 data version:26
 
(Filename: ./Runtime/Export/Debug/Debug.bindings.h Line: 35)

02/18/2021 09:15:10: Loaded 100000 dead zdos
 
(Filename: ./Runtime/Export/Debug/Debug.bindings.h Line: 35)

02/18/2021 09:15:10: Removed 0 OLD generated ZDOS
 
(Filename: ./Runtime/Export/Debug/Debug.bindings.h Line: 35)

02/18/2021 09:15:11: Loaded 7132 locations
 
(Filename: ./Runtime/Export/Debug/Debug.bindings.h Line: 35)

02/18/2021 09:15:11: Audioman already exist, destroying self
 
(Filename: ./Runtime/Export/Debug/Debug.bindings.h Line: 35)


Unloading 490 unused Assets to reduce memory usage. Loaded Objects now: 86248.
Total: 418.101214 ms (FindLiveObjects: 9.076416 ms CreateObjectMapping: 14.433318 ms MarkObjects: 389.637906 ms  DeleteObjects: 4.947676 ms)

02/18/2021 09:15:16: Zonesystem Start 18190088
 
(Filename: ./Runtime/Export/Debug/Debug.bindings.h Line: 35)

02/18/2021 09:15:17: DungeonDB Start 18190088
 
(Filename: ./Runtime/Export/Debug/Debug.bindings.h Line: 35)

Warning: failed to init SDL thread priority manager: SDL not found
02/18/2021 09:25:17:  Connections 0 ZDOS:264074  sent:0 recv:0
 
(Filename: ./Runtime/Export/Debug/Debug.bindings.h Line: 35)

Unloading 6 Unused Serialized files (Serialized files now loaded: 0)

Unloading 6 unused Assets to reduce memory usage. Loaded Objects now: 1116725.
Total: 724.951985 ms (FindLiveObjects: 100.901138 ms CreateObjectMapping: 32.701398 ms MarkObjects: 590.274172 ms  DeleteObjects: 1.070081 ms)

02/18/2021 09:35:18:  Connections 0 ZDOS:264074  sent:0 recv:0
 
(Filename: ./Runtime/Export/Debug/Debug.bindings.h Line: 35)

Unloading 0 Unused Serialized files (Serialized files now loaded: 0)

Unloading 0 unused Assets to reduce memory usage. Loaded Objects now: 1116725.
Total: 721.051637 ms (FindLiveObjects: 100.419349 ms CreateObjectMapping: 37.955078 ms MarkObjects: 581.768467 ms  DeleteObjects: 0.902893 ms)

02/18/2021 09:35:19: clone 636
 
(Filename: ./Runtime/Export/Debug/Debug.bindings.h Line: 35)

02/18/2021 09:35:20: Saved 264074 zdos
 
(Filename: ./Runtime/Export/Debug/Debug.bindings.h Line: 35)

02/18/2021 09:35:20: World saved ( 1432.019ms )
 
(Filename: ./Runtime/Export/Debug/Debug.bindings.h Line: 35)

02/18/2021 09:45:18:  Connections 0 ZDOS:264074  sent:0 recv:0
 
(Filename: ./Runtime/Export/Debug/Debug.bindings.h Line: 35)

Unloading 0 Unused Serialized files (Serialized files now loaded: 0)

Unloading 0 unused Assets to reduce memory usage. Loaded Objects now: 1116725.
Total: 729.880732 ms (FindLiveObjects: 107.839582 ms CreateObjectMapping: 31.849434 ms MarkObjects: 589.120555 ms  DeleteObjects: 1.065389 ms)

02/18/2021 09:55:19:  Connections 0 ZDOS:264074  sent:0 recv:0
 
(Filename: ./Runtime/Export/Debug/Debug.bindings.h Line: 35)

Unloading 0 Unused Serialized files (Serialized files now loaded: 0)

Unloading 0 unused Assets to reduce memory usage. Loaded Objects now: 1116725.
Total: 775.800614 ms (FindLiveObjects: 140.567479 ms CreateObjectMapping: 35.210188 ms MarkObjects: 598.045666 ms  DeleteObjects: 1.971983 ms)

02/18/2021 09:55:20: clone 669
 
(Filename: ./Runtime/Export/Debug/Debug.bindings.h Line: 35)

02/18/2021 09:55:22: Saved 264074 zdos
 
(Filename: ./Runtime/Export/Debug/Debug.bindings.h Line: 35)

02/18/2021 09:55:22: World saved ( 1387.874ms )
 
(Filename: ./Runtime/Export/Debug/Debug.bindings.h Line: 35)

02/18/2021 10:05:19:  Connections 0 ZDOS:264074  sent:0 recv:0
 
(Filename: ./Runtime/Export/Debug/Debug.bindings.h Line: 35)

Unloading 0 Unused Serialized files (Serialized files now loaded: 0)

Unloading 0 unused Assets to reduce memory usage. Loaded Objects now: 1116725.
Total: 728.949557 ms (FindLiveObjects: 105.471260 ms CreateObjectMapping: 33.078024 ms MarkObjects: 589.345637 ms  DeleteObjects: 1.047868 ms)

02/18/2021 10:15:20:  Connections 0 ZDOS:264074  sent:0 recv:0
 
(Filename: ./Runtime/Export/Debug/Debug.bindings.h Line: 35)

Unloading 0 Unused Serialized files (Serialized files now loaded: 0)

Unloading 0 unused Assets to reduce memory usage. Loaded Objects now: 1116725.
Total: 683.053472 ms (FindLiveObjects: 94.370535 ms CreateObjectMapping: 30.520001 ms MarkObjects: 557.216571 ms  DeleteObjects: 0.941356 ms)

02/18/2021 10:15:22: clone 724
 
(Filename: ./Runtime/Export/Debug/Debug.bindings.h Line: 35)

02/18/2021 10:15:23: Saved 264074 zdos
 
(Filename: ./Runtime/Export/Debug/Debug.bindings.h Line: 35)

02/18/2021 10:15:23: World saved ( 1363.264ms )
 
(Filename: ./Runtime/Export/Debug/Debug.bindings.h Line: 35)

02/18/2021 10:25:21:  Connections 0 ZDOS:264074  sent:0 recv:0
 
(Filename: ./Runtime/Export/Debug/Debug.bindings.h Line: 35)

Unloading 0 Unused Serialized files (Serialized files now loaded: 0)

Unloading 0 unused Assets to reduce memory usage. Loaded Objects now: 1116725.
Total: 799.272618 ms (FindLiveObjects: 138.734996 ms CreateObjectMapping: 38.947659 ms MarkObjects: 620.520743 ms  DeleteObjects: 1.063389 ms)

02/18/2021 10:35:21:  Connections 0 ZDOS:264074  sent:0 recv:0
 
(Filename: ./Runtime/Export/Debug/Debug.bindings.h Line: 35)

Unloading 0 Unused Serialized files (Serialized files now loaded: 0)

Unloading 0 unused Assets to reduce memory usage. Loaded Objects now: 1116725.
Total: 757.085676 ms (FindLiveObjects: 103.873970 ms CreateObjectMapping: 31.822475 ms MarkObjects: 620.279943 ms  DeleteObjects: 1.103568 ms)

02/18/2021 10:35:23: clone 727
 
(Filename: ./Runtime/Export/Debug/Debug.bindings.h Line: 35)

02/18/2021 10:35:25: Saved 264074 zdos
 
(Filename: ./Runtime/Export/Debug/Debug.bindings.h Line: 35)

02/18/2021 10:35:25: World saved ( 1316.092ms )
 
(Filename: ./Runtime/Export/Debug/Debug.bindings.h Line: 35)

02/18/2021 10:45:22:  Connections 0 ZDOS:264074  sent:0 recv:0
 
(Filename: ./Runtime/Export/Debug/Debug.bindings.h Line: 35)

Unloading 0 Unused Serialized files (Serialized files now loaded: 0)

Unloading 0 unused Assets to reduce memory usage. Loaded Objects now: 1116725.
Total: 774.298918 ms (FindLiveObjects: 105.055163 ms CreateObjectMapping: 34.526179 ms MarkObjects: 633.019213 ms  DeleteObjects: 1.693117 ms)

02/18/2021 10:54:03: Possible events:0
 
(Filename: ./Runtime/Export/Debug/Debug.bindings.h Line: 35)

02/18/2021 10:55:22:  Connections 0 ZDOS:264074  sent:0 recv:0
 
(Filename: ./Runtime/Export/Debug/Debug.bindings.h Line: 35)

Unloading 0 Unused Serialized files (Serialized files now loaded: 0)

Unloading 0 unused Assets to reduce memory usage. Loaded Objects now: 1116725.
Total: 746.152719 ms (FindLiveObjects: 103.740595 ms CreateObjectMapping: 33.108557 ms MarkObjects: 607.413042 ms  DeleteObjects: 1.883562 ms)

02/18/2021 10:55:25: clone 798
 
(Filename: ./Runtime/Export/Debug/Debug.bindings.h Line: 35)

02/18/2021 10:55:26: Saved 264074 zdos
 
(Filename: ./Runtime/Export/Debug/Debug.bindings.h Line: 35)

02/18/2021 10:55:26: World saved ( 1279.077ms )
 
(Filename: ./Runtime/Export/Debug/Debug.bindings.h Line: 35)

02/18/2021 11:05:23:  Connections 0 ZDOS:264074  sent:0 recv:0
 
(Filename: ./Runtime/Export/Debug/Debug.bindings.h Line: 35)

Unloading 0 Unused Serialized files (Serialized files now loaded: 0)

Unloading 0 unused Assets to reduce memory usage. Loaded Objects now: 1116725.
Total: 783.183230 ms (FindLiveObjects: 140.732575 ms CreateObjectMapping: 41.930643 ms MarkObjects: 598.757162 ms  DeleteObjects: 1.757680 ms)

02/18/2021 11:15:24:  Connections 0 ZDOS:264074  sent:0 recv:0
 
(Filename: ./Runtime/Export/Debug/Debug.bindings.h Line: 35)

Unloading 0 Unused Serialized files (Serialized files now loaded: 0)

Unloading 0 unused Assets to reduce memory usage. Loaded Objects now: 1116725.
Total: 789.268619 ms (FindLiveObjects: 128.162681 ms CreateObjectMapping: 35.591134 ms MarkObjects: 624.517846 ms  DeleteObjects: 0.990963 ms)

02/18/2021 11:15:26: clone 660
 
(Filename: ./Runtime/Export/Debug/Debug.bindings.h Line: 35)

02/18/2021 11:15:28: Saved 264074 zdos
 
(Filename: ./Runtime/Export/Debug/Debug.bindings.h Line: 35)

02/18/2021 11:15:28: World saved ( 1328.339ms )
 
(Filename: ./Runtime/Export/Debug/Debug.bindings.h Line: 35)

02/18/2021 11:25:24:  Connections 0 ZDOS:264074  sent:0 recv:0
 
(Filename: ./Runtime/Export/Debug/Debug.bindings.h Line: 35)

Unloading 0 Unused Serialized files (Serialized files now loaded: 0)

Unloading 0 unused Assets to reduce memory usage. Loaded Objects now: 1116725.
Total: 708.192692 ms (FindLiveObjects: 101.650631 ms CreateObjectMapping: 31.676655 ms MarkObjects: 573.874900 ms  DeleteObjects: 0.983638 ms)

02/18/2021 11:35:25:  Connections 0 ZDOS:264074  sent:0 recv:0
 
(Filename: ./Runtime/Export/Debug/Debug.bindings.h Line: 35)

Unloading 0 Unused Serialized files (Serialized files now loaded: 0)

Unloading 0 unused Assets to reduce memory usage. Loaded Objects now: 1116725.
Total: 700.347037 ms (FindLiveObjects: 98.280949 ms CreateObjectMapping: 31.952440 ms MarkObjects: 569.107127 ms  DeleteObjects: 1.001279 ms)

02/18/2021 11:35:28: clone 676
 
(Filename: ./Runtime/Export/Debug/Debug.bindings.h Line: 35)

02/18/2021 11:35:29: Saved 264074 zdos
 
(Filename: ./Runtime/Export/Debug/Debug.bindings.h Line: 35)

02/18/2021 11:35:29: World saved ( 1297.528ms )
 
(Filename: ./Runtime/Export/Debug/Debug.bindings.h Line: 35)

02/18/2021 11:45:26:  Connections 0 ZDOS:264074  sent:0 recv:0
 
(Filename: ./Runtime/Export/Debug/Debug.bindings.h Line: 35)

Unloading 0 Unused Serialized files (Serialized files now loaded: 0)

Unloading 0 unused Assets to reduce memory usage. Loaded Objects now: 1116725.
Total: 728.205373 ms (FindLiveObjects: 102.795792 ms CreateObjectMapping: 31.831026 ms MarkObjects: 592.638782 ms  DeleteObjects: 0.930260 ms)

02/18/2021 11:55:26:  Connections 0 ZDOS:264074  sent:0 recv:0
 
(Filename: ./Runtime/Export/Debug/Debug.bindings.h Line: 35)

Unloading 0 Unused Serialized files (Serialized files now loaded: 0)

Unloading 0 unused Assets to reduce memory usage. Loaded Objects now: 1116725.
Total: 740.245928 ms (FindLiveObjects: 104.097864 ms CreateObjectMapping: 33.442911 ms MarkObjects: 601.780954 ms  DeleteObjects: 0.919144 ms)

02/18/2021 11:55:29: clone 722
 
(Filename: ./Runtime/Export/Debug/Debug.bindings.h Line: 35)

02/18/2021 11:55:30: Saved 264074 zdos
 
(Filename: ./Runtime/Export/Debug/Debug.bindings.h Line: 35)

02/18/2021 11:55:30: World saved ( 1179.073ms )
 
(Filename: ./Runtime/Export/Debug/Debug.bindings.h Line: 35)

02/18/2021 12:05:27:  Connections 0 ZDOS:264074  sent:0 recv:0
 
(Filename: ./Runtime/Export/Debug/Debug.bindings.h Line: 35)

Unloading 0 Unused Serialized files (Serialized files now loaded: 0)

Unloading 0 unused Assets to reduce memory usage. Loaded Objects now: 1116725.
Total: 749.127983 ms (FindLiveObjects: 135.855613 ms CreateObjectMapping: 36.130682 ms MarkObjects: 576.116533 ms  DeleteObjects: 1.019699 ms)

02/18/2021 12:15:27:  Connections 0 ZDOS:264074  sent:0 recv:0
 
(Filename: ./Runtime/Export/Debug/Debug.bindings.h Line: 35)

Unloading 0 Unused Serialized files (Serialized files now loaded: 0)

Unloading 0 unused Assets to reduce memory usage. Loaded Objects now: 1116725.
Total: 817.829244 ms (FindLiveObjects: 140.342553 ms CreateObjectMapping: 52.550602 ms MarkObjects: 623.887215 ms  DeleteObjects: 1.043233 ms)

02/18/2021 12:15:31: clone 800
 
(Filename: ./Runtime/Export/Debug/Debug.bindings.h Line: 35)

02/18/2021 12:15:32: Saved 264074 zdos
 
(Filename: ./Runtime/Export/Debug/Debug.bindings.h Line: 35)

02/18/2021 12:15:32: World saved ( 1232.141ms )
 
(Filename: ./Runtime/Export/Debug/Debug.bindings.h Line: 35)

02/18/2021 12:25:28:  Connections 0 ZDOS:264074  sent:0 recv:0
 
(Filename: ./Runtime/Export/Debug/Debug.bindings.h Line: 35)

Unloading 0 Unused Serialized files (Serialized files now loaded: 0)

Unloading 0 unused Assets to reduce memory usage. Loaded Objects now: 1116725.
Total: 748.528928 ms (FindLiveObjects: 122.288108 ms CreateObjectMapping: 38.827547 ms MarkObjects: 586.443583 ms  DeleteObjects: 0.964148 ms)

02/18/2021 12:35:29:  Connections 0 ZDOS:264074  sent:0 recv:0
 
(Filename: ./Runtime/Export/Debug/Debug.bindings.h Line: 35)

Unloading 0 Unused Serialized files (Serialized files now loaded: 0)

Unloading 0 unused Assets to reduce memory usage. Loaded Objects now: 1116725.
Total: 723.440058 ms (FindLiveObjects: 96.890911 ms CreateObjectMapping: 32.929329 ms MarkObjects: 592.661888 ms  DeleteObjects: 0.951596 ms)

02/18/2021 12:35:32: clone 638
 
(Filename: ./Runtime/Export/Debug/Debug.bindings.h Line: 35)

02/18/2021 12:35:33: Saved 264074 zdos
 
(Filename: ./Runtime/Export/Debug/Debug.bindings.h Line: 35)

02/18/2021 12:35:33: World saved ( 1179.04ms )
 
(Filename: ./Runtime/Export/Debug/Debug.bindings.h Line: 35)

02/18/2021 12:45:29:  Connections 0 ZDOS:264074  sent:0 recv:0
 
(Filename: ./Runtime/Export/Debug/Debug.bindings.h Line: 35)

Unloading 0 Unused Serialized files (Serialized files now loaded: 0)

Unloading 0 unused Assets to reduce memory usage. Loaded Objects now: 1116725.
Total: 726.953605 ms (FindLiveObjects: 103.922098 ms CreateObjectMapping: 32.579761 ms MarkObjects: 589.587936 ms  DeleteObjects: 0.857710 ms)

02/18/2021 12:55:30:  Connections 0 ZDOS:264074  sent:0 recv:0
 
(Filename: ./Runtime/Export/Debug/Debug.bindings.h Line: 35)

Unloading 0 Unused Serialized files (Serialized files now loaded: 0)

Unloading 0 unused Assets to reduce memory usage. Loaded Objects now: 1116725.
Total: 775.376681 ms (FindLiveObjects: 108.861113 ms CreateObjectMapping: 34.181747 ms MarkObjects: 631.346128 ms  DeleteObjects: 0.982240 ms)

02/18/2021 12:55:33: clone 730
 
(Filename: ./Runtime/Export/Debug/Debug.bindings.h Line: 35)

02/18/2021 12:55:35: Saved 264074 zdos
 
(Filename: ./Runtime/Export/Debug/Debug.bindings.h Line: 35)

02/18/2021 12:55:35: World saved ( 1272.326ms )
 
(Filename: ./Runtime/Export/Debug/Debug.bindings.h Line: 35)

^C02/18/2021 13:00:04: Game - OnApplicationQuit
 
(Filename: ./Runtime/Export/Debug/Debug.bindings.h Line: 35)

02/18/2021 13:00:04: ZNet Shutdown
 
(Filename: ./Runtime/Export/Debug/Debug.bindings.h Line: 35)

02/18/2021 13:00:05: clone 1078
 
(Filename: ./Runtime/Export/Debug/Debug.bindings.h Line: 35)

02/18/2021 13:00:06: Saved 264074 zdos
 
(Filename: ./Runtime/Export/Debug/Debug.bindings.h Line: 35)

02/18/2021 13:00:06: World saved ( 1107.379ms )
 
(Filename: ./Runtime/Export/Debug/Debug.bindings.h Line: 35)

02/18/2021 13:00:07: Sending disconnect msg
 
(Filename: ./Runtime/Export/Debug/Debug.bindings.h Line: 35)

02/18/2021 13:00:07: Disposing socket
 
(Filename: ./Runtime/Export/Debug/Debug.bindings.h Line: 35)

02/18/2021 13:00:07: Closing socket 0
 
(Filename: ./Runtime/Export/Debug/Debug.bindings.h Line: 35)

02/18/2021 13:00:07: Last socket, unregistering callback
 
(Filename: ./Runtime/Export/Debug/Debug.bindings.h Line: 35)

02/18/2021 13:00:07: ZSteamSocket  UnregisterGlobalCallbacks, existing sockets:0
 
(Filename: ./Runtime/Export/Debug/Debug.bindings.h Line: 35)

Setting up 1 worker threads for Enlighten.
  Thread -> id: 7f9a5b63e700 -> priority: 1 
02/18/2021 13:00:09: Steam manager on destroy
 
(Filename: ./Runtime/Export/Debug/Debug.bindings.h Line: 35)

02/18/2021 13:00:09: ZNet OnDestroy
 
(Filename: ./Runtime/Export/Debug/Debug.bindings.h Line: 35)

02/18/2021 13:00:09: Net scene destroyed
 
(Filename: ./Runtime/Export/Debug/Debug.bindings.h Line: 35)

