Preloaded 'libsteam_api.so'
Initialize engine version: 2019.4.20f1 (6dd1c08eedfa)
[Subsystems] Discovering subsystems at path /home/vhserver/serverfiles/valheim_server_Data/UnitySubsystems
Forcing GfxDevice: Null
GfxDevice: creating device client; threaded=0
NullGfxDevice:
    Version:  NULL 1.0 [1.0]
    Renderer: Null Device
    Vendor:   Unity Technologies
Begin MonoManager ReloadAssembly
- Completed reload, in  0.095 seconds
UnloadTime: 1.796200 ms
02/17/2021 21:00:15: Starting to load scene:start
 
(Filename: ./Runtime/Export/Debug/Debug.bindings.h Line: 35)

Couldn't create a Convex Mesh from source mesh "RearBig" within the maximum polygons limit (256). The partial hull will be used. Consider simplifying your mesh. 
(Filename:  Line: 91)

HDR Render Texture not supported, disabling HDR on reflection probe. 
(Filename:  Line: 277)

HDR Render Texture not supported, disabling HDR on reflection probe. 
(Filename:  Line: 277)

Unloading 6 Unused Serialized files (Serialized files now loaded: 0)
UnloadTime: 5.649622 ms
Only custom filters can be played. Please add a custom filter or an audioclip to the audiosource (Amb_MainMenu). 
(Filename:  Line: 509)

HDR Render Texture not supported, disabling HDR on reflection probe. 
(Filename:  Line: 277)

02/17/2021 21:15:15: Initializing world generator seed: ( 0 )   menu:True  worldgen version:1
 
(Filename: ./Runtime/Export/Debug/Debug.bindings.h Line: 35)

02/17/2021 21:15:15: Using mountain distance: 1000
 
(Filename: ./Runtime/Export/Debug/Debug.bindings.h Line: 35)

02/17/2021 21:15:15: Render threading mode:SingleThreaded
 
(Filename: ./Runtime/Export/Debug/Debug.bindings.h Line: 35)

02/17/2021 21:15:15: Get create world abc123
 
(Filename: ./Runtime/Export/Debug/Debug.bindings.h Line: 35)

02/17/2021 21:15:15: Using steam_appid.txt
 
(Filename: ./Runtime/Export/Debug/Debug.bindings.h Line: 35)

02/17/2021 21:15:15: Using steam APPID:892970
 
(Filename: ./Runtime/Export/Debug/Debug.bindings.h Line: 35)

CAppInfoCacheReadFromDiskThread took 1 milliseconds to initialize
CApplicationManagerPopulateThread took 0 milliseconds to initialize (will have waited on CAppInfoCacheReadFromDiskThread)
RecordSteamInterfaceCreation (PID 2482): SteamGameServer012 / GameServer
RecordSteamInterfaceCreation (PID 2482): SteamUtils009 / Utils
Setting breakpad minidump AppID = 892970
RecordSteamInterfaceCreation (PID 2482): SteamGameServer012 / GameServer
RecordSteamInterfaceCreation (PID 2482): SteamUtils009 / Utils
RecordSteamInterfaceCreation (PID 2482): SteamNetworking005 / Networking
RecordSteamInterfaceCreation (PID 2482): SteamGameServerStats001 / GameServerStats
RecordSteamInterfaceCreation (PID 2482): STEAMHTTP_INTERFACE_VERSION002 / HTTP
RecordSteamInterfaceCreation (PID 2482): STEAMINVENTORY_INTERFACE_V002 / Inventory
RecordSteamInterfaceCreation (PID 2482): STEAMUGC_INTERFACE_VERSION010 / UGC
RecordSteamInterfaceCreation (PID 2482): STEAMAPPS_INTERFACE_VERSION008 / Apps
02/17/2021 21:15:15: Server ID 90071992547409920
 
(Filename: ./Runtime/Export/Debug/Debug.bindings.h Line: 35)

02/17/2021 21:15:15: Steam game server initialized
 
(Filename: ./Runtime/Export/Debug/Debug.bindings.h Line: 35)

02/17/2021 21:15:15: Missing audio clip in music respawn
 
(Filename: ./Runtime/Export/Debug/Debug.bindings.h Line: 35)

02/17/2021 21:15:15: Builder started
 
(Filename: ./Runtime/Export/Debug/Debug.bindings.h Line: 35)

02/17/2021 21:15:17: Loaded localization English
 
(Filename: ./Runtime/Export/Debug/Debug.bindings.h Line: 35)

02/17/2021 21:15:17: Game server connected
 
(Filename: ./Runtime/Export/Debug/Debug.bindings.h Line: 35)


Unloading 16 unused Assets to reduce memory usage. Loaded Objects now: 85935.
Total: 77.390993 ms (FindLiveObjects: 4.741554 ms CreateObjectMapping: 13.364460 ms MarkObjects: 58.911317 ms  DeleteObjects: 0.369266 ms)

Unloading 6 Unused Serialized files (Serialized files now loaded: 0)
UnloadTime: 20.853917 ms
HDR Render Texture not supported, disabling HDR on reflection probe. 
(Filename:  Line: 277)

HDR Render Texture not supported, disabling HDR on reflection probe. 
(Filename:  Line: 277)

02/17/2021 21:15:18: Zonesystem Awake 16170516
 
(Filename: ./Runtime/Export/Debug/Debug.bindings.h Line: 35)

02/17/2021 21:15:18: DungeonDB Awake 16170516
 
(Filename: ./Runtime/Export/Debug/Debug.bindings.h Line: 35)

02/17/2021 21:15:18: ZSteamSocket  Registering global callbacks
 
(Filename: ./Runtime/Export/Debug/Debug.bindings.h Line: 35)

02/17/2021 21:15:18: Registering lobby
 
(Filename: ./Runtime/Export/Debug/Debug.bindings.h Line: 35)

02/17/2021 21:15:18: Initializing world generator seed:nepTbzQlS5 ( -1441259986 )   menu:False  worldgen version:1
 
(Filename: ./Runtime/Export/Debug/Debug.bindings.h Line: 35)

02/17/2021 21:15:18: Using mountain distance: 1000
 
(Filename: ./Runtime/Export/Debug/Debug.bindings.h Line: 35)

02/17/2021 21:15:18: Found 596 mountain points
 
(Filename: ./Runtime/Export/Debug/Debug.bindings.h Line: 35)

02/17/2021 21:15:18: Remaining mountains:81
 
(Filename: ./Runtime/Export/Debug/Debug.bindings.h Line: 35)

02/17/2021 21:15:18: Calc time 33.869 ms
 
(Filename: ./Runtime/Export/Debug/Debug.bindings.h Line: 35)

02/17/2021 21:15:18: Found 8216 lake points
 
(Filename: ./Runtime/Export/Debug/Debug.bindings.h Line: 35)

02/17/2021 21:15:21: Remaining lakes:115
 
(Filename: ./Runtime/Export/Debug/Debug.bindings.h Line: 35)

02/17/2021 21:15:21: Calc time 2702.401 ms
 
(Filename: ./Runtime/Export/Debug/Debug.bindings.h Line: 35)

02/17/2021 21:15:21: Rivers:157
 
(Filename: ./Runtime/Export/Debug/Debug.bindings.h Line: 35)

02/17/2021 21:15:21: River buckets 15631
 
(Filename: ./Runtime/Export/Debug/Debug.bindings.h Line: 35)

02/17/2021 21:15:21: River render time 435.373 ms
 
(Filename: ./Runtime/Export/Debug/Debug.bindings.h Line: 35)

02/17/2021 21:15:21: River Calc time 453.901 ms
 
(Filename: ./Runtime/Export/Debug/Debug.bindings.h Line: 35)

02/17/2021 21:15:23: River buckets 24190
 
(Filename: ./Runtime/Export/Debug/Debug.bindings.h Line: 35)

02/17/2021 21:15:23: River render time 606.76 ms
 
(Filename: ./Runtime/Export/Debug/Debug.bindings.h Line: 35)

02/17/2021 21:15:23: Placed 1878 streams
 
(Filename: ./Runtime/Export/Debug/Debug.bindings.h Line: 35)

02/17/2021 21:15:23: Stream Calc time 1556.437 ms
 
(Filename: ./Runtime/Export/Debug/Debug.bindings.h Line: 35)

02/17/2021 21:15:23: Load world abc123
 
(Filename: ./Runtime/Export/Debug/Debug.bindings.h Line: 35)

02/17/2021 21:15:23: Loading 226806 zdos , my id -460816212 data version:26
 
(Filename: ./Runtime/Export/Debug/Debug.bindings.h Line: 35)

02/17/2021 21:15:24: Loaded 100000 dead zdos
 
(Filename: ./Runtime/Export/Debug/Debug.bindings.h Line: 35)

02/17/2021 21:15:24: Removed 0 OLD generated ZDOS
 
(Filename: ./Runtime/Export/Debug/Debug.bindings.h Line: 35)

02/17/2021 21:15:24: Loaded 7132 locations
 
(Filename: ./Runtime/Export/Debug/Debug.bindings.h Line: 35)

02/17/2021 21:15:24: Audioman already exist, destroying self
 
(Filename: ./Runtime/Export/Debug/Debug.bindings.h Line: 35)


Unloading 490 unused Assets to reduce memory usage. Loaded Objects now: 86248.
Total: 386.102806 ms (FindLiveObjects: 8.495093 ms CreateObjectMapping: 15.532820 ms MarkObjects: 355.909754 ms  DeleteObjects: 6.159491 ms)

02/17/2021 21:15:30: Zonesystem Start 16170516
 
(Filename: ./Runtime/Export/Debug/Debug.bindings.h Line: 35)

02/17/2021 21:15:30: DungeonDB Start 16170516
 
(Filename: ./Runtime/Export/Debug/Debug.bindings.h Line: 35)

Warning: failed to init SDL thread priority manager: SDL not found
02/17/2021 21:25:31:  Connections 0 ZDOS:226806  sent:0 recv:0
 
(Filename: ./Runtime/Export/Debug/Debug.bindings.h Line: 35)

Unloading 6 Unused Serialized files (Serialized files now loaded: 0)

Unloading 6 unused Assets to reduce memory usage. Loaded Objects now: 1116725.
Total: 951.485234 ms (FindLiveObjects: 133.029333 ms CreateObjectMapping: 36.961013 ms MarkObjects: 780.307382 ms  DeleteObjects: 1.181725 ms)

02/17/2021 21:35:31:  Connections 0 ZDOS:226806  sent:0 recv:0
 
(Filename: ./Runtime/Export/Debug/Debug.bindings.h Line: 35)

Unloading 0 Unused Serialized files (Serialized files now loaded: 0)

Unloading 0 unused Assets to reduce memory usage. Loaded Objects now: 1116725.
Total: 715.845350 ms (FindLiveObjects: 99.848996 ms CreateObjectMapping: 31.937004 ms MarkObjects: 583.035673 ms  DeleteObjects: 1.018479 ms)

02/17/2021 21:35:33: clone 674
 
(Filename: ./Runtime/Export/Debug/Debug.bindings.h Line: 35)

02/17/2021 21:35:34: Saved 226806 zdos
 
(Filename: ./Runtime/Export/Debug/Debug.bindings.h Line: 35)

02/17/2021 21:35:34: World saved ( 1176.004ms )
 
(Filename: ./Runtime/Export/Debug/Debug.bindings.h Line: 35)

02/17/2021 21:42:54: Got session request from 76561197970849426
 
(Filename: ./Runtime/Export/Debug/Debug.bindings.h Line: 35)

02/17/2021 21:42:55: Got handshake from client 76561197970849426
 
(Filename: ./Runtime/Export/Debug/Debug.bindings.h Line: 35)

02/17/2021 21:43:01: VERSION check their:0.145.6  mine:0.145.6
 
(Filename: ./Runtime/Export/Debug/Debug.bindings.h Line: 35)

02/17/2021 21:43:01: Peer 76561197970849426 has wrong password
 
(Filename: ./Runtime/Export/Debug/Debug.bindings.h Line: 35)

02/17/2021 21:43:02: RPC_Disconnect 
 
(Filename: ./Runtime/Export/Debug/Debug.bindings.h Line: 35)

02/17/2021 21:43:02: Disposing socket
 
(Filename: ./Runtime/Export/Debug/Debug.bindings.h Line: 35)

02/17/2021 21:43:02: Closing socket 76561197970849426
 
(Filename: ./Runtime/Export/Debug/Debug.bindings.h Line: 35)

02/17/2021 21:43:02:   send queue size:0
 
(Filename: ./Runtime/Export/Debug/Debug.bindings.h Line: 35)

02/17/2021 21:43:02:   P2P state, bytes in send queue:0
 
(Filename: ./Runtime/Export/Debug/Debug.bindings.h Line: 35)

02/17/2021 21:43:02: Disposing socket
 
(Filename: ./Runtime/Export/Debug/Debug.bindings.h Line: 35)

02/17/2021 21:43:02: Closing socket 0
 
(Filename: ./Runtime/Export/Debug/Debug.bindings.h Line: 35)

02/17/2021 21:45:32:  Connections 0 ZDOS:226806  sent:0 recv:0
 
(Filename: ./Runtime/Export/Debug/Debug.bindings.h Line: 35)

Unloading 0 Unused Serialized files (Serialized files now loaded: 0)

Unloading 0 unused Assets to reduce memory usage. Loaded Objects now: 1116725.
Total: 696.634321 ms (FindLiveObjects: 96.186584 ms CreateObjectMapping: 31.167823 ms MarkObjects: 568.334508 ms  DeleteObjects: 0.939732 ms)

02/17/2021 21:52:22: Possible events:0
 
(Filename: ./Runtime/Export/Debug/Debug.bindings.h Line: 35)

02/17/2021 21:55:33:  Connections 0 ZDOS:226806  sent:0 recv:0
 
(Filename: ./Runtime/Export/Debug/Debug.bindings.h Line: 35)

Unloading 0 Unused Serialized files (Serialized files now loaded: 0)

Unloading 0 unused Assets to reduce memory usage. Loaded Objects now: 1116725.
Total: 713.466448 ms (FindLiveObjects: 135.745374 ms CreateObjectMapping: 29.893170 ms MarkObjects: 546.821058 ms  DeleteObjects: 1.001503 ms)

02/17/2021 21:55:34: clone 530
 
(Filename: ./Runtime/Export/Debug/Debug.bindings.h Line: 35)

02/17/2021 21:55:35: Saved 226806 zdos
 
(Filename: ./Runtime/Export/Debug/Debug.bindings.h Line: 35)

02/17/2021 21:55:35: World saved ( 1078.633ms )
 
(Filename: ./Runtime/Export/Debug/Debug.bindings.h Line: 35)

02/17/2021 22:05:33:  Connections 0 ZDOS:226806  sent:0 recv:0
 
(Filename: ./Runtime/Export/Debug/Debug.bindings.h Line: 35)

Unloading 0 Unused Serialized files (Serialized files now loaded: 0)

Unloading 0 unused Assets to reduce memory usage. Loaded Objects now: 1116725.
Total: 681.825541 ms (FindLiveObjects: 96.354857 ms CreateObjectMapping: 29.896541 ms MarkObjects: 554.604633 ms  DeleteObjects: 0.963500 ms)

02/17/2021 22:15:33:  Connections 0 ZDOS:226806  sent:0 recv:0
 
(Filename: ./Runtime/Export/Debug/Debug.bindings.h Line: 35)

Unloading 0 Unused Serialized files (Serialized files now loaded: 0)

Unloading 0 unused Assets to reduce memory usage. Loaded Objects now: 1116725.
Total: 716.738771 ms (FindLiveObjects: 104.494370 ms CreateObjectMapping: 31.029552 ms MarkObjects: 579.832709 ms  DeleteObjects: 1.376670 ms)

02/17/2021 22:15:35: clone 631
 
(Filename: ./Runtime/Export/Debug/Debug.bindings.h Line: 35)

02/17/2021 22:15:36: Saved 226806 zdos
 
(Filename: ./Runtime/Export/Debug/Debug.bindings.h Line: 35)

02/17/2021 22:15:36: World saved ( 1129.41ms )
 
(Filename: ./Runtime/Export/Debug/Debug.bindings.h Line: 35)

02/17/2021 22:24:28: Got session request from 76561198251994680
 
(Filename: ./Runtime/Export/Debug/Debug.bindings.h Line: 35)

02/17/2021 22:24:32: Got handshake from client 76561198251994680
 
(Filename: ./Runtime/Export/Debug/Debug.bindings.h Line: 35)

02/17/2021 22:24:34: VERSION check their:0.145.6  mine:0.145.6
 
(Filename: ./Runtime/Export/Debug/Debug.bindings.h Line: 35)

02/17/2021 22:24:34: Server: New peer connected,sending global keys
 
(Filename: ./Runtime/Export/Debug/Debug.bindings.h Line: 35)

02/17/2021 22:24:54: Got character ZDOID from Rysiu : -1381424394:1
 
(Filename: ./Runtime/Export/Debug/Debug.bindings.h Line: 35)

02/17/2021 22:25:34:  Connections 1 ZDOS:226816  sent:0 recv:255
 
(Filename: ./Runtime/Export/Debug/Debug.bindings.h Line: 35)

Unloading 0 Unused Serialized files (Serialized files now loaded: 0)

Unloading 0 unused Assets to reduce memory usage. Loaded Objects now: 1116725.
Total: 728.694256 ms (FindLiveObjects: 102.232173 ms CreateObjectMapping: 32.219873 ms MarkObjects: 593.236161 ms  DeleteObjects: 1.000217 ms)

02/17/2021 22:26:46: Got connection failed callback: 76561198251994680
 
(Filename: ./Runtime/Export/Debug/Debug.bindings.h Line: 35)

02/17/2021 22:26:46: Closing socket 76561198251994680
 
(Filename: ./Runtime/Export/Debug/Debug.bindings.h Line: 35)

02/17/2021 22:26:46:   send queue size:0
 
(Filename: ./Runtime/Export/Debug/Debug.bindings.h Line: 35)

02/17/2021 22:26:46:   P2P state, bytes in send queue:0
 
(Filename: ./Runtime/Export/Debug/Debug.bindings.h Line: 35)

02/17/2021 22:26:46: Destroying abandoned non persistent zdo -1381424394:1 owner -1381424394
 
(Filename: ./Runtime/Export/Debug/Debug.bindings.h Line: 35)

02/17/2021 22:26:46: Destroying abandoned non persistent zdo -1381424394:52 owner -1381424394
 
(Filename: ./Runtime/Export/Debug/Debug.bindings.h Line: 35)

02/17/2021 22:26:46: Destroying abandoned non persistent zdo -1381424394:22 owner -1381424394
 
(Filename: ./Runtime/Export/Debug/Debug.bindings.h Line: 35)

02/17/2021 22:26:46: Destroying abandoned non persistent zdo -1381424394:47 owner -1381424394
 
(Filename: ./Runtime/Export/Debug/Debug.bindings.h Line: 35)

02/17/2021 22:26:46: Destroying abandoned non persistent zdo -1381424394:160 owner -1381424394
 
(Filename: ./Runtime/Export/Debug/Debug.bindings.h Line: 35)

02/17/2021 22:26:46: Destroying abandoned non persistent zdo -1381424394:180 owner -1381424394
 
(Filename: ./Runtime/Export/Debug/Debug.bindings.h Line: 35)

02/17/2021 22:26:46: Destroying abandoned non persistent zdo -1381424394:179 owner -1381424394
 
(Filename: ./Runtime/Export/Debug/Debug.bindings.h Line: 35)

02/17/2021 22:26:46: Disposing socket
 
(Filename: ./Runtime/Export/Debug/Debug.bindings.h Line: 35)

02/17/2021 22:26:46: Closing socket 0
 
(Filename: ./Runtime/Export/Debug/Debug.bindings.h Line: 35)

02/17/2021 22:26:46: Disposing socket
 
(Filename: ./Runtime/Export/Debug/Debug.bindings.h Line: 35)

02/17/2021 22:26:46: Closing socket 0
 
(Filename: ./Runtime/Export/Debug/Debug.bindings.h Line: 35)

02/17/2021 22:35:35:  Connections 0 ZDOS:226806  sent:0 recv:0
 
(Filename: ./Runtime/Export/Debug/Debug.bindings.h Line: 35)

Unloading 0 Unused Serialized files (Serialized files now loaded: 0)

Unloading 0 unused Assets to reduce memory usage. Loaded Objects now: 1116725.
Total: 723.738644 ms (FindLiveObjects: 104.394419 ms CreateObjectMapping: 33.653067 ms MarkObjects: 584.700222 ms  DeleteObjects: 0.985278 ms)

02/17/2021 22:35:37: clone 654
 
(Filename: ./Runtime/Export/Debug/Debug.bindings.h Line: 35)

02/17/2021 22:35:38: Saved 226806 zdos
 
(Filename: ./Runtime/Export/Debug/Debug.bindings.h Line: 35)

02/17/2021 22:35:38: World saved ( 1056.199ms )
 
(Filename: ./Runtime/Export/Debug/Debug.bindings.h Line: 35)

02/17/2021 22:45:35:  Connections 0 ZDOS:226806  sent:0 recv:0
 
(Filename: ./Runtime/Export/Debug/Debug.bindings.h Line: 35)

Unloading 0 Unused Serialized files (Serialized files now loaded: 0)

Unloading 0 unused Assets to reduce memory usage. Loaded Objects now: 1116725.
Total: 738.670506 ms (FindLiveObjects: 112.142183 ms CreateObjectMapping: 33.095671 ms MarkObjects: 592.453573 ms  DeleteObjects: 0.973031 ms)

02/17/2021 22:55:36:  Connections 0 ZDOS:226806  sent:0 recv:0
 
(Filename: ./Runtime/Export/Debug/Debug.bindings.h Line: 35)

Unloading 0 Unused Serialized files (Serialized files now loaded: 0)

Unloading 0 unused Assets to reduce memory usage. Loaded Objects now: 1116725.
Total: 713.157094 ms (FindLiveObjects: 108.344670 ms CreateObjectMapping: 32.989380 ms MarkObjects: 570.888455 ms  DeleteObjects: 0.928860 ms)

02/17/2021 22:55:38: clone 560
 
(Filename: ./Runtime/Export/Debug/Debug.bindings.h Line: 35)

02/17/2021 22:55:39: Saved 226806 zdos
 
(Filename: ./Runtime/Export/Debug/Debug.bindings.h Line: 35)

02/17/2021 22:55:39: World saved ( 1192.854ms )
 
(Filename: ./Runtime/Export/Debug/Debug.bindings.h Line: 35)

02/17/2021 23:05:36:  Connections 0 ZDOS:226806  sent:0 recv:0
 
(Filename: ./Runtime/Export/Debug/Debug.bindings.h Line: 35)

Unloading 0 Unused Serialized files (Serialized files now loaded: 0)

Unloading 0 unused Assets to reduce memory usage. Loaded Objects now: 1116725.
Total: 794.802399 ms (FindLiveObjects: 135.251451 ms CreateObjectMapping: 35.426933 ms MarkObjects: 623.231971 ms  DeleteObjects: 0.885386 ms)

02/17/2021 23:09:00: Got session request from 76561198043221849
 
(Filename: ./Runtime/Export/Debug/Debug.bindings.h Line: 35)

02/17/2021 23:09:04: Got handshake from client 76561198043221849
 
(Filename: ./Runtime/Export/Debug/Debug.bindings.h Line: 35)

02/17/2021 23:09:10: VERSION check their:0.145.6  mine:0.145.6
 
(Filename: ./Runtime/Export/Debug/Debug.bindings.h Line: 35)

02/17/2021 23:09:10: Server: New peer connected,sending global keys
 
(Filename: ./Runtime/Export/Debug/Debug.bindings.h Line: 35)

02/17/2021 23:09:40: Got character ZDOID from Uriel : 659029760:1
 
(Filename: ./Runtime/Export/Debug/Debug.bindings.h Line: 35)

02/17/2021 23:15:10: RPC_Disconnect 
 
(Filename: ./Runtime/Export/Debug/Debug.bindings.h Line: 35)

02/17/2021 23:15:10: Destroying abandoned non persistent zdo 659029760:743 owner 659029760
 
(Filename: ./Runtime/Export/Debug/Debug.bindings.h Line: 35)

02/17/2021 23:15:10: Destroying abandoned non persistent zdo 659029760:746 owner 659029760
 
(Filename: ./Runtime/Export/Debug/Debug.bindings.h Line: 35)

02/17/2021 23:15:10: Destroying abandoned non persistent zdo 659029760:747 owner 659029760
 
(Filename: ./Runtime/Export/Debug/Debug.bindings.h Line: 35)

02/17/2021 23:15:10: Destroying abandoned non persistent zdo 659029760:745 owner 659029760
 
(Filename: ./Runtime/Export/Debug/Debug.bindings.h Line: 35)

02/17/2021 23:15:10: Destroying abandoned non persistent zdo 659029760:607 owner 659029760
 
(Filename: ./Runtime/Export/Debug/Debug.bindings.h Line: 35)

02/17/2021 23:15:10: Destroying abandoned non persistent zdo 659029760:32 owner 659029760
 
(Filename: ./Runtime/Export/Debug/Debug.bindings.h Line: 35)

02/17/2021 23:15:10: Destroying abandoned non persistent zdo 659029760:741 owner 659029760
 
(Filename: ./Runtime/Export/Debug/Debug.bindings.h Line: 35)

02/17/2021 23:15:10: Destroying abandoned non persistent zdo 659029760:311 owner 659029760
 
(Filename: ./Runtime/Export/Debug/Debug.bindings.h Line: 35)

02/17/2021 23:15:10: Destroying abandoned non persistent zdo 659029760:740 owner 659029760
 
(Filename: ./Runtime/Export/Debug/Debug.bindings.h Line: 35)

02/17/2021 23:15:10: Destroying abandoned non persistent zdo 659029760:447 owner 659029760
 
(Filename: ./Runtime/Export/Debug/Debug.bindings.h Line: 35)

02/17/2021 23:15:10: Destroying abandoned non persistent zdo 659029760:739 owner 659029760
 
(Filename: ./Runtime/Export/Debug/Debug.bindings.h Line: 35)

02/17/2021 23:15:10: Destroying abandoned non persistent zdo 659029760:744 owner 659029760
 
(Filename: ./Runtime/Export/Debug/Debug.bindings.h Line: 35)

02/17/2021 23:15:10: Destroying abandoned non persistent zdo 659029760:737 owner 659029760
 
(Filename: ./Runtime/Export/Debug/Debug.bindings.h Line: 35)

02/17/2021 23:15:10: Destroying abandoned non persistent zdo 659029760:748 owner 659029760
 
(Filename: ./Runtime/Export/Debug/Debug.bindings.h Line: 35)

02/17/2021 23:15:10: Destroying abandoned non persistent zdo 659029760:742 owner 659029760
 
(Filename: ./Runtime/Export/Debug/Debug.bindings.h Line: 35)

02/17/2021 23:15:10: Destroying abandoned non persistent zdo 659029760:28 owner 659029760
 
(Filename: ./Runtime/Export/Debug/Debug.bindings.h Line: 35)

02/17/2021 23:15:10: Destroying abandoned non persistent zdo 659029760:34 owner 659029760
 
(Filename: ./Runtime/Export/Debug/Debug.bindings.h Line: 35)

02/17/2021 23:15:10: Destroying abandoned non persistent zdo 659029760:738 owner 659029760
 
(Filename: ./Runtime/Export/Debug/Debug.bindings.h Line: 35)

02/17/2021 23:15:10: Destroying abandoned non persistent zdo 659029760:1 owner 659029760
 
(Filename: ./Runtime/Export/Debug/Debug.bindings.h Line: 35)

02/17/2021 23:15:10: Destroying abandoned non persistent zdo 659029760:749 owner 659029760
 
(Filename: ./Runtime/Export/Debug/Debug.bindings.h Line: 35)

02/17/2021 23:15:10: Disposing socket
 
(Filename: ./Runtime/Export/Debug/Debug.bindings.h Line: 35)

02/17/2021 23:15:10: Closing socket 76561198043221849
 
(Filename: ./Runtime/Export/Debug/Debug.bindings.h Line: 35)

02/17/2021 23:15:10:   send queue size:0
 
(Filename: ./Runtime/Export/Debug/Debug.bindings.h Line: 35)

02/17/2021 23:15:10:   P2P state, bytes in send queue:0
 
(Filename: ./Runtime/Export/Debug/Debug.bindings.h Line: 35)

02/17/2021 23:15:10: Disposing socket
 
(Filename: ./Runtime/Export/Debug/Debug.bindings.h Line: 35)

02/17/2021 23:15:10: Closing socket 0
 
(Filename: ./Runtime/Export/Debug/Debug.bindings.h Line: 35)

02/17/2021 23:15:37:  Connections 0 ZDOS:226805  sent:0 recv:0
 
(Filename: ./Runtime/Export/Debug/Debug.bindings.h Line: 35)

Unloading 0 Unused Serialized files (Serialized files now loaded: 0)

Unloading 0 unused Assets to reduce memory usage. Loaded Objects now: 1116725.
Total: 709.533660 ms (FindLiveObjects: 120.922314 ms CreateObjectMapping: 30.383269 ms MarkObjects: 557.254426 ms  DeleteObjects: 0.968120 ms)

02/17/2021 23:15:39: clone 685
 
(Filename: ./Runtime/Export/Debug/Debug.bindings.h Line: 35)

02/17/2021 23:15:41: Saved 226805 zdos
 
(Filename: ./Runtime/Export/Debug/Debug.bindings.h Line: 35)

02/17/2021 23:15:41: World saved ( 1107.287ms )
 
(Filename: ./Runtime/Export/Debug/Debug.bindings.h Line: 35)

02/17/2021 23:24:23: Possible events:0
 
(Filename: ./Runtime/Export/Debug/Debug.bindings.h Line: 35)

02/17/2021 23:25:38:  Connections 0 ZDOS:226805  sent:0 recv:0
 
(Filename: ./Runtime/Export/Debug/Debug.bindings.h Line: 35)

Unloading 0 Unused Serialized files (Serialized files now loaded: 0)

Unloading 0 unused Assets to reduce memory usage. Loaded Objects now: 1116725.
Total: 773.649218 ms (FindLiveObjects: 137.268527 ms CreateObjectMapping: 40.084869 ms MarkObjects: 595.285294 ms  DeleteObjects: 1.004462 ms)

02/17/2021 23:26:30: Got session request from 76561197991367904
 
(Filename: ./Runtime/Export/Debug/Debug.bindings.h Line: 35)

02/17/2021 23:26:32: Got handshake from client 76561197991367904
 
(Filename: ./Runtime/Export/Debug/Debug.bindings.h Line: 35)

02/17/2021 23:26:39: VERSION check their:0.145.6  mine:0.145.6
 
(Filename: ./Runtime/Export/Debug/Debug.bindings.h Line: 35)

02/17/2021 23:26:39: Server: New peer connected,sending global keys
 
(Filename: ./Runtime/Export/Debug/Debug.bindings.h Line: 35)

02/17/2021 23:26:58: Got character ZDOID from Spacey : 837372266:1
 
(Filename: ./Runtime/Export/Debug/Debug.bindings.h Line: 35)

02/17/2021 23:27:22: Got session request from 76561198251994680
 
(Filename: ./Runtime/Export/Debug/Debug.bindings.h Line: 35)

02/17/2021 23:27:26: Got handshake from client 76561198251994680
 
(Filename: ./Runtime/Export/Debug/Debug.bindings.h Line: 35)

02/17/2021 23:27:29: VERSION check their:0.145.6  mine:0.145.6
 
(Filename: ./Runtime/Export/Debug/Debug.bindings.h Line: 35)

02/17/2021 23:27:29: Server: New peer connected,sending global keys
 
(Filename: ./Runtime/Export/Debug/Debug.bindings.h Line: 35)

02/17/2021 23:27:49: Got character ZDOID from Rysiu : 196185124:1
 
(Filename: ./Runtime/Export/Debug/Debug.bindings.h Line: 35)

02/17/2021 23:29:42: Time 232232.759975798, day:128    nextm:232470.000010729  skipspeed:19.7700029108673
 
(Filename: ./Runtime/Export/Debug/Debug.bindings.h Line: 35)

02/17/2021 23:35:38:  Connections 2 ZDOS:226653  sent:341 recv:418
 
(Filename: ./Runtime/Export/Debug/Debug.bindings.h Line: 35)

Unloading 0 Unused Serialized files (Serialized files now loaded: 0)

Unloading 0 unused Assets to reduce memory usage. Loaded Objects now: 1116725.
Total: 758.632552 ms (FindLiveObjects: 121.169342 ms CreateObjectMapping: 39.937965 ms MarkObjects: 596.633061 ms  DeleteObjects: 0.885907 ms)

02/17/2021 23:35:41: clone 603
 
(Filename: ./Runtime/Export/Debug/Debug.bindings.h Line: 35)

02/17/2021 23:35:42: Saved 226628 zdos
 
(Filename: ./Runtime/Export/Debug/Debug.bindings.h Line: 35)

02/17/2021 23:35:42: World saved ( 1441.448ms )
 
(Filename: ./Runtime/Export/Debug/Debug.bindings.h Line: 35)

02/17/2021 23:39:59: Got session request from 76561198043221849
 
(Filename: ./Runtime/Export/Debug/Debug.bindings.h Line: 35)

02/17/2021 23:40:03: Got handshake from client 76561198043221849
 
(Filename: ./Runtime/Export/Debug/Debug.bindings.h Line: 35)

02/17/2021 23:40:24: VERSION check their:0.145.6  mine:0.145.6
 
(Filename: ./Runtime/Export/Debug/Debug.bindings.h Line: 35)

02/17/2021 23:40:24: Server: New peer connected,sending global keys
 
(Filename: ./Runtime/Export/Debug/Debug.bindings.h Line: 35)

02/17/2021 23:40:51: Got character ZDOID from Uriel : 1359452696:1
 
(Filename: ./Runtime/Export/Debug/Debug.bindings.h Line: 35)

02/17/2021 23:45:39:  Connections 3 ZDOS:226771  sent:749 recv:768
 
(Filename: ./Runtime/Export/Debug/Debug.bindings.h Line: 35)

Unloading 0 Unused Serialized files (Serialized files now loaded: 0)

Unloading 0 unused Assets to reduce memory usage. Loaded Objects now: 1116725.
Total: 684.779405 ms (FindLiveObjects: 95.048130 ms CreateObjectMapping: 31.126142 ms MarkObjects: 557.590119 ms  DeleteObjects: 1.009269 ms)

02/17/2021 23:55:39:  Connections 3 ZDOS:226805  sent:710 recv:757
 
(Filename: ./Runtime/Export/Debug/Debug.bindings.h Line: 35)

Unloading 0 Unused Serialized files (Serialized files now loaded: 0)

Unloading 0 unused Assets to reduce memory usage. Loaded Objects now: 1116725.
Total: 679.367316 ms (FindLiveObjects: 97.816053 ms CreateObjectMapping: 31.605770 ms MarkObjects: 548.022331 ms  DeleteObjects: 1.918291 ms)

02/17/2021 23:55:42: clone 597
 
(Filename: ./Runtime/Export/Debug/Debug.bindings.h Line: 35)

02/17/2021 23:55:44: Saved 226742 zdos
 
(Filename: ./Runtime/Export/Debug/Debug.bindings.h Line: 35)

02/17/2021 23:55:44: World saved ( 1531.285ms )
 
(Filename: ./Runtime/Export/Debug/Debug.bindings.h Line: 35)

02/18/2021 00:05:40:  Connections 3 ZDOS:226795  sent:793 recv:571
 
(Filename: ./Runtime/Export/Debug/Debug.bindings.h Line: 35)

Unloading 0 Unused Serialized files (Serialized files now loaded: 0)

Unloading 0 unused Assets to reduce memory usage. Loaded Objects now: 1116725.
Total: 839.670898 ms (FindLiveObjects: 142.658861 ms CreateObjectMapping: 43.667135 ms MarkObjects: 652.318982 ms  DeleteObjects: 1.019138 ms)

02/18/2021 00:15:40:  Connections 3 ZDOS:226847  sent:588 recv:694
 
(Filename: ./Runtime/Export/Debug/Debug.bindings.h Line: 35)

Unloading 0 Unused Serialized files (Serialized files now loaded: 0)

Unloading 0 unused Assets to reduce memory usage. Loaded Objects now: 1116725.
Total: 740.808776 ms (FindLiveObjects: 140.130209 ms CreateObjectMapping: 37.978890 ms MarkObjects: 561.743859 ms  DeleteObjects: 0.949617 ms)

02/18/2021 00:15:44: clone 672
 
(Filename: ./Runtime/Export/Debug/Debug.bindings.h Line: 35)

02/18/2021 00:15:45: Saved 226802 zdos
 
(Filename: ./Runtime/Export/Debug/Debug.bindings.h Line: 35)

02/18/2021 00:15:45: World saved ( 1656.362ms )
 
(Filename: ./Runtime/Export/Debug/Debug.bindings.h Line: 35)

02/18/2021 00:25:41:  Connections 3 ZDOS:226913  sent:558 recv:769
 
(Filename: ./Runtime/Export/Debug/Debug.bindings.h Line: 35)

Unloading 0 Unused Serialized files (Serialized files now loaded: 0)

Unloading 0 unused Assets to reduce memory usage. Loaded Objects now: 1116725.
Total: 727.407915 ms (FindLiveObjects: 100.984107 ms CreateObjectMapping: 32.599722 ms MarkObjects: 592.836551 ms  DeleteObjects: 0.982268 ms)

02/18/2021 00:35:42:  Connections 3 ZDOS:226982  sent:541 recv:625
 
(Filename: ./Runtime/Export/Debug/Debug.bindings.h Line: 35)

Unloading 0 Unused Serialized files (Serialized files now loaded: 0)

Unloading 0 unused Assets to reduce memory usage. Loaded Objects now: 1116725.
Total: 744.998293 ms (FindLiveObjects: 122.312452 ms CreateObjectMapping: 32.753105 ms MarkObjects: 588.952115 ms  DeleteObjects: 0.975671 ms)

02/18/2021 00:35:45: clone 557
 
(Filename: ./Runtime/Export/Debug/Debug.bindings.h Line: 35)

02/18/2021 00:35:46: Saved 226943 zdos
 
(Filename: ./Runtime/Export/Debug/Debug.bindings.h Line: 35)

02/18/2021 00:35:46: World saved ( 1416.026ms )
 
(Filename: ./Runtime/Export/Debug/Debug.bindings.h Line: 35)

02/18/2021 00:38:46: RPC_Disconnect 
 
(Filename: ./Runtime/Export/Debug/Debug.bindings.h Line: 35)

02/18/2021 00:38:46: Destroying abandoned non persistent zdo 1359452696:1 owner 1359452696
 
(Filename: ./Runtime/Export/Debug/Debug.bindings.h Line: 35)

02/18/2021 00:38:46: Destroying abandoned non persistent zdo 1359452696:5913 owner 1359452696
 
(Filename: ./Runtime/Export/Debug/Debug.bindings.h Line: 35)

02/18/2021 00:38:46: Destroying abandoned non persistent zdo 1359452696:5970 owner 1359452696
 
(Filename: ./Runtime/Export/Debug/Debug.bindings.h Line: 35)

02/18/2021 00:38:46: Destroying abandoned non persistent zdo 1359452696:8667 owner 1359452696
 
(Filename: ./Runtime/Export/Debug/Debug.bindings.h Line: 35)

02/18/2021 00:38:46: Destroying abandoned non persistent zdo 1359452696:8907 owner 1359452696
 
(Filename: ./Runtime/Export/Debug/Debug.bindings.h Line: 35)

02/18/2021 00:38:46: Destroying abandoned non persistent zdo 1359452696:9791 owner 1359452696
 
(Filename: ./Runtime/Export/Debug/Debug.bindings.h Line: 35)

02/18/2021 00:38:46: Disposing socket
 
(Filename: ./Runtime/Export/Debug/Debug.bindings.h Line: 35)

02/18/2021 00:38:46: Closing socket 76561198043221849
 
(Filename: ./Runtime/Export/Debug/Debug.bindings.h Line: 35)

02/18/2021 00:38:46:   send queue size:0
 
(Filename: ./Runtime/Export/Debug/Debug.bindings.h Line: 35)

02/18/2021 00:38:46:   P2P state, bytes in send queue:0
 
(Filename: ./Runtime/Export/Debug/Debug.bindings.h Line: 35)

02/18/2021 00:38:46: Disposing socket
 
(Filename: ./Runtime/Export/Debug/Debug.bindings.h Line: 35)

02/18/2021 00:38:46: Closing socket 0
 
(Filename: ./Runtime/Export/Debug/Debug.bindings.h Line: 35)

02/18/2021 00:45:42:  Connections 2 ZDOS:227001  sent:653 recv:456
 
(Filename: ./Runtime/Export/Debug/Debug.bindings.h Line: 35)

Unloading 0 Unused Serialized files (Serialized files now loaded: 0)

Unloading 0 unused Assets to reduce memory usage. Loaded Objects now: 1116725.
Total: 761.391434 ms (FindLiveObjects: 124.070777 ms CreateObjectMapping: 38.989140 ms MarkObjects: 597.410410 ms  DeleteObjects: 0.915543 ms)

02/18/2021 00:46:33: RPC_Disconnect 
 
(Filename: ./Runtime/Export/Debug/Debug.bindings.h Line: 35)

02/18/2021 00:46:33: Destroying abandoned non persistent zdo 196185124:11141 owner 196185124
 
(Filename: ./Runtime/Export/Debug/Debug.bindings.h Line: 35)

02/18/2021 00:46:33: Destroying abandoned non persistent zdo 196185124:11120 owner 196185124
 
(Filename: ./Runtime/Export/Debug/Debug.bindings.h Line: 35)

02/18/2021 00:46:33: Destroying abandoned non persistent zdo 196185124:11292 owner 196185124
 
(Filename: ./Runtime/Export/Debug/Debug.bindings.h Line: 35)

02/18/2021 00:46:33: Destroying abandoned non persistent zdo 196185124:1 owner 196185124
 
(Filename: ./Runtime/Export/Debug/Debug.bindings.h Line: 35)

02/18/2021 00:46:33: Destroying abandoned non persistent zdo 196185124:11054 owner 196185124
 
(Filename: ./Runtime/Export/Debug/Debug.bindings.h Line: 35)

02/18/2021 00:46:33: Destroying abandoned non persistent zdo 196185124:11304 owner 196185124
 
(Filename: ./Runtime/Export/Debug/Debug.bindings.h Line: 35)

02/18/2021 00:46:33: Destroying abandoned non persistent zdo 196185124:11305 owner 196185124
 
(Filename: ./Runtime/Export/Debug/Debug.bindings.h Line: 35)

02/18/2021 00:46:33: Destroying abandoned non persistent zdo 196185124:11224 owner 196185124
 
(Filename: ./Runtime/Export/Debug/Debug.bindings.h Line: 35)

02/18/2021 00:46:33: Destroying abandoned non persistent zdo 196185124:10156 owner 196185124
 
(Filename: ./Runtime/Export/Debug/Debug.bindings.h Line: 35)

02/18/2021 00:46:33: Destroying abandoned non persistent zdo 196185124:11306 owner 196185124
 
(Filename: ./Runtime/Export/Debug/Debug.bindings.h Line: 35)

02/18/2021 00:46:33: Destroying abandoned non persistent zdo 196185124:10983 owner 196185124
 
(Filename: ./Runtime/Export/Debug/Debug.bindings.h Line: 35)

02/18/2021 00:46:33: Destroying abandoned non persistent zdo 196185124:11265 owner 196185124
 
(Filename: ./Runtime/Export/Debug/Debug.bindings.h Line: 35)

02/18/2021 00:46:33: Disposing socket
 
(Filename: ./Runtime/Export/Debug/Debug.bindings.h Line: 35)

02/18/2021 00:46:33: Closing socket 76561198251994680
 
(Filename: ./Runtime/Export/Debug/Debug.bindings.h Line: 35)

02/18/2021 00:46:33:   send queue size:0
 
(Filename: ./Runtime/Export/Debug/Debug.bindings.h Line: 35)

02/18/2021 00:46:33:   P2P state, bytes in send queue:0
 
(Filename: ./Runtime/Export/Debug/Debug.bindings.h Line: 35)

02/18/2021 00:46:33: Disposing socket
 
(Filename: ./Runtime/Export/Debug/Debug.bindings.h Line: 35)

02/18/2021 00:46:33: Closing socket 0
 
(Filename: ./Runtime/Export/Debug/Debug.bindings.h Line: 35)

02/18/2021 00:55:43:  Connections 1 ZDOS:227001  sent:0 recv:243
 
(Filename: ./Runtime/Export/Debug/Debug.bindings.h Line: 35)

Unloading 0 Unused Serialized files (Serialized files now loaded: 0)

Unloading 0 unused Assets to reduce memory usage. Loaded Objects now: 1116725.
Total: 694.320911 ms (FindLiveObjects: 97.189264 ms CreateObjectMapping: 30.935975 ms MarkObjects: 565.221782 ms  DeleteObjects: 0.968630 ms)

02/18/2021 00:55:46: clone 569
 
(Filename: ./Runtime/Export/Debug/Debug.bindings.h Line: 35)

02/18/2021 00:55:48: Saved 226989 zdos
 
(Filename: ./Runtime/Export/Debug/Debug.bindings.h Line: 35)

02/18/2021 00:55:48: World saved ( 1366.167ms )
 
(Filename: ./Runtime/Export/Debug/Debug.bindings.h Line: 35)

^C02/18/2021 01:00:04: Game - OnApplicationQuit
 
(Filename: ./Runtime/Export/Debug/Debug.bindings.h Line: 35)

02/18/2021 01:00:04: ZNet Shutdown
 
(Filename: ./Runtime/Export/Debug/Debug.bindings.h Line: 35)

02/18/2021 01:00:05: clone 690
 
(Filename: ./Runtime/Export/Debug/Debug.bindings.h Line: 35)

02/18/2021 01:00:06: Saved 227006 zdos
 
(Filename: ./Runtime/Export/Debug/Debug.bindings.h Line: 35)

02/18/2021 01:00:06: World saved ( 1160.663ms )
 
(Filename: ./Runtime/Export/Debug/Debug.bindings.h Line: 35)

02/18/2021 01:00:06: Sending disconnect msg
 
(Filename: ./Runtime/Export/Debug/Debug.bindings.h Line: 35)

02/18/2021 01:00:06: Sent to 76561197991367904
 
(Filename: ./Runtime/Export/Debug/Debug.bindings.h Line: 35)

02/18/2021 01:00:06: Disposing socket
 
(Filename: ./Runtime/Export/Debug/Debug.bindings.h Line: 35)

02/18/2021 01:00:06: Closing socket 0
 
(Filename: ./Runtime/Export/Debug/Debug.bindings.h Line: 35)

02/18/2021 01:00:06: Disposing socket
 
(Filename: ./Runtime/Export/Debug/Debug.bindings.h Line: 35)

02/18/2021 01:00:06: Closing socket 76561197991367904
 
(Filename: ./Runtime/Export/Debug/Debug.bindings.h Line: 35)

02/18/2021 01:00:06:   send queue size:0
 
(Filename: ./Runtime/Export/Debug/Debug.bindings.h Line: 35)

02/18/2021 01:00:06:   P2P state, bytes in send queue:0
 
(Filename: ./Runtime/Export/Debug/Debug.bindings.h Line: 35)

02/18/2021 01:00:06: Last socket, unregistering callback
 
(Filename: ./Runtime/Export/Debug/Debug.bindings.h Line: 35)

02/18/2021 01:00:06: ZSteamSocket  UnregisterGlobalCallbacks, existing sockets:0
 
(Filename: ./Runtime/Export/Debug/Debug.bindings.h Line: 35)

02/18/2021 01:00:06: Disposing socket
 
(Filename: ./Runtime/Export/Debug/Debug.bindings.h Line: 35)

02/18/2021 01:00:06: Closing socket 0
 
(Filename: ./Runtime/Export/Debug/Debug.bindings.h Line: 35)

02/18/2021 01:00:06: Last socket, unregistering callback
 
(Filename: ./Runtime/Export/Debug/Debug.bindings.h Line: 35)

02/18/2021 01:00:06: ZSteamSocket  UnregisterGlobalCallbacks, existing sockets:0
 
(Filename: ./Runtime/Export/Debug/Debug.bindings.h Line: 35)

Setting up 1 worker threads for Enlighten.
  Thread -> id: 7ff90753e700 -> priority: 1 
02/18/2021 01:00:10: Steam manager on destroy
 
(Filename: ./Runtime/Export/Debug/Debug.bindings.h Line: 35)

02/18/2021 01:00:10: ZNet OnDestroy
 
(Filename: ./Runtime/Export/Debug/Debug.bindings.h Line: 35)

02/18/2021 01:00:10: Net scene destroyed
 
(Filename: ./Runtime/Export/Debug/Debug.bindings.h Line: 35)

