Initialize engine version: 2019.4.16f1 (e05b6e02d63e)
[Subsystems] Discovering subsystems at path /home/vhserver/serverfiles/valheim_server_Data/UnitySubsystems
Forcing GfxDevice: Null
GfxDevice: creating device client; threaded=0
NullGfxDevice:
    Version:  NULL 1.0 [1.0]
    Renderer: Null Device
    Vendor:   Unity Technologies
Begin MonoManager ReloadAssembly
- Completed reload, in  0.103 seconds
UnloadTime: 1.263888 ms
02/17/2021 17:00:12: Starting to load scene:start
 
(Filename: ./Runtime/Export/Debug/Debug.bindings.h Line: 35)

Couldn't create a Convex Mesh from source mesh "RearBig" within the maximum polygons limit (256). The partial hull will be used. Consider simplifying your mesh. 
(Filename:  Line: 91)

WARNING: Shader Unsupported: 'Autodesk Interactive' - All passes removed
WARNING: Shader Did you use #pragma only_renderers and omit this platform?
HDR Render Texture not supported, disabling HDR on reflection probe. 
(Filename:  Line: 277)

HDR Render Texture not supported, disabling HDR on reflection probe. 
(Filename:  Line: 277)

Unloading 6 Unused Serialized files (Serialized files now loaded: 0)
UnloadTime: 6.739110 ms
Only custom filters can be played. Please add a custom filter or an audioclip to the audiosource (Amb_MainMenu). 
(Filename:  Line: 509)

HDR Render Texture not supported, disabling HDR on reflection probe. 
(Filename:  Line: 277)

Initializing Google Analytics 0.2. 
(Filename: ./Runtime/Export/Debug/Debug.bindings.h Line: 35)

02/17/2021 17:15:07: Initializing world generator seed: ( 0 )   menu:True  worldgen version:1
 
(Filename: ./Runtime/Export/Debug/Debug.bindings.h Line: 35)

02/17/2021 17:15:07: Using mountain distance: 1000
 
(Filename: ./Runtime/Export/Debug/Debug.bindings.h Line: 35)

02/17/2021 17:15:07: Render threading mode:SingleThreaded
 
(Filename: ./Runtime/Export/Debug/Debug.bindings.h Line: 35)

02/17/2021 17:15:07: Get create world abc123
 
(Filename: ./Runtime/Export/Debug/Debug.bindings.h Line: 35)

02/17/2021 17:15:07: Using steam_appid.txt
 
(Filename: ./Runtime/Export/Debug/Debug.bindings.h Line: 35)

02/17/2021 17:15:07: Using steam APPID:892970
 
(Filename: ./Runtime/Export/Debug/Debug.bindings.h Line: 35)

CAppInfoCacheReadFromDiskThread took 1 milliseconds to initialize
CApplicationManagerPopulateThread took 0 milliseconds to initialize (will have waited on CAppInfoCacheReadFromDiskThread)
RecordSteamInterfaceCreation (PID 28793): SteamGameServer012 / GameServer
RecordSteamInterfaceCreation (PID 28793): SteamUtils009 / Utils
Setting breakpad minidump AppID = 892970
RecordSteamInterfaceCreation (PID 28793): SteamGameServer012 / GameServer
RecordSteamInterfaceCreation (PID 28793): SteamUtils009 / Utils
RecordSteamInterfaceCreation (PID 28793): SteamNetworking005 / Networking
RecordSteamInterfaceCreation (PID 28793): SteamGameServerStats001 / GameServerStats
RecordSteamInterfaceCreation (PID 28793): STEAMHTTP_INTERFACE_VERSION002 / HTTP
RecordSteamInterfaceCreation (PID 28793): STEAMINVENTORY_INTERFACE_V002 / Inventory
RecordSteamInterfaceCreation (PID 28793): STEAMUGC_INTERFACE_VERSION010 / UGC
RecordSteamInterfaceCreation (PID 28793): STEAMAPPS_INTERFACE_VERSION008 / Apps
02/17/2021 17:15:07: Server ID 90071992547409920
 
(Filename: ./Runtime/Export/Debug/Debug.bindings.h Line: 35)

02/17/2021 17:15:07: Steam game server initialized
 
(Filename: ./Runtime/Export/Debug/Debug.bindings.h Line: 35)

02/17/2021 17:15:07: Missing audio clip in music respawn
 
(Filename: ./Runtime/Export/Debug/Debug.bindings.h Line: 35)

02/17/2021 17:15:07: Builder started
 
(Filename: ./Runtime/Export/Debug/Debug.bindings.h Line: 35)

02/17/2021 17:15:09: Loaded localization English
 
(Filename: ./Runtime/Export/Debug/Debug.bindings.h Line: 35)

02/17/2021 17:15:09: Game server connected
 
(Filename: ./Runtime/Export/Debug/Debug.bindings.h Line: 35)


Unloading 16 unused Assets to reduce memory usage. Loaded Objects now: 85931.
Total: 84.655221 ms (FindLiveObjects: 4.474937 ms CreateObjectMapping: 13.393765 ms MarkObjects: 66.349576 ms  DeleteObjects: 0.431737 ms)

Unloading 6 Unused Serialized files (Serialized files now loaded: 0)
UnloadTime: 21.764346 ms
HDR Render Texture not supported, disabling HDR on reflection probe. 
(Filename:  Line: 277)

HDR Render Texture not supported, disabling HDR on reflection probe. 
(Filename:  Line: 277)

02/17/2021 17:15:09: Zonesystem Awake 16684313
 
(Filename: ./Runtime/Export/Debug/Debug.bindings.h Line: 35)

02/17/2021 17:15:09: DungeonDB Awake 16684313
 
(Filename: ./Runtime/Export/Debug/Debug.bindings.h Line: 35)

02/17/2021 17:15:09: ZSteamSocket  Registering global callbacks
 
(Filename: ./Runtime/Export/Debug/Debug.bindings.h Line: 35)

02/17/2021 17:15:09: Registering lobby
 
(Filename: ./Runtime/Export/Debug/Debug.bindings.h Line: 35)

02/17/2021 17:15:09: Initializing world generator seed:nepTbzQlS5 ( -1441259986 )   menu:False  worldgen version:1
 
(Filename: ./Runtime/Export/Debug/Debug.bindings.h Line: 35)

02/17/2021 17:15:09: Using mountain distance: 1000
 
(Filename: ./Runtime/Export/Debug/Debug.bindings.h Line: 35)

02/17/2021 17:15:09: Found 596 mountain points
 
(Filename: ./Runtime/Export/Debug/Debug.bindings.h Line: 35)

02/17/2021 17:15:09: Remaining mountains:81
 
(Filename: ./Runtime/Export/Debug/Debug.bindings.h Line: 35)

02/17/2021 17:15:09: Calc time 38.75 ms
 
(Filename: ./Runtime/Export/Debug/Debug.bindings.h Line: 35)

02/17/2021 17:15:09: Found 8216 lake points
 
(Filename: ./Runtime/Export/Debug/Debug.bindings.h Line: 35)

02/17/2021 17:15:12: Remaining lakes:115
 
(Filename: ./Runtime/Export/Debug/Debug.bindings.h Line: 35)

02/17/2021 17:15:12: Calc time 2685.322 ms
 
(Filename: ./Runtime/Export/Debug/Debug.bindings.h Line: 35)

02/17/2021 17:15:12: Rivers:157
 
(Filename: ./Runtime/Export/Debug/Debug.bindings.h Line: 35)

02/17/2021 17:15:12: River buckets 15631
 
(Filename: ./Runtime/Export/Debug/Debug.bindings.h Line: 35)

02/17/2021 17:15:12: River render time 457.217 ms
 
(Filename: ./Runtime/Export/Debug/Debug.bindings.h Line: 35)

02/17/2021 17:15:12: River Calc time 477.397 ms
 
(Filename: ./Runtime/Export/Debug/Debug.bindings.h Line: 35)

02/17/2021 17:15:14: River buckets 24190
 
(Filename: ./Runtime/Export/Debug/Debug.bindings.h Line: 35)

02/17/2021 17:15:14: River render time 646.86 ms
 
(Filename: ./Runtime/Export/Debug/Debug.bindings.h Line: 35)

02/17/2021 17:15:14: Placed 1878 streams
 
(Filename: ./Runtime/Export/Debug/Debug.bindings.h Line: 35)

02/17/2021 17:15:14: Stream Calc time 1595.883 ms
 
(Filename: ./Runtime/Export/Debug/Debug.bindings.h Line: 35)

02/17/2021 17:15:14: Load world abc123
 
(Filename: ./Runtime/Export/Debug/Debug.bindings.h Line: 35)

02/17/2021 17:15:14: Loading 226858 zdos , my id 437991495 data version:26
 
(Filename: ./Runtime/Export/Debug/Debug.bindings.h Line: 35)

02/17/2021 17:15:15: Loaded 100000 dead zdos
 
(Filename: ./Runtime/Export/Debug/Debug.bindings.h Line: 35)

02/17/2021 17:15:15: Removed 0 OLD generated ZDOS
 
(Filename: ./Runtime/Export/Debug/Debug.bindings.h Line: 35)

02/17/2021 17:15:16: Loaded 7132 locations
 
(Filename: ./Runtime/Export/Debug/Debug.bindings.h Line: 35)

02/17/2021 17:15:16: Build settings:10
 
(Filename: ./Runtime/Export/Debug/Debug.bindings.h Line: 35)

02/17/2021 17:15:16: Removing -1233507428
 
(Filename: ./Runtime/Export/Debug/Debug.bindings.h Line: 35)

02/17/2021 17:15:16: Removing 1883198027
 
(Filename: ./Runtime/Export/Debug/Debug.bindings.h Line: 35)

02/17/2021 17:15:16: Removing 868418350
 
(Filename: ./Runtime/Export/Debug/Debug.bindings.h Line: 35)

02/17/2021 17:15:16: Removing -535269195
 
(Filename: ./Runtime/Export/Debug/Debug.bindings.h Line: 35)

02/17/2021 17:15:16: Removing 1547815568
 
(Filename: ./Runtime/Export/Debug/Debug.bindings.h Line: 35)

02/17/2021 17:15:16: Removing -359949137
 
(Filename: ./Runtime/Export/Debug/Debug.bindings.h Line: 35)

02/17/2021 17:15:16: Removing 319464002
 
(Filename: ./Runtime/Export/Debug/Debug.bindings.h Line: 35)

02/17/2021 17:15:16: Removing 1225882809
 
(Filename: ./Runtime/Export/Debug/Debug.bindings.h Line: 35)

02/17/2021 17:15:16: Removing 404029124
 
(Filename: ./Runtime/Export/Debug/Debug.bindings.h Line: 35)

02/17/2021 17:15:16: Audioman already exist, destroying self
 
(Filename: ./Runtime/Export/Debug/Debug.bindings.h Line: 35)


Unloading 490 unused Assets to reduce memory usage. Loaded Objects now: 86244.
Total: 299.299276 ms (FindLiveObjects: 4.969737 ms CreateObjectMapping: 11.948677 ms MarkObjects: 277.475110 ms  DeleteObjects: 4.900545 ms)

02/17/2021 17:15:21: Zonesystem Start 16684313
 
(Filename: ./Runtime/Export/Debug/Debug.bindings.h Line: 35)

Warning: failed to init SDL thread priority manager: SDL not found
02/17/2021 17:15:22: DungeonDB Start 16684313
 
(Filename: ./Runtime/Export/Debug/Debug.bindings.h Line: 35)

02/17/2021 17:25:22:  Connections 0 ZDOS:226858  sent:0 recv:0
 
(Filename: ./Runtime/Export/Debug/Debug.bindings.h Line: 35)

Unloading 6 Unused Serialized files (Serialized files now loaded: 0)

Unloading 6 unused Assets to reduce memory usage. Loaded Objects now: 1116466.
Total: 726.093500 ms (FindLiveObjects: 95.878761 ms CreateObjectMapping: 30.716323 ms MarkObjects: 598.497144 ms  DeleteObjects: 0.996064 ms)

02/17/2021 17:35:23:  Connections 0 ZDOS:226858  sent:0 recv:0
 
(Filename: ./Runtime/Export/Debug/Debug.bindings.h Line: 35)

Unloading 0 Unused Serialized files (Serialized files now loaded: 0)

Unloading 0 unused Assets to reduce memory usage. Loaded Objects now: 1116466.
Total: 710.655776 ms (FindLiveObjects: 98.002904 ms CreateObjectMapping: 31.758978 ms MarkObjects: 579.822159 ms  DeleteObjects: 1.065261 ms)

02/17/2021 17:45:23:  Connections 0 ZDOS:226858  sent:0 recv:0
 
(Filename: ./Runtime/Export/Debug/Debug.bindings.h Line: 35)

Unloading 0 Unused Serialized files (Serialized files now loaded: 0)

Unloading 0 unused Assets to reduce memory usage. Loaded Objects now: 1116466.
Total: 707.615153 ms (FindLiveObjects: 107.541983 ms CreateObjectMapping: 30.008463 ms MarkObjects: 568.968054 ms  DeleteObjects: 1.090947 ms)

02/17/2021 17:45:24: clone 576
 
(Filename: ./Runtime/Export/Debug/Debug.bindings.h Line: 35)

02/17/2021 17:45:26: Saved 226858 zdos
 
(Filename: ./Runtime/Export/Debug/Debug.bindings.h Line: 35)

02/17/2021 17:45:26: World saved ( 2005.312ms )
 
(Filename: ./Runtime/Export/Debug/Debug.bindings.h Line: 35)

02/17/2021 17:55:24:  Connections 0 ZDOS:226858  sent:0 recv:0
 
(Filename: ./Runtime/Export/Debug/Debug.bindings.h Line: 35)

Unloading 0 Unused Serialized files (Serialized files now loaded: 0)

Unloading 0 unused Assets to reduce memory usage. Loaded Objects now: 1116466.
Total: 711.277017 ms (FindLiveObjects: 96.505254 ms CreateObjectMapping: 33.189344 ms MarkObjects: 580.606354 ms  DeleteObjects: 0.970853 ms)

02/17/2021 18:05:24:  Connections 0 ZDOS:226858  sent:0 recv:0
 
(Filename: ./Runtime/Export/Debug/Debug.bindings.h Line: 35)

Unloading 0 Unused Serialized files (Serialized files now loaded: 0)

Unloading 0 unused Assets to reduce memory usage. Loaded Objects now: 1116466.
Total: 723.693742 ms (FindLiveObjects: 115.563587 ms CreateObjectMapping: 32.218415 ms MarkObjects: 574.947862 ms  DeleteObjects: 0.958488 ms)

02/17/2021 18:15:25:  Connections 0 ZDOS:226858  sent:0 recv:0
 
(Filename: ./Runtime/Export/Debug/Debug.bindings.h Line: 35)

Unloading 0 Unused Serialized files (Serialized files now loaded: 0)

Unloading 0 unused Assets to reduce memory usage. Loaded Objects now: 1116466.
Total: 762.997900 ms (FindLiveObjects: 136.658096 ms CreateObjectMapping: 37.498431 ms MarkObjects: 587.862761 ms  DeleteObjects: 0.972933 ms)

02/17/2021 18:15:26: clone 577
 
(Filename: ./Runtime/Export/Debug/Debug.bindings.h Line: 35)

02/17/2021 18:15:28: Saved 226858 zdos
 
(Filename: ./Runtime/Export/Debug/Debug.bindings.h Line: 35)

02/17/2021 18:15:28: World saved ( 1980.917ms )
 
(Filename: ./Runtime/Export/Debug/Debug.bindings.h Line: 35)

02/17/2021 18:17:14: Possible events:0
 
(Filename: ./Runtime/Export/Debug/Debug.bindings.h Line: 35)

02/17/2021 18:25:25:  Connections 0 ZDOS:226858  sent:0 recv:0
 
(Filename: ./Runtime/Export/Debug/Debug.bindings.h Line: 35)

Unloading 0 Unused Serialized files (Serialized files now loaded: 0)

Unloading 0 unused Assets to reduce memory usage. Loaded Objects now: 1116466.
Total: 773.658126 ms (FindLiveObjects: 112.812064 ms CreateObjectMapping: 30.968030 ms MarkObjects: 628.816465 ms  DeleteObjects: 1.055908 ms)

02/17/2021 18:35:26:  Connections 0 ZDOS:226858  sent:0 recv:0
 
(Filename: ./Runtime/Export/Debug/Debug.bindings.h Line: 35)

Unloading 0 Unused Serialized files (Serialized files now loaded: 0)

Unloading 0 unused Assets to reduce memory usage. Loaded Objects now: 1116466.
Total: 718.399752 ms (FindLiveObjects: 94.107074 ms CreateObjectMapping: 32.264590 ms MarkObjects: 591.077840 ms  DeleteObjects: 0.944003 ms)

02/17/2021 18:45:26:  Connections 0 ZDOS:226858  sent:0 recv:0
 
(Filename: ./Runtime/Export/Debug/Debug.bindings.h Line: 35)

Unloading 0 Unused Serialized files (Serialized files now loaded: 0)

Unloading 0 unused Assets to reduce memory usage. Loaded Objects now: 1116466.
Total: 705.187050 ms (FindLiveObjects: 92.007796 ms CreateObjectMapping: 31.975261 ms MarkObjects: 580.226768 ms  DeleteObjects: 0.972178 ms)

02/17/2021 18:45:27: clone 586
 
(Filename: ./Runtime/Export/Debug/Debug.bindings.h Line: 35)

02/17/2021 18:45:29: Saved 226858 zdos
 
(Filename: ./Runtime/Export/Debug/Debug.bindings.h Line: 35)

02/17/2021 18:45:29: World saved ( 1837.651ms )
 
(Filename: ./Runtime/Export/Debug/Debug.bindings.h Line: 35)

02/17/2021 18:55:27:  Connections 0 ZDOS:226858  sent:0 recv:0
 
(Filename: ./Runtime/Export/Debug/Debug.bindings.h Line: 35)

Unloading 0 Unused Serialized files (Serialized files now loaded: 0)

Unloading 0 unused Assets to reduce memory usage. Loaded Objects now: 1116466.
Total: 714.895060 ms (FindLiveObjects: 98.874784 ms CreateObjectMapping: 32.497974 ms MarkObjects: 582.406282 ms  DeleteObjects: 1.110292 ms)

02/17/2021 18:56:36: Got session request from 76561197991367904
 
(Filename: ./Runtime/Export/Debug/Debug.bindings.h Line: 35)

02/17/2021 18:56:41: Got handshake from client 76561197991367904
 
(Filename: ./Runtime/Export/Debug/Debug.bindings.h Line: 35)

02/17/2021 18:56:43: VERSION check their:0.145.6  mine:0.143.5
 
(Filename: ./Runtime/Export/Debug/Debug.bindings.h Line: 35)

02/17/2021 18:56:43: Peer 76561197991367904 has incompatible version, mine:0.143.5 remote 0.145.6
 
(Filename: ./Runtime/Export/Debug/Debug.bindings.h Line: 35)

02/17/2021 18:56:44: RPC_Disconnect 
 
(Filename: ./Runtime/Export/Debug/Debug.bindings.h Line: 35)

02/17/2021 18:56:44: Disposing socket
 
(Filename: ./Runtime/Export/Debug/Debug.bindings.h Line: 35)

02/17/2021 18:56:44: Closing socket 76561197991367904
 
(Filename: ./Runtime/Export/Debug/Debug.bindings.h Line: 35)

02/17/2021 18:56:44:   send queue size:0
 
(Filename: ./Runtime/Export/Debug/Debug.bindings.h Line: 35)

02/17/2021 18:56:44:   P2P state, bytes in send queue:0
 
(Filename: ./Runtime/Export/Debug/Debug.bindings.h Line: 35)

02/17/2021 18:56:44: Disposing socket
 
(Filename: ./Runtime/Export/Debug/Debug.bindings.h Line: 35)

02/17/2021 18:56:44: Closing socket 0
 
(Filename: ./Runtime/Export/Debug/Debug.bindings.h Line: 35)

^C02/17/2021 19:05:06: Game - OnApplicationQuit
 
(Filename: ./Runtime/Export/Debug/Debug.bindings.h Line: 35)

02/17/2021 19:05:06: ZNet Shutdown
 
(Filename: ./Runtime/Export/Debug/Debug.bindings.h Line: 35)

02/17/2021 19:05:06: clone 571
 
(Filename: ./Runtime/Export/Debug/Debug.bindings.h Line: 35)

02/17/2021 19:05:07: Saved 226858 zdos
 
(Filename: ./Runtime/Export/Debug/Debug.bindings.h Line: 35)

02/17/2021 19:05:07: World saved ( 1106.625ms )
 
(Filename: ./Runtime/Export/Debug/Debug.bindings.h Line: 35)

02/17/2021 19:05:08: Sending disconnect msg
 
(Filename: ./Runtime/Export/Debug/Debug.bindings.h Line: 35)

02/17/2021 19:05:08: Disposing socket
 
(Filename: ./Runtime/Export/Debug/Debug.bindings.h Line: 35)

02/17/2021 19:05:08: Closing socket 0
 
(Filename: ./Runtime/Export/Debug/Debug.bindings.h Line: 35)

02/17/2021 19:05:08: Last socket, unregistering callback
 
(Filename: ./Runtime/Export/Debug/Debug.bindings.h Line: 35)

02/17/2021 19:05:08: ZSteamSocket  UnregisterGlobalCallbacks, existing sockets:0
 
(Filename: ./Runtime/Export/Debug/Debug.bindings.h Line: 35)

Setting up 1 worker threads for Enlighten.
  Thread -> id: 7f13ae5ea700 -> priority: 1 
02/17/2021 19:05:08: Steam manager on destroy
 
(Filename: ./Runtime/Export/Debug/Debug.bindings.h Line: 35)

02/17/2021 19:05:08: ZNet OnDestroy
 
(Filename: ./Runtime/Export/Debug/Debug.bindings.h Line: 35)

02/17/2021 19:05:08: Net scene destroyed
 
(Filename: ./Runtime/Export/Debug/Debug.bindings.h Line: 35)

