Initialize engine version: 2019.4.16f1 (e05b6e02d63e)
[Subsystems] Discovering subsystems at path /home/vhserver/serverfiles/valheim_server_Data/UnitySubsystems
Forcing GfxDevice: Null
GfxDevice: creating device client; threaded=0
NullGfxDevice:
    Version:  NULL 1.0 [1.0]
    Renderer: Null Device
    Vendor:   Unity Technologies
Begin MonoManager ReloadAssembly
- Completed reload, in  0.084 seconds
UnloadTime: 1.237551 ms
02/14/2021 04:00:13: Starting to load scene:start
 
(Filename: ./Runtime/Export/Debug/Debug.bindings.h Line: 35)

Couldn't create a Convex Mesh from source mesh "RearBig" within the maximum polygons limit (256). The partial hull will be used. Consider simplifying your mesh. 
(Filename:  Line: 91)

WARNING: Shader Unsupported: 'Autodesk Interactive' - All passes removed
WARNING: Shader Did you use #pragma only_renderers and omit this platform?
HDR Render Texture not supported, disabling HDR on reflection probe. 
(Filename:  Line: 277)

HDR Render Texture not supported, disabling HDR on reflection probe. 
(Filename:  Line: 277)

Unloading 6 Unused Serialized files (Serialized files now loaded: 0)
UnloadTime: 6.629073 ms
Only custom filters can be played. Please add a custom filter or an audioclip to the audiosource (Amb_MainMenu). 
(Filename:  Line: 509)

HDR Render Texture not supported, disabling HDR on reflection probe. 
(Filename:  Line: 277)

Initializing Google Analytics 0.2. 
(Filename: ./Runtime/Export/Debug/Debug.bindings.h Line: 35)

02/14/2021 04:14:17: Initializing world generator seed: ( 0 )   menu:True  worldgen version:1
 
(Filename: ./Runtime/Export/Debug/Debug.bindings.h Line: 35)

02/14/2021 04:14:17: Using mountain distance: 1000
 
(Filename: ./Runtime/Export/Debug/Debug.bindings.h Line: 35)

02/14/2021 04:14:17: Render threading mode:SingleThreaded
 
(Filename: ./Runtime/Export/Debug/Debug.bindings.h Line: 35)

02/14/2021 04:14:17: Get create world abc123
 
(Filename: ./Runtime/Export/Debug/Debug.bindings.h Line: 35)

02/14/2021 04:14:17: Using steam_appid.txt
 
(Filename: ./Runtime/Export/Debug/Debug.bindings.h Line: 35)

02/14/2021 04:14:17: Using steam APPID:892970
 
(Filename: ./Runtime/Export/Debug/Debug.bindings.h Line: 35)

CAppInfoCacheReadFromDiskThread took 1 milliseconds to initialize
CApplicationManagerPopulateThread took 0 milliseconds to initialize (will have waited on CAppInfoCacheReadFromDiskThread)
RecordSteamInterfaceCreation (PID 26633): SteamGameServer012 / GameServer
RecordSteamInterfaceCreation (PID 26633): SteamUtils009 / Utils
Setting breakpad minidump AppID = 892970
RecordSteamInterfaceCreation (PID 26633): SteamGameServer012 / GameServer
RecordSteamInterfaceCreation (PID 26633): SteamUtils009 / Utils
RecordSteamInterfaceCreation (PID 26633): SteamNetworking005 / Networking
RecordSteamInterfaceCreation (PID 26633): SteamGameServerStats001 / GameServerStats
RecordSteamInterfaceCreation (PID 26633): STEAMHTTP_INTERFACE_VERSION002 / HTTP
RecordSteamInterfaceCreation (PID 26633): STEAMINVENTORY_INTERFACE_V002 / Inventory
RecordSteamInterfaceCreation (PID 26633): STEAMUGC_INTERFACE_VERSION010 / UGC
RecordSteamInterfaceCreation (PID 26633): STEAMAPPS_INTERFACE_VERSION008 / Apps
02/14/2021 04:14:17: Server ID 90071992547409920
 
(Filename: ./Runtime/Export/Debug/Debug.bindings.h Line: 35)

02/14/2021 04:14:17: Steam game server initialized
 
(Filename: ./Runtime/Export/Debug/Debug.bindings.h Line: 35)

02/14/2021 04:14:17: Missing audio clip in music respawn
 
(Filename: ./Runtime/Export/Debug/Debug.bindings.h Line: 35)

02/14/2021 04:14:17: Builder started
 
(Filename: ./Runtime/Export/Debug/Debug.bindings.h Line: 35)

02/14/2021 04:14:19: Loaded localization English
 
(Filename: ./Runtime/Export/Debug/Debug.bindings.h Line: 35)

02/14/2021 04:14:19: Game server connected
 
(Filename: ./Runtime/Export/Debug/Debug.bindings.h Line: 35)


Unloading 16 unused Assets to reduce memory usage. Loaded Objects now: 85931.
Total: 67.676055 ms (FindLiveObjects: 4.394373 ms CreateObjectMapping: 10.370914 ms MarkObjects: 52.575104 ms  DeleteObjects: 0.331531 ms)

Unloading 6 Unused Serialized files (Serialized files now loaded: 0)
UnloadTime: 17.725310 ms
HDR Render Texture not supported, disabling HDR on reflection probe. 
(Filename:  Line: 277)

HDR Render Texture not supported, disabling HDR on reflection probe. 
(Filename:  Line: 277)

02/14/2021 04:14:20: Zonesystem Awake 17525631
 
(Filename: ./Runtime/Export/Debug/Debug.bindings.h Line: 35)

02/14/2021 04:14:20: DungeonDB Awake 17525631
 
(Filename: ./Runtime/Export/Debug/Debug.bindings.h Line: 35)

02/14/2021 04:14:20: ZSteamSocket  Registering global callbacks
 
(Filename: ./Runtime/Export/Debug/Debug.bindings.h Line: 35)

02/14/2021 04:14:20: Registering lobby
 
(Filename: ./Runtime/Export/Debug/Debug.bindings.h Line: 35)

02/14/2021 04:14:20: Initializing world generator seed:nepTbzQlS5 ( -1441259986 )   menu:False  worldgen version:1
 
(Filename: ./Runtime/Export/Debug/Debug.bindings.h Line: 35)

02/14/2021 04:14:20: Using mountain distance: 1000
 
(Filename: ./Runtime/Export/Debug/Debug.bindings.h Line: 35)

02/14/2021 04:14:20: Found 596 mountain points
 
(Filename: ./Runtime/Export/Debug/Debug.bindings.h Line: 35)

02/14/2021 04:14:20: Remaining mountains:81
 
(Filename: ./Runtime/Export/Debug/Debug.bindings.h Line: 35)

02/14/2021 04:14:20: Calc time 32.321 ms
 
(Filename: ./Runtime/Export/Debug/Debug.bindings.h Line: 35)

02/14/2021 04:14:20: Found 8216 lake points
 
(Filename: ./Runtime/Export/Debug/Debug.bindings.h Line: 35)

02/14/2021 04:14:22: Remaining lakes:115
 
(Filename: ./Runtime/Export/Debug/Debug.bindings.h Line: 35)

02/14/2021 04:14:22: Calc time 2676.201 ms
 
(Filename: ./Runtime/Export/Debug/Debug.bindings.h Line: 35)

02/14/2021 04:14:22: Rivers:157
 
(Filename: ./Runtime/Export/Debug/Debug.bindings.h Line: 35)

02/14/2021 04:14:23: River buckets 15631
 
(Filename: ./Runtime/Export/Debug/Debug.bindings.h Line: 35)

02/14/2021 04:14:23: River render time 389.219 ms
 
(Filename: ./Runtime/Export/Debug/Debug.bindings.h Line: 35)

02/14/2021 04:14:23: River Calc time 406.287 ms
 
(Filename: ./Runtime/Export/Debug/Debug.bindings.h Line: 35)

02/14/2021 04:14:24: River buckets 24190
 
(Filename: ./Runtime/Export/Debug/Debug.bindings.h Line: 35)

02/14/2021 04:14:24: River render time 603.709 ms
 
(Filename: ./Runtime/Export/Debug/Debug.bindings.h Line: 35)

02/14/2021 04:14:24: Placed 1878 streams
 
(Filename: ./Runtime/Export/Debug/Debug.bindings.h Line: 35)

02/14/2021 04:14:24: Stream Calc time 1492.523 ms
 
(Filename: ./Runtime/Export/Debug/Debug.bindings.h Line: 35)

02/14/2021 04:14:24: Load world abc123
 
(Filename: ./Runtime/Export/Debug/Debug.bindings.h Line: 35)

02/14/2021 04:14:24: Loading 115465 zdos , my id 806010642 data version:26
 
(Filename: ./Runtime/Export/Debug/Debug.bindings.h Line: 35)

02/14/2021 04:14:25: Loaded 36902 dead zdos
 
(Filename: ./Runtime/Export/Debug/Debug.bindings.h Line: 35)

02/14/2021 04:14:25: Removed 0 OLD generated ZDOS
 
(Filename: ./Runtime/Export/Debug/Debug.bindings.h Line: 35)

02/14/2021 04:14:25: Loaded 7132 locations
 
(Filename: ./Runtime/Export/Debug/Debug.bindings.h Line: 35)

02/14/2021 04:14:25: Build settings:10
 
(Filename: ./Runtime/Export/Debug/Debug.bindings.h Line: 35)

02/14/2021 04:14:25: Removing -1233507428
 
(Filename: ./Runtime/Export/Debug/Debug.bindings.h Line: 35)

02/14/2021 04:14:25: Removing 1883198027
 
(Filename: ./Runtime/Export/Debug/Debug.bindings.h Line: 35)

02/14/2021 04:14:25: Removing 868418350
 
(Filename: ./Runtime/Export/Debug/Debug.bindings.h Line: 35)

02/14/2021 04:14:25: Removing -535269195
 
(Filename: ./Runtime/Export/Debug/Debug.bindings.h Line: 35)

02/14/2021 04:14:25: Removing 1547815568
 
(Filename: ./Runtime/Export/Debug/Debug.bindings.h Line: 35)

02/14/2021 04:14:25: Removing -359949137
 
(Filename: ./Runtime/Export/Debug/Debug.bindings.h Line: 35)

02/14/2021 04:14:25: Removing 319464002
 
(Filename: ./Runtime/Export/Debug/Debug.bindings.h Line: 35)

02/14/2021 04:14:25: Removing 1225882809
 
(Filename: ./Runtime/Export/Debug/Debug.bindings.h Line: 35)

02/14/2021 04:14:25: Removing 404029124
 
(Filename: ./Runtime/Export/Debug/Debug.bindings.h Line: 35)

02/14/2021 04:14:25: Audioman already exist, destroying self
 
(Filename: ./Runtime/Export/Debug/Debug.bindings.h Line: 35)


Unloading 490 unused Assets to reduce memory usage. Loaded Objects now: 86244.
Total: 198.274018 ms (FindLiveObjects: 5.993036 ms CreateObjectMapping: 13.999793 ms MarkObjects: 173.053703 ms  DeleteObjects: 5.221836 ms)

02/14/2021 04:14:30: Zonesystem Start 17525631
 
(Filename: ./Runtime/Export/Debug/Debug.bindings.h Line: 35)

02/14/2021 04:14:31: DungeonDB Start 17525631
 
(Filename: ./Runtime/Export/Debug/Debug.bindings.h Line: 35)

Warning: failed to init SDL thread priority manager: SDL not found
02/14/2021 04:15:15: Got session request from 76561198043221849
 
(Filename: ./Runtime/Export/Debug/Debug.bindings.h Line: 35)

02/14/2021 04:15:18: Got handshake from client 76561198043221849
 
(Filename: ./Runtime/Export/Debug/Debug.bindings.h Line: 35)

02/14/2021 04:15:25: VERSION check their:0.143.5  mine:0.143.5
 
(Filename: ./Runtime/Export/Debug/Debug.bindings.h Line: 35)

02/14/2021 04:15:25: Server: New peer connected,sending global keys
 
(Filename: ./Runtime/Export/Debug/Debug.bindings.h Line: 35)

02/14/2021 04:15:34: Got session request from 76561197991367904
 
(Filename: ./Runtime/Export/Debug/Debug.bindings.h Line: 35)

02/14/2021 04:15:35: Got handshake from client 76561197991367904
 
(Filename: ./Runtime/Export/Debug/Debug.bindings.h Line: 35)

02/14/2021 04:15:38: VERSION check their:0.143.5  mine:0.143.5
 
(Filename: ./Runtime/Export/Debug/Debug.bindings.h Line: 35)

02/14/2021 04:15:38: Server: New peer connected,sending global keys
 
(Filename: ./Runtime/Export/Debug/Debug.bindings.h Line: 35)

02/14/2021 04:15:54: Got character ZDOID from Uriel : 1188662157:1
 
(Filename: ./Runtime/Export/Debug/Debug.bindings.h Line: 35)

02/14/2021 04:15:58: Got character ZDOID from Spacey : 115917459:1
 
(Filename: ./Runtime/Export/Debug/Debug.bindings.h Line: 35)

02/14/2021 04:17:22: Got session request from 76561198018752214
 
(Filename: ./Runtime/Export/Debug/Debug.bindings.h Line: 35)

02/14/2021 04:17:26: Got handshake from client 76561198018752214
 
(Filename: ./Runtime/Export/Debug/Debug.bindings.h Line: 35)

02/14/2021 04:17:29: VERSION check their:0.143.5  mine:0.143.5
 
(Filename: ./Runtime/Export/Debug/Debug.bindings.h Line: 35)

02/14/2021 04:17:29: Server: New peer connected,sending global keys
 
(Filename: ./Runtime/Export/Debug/Debug.bindings.h Line: 35)

02/14/2021 04:17:47: Got character ZDOID from Johanegro : 1730405108:1
 
(Filename: ./Runtime/Export/Debug/Debug.bindings.h Line: 35)

02/14/2021 04:23:22: Placed locations in zone -20,-9  duration 83.895 ms
 
(Filename: ./Runtime/Export/Debug/Debug.bindings.h Line: 35)

02/14/2021 04:24:31:  Connections 3 ZDOS:115820  sent:1080 recv:415
 
(Filename: ./Runtime/Export/Debug/Debug.bindings.h Line: 35)

Unloading 6 Unused Serialized files (Serialized files now loaded: 0)

Unloading 9 unused Assets to reduce memory usage. Loaded Objects now: 1116466.
Total: 591.493927 ms (FindLiveObjects: 98.922521 ms CreateObjectMapping: 30.944550 ms MarkObjects: 460.701230 ms  DeleteObjects: 0.920121 ms)

02/14/2021 04:32:41: Possible events:1
 
(Filename: ./Runtime/Export/Debug/Debug.bindings.h Line: 35)

02/14/2021 04:32:41: Random event set:army_eikthyr
 
(Filename: ./Runtime/Export/Debug/Debug.bindings.h Line: 35)

02/14/2021 04:34:31:  Connections 3 ZDOS:115822  sent:504 recv:249
 
(Filename: ./Runtime/Export/Debug/Debug.bindings.h Line: 35)

Unloading 0 Unused Serialized files (Serialized files now loaded: 0)

Unloading 0 unused Assets to reduce memory usage. Loaded Objects now: 1116466.
Total: 565.429183 ms (FindLiveObjects: 94.666513 ms CreateObjectMapping: 32.039042 ms MarkObjects: 437.776734 ms  DeleteObjects: 0.940964 ms)

02/14/2021 04:43:19: RPC_Disconnect 
 
(Filename: ./Runtime/Export/Debug/Debug.bindings.h Line: 35)

02/14/2021 04:43:19: Destroying abandoned non persistent zdo 1188662157:1065 owner 1188662157
 
(Filename: ./Runtime/Export/Debug/Debug.bindings.h Line: 35)

02/14/2021 04:43:19: Destroying abandoned non persistent zdo 1188662157:1 owner 1188662157
 
(Filename: ./Runtime/Export/Debug/Debug.bindings.h Line: 35)

02/14/2021 04:43:19: Destroying abandoned non persistent zdo 1188662157:1653 owner 1188662157
 
(Filename: ./Runtime/Export/Debug/Debug.bindings.h Line: 35)

02/14/2021 04:43:19: Destroying abandoned non persistent zdo 1188662157:1341 owner 1188662157
 
(Filename: ./Runtime/Export/Debug/Debug.bindings.h Line: 35)

02/14/2021 04:43:19: Destroying abandoned non persistent zdo 1188662157:1064 owner 1188662157
 
(Filename: ./Runtime/Export/Debug/Debug.bindings.h Line: 35)

02/14/2021 04:43:19: Destroying abandoned non persistent zdo 1188662157:1368 owner 1188662157
 
(Filename: ./Runtime/Export/Debug/Debug.bindings.h Line: 35)

02/14/2021 04:43:19: Destroying abandoned non persistent zdo 1188662157:1654 owner 1188662157
 
(Filename: ./Runtime/Export/Debug/Debug.bindings.h Line: 35)

02/14/2021 04:43:19: Disposing socket
 
(Filename: ./Runtime/Export/Debug/Debug.bindings.h Line: 35)

02/14/2021 04:43:19: Closing socket 76561198043221849
 
(Filename: ./Runtime/Export/Debug/Debug.bindings.h Line: 35)

02/14/2021 04:43:19:   send queue size:0
 
(Filename: ./Runtime/Export/Debug/Debug.bindings.h Line: 35)

02/14/2021 04:43:19:   P2P state, bytes in send queue:0
 
(Filename: ./Runtime/Export/Debug/Debug.bindings.h Line: 35)

02/14/2021 04:43:19: Disposing socket
 
(Filename: ./Runtime/Export/Debug/Debug.bindings.h Line: 35)

02/14/2021 04:43:19: Closing socket 0
 
(Filename: ./Runtime/Export/Debug/Debug.bindings.h Line: 35)

02/14/2021 04:44:32:  Connections 2 ZDOS:116205  sent:1 recv:645
 
(Filename: ./Runtime/Export/Debug/Debug.bindings.h Line: 35)

Unloading 0 Unused Serialized files (Serialized files now loaded: 0)

Unloading 39 unused Assets to reduce memory usage. Loaded Objects now: 1116466.
Total: 573.791633 ms (FindLiveObjects: 89.936974 ms CreateObjectMapping: 31.454339 ms MarkObjects: 451.421830 ms  DeleteObjects: 0.973694 ms)

02/14/2021 04:44:32: clone 254
 
(Filename: ./Runtime/Export/Debug/Debug.bindings.h Line: 35)

02/14/2021 04:44:33: Saved 116190 zdos
 
(Filename: ./Runtime/Export/Debug/Debug.bindings.h Line: 35)

02/14/2021 04:44:33: World saved ( 933.734ms )
 
(Filename: ./Runtime/Export/Debug/Debug.bindings.h Line: 35)

02/14/2021 04:46:54: Placed locations in zone -13,12  duration 3.291 ms
 
(Filename: ./Runtime/Export/Debug/Debug.bindings.h Line: 35)

02/14/2021 04:54:32:  Connections 2 ZDOS:116419  sent:0 recv:520
 
(Filename: ./Runtime/Export/Debug/Debug.bindings.h Line: 35)

Unloading 0 Unused Serialized files (Serialized files now loaded: 0)

Unloading 3 unused Assets to reduce memory usage. Loaded Objects now: 1116466.
Total: 585.986981 ms (FindLiveObjects: 101.109422 ms CreateObjectMapping: 32.462735 ms MarkObjects: 451.483918 ms  DeleteObjects: 0.925425 ms)

02/14/2021 05:04:32:  Connections 2 ZDOS:116457  sent:318 recv:302
 
(Filename: ./Runtime/Export/Debug/Debug.bindings.h Line: 35)

Unloading 0 Unused Serialized files (Serialized files now loaded: 0)

Unloading 0 unused Assets to reduce memory usage. Loaded Objects now: 1116466.
Total: 590.331263 ms (FindLiveObjects: 96.448536 ms CreateObjectMapping: 32.044640 ms MarkObjects: 461.007943 ms  DeleteObjects: 0.825244 ms)

02/14/2021 05:14:32:  Connections 2 ZDOS:116443  sent:519 recv:504
 
(Filename: ./Runtime/Export/Debug/Debug.bindings.h Line: 35)

Unloading 0 Unused Serialized files (Serialized files now loaded: 0)

Unloading 0 unused Assets to reduce memory usage. Loaded Objects now: 1116466.
Total: 581.533964 ms (FindLiveObjects: 95.105708 ms CreateObjectMapping: 30.925319 ms MarkObjects: 454.529991 ms  DeleteObjects: 0.967988 ms)

02/14/2021 05:14:33: clone 273
 
(Filename: ./Runtime/Export/Debug/Debug.bindings.h Line: 35)

02/14/2021 05:14:34: Saved 116430 zdos
 
(Filename: ./Runtime/Export/Debug/Debug.bindings.h Line: 35)

02/14/2021 05:14:34: World saved ( 972.947ms )
 
(Filename: ./Runtime/Export/Debug/Debug.bindings.h Line: 35)

02/14/2021 05:17:06: Placed locations in zone -15,12  duration 4.789 ms
 
(Filename: ./Runtime/Export/Debug/Debug.bindings.h Line: 35)

02/14/2021 05:17:06: Placed locations in zone -14,12  duration 35.964 ms
 
(Filename: ./Runtime/Export/Debug/Debug.bindings.h Line: 35)

02/14/2021 05:17:10: Placed locations in zone -16,12  duration 34.066 ms
 
(Filename: ./Runtime/Export/Debug/Debug.bindings.h Line: 35)

02/14/2021 05:17:19: Placed locations in zone -14,13  duration 6.235 ms
 
(Filename: ./Runtime/Export/Debug/Debug.bindings.h Line: 35)

02/14/2021 05:17:19: Placed locations in zone -13,13  duration 1.314 ms
 
(Filename: ./Runtime/Export/Debug/Debug.bindings.h Line: 35)

02/14/2021 05:17:30: Placed locations in zone -16,14  duration 7.126 ms
 
(Filename: ./Runtime/Export/Debug/Debug.bindings.h Line: 35)

02/14/2021 05:17:31: Loading dungeon
 
(Filename: ./Runtime/Export/Debug/Debug.bindings.h Line: 35)

02/14/2021 05:17:31: Dungeon loaded 0
 
(Filename: ./Runtime/Export/Debug/Debug.bindings.h Line: 35)

02/14/2021 05:17:31: Dungeon load time 0.615 ms
 
(Filename: ./Runtime/Export/Debug/Debug.bindings.h Line: 35)

02/14/2021 05:17:31: Available rooms:18
 
(Filename: ./Runtime/Export/Debug/Debug.bindings.h Line: 35)

02/14/2021 05:17:31: To place:40
 
(Filename: ./Runtime/Export/Debug/Debug.bindings.h Line: 35)

02/14/2021 05:17:31: Connections 4
 
(Filename: ./Runtime/Export/Debug/Debug.bindings.h Line: 35)

02/14/2021 05:17:31: placed 12 doors
 
(Filename: ./Runtime/Export/Debug/Debug.bindings.h Line: 35)

02/14/2021 05:17:31: Placed 28 rooms
 
(Filename: ./Runtime/Export/Debug/Debug.bindings.h Line: 35)

02/14/2021 05:17:31: Placed locations in zone -14,14  duration 69.379 ms
 
(Filename: ./Runtime/Export/Debug/Debug.bindings.h Line: 35)

02/14/2021 05:17:31: Placed locations in zone -12,14  duration 26.534 ms
 
(Filename: ./Runtime/Export/Debug/Debug.bindings.h Line: 35)

02/14/2021 05:17:43: Placed locations in zone -15,15  duration 0.983 ms
 
(Filename: ./Runtime/Export/Debug/Debug.bindings.h Line: 35)

02/14/2021 05:17:43: Placed locations in zone -13,15  duration 5.681 ms
 
(Filename: ./Runtime/Export/Debug/Debug.bindings.h Line: 35)

02/14/2021 05:18:40: Placed locations in zone -14,19  duration 51.026 ms
 
(Filename: ./Runtime/Export/Debug/Debug.bindings.h Line: 35)

02/14/2021 05:19:33: Placed locations in zone -17,13  duration 90.731 ms
 
(Filename: ./Runtime/Export/Debug/Debug.bindings.h Line: 35)

02/14/2021 05:19:47: Loading dungeon
 
(Filename: ./Runtime/Export/Debug/Debug.bindings.h Line: 35)

02/14/2021 05:19:47: Dungeon loaded 0
 
(Filename: ./Runtime/Export/Debug/Debug.bindings.h Line: 35)

02/14/2021 05:19:47: Dungeon load time 1.178 ms
 
(Filename: ./Runtime/Export/Debug/Debug.bindings.h Line: 35)

02/14/2021 05:19:47: Available rooms:18
 
(Filename: ./Runtime/Export/Debug/Debug.bindings.h Line: 35)

02/14/2021 05:19:47: To place:40
 
(Filename: ./Runtime/Export/Debug/Debug.bindings.h Line: 35)

02/14/2021 05:19:47: Connections 4
 
(Filename: ./Runtime/Export/Debug/Debug.bindings.h Line: 35)

02/14/2021 05:19:47: placed 4 doors
 
(Filename: ./Runtime/Export/Debug/Debug.bindings.h Line: 35)

02/14/2021 05:19:47: Placed 19 rooms
 
(Filename: ./Runtime/Export/Debug/Debug.bindings.h Line: 35)

02/14/2021 05:19:47: Placed locations in zone -18,13  duration 84.745 ms
 
(Filename: ./Runtime/Export/Debug/Debug.bindings.h Line: 35)

02/14/2021 05:19:59: Loading dungeon
 
(Filename: ./Runtime/Export/Debug/Debug.bindings.h Line: 35)

02/14/2021 05:19:59: Dungeon loaded 0
 
(Filename: ./Runtime/Export/Debug/Debug.bindings.h Line: 35)

02/14/2021 05:19:59: Dungeon load time 0.892 ms
 
(Filename: ./Runtime/Export/Debug/Debug.bindings.h Line: 35)

02/14/2021 05:19:59: Available rooms:18
 
(Filename: ./Runtime/Export/Debug/Debug.bindings.h Line: 35)

02/14/2021 05:19:59: To place:40
 
(Filename: ./Runtime/Export/Debug/Debug.bindings.h Line: 35)

02/14/2021 05:19:59: Connections 4
 
(Filename: ./Runtime/Export/Debug/Debug.bindings.h Line: 35)

02/14/2021 05:19:59: cyclic detected , cool
 
(Filename: ./Runtime/Export/Debug/Debug.bindings.h Line: 35)

02/14/2021 05:19:59: cyclic detected , cool
 
(Filename: ./Runtime/Export/Debug/Debug.bindings.h Line: 35)

02/14/2021 05:19:59: placed 8 doors
 
(Filename: ./Runtime/Export/Debug/Debug.bindings.h Line: 35)

02/14/2021 05:19:59: Placed 18 rooms
 
(Filename: ./Runtime/Export/Debug/Debug.bindings.h Line: 35)

02/14/2021 05:19:59: Placed locations in zone -19,13  duration 70.138 ms
 
(Filename: ./Runtime/Export/Debug/Debug.bindings.h Line: 35)

02/14/2021 05:20:11: Placed locations in zone -20,13  duration 7.208 ms
 
(Filename: ./Runtime/Export/Debug/Debug.bindings.h Line: 35)

02/14/2021 05:20:23: Loading dungeon
 
(Filename: ./Runtime/Export/Debug/Debug.bindings.h Line: 35)

02/14/2021 05:20:23: Dungeon loaded 0
 
(Filename: ./Runtime/Export/Debug/Debug.bindings.h Line: 35)

02/14/2021 05:20:23: Dungeon load time 0.793 ms
 
(Filename: ./Runtime/Export/Debug/Debug.bindings.h Line: 35)

02/14/2021 05:20:23: Available rooms:18
 
(Filename: ./Runtime/Export/Debug/Debug.bindings.h Line: 35)

02/14/2021 05:20:23: To place:40
 
(Filename: ./Runtime/Export/Debug/Debug.bindings.h Line: 35)

02/14/2021 05:20:23: Connections 4
 
(Filename: ./Runtime/Export/Debug/Debug.bindings.h Line: 35)

02/14/2021 05:20:23: placed 6 doors
 
(Filename: ./Runtime/Export/Debug/Debug.bindings.h Line: 35)

02/14/2021 05:20:23: Placed 15 rooms
 
(Filename: ./Runtime/Export/Debug/Debug.bindings.h Line: 35)

02/14/2021 05:20:23: Placed locations in zone -21,13  duration 49.935 ms
 
(Filename: ./Runtime/Export/Debug/Debug.bindings.h Line: 35)

02/14/2021 05:20:23: Placed locations in zone -21,14  duration 0.917 ms
 
(Filename: ./Runtime/Export/Debug/Debug.bindings.h Line: 35)

02/14/2021 05:20:35: Placed locations in zone -22,14  duration 5.542 ms
 
(Filename: ./Runtime/Export/Debug/Debug.bindings.h Line: 35)

02/14/2021 05:20:35: Placed locations in zone -22,15  duration 1.244 ms
 
(Filename: ./Runtime/Export/Debug/Debug.bindings.h Line: 35)

02/14/2021 05:20:36: Placed locations in zone -22,21  duration 2.884 ms
 
(Filename: ./Runtime/Export/Debug/Debug.bindings.h Line: 35)

02/14/2021 05:22:56: Placed locations in zone -21,25  duration 4.702 ms
 
(Filename: ./Runtime/Export/Debug/Debug.bindings.h Line: 35)

02/14/2021 05:22:56: Placed locations in zone -19,25  duration 4.711 ms
 
(Filename: ./Runtime/Export/Debug/Debug.bindings.h Line: 35)

02/14/2021 05:22:56: Placed locations in zone -18,25  duration 31.108 ms
 
(Filename: ./Runtime/Export/Debug/Debug.bindings.h Line: 35)

02/14/2021 05:24:33:  Connections 2 ZDOS:128281  sent:347 recv:353
 
(Filename: ./Runtime/Export/Debug/Debug.bindings.h Line: 35)

Unloading 0 Unused Serialized files (Serialized files now loaded: 0)

Unloading 477 unused Assets to reduce memory usage. Loaded Objects now: 1116466.
Total: 582.197304 ms (FindLiveObjects: 92.046683 ms CreateObjectMapping: 30.651670 ms MarkObjects: 457.125400 ms  DeleteObjects: 2.368824 ms)

02/14/2021 05:25:12: Placed locations in zone -20,26  duration 2.151 ms
 
(Filename: ./Runtime/Export/Debug/Debug.bindings.h Line: 35)

02/14/2021 05:32:06: Got character ZDOID from Johanegro : 0:0
 
(Filename: ./Runtime/Export/Debug/Debug.bindings.h Line: 35)

02/14/2021 05:32:14: Got character ZDOID from Johanegro : 1730405108:6412
 
(Filename: ./Runtime/Export/Debug/Debug.bindings.h Line: 35)

02/14/2021 05:34:33:  Connections 2 ZDOS:128817  sent:1 recv:429
 
(Filename: ./Runtime/Export/Debug/Debug.bindings.h Line: 35)

Unloading 0 Unused Serialized files (Serialized files now loaded: 0)

Unloading 45 unused Assets to reduce memory usage. Loaded Objects now: 1116466.
Total: 607.045204 ms (FindLiveObjects: 94.163827 ms CreateObjectMapping: 31.906941 ms MarkObjects: 479.925778 ms  DeleteObjects: 1.043083 ms)

02/14/2021 05:38:24: Placed locations in zone -22,12  duration 0.764 ms
 
(Filename: ./Runtime/Export/Debug/Debug.bindings.h Line: 35)

02/14/2021 05:38:24: Placed locations in zone -20,12  duration 4.641 ms
 
(Filename: ./Runtime/Export/Debug/Debug.bindings.h Line: 35)

02/14/2021 05:38:24: Placed locations in zone -18,12  duration 2.108 ms
 
(Filename: ./Runtime/Export/Debug/Debug.bindings.h Line: 35)

02/14/2021 05:44:33:  Connections 2 ZDOS:130279  sent:1 recv:316
 
(Filename: ./Runtime/Export/Debug/Debug.bindings.h Line: 35)

Unloading 0 Unused Serialized files (Serialized files now loaded: 0)

Unloading 21 unused Assets to reduce memory usage. Loaded Objects now: 1116466.
Total: 582.425607 ms (FindLiveObjects: 92.086473 ms CreateObjectMapping: 32.543670 ms MarkObjects: 456.628683 ms  DeleteObjects: 1.162015 ms)

02/14/2021 05:44:34: clone 277
 
(Filename: ./Runtime/Export/Debug/Debug.bindings.h Line: 35)

02/14/2021 05:44:35: Saved 130266 zdos
 
(Filename: ./Runtime/Export/Debug/Debug.bindings.h Line: 35)

02/14/2021 05:44:35: World saved ( 1023.431ms )
 
(Filename: ./Runtime/Export/Debug/Debug.bindings.h Line: 35)

02/14/2021 05:54:33:  Connections 2 ZDOS:130275  sent:119 recv:119
 
(Filename: ./Runtime/Export/Debug/Debug.bindings.h Line: 35)

Unloading 0 Unused Serialized files (Serialized files now loaded: 0)

Unloading 0 unused Assets to reduce memory usage. Loaded Objects now: 1116466.
Total: 595.598768 ms (FindLiveObjects: 91.435342 ms CreateObjectMapping: 29.455609 ms MarkObjects: 473.677702 ms  DeleteObjects: 1.025262 ms)

02/14/2021 06:04:34:  Connections 2 ZDOS:130458  sent:166 recv:173
 
(Filename: ./Runtime/Export/Debug/Debug.bindings.h Line: 35)

Unloading 0 Unused Serialized files (Serialized files now loaded: 0)

Unloading 24 unused Assets to reduce memory usage. Loaded Objects now: 1116466.
Total: 602.499155 ms (FindLiveObjects: 96.877956 ms CreateObjectMapping: 32.775199 ms MarkObjects: 471.792875 ms  DeleteObjects: 1.048462 ms)

02/14/2021 06:14:34:  Connections 2 ZDOS:130518  sent:758 recv:346
 
(Filename: ./Runtime/Export/Debug/Debug.bindings.h Line: 35)

Unloading 0 Unused Serialized files (Serialized files now loaded: 0)

Unloading 0 unused Assets to reduce memory usage. Loaded Objects now: 1116466.
Total: 594.250129 ms (FindLiveObjects: 92.765178 ms CreateObjectMapping: 31.911671 ms MarkObjects: 468.660809 ms  DeleteObjects: 0.907405 ms)

02/14/2021 06:14:35: clone 286
 
(Filename: ./Runtime/Export/Debug/Debug.bindings.h Line: 35)

02/14/2021 06:14:36: Saved 130488 zdos
 
(Filename: ./Runtime/Export/Debug/Debug.bindings.h Line: 35)

02/14/2021 06:14:36: World saved ( 1009.082ms )
 
(Filename: ./Runtime/Export/Debug/Debug.bindings.h Line: 35)

02/14/2021 06:24:34:  Connections 2 ZDOS:130501  sent:461 recv:497
 
(Filename: ./Runtime/Export/Debug/Debug.bindings.h Line: 35)

Unloading 0 Unused Serialized files (Serialized files now loaded: 0)

Unloading 0 unused Assets to reduce memory usage. Loaded Objects now: 1116466.
Total: 589.233029 ms (FindLiveObjects: 111.132276 ms CreateObjectMapping: 30.672935 ms MarkObjects: 446.458242 ms  DeleteObjects: 0.964346 ms)

02/14/2021 06:34:35:  Connections 2 ZDOS:130516  sent:302 recv:319
 
(Filename: ./Runtime/Export/Debug/Debug.bindings.h Line: 35)

Unloading 0 Unused Serialized files (Serialized files now loaded: 0)

Unloading 0 unused Assets to reduce memory usage. Loaded Objects now: 1116466.
Total: 636.354346 ms (FindLiveObjects: 134.386792 ms CreateObjectMapping: 31.284664 ms MarkObjects: 469.416689 ms  DeleteObjects: 1.260403 ms)

02/14/2021 06:44:35:  Connections 2 ZDOS:130659  sent:207 recv:214
 
(Filename: ./Runtime/Export/Debug/Debug.bindings.h Line: 35)

Unloading 0 Unused Serialized files (Serialized files now loaded: 0)

Unloading 18 unused Assets to reduce memory usage. Loaded Objects now: 1116466.
Total: 620.530142 ms (FindLiveObjects: 93.718167 ms CreateObjectMapping: 33.437362 ms MarkObjects: 492.326035 ms  DeleteObjects: 1.043605 ms)

02/14/2021 06:44:36: clone 336
 
(Filename: ./Runtime/Export/Debug/Debug.bindings.h Line: 35)

02/14/2021 06:44:37: Saved 130645 zdos
 
(Filename: ./Runtime/Export/Debug/Debug.bindings.h Line: 35)

02/14/2021 06:44:37: World saved ( 1038.691ms )
 
(Filename: ./Runtime/Export/Debug/Debug.bindings.h Line: 35)

02/14/2021 06:54:35:  Connections 2 ZDOS:130668  sent:187 recv:180
 
(Filename: ./Runtime/Export/Debug/Debug.bindings.h Line: 35)

Unloading 0 Unused Serialized files (Serialized files now loaded: 0)

Unloading 0 unused Assets to reduce memory usage. Loaded Objects now: 1116466.
Total: 637.263594 ms (FindLiveObjects: 126.959361 ms CreateObjectMapping: 42.304477 ms MarkObjects: 467.127051 ms  DeleteObjects: 0.867387 ms)

02/14/2021 07:04:35:  Connections 2 ZDOS:130679  sent:294 recv:292
 
(Filename: ./Runtime/Export/Debug/Debug.bindings.h Line: 35)

Unloading 0 Unused Serialized files (Serialized files now loaded: 0)

Unloading 0 unused Assets to reduce memory usage. Loaded Objects now: 1116466.
Total: 560.706505 ms (FindLiveObjects: 92.304712 ms CreateObjectMapping: 32.061662 ms MarkObjects: 435.380801 ms  DeleteObjects: 0.954036 ms)

02/14/2021 07:04:45: RPC_Disconnect 
 
(Filename: ./Runtime/Export/Debug/Debug.bindings.h Line: 35)

02/14/2021 07:04:45: Destroying abandoned non persistent zdo 1730405108:17013 owner 1730405108
 
(Filename: ./Runtime/Export/Debug/Debug.bindings.h Line: 35)

02/14/2021 07:04:45: Destroying abandoned non persistent zdo 1730405108:16521 owner 1730405108
 
(Filename: ./Runtime/Export/Debug/Debug.bindings.h Line: 35)

02/14/2021 07:04:45: Destroying abandoned non persistent zdo 1730405108:6412 owner 1730405108
 
(Filename: ./Runtime/Export/Debug/Debug.bindings.h Line: 35)

02/14/2021 07:04:45: Destroying abandoned non persistent zdo 1730405108:17014 owner 1730405108
 
(Filename: ./Runtime/Export/Debug/Debug.bindings.h Line: 35)

02/14/2021 07:04:45: Destroying abandoned non persistent zdo 1730405108:17015 owner 1730405108
 
(Filename: ./Runtime/Export/Debug/Debug.bindings.h Line: 35)

02/14/2021 07:04:45: Destroying abandoned non persistent zdo 1730405108:17016 owner 1730405108
 
(Filename: ./Runtime/Export/Debug/Debug.bindings.h Line: 35)

02/14/2021 07:04:45: Destroying abandoned non persistent zdo 1730405108:14842 owner 1730405108
 
(Filename: ./Runtime/Export/Debug/Debug.bindings.h Line: 35)

02/14/2021 07:04:45: Disposing socket
 
(Filename: ./Runtime/Export/Debug/Debug.bindings.h Line: 35)

02/14/2021 07:04:45: Closing socket 76561198018752214
 
(Filename: ./Runtime/Export/Debug/Debug.bindings.h Line: 35)

02/14/2021 07:04:45:   send queue size:0
 
(Filename: ./Runtime/Export/Debug/Debug.bindings.h Line: 35)

02/14/2021 07:04:45:   P2P state, bytes in send queue:0
 
(Filename: ./Runtime/Export/Debug/Debug.bindings.h Line: 35)

02/14/2021 07:04:45: Disposing socket
 
(Filename: ./Runtime/Export/Debug/Debug.bindings.h Line: 35)

02/14/2021 07:04:45: Closing socket 0
 
(Filename: ./Runtime/Export/Debug/Debug.bindings.h Line: 35)

02/14/2021 07:14:36:  Connections 1 ZDOS:130754  sent:0 recv:288
 
(Filename: ./Runtime/Export/Debug/Debug.bindings.h Line: 35)

Unloading 0 Unused Serialized files (Serialized files now loaded: 0)

Unloading 0 unused Assets to reduce memory usage. Loaded Objects now: 1116466.
Total: 589.207261 ms (FindLiveObjects: 94.991708 ms CreateObjectMapping: 30.139723 ms MarkObjects: 463.058268 ms  DeleteObjects: 1.012229 ms)

02/14/2021 07:14:37: clone 283
 
(Filename: ./Runtime/Export/Debug/Debug.bindings.h Line: 35)

02/14/2021 07:14:38: Saved 130727 zdos
 
(Filename: ./Runtime/Export/Debug/Debug.bindings.h Line: 35)

02/14/2021 07:14:38: World saved ( 1021.979ms )
 
(Filename: ./Runtime/Export/Debug/Debug.bindings.h Line: 35)

02/14/2021 07:24:36:  Connections 1 ZDOS:130787  sent:0 recv:265
 
(Filename: ./Runtime/Export/Debug/Debug.bindings.h Line: 35)

Unloading 0 Unused Serialized files (Serialized files now loaded: 0)

Unloading 0 unused Assets to reduce memory usage. Loaded Objects now: 1116466.
Total: 632.293194 ms (FindLiveObjects: 100.017802 ms CreateObjectMapping: 32.320593 ms MarkObjects: 498.993693 ms  DeleteObjects: 0.954620 ms)

02/14/2021 07:34:36:  Connections 1 ZDOS:130868  sent:0 recv:332
 
(Filename: ./Runtime/Export/Debug/Debug.bindings.h Line: 35)

Unloading 0 Unused Serialized files (Serialized files now loaded: 0)

Unloading 0 unused Assets to reduce memory usage. Loaded Objects now: 1116466.
Total: 656.710216 ms (FindLiveObjects: 127.230243 ms CreateObjectMapping: 30.852777 ms MarkObjects: 497.464241 ms  DeleteObjects: 1.157072 ms)

02/14/2021 07:44:37:  Connections 1 ZDOS:130947  sent:0 recv:315
 
(Filename: ./Runtime/Export/Debug/Debug.bindings.h Line: 35)

Unloading 0 Unused Serialized files (Serialized files now loaded: 0)

Unloading 0 unused Assets to reduce memory usage. Loaded Objects now: 1116466.
Total: 628.793055 ms (FindLiveObjects: 125.462734 ms CreateObjectMapping: 31.267969 ms MarkObjects: 471.062315 ms  DeleteObjects: 0.994963 ms)

02/14/2021 07:44:38: clone 312
 
(Filename: ./Runtime/Export/Debug/Debug.bindings.h Line: 35)

02/14/2021 07:44:39: Saved 130939 zdos
 
(Filename: ./Runtime/Export/Debug/Debug.bindings.h Line: 35)

02/14/2021 07:44:39: World saved ( 1106.786ms )
 
(Filename: ./Runtime/Export/Debug/Debug.bindings.h Line: 35)

02/14/2021 07:54:37:  Connections 1 ZDOS:131004  sent:0 recv:294
 
(Filename: ./Runtime/Export/Debug/Debug.bindings.h Line: 35)

Unloading 0 Unused Serialized files (Serialized files now loaded: 0)

Unloading 0 unused Assets to reduce memory usage. Loaded Objects now: 1116466.
Total: 629.628608 ms (FindLiveObjects: 131.039304 ms CreateObjectMapping: 36.617037 ms MarkObjects: 461.038760 ms  DeleteObjects: 0.928397 ms)

^C02/14/2021 08:00:05: Game - OnApplicationQuit
 
(Filename: ./Runtime/Export/Debug/Debug.bindings.h Line: 35)

02/14/2021 08:00:05: ZNet Shutdown
 
(Filename: ./Runtime/Export/Debug/Debug.bindings.h Line: 35)

02/14/2021 08:00:06: clone 387
 
(Filename: ./Runtime/Export/Debug/Debug.bindings.h Line: 35)

02/14/2021 08:00:06: Saved 131113 zdos
 
(Filename: ./Runtime/Export/Debug/Debug.bindings.h Line: 35)

02/14/2021 08:00:06: World saved ( 509.119ms )
 
(Filename: ./Runtime/Export/Debug/Debug.bindings.h Line: 35)

02/14/2021 08:00:06: Sending disconnect msg
 
(Filename: ./Runtime/Export/Debug/Debug.bindings.h Line: 35)

02/14/2021 08:00:06: Sent to 76561197991367904
 
(Filename: ./Runtime/Export/Debug/Debug.bindings.h Line: 35)

02/14/2021 08:00:06: Disposing socket
 
(Filename: ./Runtime/Export/Debug/Debug.bindings.h Line: 35)

02/14/2021 08:00:06: Closing socket 0
 
(Filename: ./Runtime/Export/Debug/Debug.bindings.h Line: 35)

02/14/2021 08:00:06: Disposing socket
 
(Filename: ./Runtime/Export/Debug/Debug.bindings.h Line: 35)

02/14/2021 08:00:06: Closing socket 76561197991367904
 
(Filename: ./Runtime/Export/Debug/Debug.bindings.h Line: 35)

02/14/2021 08:00:06:   send queue size:0
 
(Filename: ./Runtime/Export/Debug/Debug.bindings.h Line: 35)

02/14/2021 08:00:07:   P2P state, bytes in send queue:0
 
(Filename: ./Runtime/Export/Debug/Debug.bindings.h Line: 35)

02/14/2021 08:00:07: Last socket, unregistering callback
 
(Filename: ./Runtime/Export/Debug/Debug.bindings.h Line: 35)

02/14/2021 08:00:07: ZSteamSocket  UnregisterGlobalCallbacks, existing sockets:0
 
(Filename: ./Runtime/Export/Debug/Debug.bindings.h Line: 35)

02/14/2021 08:00:07: Disposing socket
 
(Filename: ./Runtime/Export/Debug/Debug.bindings.h Line: 35)

02/14/2021 08:00:07: Closing socket 0
 
(Filename: ./Runtime/Export/Debug/Debug.bindings.h Line: 35)

02/14/2021 08:00:07: Last socket, unregistering callback
 
(Filename: ./Runtime/Export/Debug/Debug.bindings.h Line: 35)

02/14/2021 08:00:07: ZSteamSocket  UnregisterGlobalCallbacks, existing sockets:0
 
(Filename: ./Runtime/Export/Debug/Debug.bindings.h Line: 35)

Setting up 1 worker threads for Enlighten.
  Thread -> id: 7f32ace23700 -> priority: 1 
02/14/2021 08:00:08: Steam manager on destroy
 
(Filename: ./Runtime/Export/Debug/Debug.bindings.h Line: 35)

02/14/2021 08:00:08: ZNet OnDestroy
 
(Filename: ./Runtime/Export/Debug/Debug.bindings.h Line: 35)

02/14/2021 08:00:08: Net scene destroyed
 
(Filename: ./Runtime/Export/Debug/Debug.bindings.h Line: 35)

