
Initialize engine version: 2019.4.20f1 (6dd1c08eedfa)
[Subsystems] Discovering subsystems at path /home/vhserver/serverfiles/valheim_server_Data/UnitySubsystems
Forcing GfxDevice: Null
GfxDevice: creating device client; threaded=0
NullGfxDevice:
    Version:  NULL 1.0 [1.0]
    Renderer: Null Device
    Vendor:   Unity Technologies
Begin MonoManager ReloadAssembly
- Completed reload, in  0.098 seconds
UnloadTime: 1.199972 ms
02/20/2021 01:00:18: Starting to load scene:start
 
(Filename: ./Runtime/Export/Debug/Debug.bindings.h Line: 35)

Couldn't create a Convex Mesh from source mesh "RearBig" within the maximum polygons limit (256). The partial hull will be used. Consider simplifying your mesh. 
(Filename:  Line: 91)

HDR Render Texture not supported, disabling HDR on reflection probe. 
(Filename:  Line: 277)

HDR Render Texture not supported, disabling HDR on reflection probe. 
(Filename:  Line: 277)

Unloading 6 Unused Serialized files (Serialized files now loaded: 0)
UnloadTime: 6.066468 ms
Only custom filters can be played. Please add a custom filter or an audioclip to the audiosource (Amb_MainMenu). 
(Filename:  Line: 509)

HDR Render Texture not supported, disabling HDR on reflection probe. 
(Filename:  Line: 277)

02/20/2021 01:15:09: Initializing world generator seed: ( 0 )   menu:True  worldgen version:1
 
(Filename: ./Runtime/Export/Debug/Debug.bindings.h Line: 35)

02/20/2021 01:15:09: Using mountain distance: 1000
 
(Filename: ./Runtime/Export/Debug/Debug.bindings.h Line: 35)

02/20/2021 01:15:09: Render threading mode:SingleThreaded
 
(Filename: ./Runtime/Export/Debug/Debug.bindings.h Line: 35)

02/20/2021 01:15:09: Get create world abc123
 
(Filename: ./Runtime/Export/Debug/Debug.bindings.h Line: 35)

02/20/2021 01:15:09: Using steam_appid.txt
 
(Filename: ./Runtime/Export/Debug/Debug.bindings.h Line: 35)

02/20/2021 01:15:09: Using steam APPID:892970
 
(Filename: ./Runtime/Export/Debug/Debug.bindings.h Line: 35)

CAppInfoCacheReadFromDiskThread took 1 milliseconds to initialize
CApplicationManagerPopulateThread took 0 milliseconds to initialize (will have waited on CAppInfoCacheReadFromDiskThread)
RecordSteamInterfaceCreation (PID 8313): SteamGameServer012 / GameServer
RecordSteamInterfaceCreation (PID 8313): SteamUtils009 / Utils
Setting breakpad minidump AppID = 892970
RecordSteamInterfaceCreation (PID 8313): SteamGameServer012 / GameServer
RecordSteamInterfaceCreation (PID 8313): SteamUtils009 / Utils
RecordSteamInterfaceCreation (PID 8313): SteamNetworking005 / Networking
RecordSteamInterfaceCreation (PID 8313): SteamGameServerStats001 / GameServerStats
RecordSteamInterfaceCreation (PID 8313): STEAMHTTP_INTERFACE_VERSION002 / HTTP
RecordSteamInterfaceCreation (PID 8313): STEAMINVENTORY_INTERFACE_V002 / Inventory
RecordSteamInterfaceCreation (PID 8313): STEAMUGC_INTERFACE_VERSION010 / UGC
RecordSteamInterfaceCreation (PID 8313): STEAMAPPS_INTERFACE_VERSION008 / Apps
02/20/2021 01:15:09: Server ID 90071992547409920
 
(Filename: ./Runtime/Export/Debug/Debug.bindings.h Line: 35)

02/20/2021 01:15:09: Steam game server initialized
 
(Filename: ./Runtime/Export/Debug/Debug.bindings.h Line: 35)

02/20/2021 01:15:09: Missing audio clip in music respawn
 
(Filename: ./Runtime/Export/Debug/Debug.bindings.h Line: 35)

02/20/2021 01:15:09: Builder started
 
(Filename: ./Runtime/Export/Debug/Debug.bindings.h Line: 35)

02/20/2021 01:15:11: Loaded localization English
 
(Filename: ./Runtime/Export/Debug/Debug.bindings.h Line: 35)

02/20/2021 01:15:11: Game server connected
 
(Filename: ./Runtime/Export/Debug/Debug.bindings.h Line: 35)


Unloading 16 unused Assets to reduce memory usage. Loaded Objects now: 85935.
Total: 69.376138 ms (FindLiveObjects: 4.265423 ms CreateObjectMapping: 12.026197 ms MarkObjects: 52.422289 ms  DeleteObjects: 0.657543 ms)

Unloading 6 Unused Serialized files (Serialized files now loaded: 0)
UnloadTime: 18.297329 ms
HDR Render Texture not supported, disabling HDR on reflection probe. 
(Filename:  Line: 277)

HDR Render Texture not supported, disabling HDR on reflection probe. 
(Filename:  Line: 277)

02/20/2021 01:15:12: Zonesystem Awake 15226728
 
(Filename: ./Runtime/Export/Debug/Debug.bindings.h Line: 35)

02/20/2021 01:15:12: DungeonDB Awake 15226728
 
(Filename: ./Runtime/Export/Debug/Debug.bindings.h Line: 35)

02/20/2021 01:15:12: ZSteamSocket  Registering global callbacks
 
(Filename: ./Runtime/Export/Debug/Debug.bindings.h Line: 35)

02/20/2021 01:15:12: Registering lobby
 
(Filename: ./Runtime/Export/Debug/Debug.bindings.h Line: 35)

02/20/2021 01:15:12: Initializing world generator seed:nepTbzQlS5 ( -1441259986 )   menu:False  worldgen version:1
 
(Filename: ./Runtime/Export/Debug/Debug.bindings.h Line: 35)

02/20/2021 01:15:12: Using mountain distance: 1000
 
(Filename: ./Runtime/Export/Debug/Debug.bindings.h Line: 35)

02/20/2021 01:15:12: Found 596 mountain points
 
(Filename: ./Runtime/Export/Debug/Debug.bindings.h Line: 35)

02/20/2021 01:15:12: Remaining mountains:81
 
(Filename: ./Runtime/Export/Debug/Debug.bindings.h Line: 35)

02/20/2021 01:15:12: Calc time 32.322 ms
 
(Filename: ./Runtime/Export/Debug/Debug.bindings.h Line: 35)

02/20/2021 01:15:12: Found 8216 lake points
 
(Filename: ./Runtime/Export/Debug/Debug.bindings.h Line: 35)

02/20/2021 01:15:14: Remaining lakes:115
 
(Filename: ./Runtime/Export/Debug/Debug.bindings.h Line: 35)

02/20/2021 01:15:14: Calc time 2664.098 ms
 
(Filename: ./Runtime/Export/Debug/Debug.bindings.h Line: 35)

02/20/2021 01:15:14: Rivers:157
 
(Filename: ./Runtime/Export/Debug/Debug.bindings.h Line: 35)

02/20/2021 01:15:15: River buckets 15631
 
(Filename: ./Runtime/Export/Debug/Debug.bindings.h Line: 35)

02/20/2021 01:15:15: River render time 433.823 ms
 
(Filename: ./Runtime/Export/Debug/Debug.bindings.h Line: 35)

02/20/2021 01:15:15: River Calc time 454.923 ms
 
(Filename: ./Runtime/Export/Debug/Debug.bindings.h Line: 35)

02/20/2021 01:15:16: River buckets 24190
 
(Filename: ./Runtime/Export/Debug/Debug.bindings.h Line: 35)

02/20/2021 01:15:16: River render time 635.296 ms
 
(Filename: ./Runtime/Export/Debug/Debug.bindings.h Line: 35)

02/20/2021 01:15:16: Placed 1878 streams
 
(Filename: ./Runtime/Export/Debug/Debug.bindings.h Line: 35)

02/20/2021 01:15:16: Stream Calc time 1566.74 ms
 
(Filename: ./Runtime/Export/Debug/Debug.bindings.h Line: 35)

02/20/2021 01:15:16: Load world abc123
 
(Filename: ./Runtime/Export/Debug/Debug.bindings.h Line: 35)

02/20/2021 01:15:16: Loading 322229 zdos , my id 556959066 data version:26
 
(Filename: ./Runtime/Export/Debug/Debug.bindings.h Line: 35)

02/20/2021 01:15:18: Loaded 100000 dead zdos
 
(Filename: ./Runtime/Export/Debug/Debug.bindings.h Line: 35)

02/20/2021 01:15:18: Removed 0 OLD generated ZDOS
 
(Filename: ./Runtime/Export/Debug/Debug.bindings.h Line: 35)

02/20/2021 01:15:18: Loaded 7132 locations
 
(Filename: ./Runtime/Export/Debug/Debug.bindings.h Line: 35)

02/20/2021 01:15:18: Audioman already exist, destroying self
 
(Filename: ./Runtime/Export/Debug/Debug.bindings.h Line: 35)


Unloading 490 unused Assets to reduce memory usage. Loaded Objects now: 86248.
Total: 407.275260 ms (FindLiveObjects: 7.881251 ms CreateObjectMapping: 13.474265 ms MarkObjects: 380.965961 ms  DeleteObjects: 4.947975 ms)

02/20/2021 01:15:24: Zonesystem Start 15226728
 
(Filename: ./Runtime/Export/Debug/Debug.bindings.h Line: 35)

02/20/2021 01:15:24: DungeonDB Start 15226728
 
(Filename: ./Runtime/Export/Debug/Debug.bindings.h Line: 35)

Warning: failed to init SDL thread priority manager: SDL not found
02/20/2021 01:16:02: Got session request from 76561198043221849
 
(Filename: ./Runtime/Export/Debug/Debug.bindings.h Line: 35)

02/20/2021 01:16:06: Got handshake from client 76561198043221849
 
(Filename: ./Runtime/Export/Debug/Debug.bindings.h Line: 35)

02/20/2021 01:16:10: VERSION check their:0.145.6  mine:0.145.6
 
(Filename: ./Runtime/Export/Debug/Debug.bindings.h Line: 35)

02/20/2021 01:16:10: Server: New peer connected,sending global keys
 
(Filename: ./Runtime/Export/Debug/Debug.bindings.h Line: 35)

02/20/2021 01:16:38: Got character ZDOID from Uriel : 1699886545:1
 
(Filename: ./Runtime/Export/Debug/Debug.bindings.h Line: 35)

02/20/2021 01:18:51: Got session request from 76561197991367904
 
(Filename: ./Runtime/Export/Debug/Debug.bindings.h Line: 35)

02/20/2021 01:18:56: Got handshake from client 76561197991367904
 
(Filename: ./Runtime/Export/Debug/Debug.bindings.h Line: 35)

02/20/2021 01:18:58: VERSION check their:0.145.6  mine:0.145.6
 
(Filename: ./Runtime/Export/Debug/Debug.bindings.h Line: 35)

02/20/2021 01:18:58: Server: New peer connected,sending global keys
 
(Filename: ./Runtime/Export/Debug/Debug.bindings.h Line: 35)

02/20/2021 01:19:17: Got character ZDOID from Spacey : 1325239081:1
 
(Filename: ./Runtime/Export/Debug/Debug.bindings.h Line: 35)

02/20/2021 01:25:25:  Connections 2 ZDOS:322253  sent:409 recv:429
 
(Filename: ./Runtime/Export/Debug/Debug.bindings.h Line: 35)

Unloading 6 Unused Serialized files (Serialized files now loaded: 0)

Unloading 6 unused Assets to reduce memory usage. Loaded Objects now: 1116725.
Total: 772.370016 ms (FindLiveObjects: 103.335869 ms CreateObjectMapping: 32.103140 ms MarkObjects: 635.937654 ms  DeleteObjects: 0.988360 ms)

02/20/2021 01:28:13: Time 286302.539652374, day:158    nextm:286470.000010729  skipspeed:13.9550298629329
 
(Filename: ./Runtime/Export/Debug/Debug.bindings.h Line: 35)

02/20/2021 01:35:25:  Connections 2 ZDOS:322236  sent:810 recv:174
 
(Filename: ./Runtime/Export/Debug/Debug.bindings.h Line: 35)

Unloading 0 Unused Serialized files (Serialized files now loaded: 0)

Unloading 0 unused Assets to reduce memory usage. Loaded Objects now: 1116725.
Total: 740.838296 ms (FindLiveObjects: 117.461663 ms CreateObjectMapping: 32.915921 ms MarkObjects: 589.494270 ms  DeleteObjects: 0.961258 ms)

02/20/2021 01:35:27: clone 819
 
(Filename: ./Runtime/Export/Debug/Debug.bindings.h Line: 35)

02/20/2021 01:35:29: Saved 322227 zdos
 
(Filename: ./Runtime/Export/Debug/Debug.bindings.h Line: 35)

02/20/2021 01:35:29: World saved ( 1731.865ms )
 
(Filename: ./Runtime/Export/Debug/Debug.bindings.h Line: 35)

02/20/2021 01:45:26:  Connections 2 ZDOS:322199  sent:548 recv:506
 
(Filename: ./Runtime/Export/Debug/Debug.bindings.h Line: 35)

Unloading 0 Unused Serialized files (Serialized files now loaded: 0)

Unloading 0 unused Assets to reduce memory usage. Loaded Objects now: 1116725.
Total: 788.309084 ms (FindLiveObjects: 105.176583 ms CreateObjectMapping: 34.459054 ms MarkObjects: 647.693484 ms  DeleteObjects: 0.974755 ms)

02/20/2021 01:55:27:  Connections 2 ZDOS:322115  sent:487 recv:443
 
(Filename: ./Runtime/Export/Debug/Debug.bindings.h Line: 35)

Unloading 0 Unused Serialized files (Serialized files now loaded: 0)

Unloading 0 unused Assets to reduce memory usage. Loaded Objects now: 1116725.
Total: 795.910633 ms (FindLiveObjects: 100.829904 ms CreateObjectMapping: 32.077559 ms MarkObjects: 660.954610 ms  DeleteObjects: 2.042901 ms)

02/20/2021 01:55:29: clone 980
 
(Filename: ./Runtime/Export/Debug/Debug.bindings.h Line: 35)

02/20/2021 01:55:31: Saved 322095 zdos
 
(Filename: ./Runtime/Export/Debug/Debug.bindings.h Line: 35)

02/20/2021 01:55:31: World saved ( 2096.802ms )
 
(Filename: ./Runtime/Export/Debug/Debug.bindings.h Line: 35)

02/20/2021 01:56:32: Time 288154.799973071, day:159    nextm:288270.000010729  skipspeed:9.60000313818455
 
(Filename: ./Runtime/Export/Debug/Debug.bindings.h Line: 35)

02/20/2021 02:05:28:  Connections 2 ZDOS:322224  sent:371 recv:440
 
(Filename: ./Runtime/Export/Debug/Debug.bindings.h Line: 35)

Unloading 0 Unused Serialized files (Serialized files now loaded: 0)

Unloading 3 unused Assets to reduce memory usage. Loaded Objects now: 1116725.
Total: 786.219762 ms (FindLiveObjects: 99.613474 ms CreateObjectMapping: 31.418931 ms MarkObjects: 653.352229 ms  DeleteObjects: 1.829645 ms)

02/20/2021 02:15:28:  Connections 2 ZDOS:322218  sent:373 recv:399
 
(Filename: ./Runtime/Export/Debug/Debug.bindings.h Line: 35)

Unloading 0 Unused Serialized files (Serialized files now loaded: 0)

Unloading 3 unused Assets to reduce memory usage. Loaded Objects now: 1116725.
Total: 881.587728 ms (FindLiveObjects: 133.302392 ms CreateObjectMapping: 32.311374 ms MarkObjects: 713.870311 ms  DeleteObjects: 2.097823 ms)

02/20/2021 02:15:31: clone 1111
 
(Filename: ./Runtime/Export/Debug/Debug.bindings.h Line: 35)

02/20/2021 02:15:32: Saved 322180 zdos
 
(Filename: ./Runtime/Export/Debug/Debug.bindings.h Line: 35)

02/20/2021 02:15:32: World saved ( 1421.233ms )
 
(Filename: ./Runtime/Export/Debug/Debug.bindings.h Line: 35)

02/20/2021 02:25:30:  Connections 2 ZDOS:322285  sent:418 recv:428
 
(Filename: ./Runtime/Export/Debug/Debug.bindings.h Line: 35)

Unloading 0 Unused Serialized files (Serialized files now loaded: 0)

Unloading 0 unused Assets to reduce memory usage. Loaded Objects now: 1116725.
Total: 754.932977 ms (FindLiveObjects: 93.692373 ms CreateObjectMapping: 32.903567 ms MarkObjects: 627.381296 ms  DeleteObjects: 0.950660 ms)

02/20/2021 02:35:30:  Connections 2 ZDOS:322277  sent:204 recv:228
 
(Filename: ./Runtime/Export/Debug/Debug.bindings.h Line: 35)

Unloading 0 Unused Serialized files (Serialized files now loaded: 0)

Unloading 0 unused Assets to reduce memory usage. Loaded Objects now: 1116725.
Total: 892.370685 ms (FindLiveObjects: 132.577009 ms CreateObjectMapping: 36.816927 ms MarkObjects: 721.874031 ms  DeleteObjects: 1.096635 ms)

02/20/2021 02:35:33: clone 759
 
(Filename: ./Runtime/Export/Debug/Debug.bindings.h Line: 35)

02/20/2021 02:35:34: Saved 322232 zdos
 
(Filename: ./Runtime/Export/Debug/Debug.bindings.h Line: 35)

02/20/2021 02:35:34: World saved ( 1529.424ms )
 
(Filename: ./Runtime/Export/Debug/Debug.bindings.h Line: 35)

02/20/2021 02:45:31:  Connections 2 ZDOS:322296  sent:221 recv:225
 
(Filename: ./Runtime/Export/Debug/Debug.bindings.h Line: 35)

Unloading 0 Unused Serialized files (Serialized files now loaded: 0)

Unloading 0 unused Assets to reduce memory usage. Loaded Objects now: 1116725.
Total: 704.607553 ms (FindLiveObjects: 97.209215 ms CreateObjectMapping: 31.712571 ms MarkObjects: 574.587179 ms  DeleteObjects: 1.092508 ms)

02/20/2021 02:55:32:  Connections 2 ZDOS:322300  sent:488 recv:467
 
(Filename: ./Runtime/Export/Debug/Debug.bindings.h Line: 35)

Unloading 0 Unused Serialized files (Serialized files now loaded: 0)

Unloading 0 unused Assets to reduce memory usage. Loaded Objects now: 1116725.
Total: 782.236646 ms (FindLiveObjects: 142.071792 ms CreateObjectMapping: 31.428757 ms MarkObjects: 607.767439 ms  DeleteObjects: 0.963315 ms)

02/20/2021 02:55:34: clone 869
 
(Filename: ./Runtime/Export/Debug/Debug.bindings.h Line: 35)

02/20/2021 02:55:36: Saved 322253 zdos
 
(Filename: ./Runtime/Export/Debug/Debug.bindings.h Line: 35)

02/20/2021 02:55:36: World saved ( 1604.704ms )
 
(Filename: ./Runtime/Export/Debug/Debug.bindings.h Line: 35)

02/20/2021 02:56:53: Got session request from 76561198018903555
 
(Filename: ./Runtime/Export/Debug/Debug.bindings.h Line: 35)

02/20/2021 02:56:56: Got handshake from client 76561198018903555
 
(Filename: ./Runtime/Export/Debug/Debug.bindings.h Line: 35)

02/20/2021 02:57:01: VERSION check their:0.145.6  mine:0.145.6
 
(Filename: ./Runtime/Export/Debug/Debug.bindings.h Line: 35)

02/20/2021 02:57:01: Peer 76561198018903555 has wrong password
 
(Filename: ./Runtime/Export/Debug/Debug.bindings.h Line: 35)

02/20/2021 02:57:01: RPC_Disconnect 
 
(Filename: ./Runtime/Export/Debug/Debug.bindings.h Line: 35)

02/20/2021 02:57:01: Disposing socket
 
(Filename: ./Runtime/Export/Debug/Debug.bindings.h Line: 35)

02/20/2021 02:57:01: Closing socket 76561198018903555
 
(Filename: ./Runtime/Export/Debug/Debug.bindings.h Line: 35)

02/20/2021 02:57:01:   send queue size:0
 
(Filename: ./Runtime/Export/Debug/Debug.bindings.h Line: 35)

02/20/2021 02:57:01:   P2P state, bytes in send queue:0
 
(Filename: ./Runtime/Export/Debug/Debug.bindings.h Line: 35)

02/20/2021 02:57:01: Disposing socket
 
(Filename: ./Runtime/Export/Debug/Debug.bindings.h Line: 35)

02/20/2021 02:57:01: Closing socket 0
 
(Filename: ./Runtime/Export/Debug/Debug.bindings.h Line: 35)

02/20/2021 02:57:18: Got session request from 76561198018903555
 
(Filename: ./Runtime/Export/Debug/Debug.bindings.h Line: 35)

02/20/2021 02:57:22: Got handshake from client 76561198018903555
 
(Filename: ./Runtime/Export/Debug/Debug.bindings.h Line: 35)

02/20/2021 02:57:27: VERSION check their:0.145.6  mine:0.145.6
 
(Filename: ./Runtime/Export/Debug/Debug.bindings.h Line: 35)

02/20/2021 02:57:27: Server: New peer connected,sending global keys
 
(Filename: ./Runtime/Export/Debug/Debug.bindings.h Line: 35)

02/20/2021 02:57:44: Got character ZDOID from Bjørn : -559927783:1
 
(Filename: ./Runtime/Export/Debug/Debug.bindings.h Line: 35)

02/20/2021 02:58:29: Placed locations in zone 0,16  duration 7.75 ms
 
(Filename: ./Runtime/Export/Debug/Debug.bindings.h Line: 35)

02/20/2021 03:05:33:  Connections 3 ZDOS:323107  sent:68 recv:308
 
(Filename: ./Runtime/Export/Debug/Debug.bindings.h Line: 35)

Unloading 0 Unused Serialized files (Serialized files now loaded: 0)

Unloading 69 unused Assets to reduce memory usage. Loaded Objects now: 1116725.
Total: 778.220418 ms (FindLiveObjects: 116.227270 ms CreateObjectMapping: 31.841103 ms MarkObjects: 628.690694 ms  DeleteObjects: 1.455531 ms)

02/20/2021 03:09:20: Got session request from 76561198018752214
 
(Filename: ./Runtime/Export/Debug/Debug.bindings.h Line: 35)

02/20/2021 03:09:24: Got handshake from client 76561198018752214
 
(Filename: ./Runtime/Export/Debug/Debug.bindings.h Line: 35)

02/20/2021 03:09:29: VERSION check their:0.145.6  mine:0.145.6
 
(Filename: ./Runtime/Export/Debug/Debug.bindings.h Line: 35)

02/20/2021 03:09:29: Server: New peer connected,sending global keys
 
(Filename: ./Runtime/Export/Debug/Debug.bindings.h Line: 35)

02/20/2021 03:09:48: Got character ZDOID from Johanegro : 2106520458:1
 
(Filename: ./Runtime/Export/Debug/Debug.bindings.h Line: 35)

02/20/2021 03:15:33:  Connections 4 ZDOS:323070  sent:465 recv:656
 
(Filename: ./Runtime/Export/Debug/Debug.bindings.h Line: 35)

Unloading 0 Unused Serialized files (Serialized files now loaded: 0)

Unloading 0 unused Assets to reduce memory usage. Loaded Objects now: 1116725.
Total: 884.379304 ms (FindLiveObjects: 133.859954 ms CreateObjectMapping: 32.803058 ms MarkObjects: 716.736013 ms  DeleteObjects: 0.974610 ms)

02/20/2021 03:15:36: clone 818
 
(Filename: ./Runtime/Export/Debug/Debug.bindings.h Line: 35)

02/20/2021 03:15:39: Saved 323045 zdos
 
(Filename: ./Runtime/Export/Debug/Debug.bindings.h Line: 35)

02/20/2021 03:15:39: World saved ( 2752.198ms )
 
(Filename: ./Runtime/Export/Debug/Debug.bindings.h Line: 35)

02/20/2021 03:24:20: Placed locations in zone -44,18  duration 10.996 ms
 
(Filename: ./Runtime/Export/Debug/Debug.bindings.h Line: 35)

02/20/2021 03:25:04: Loading dungeon
 
(Filename: ./Runtime/Export/Debug/Debug.bindings.h Line: 35)

02/20/2021 03:25:04: Dungeon loaded 0
 
(Filename: ./Runtime/Export/Debug/Debug.bindings.h Line: 35)

02/20/2021 03:25:04: Dungeon load time 0.737 ms
 
(Filename: ./Runtime/Export/Debug/Debug.bindings.h Line: 35)

02/20/2021 03:25:04: Available rooms:18
 
(Filename: ./Runtime/Export/Debug/Debug.bindings.h Line: 35)

02/20/2021 03:25:04: To place:40
 
(Filename: ./Runtime/Export/Debug/Debug.bindings.h Line: 35)

02/20/2021 03:25:04: Connections 4
 
(Filename: ./Runtime/Export/Debug/Debug.bindings.h Line: 35)

02/20/2021 03:25:04: placed 4 doors
 
(Filename: ./Runtime/Export/Debug/Debug.bindings.h Line: 35)

02/20/2021 03:25:04: Placed 19 rooms
 
(Filename: ./Runtime/Export/Debug/Debug.bindings.h Line: 35)

02/20/2021 03:25:04: Placed locations in zone -44,17  duration 85.975 ms
 
(Filename: ./Runtime/Export/Debug/Debug.bindings.h Line: 35)

02/20/2021 03:25:34:  Connections 4 ZDOS:324293  sent:672 recv:768
 
(Filename: ./Runtime/Export/Debug/Debug.bindings.h Line: 35)

Unloading 0 Unused Serialized files (Serialized files now loaded: 0)

Unloading 15 unused Assets to reduce memory usage. Loaded Objects now: 1116725.
Total: 740.878997 ms (FindLiveObjects: 93.184335 ms CreateObjectMapping: 33.156189 ms MarkObjects: 613.448955 ms  DeleteObjects: 1.084462 ms)

02/20/2021 03:30:52: Placed locations in zone -44,15  duration 4.723 ms
 
(Filename: ./Runtime/Export/Debug/Debug.bindings.h Line: 35)

02/20/2021 03:31:52: Placed locations in zone -44,11  duration 0.7 ms
 
(Filename: ./Runtime/Export/Debug/Debug.bindings.h Line: 35)

02/20/2021 03:31:59: Placed locations in zone -45,16  duration 6.027 ms
 
(Filename: ./Runtime/Export/Debug/Debug.bindings.h Line: 35)

02/20/2021 03:31:59: Loading dungeon
 
(Filename: ./Runtime/Export/Debug/Debug.bindings.h Line: 35)

02/20/2021 03:31:59: Dungeon loaded 0
 
(Filename: ./Runtime/Export/Debug/Debug.bindings.h Line: 35)

02/20/2021 03:31:59: Dungeon load time 0.828 ms
 
(Filename: ./Runtime/Export/Debug/Debug.bindings.h Line: 35)

02/20/2021 03:31:59: Available rooms:18
 
(Filename: ./Runtime/Export/Debug/Debug.bindings.h Line: 35)

02/20/2021 03:31:59: To place:40
 
(Filename: ./Runtime/Export/Debug/Debug.bindings.h Line: 35)

02/20/2021 03:31:59: Connections 4
 
(Filename: ./Runtime/Export/Debug/Debug.bindings.h Line: 35)

02/20/2021 03:31:59: placed 6 doors
 
(Filename: ./Runtime/Export/Debug/Debug.bindings.h Line: 35)

02/20/2021 03:31:59: Placed 23 rooms
 
(Filename: ./Runtime/Export/Debug/Debug.bindings.h Line: 35)

02/20/2021 03:31:59: Placed locations in zone -45,19  duration 38.247 ms
 
(Filename: ./Runtime/Export/Debug/Debug.bindings.h Line: 35)

02/20/2021 03:32:55: Placed locations in zone -47,13  duration 0.95 ms
 
(Filename: ./Runtime/Export/Debug/Debug.bindings.h Line: 35)

02/20/2021 03:32:55: Placed locations in zone -47,14  duration 0.161 ms
 
(Filename: ./Runtime/Export/Debug/Debug.bindings.h Line: 35)

02/20/2021 03:34:39: Placed locations in zone -48,11  duration 0.846 ms
 
(Filename: ./Runtime/Export/Debug/Debug.bindings.h Line: 35)

02/20/2021 03:34:39: Placed locations in zone -48,12  duration 0.41 ms
 
(Filename: ./Runtime/Export/Debug/Debug.bindings.h Line: 35)

02/20/2021 03:34:39: Placed locations in zone -48,13  duration 11.423 ms
 
(Filename: ./Runtime/Export/Debug/Debug.bindings.h Line: 35)

02/20/2021 03:35:28: Placed locations in zone -48,19  duration 0.153 ms
 
(Filename: ./Runtime/Export/Debug/Debug.bindings.h Line: 35)

02/20/2021 03:35:35:  Connections 4 ZDOS:328488  sent:738 recv:731
 
(Filename: ./Runtime/Export/Debug/Debug.bindings.h Line: 35)

Unloading 0 Unused Serialized files (Serialized files now loaded: 0)

Unloading 147 unused Assets to reduce memory usage. Loaded Objects now: 1116725.
Total: 880.441417 ms (FindLiveObjects: 115.259928 ms CreateObjectMapping: 32.033580 ms MarkObjects: 731.803759 ms  DeleteObjects: 1.339369 ms)

02/20/2021 03:35:38: clone 854
 
(Filename: ./Runtime/Export/Debug/Debug.bindings.h Line: 35)

02/20/2021 03:35:40: Saved 328450 zdos
 
(Filename: ./Runtime/Export/Debug/Debug.bindings.h Line: 35)

02/20/2021 03:35:40: World saved ( 2831.155ms )
 
(Filename: ./Runtime/Export/Debug/Debug.bindings.h Line: 35)

02/20/2021 03:35:51: Placed locations in zone -48,20  duration 0.48 ms
 
(Filename: ./Runtime/Export/Debug/Debug.bindings.h Line: 35)

02/20/2021 03:36:15: Placed locations in zone -48,21  duration 15.234 ms
 
(Filename: ./Runtime/Export/Debug/Debug.bindings.h Line: 35)

02/20/2021 03:36:23: Placed locations in zone -49,20  duration 1.027 ms
 
(Filename: ./Runtime/Export/Debug/Debug.bindings.h Line: 35)

02/20/2021 03:36:24: Placed locations in zone -49,21  duration 0.57 ms
 
(Filename: ./Runtime/Export/Debug/Debug.bindings.h Line: 35)

02/20/2021 03:36:37: Placed locations in zone -48,22  duration 0.112 ms
 
(Filename: ./Runtime/Export/Debug/Debug.bindings.h Line: 35)

02/20/2021 03:45:04: Got character ZDOID from Uriel : 0:0
 
(Filename: ./Runtime/Export/Debug/Debug.bindings.h Line: 35)

02/20/2021 03:45:04: Got character ZDOID from Spacey : 0:0
 
(Filename: ./Runtime/Export/Debug/Debug.bindings.h Line: 35)

02/20/2021 03:45:12: Got character ZDOID from Uriel : 1699886545:21574
 
(Filename: ./Runtime/Export/Debug/Debug.bindings.h Line: 35)

02/20/2021 03:45:12: Got character ZDOID from Spacey : 1325239081:26388
 
(Filename: ./Runtime/Export/Debug/Debug.bindings.h Line: 35)

02/20/2021 03:45:36:  Connections 4 ZDOS:329834  sent:643 recv:751
 
(Filename: ./Runtime/Export/Debug/Debug.bindings.h Line: 35)

Unloading 0 Unused Serialized files (Serialized files now loaded: 0)

Unloading 48 unused Assets to reduce memory usage. Loaded Objects now: 1116725.
Total: 950.004379 ms (FindLiveObjects: 142.070314 ms CreateObjectMapping: 38.733915 ms MarkObjects: 768.137529 ms  DeleteObjects: 1.057849 ms)

02/20/2021 03:55:36:  Connections 4 ZDOS:329847  sent:687 recv:961
 
(Filename: ./Runtime/Export/Debug/Debug.bindings.h Line: 35)

Unloading 0 Unused Serialized files (Serialized files now loaded: 0)

Unloading 0 unused Assets to reduce memory usage. Loaded Objects now: 1116725.
Total: 879.375877 ms (FindLiveObjects: 111.063666 ms CreateObjectMapping: 33.283774 ms MarkObjects: 734.080186 ms  DeleteObjects: 0.943684 ms)

02/20/2021 03:55:40: clone 890
 
(Filename: ./Runtime/Export/Debug/Debug.bindings.h Line: 35)

02/20/2021 03:55:43: Saved 329796 zdos
 
(Filename: ./Runtime/Export/Debug/Debug.bindings.h Line: 35)

02/20/2021 03:55:43: World saved ( 3212.337ms )
 
(Filename: ./Runtime/Export/Debug/Debug.bindings.h Line: 35)

02/20/2021 04:05:38:  Connections 4 ZDOS:329831  sent:708 recv:1152
 
(Filename: ./Runtime/Export/Debug/Debug.bindings.h Line: 35)

Unloading 0 Unused Serialized files (Serialized files now loaded: 0)

Unloading 0 unused Assets to reduce memory usage. Loaded Objects now: 1116725.
Total: 917.659309 ms (FindLiveObjects: 134.613130 ms CreateObjectMapping: 36.368010 ms MarkObjects: 745.734289 ms  DeleteObjects: 0.938575 ms)

02/20/2021 04:15:38:  Connections 4 ZDOS:329814  sent:768 recv:531
 
(Filename: ./Runtime/Export/Debug/Debug.bindings.h Line: 35)

Unloading 0 Unused Serialized files (Serialized files now loaded: 0)

Unloading 3 unused Assets to reduce memory usage. Loaded Objects now: 1116725.
Total: 880.681177 ms (FindLiveObjects: 112.856511 ms CreateObjectMapping: 35.014002 ms MarkObjects: 731.140600 ms  DeleteObjects: 1.664656 ms)

02/20/2021 04:15:42: clone 1168
 
(Filename: ./Runtime/Export/Debug/Debug.bindings.h Line: 35)

02/20/2021 04:15:44: Saved 329802 zdos
 
(Filename: ./Runtime/Export/Debug/Debug.bindings.h Line: 35)

02/20/2021 04:15:44: World saved ( 1872.439ms )
 
(Filename: ./Runtime/Export/Debug/Debug.bindings.h Line: 35)

02/20/2021 04:25:40:  Connections 4 ZDOS:329840  sent:648 recv:314
 
(Filename: ./Runtime/Export/Debug/Debug.bindings.h Line: 35)

Unloading 0 Unused Serialized files (Serialized files now loaded: 0)

Unloading 0 unused Assets to reduce memory usage. Loaded Objects now: 1116725.
Total: 883.652990 ms (FindLiveObjects: 102.241183 ms CreateObjectMapping: 33.713980 ms MarkObjects: 746.753800 ms  DeleteObjects: 0.938642 ms)

02/20/2021 04:30:56: Placed locations in zone -28,52  duration 0.448 ms
 
(Filename: ./Runtime/Export/Debug/Debug.bindings.h Line: 35)

02/20/2021 04:31:09: Placed locations in zone -29,53  duration 105.613 ms
 
(Filename: ./Runtime/Export/Debug/Debug.bindings.h Line: 35)

02/20/2021 04:31:42: Placed locations in zone -30,54  duration 15.737 ms
 
(Filename: ./Runtime/Export/Debug/Debug.bindings.h Line: 35)

02/20/2021 04:35:34: Got character ZDOID from Spacey : 0:0
 
(Filename: ./Runtime/Export/Debug/Debug.bindings.h Line: 35)

02/20/2021 04:35:40:  Connections 4 ZDOS:331324  sent:890 recv:718
 
(Filename: ./Runtime/Export/Debug/Debug.bindings.h Line: 35)

Unloading 0 Unused Serialized files (Serialized files now loaded: 0)

Unloading 63 unused Assets to reduce memory usage. Loaded Objects now: 1116725.
Total: 864.589938 ms (FindLiveObjects: 112.208999 ms CreateObjectMapping: 35.558317 ms MarkObjects: 715.710311 ms  DeleteObjects: 1.107807 ms)

02/20/2021 04:35:42: Got character ZDOID from Spacey : 1325239081:29864
 
(Filename: ./Runtime/Export/Debug/Debug.bindings.h Line: 35)

02/20/2021 04:35:44: clone 855
 
(Filename: ./Runtime/Export/Debug/Debug.bindings.h Line: 35)

02/20/2021 04:35:46: Saved 331301 zdos
 
(Filename: ./Runtime/Export/Debug/Debug.bindings.h Line: 35)

02/20/2021 04:35:46: World saved ( 2012.706ms )
 
(Filename: ./Runtime/Export/Debug/Debug.bindings.h Line: 35)

02/20/2021 04:45:41:  Connections 4 ZDOS:331405  sent:762 recv:431
 
(Filename: ./Runtime/Export/Debug/Debug.bindings.h Line: 35)

Unloading 0 Unused Serialized files (Serialized files now loaded: 0)

Unloading 0 unused Assets to reduce memory usage. Loaded Objects now: 1116725.
Total: 855.170187 ms (FindLiveObjects: 97.962618 ms CreateObjectMapping: 33.207105 ms MarkObjects: 723.115254 ms  DeleteObjects: 0.878948 ms)

02/20/2021 04:55:42:  Connections 4 ZDOS:331415  sent:741 recv:661
 
(Filename: ./Runtime/Export/Debug/Debug.bindings.h Line: 35)

Unloading 0 Unused Serialized files (Serialized files now loaded: 0)

Unloading 0 unused Assets to reduce memory usage. Loaded Objects now: 1116725.
Total: 887.767396 ms (FindLiveObjects: 109.316429 ms CreateObjectMapping: 34.275364 ms MarkObjects: 743.187864 ms  DeleteObjects: 0.982063 ms)

02/20/2021 04:55:46: clone 870
 
(Filename: ./Runtime/Export/Debug/Debug.bindings.h Line: 35)

02/20/2021 04:55:48: Saved 331321 zdos
 
(Filename: ./Runtime/Export/Debug/Debug.bindings.h Line: 35)

02/20/2021 04:55:48: World saved ( 1925.584ms )
 
(Filename: ./Runtime/Export/Debug/Debug.bindings.h Line: 35)

02/20/2021 04:57:25: Got character ZDOID from Spacey : 0:0
 
(Filename: ./Runtime/Export/Debug/Debug.bindings.h Line: 35)

02/20/2021 04:57:33: Got character ZDOID from Spacey : 1325239081:33531
 
(Filename: ./Runtime/Export/Debug/Debug.bindings.h Line: 35)

02/20/2021 04:58:00: Got character ZDOID from Johanegro : 0:0
 
(Filename: ./Runtime/Export/Debug/Debug.bindings.h Line: 35)

02/20/2021 04:58:08: Got character ZDOID from Johanegro : 2106520458:12401
 
(Filename: ./Runtime/Export/Debug/Debug.bindings.h Line: 35)

02/20/2021 04:58:09: Got character ZDOID from Uriel : 0:0
 
(Filename: ./Runtime/Export/Debug/Debug.bindings.h Line: 35)

02/20/2021 04:58:18: Got character ZDOID from Uriel : 1699886545:31070
 
(Filename: ./Runtime/Export/Debug/Debug.bindings.h Line: 35)

02/20/2021 04:58:32: Got character ZDOID from Bjørn : 0:0
 
(Filename: ./Runtime/Export/Debug/Debug.bindings.h Line: 35)

02/20/2021 04:58:40: Got character ZDOID from Bjørn : -559927783:13290
 
(Filename: ./Runtime/Export/Debug/Debug.bindings.h Line: 35)

^C02/20/2021 05:00:05: Game - OnApplicationQuit
 
(Filename: ./Runtime/Export/Debug/Debug.bindings.h Line: 35)

02/20/2021 05:00:05: ZNet Shutdown
 
(Filename: ./Runtime/Export/Debug/Debug.bindings.h Line: 35)

02/20/2021 05:00:06: clone 858
 
(Filename: ./Runtime/Export/Debug/Debug.bindings.h Line: 35)

02/20/2021 05:00:07: Saved 331315 zdos
 
(Filename: ./Runtime/Export/Debug/Debug.bindings.h Line: 35)

02/20/2021 05:00:07: World saved ( 1348.87ms )
 
(Filename: ./Runtime/Export/Debug/Debug.bindings.h Line: 35)

02/20/2021 05:00:07: Sending disconnect msg
 
(Filename: ./Runtime/Export/Debug/Debug.bindings.h Line: 35)

02/20/2021 05:00:07: Sent to 76561198043221849
 
(Filename: ./Runtime/Export/Debug/Debug.bindings.h Line: 35)

02/20/2021 05:00:07: Sent to 76561197991367904
 
(Filename: ./Runtime/Export/Debug/Debug.bindings.h Line: 35)

02/20/2021 05:00:07: Sent to 76561198018903555
 
(Filename: ./Runtime/Export/Debug/Debug.bindings.h Line: 35)

02/20/2021 05:00:07: Sent to 76561198018752214
 
(Filename: ./Runtime/Export/Debug/Debug.bindings.h Line: 35)

02/20/2021 05:00:07: Disposing socket
 
(Filename: ./Runtime/Export/Debug/Debug.bindings.h Line: 35)

02/20/2021 05:00:07: Closing socket 0
 
(Filename: ./Runtime/Export/Debug/Debug.bindings.h Line: 35)

02/20/2021 05:00:07: Disposing socket
 
(Filename: ./Runtime/Export/Debug/Debug.bindings.h Line: 35)

02/20/2021 05:00:07: Closing socket 76561198043221849
 
(Filename: ./Runtime/Export/Debug/Debug.bindings.h Line: 35)

02/20/2021 05:00:07:   send queue size:0
 
(Filename: ./Runtime/Export/Debug/Debug.bindings.h Line: 35)

02/20/2021 05:00:08:   P2P state, bytes in send queue:0
 
(Filename: ./Runtime/Export/Debug/Debug.bindings.h Line: 35)

02/20/2021 05:00:08: Disposing socket
 
(Filename: ./Runtime/Export/Debug/Debug.bindings.h Line: 35)

02/20/2021 05:00:08: Closing socket 0
 
(Filename: ./Runtime/Export/Debug/Debug.bindings.h Line: 35)

02/20/2021 05:00:08: Disposing socket
 
(Filename: ./Runtime/Export/Debug/Debug.bindings.h Line: 35)

02/20/2021 05:00:08: Closing socket 76561197991367904
 
(Filename: ./Runtime/Export/Debug/Debug.bindings.h Line: 35)

02/20/2021 05:00:08:   send queue size:0
 
(Filename: ./Runtime/Export/Debug/Debug.bindings.h Line: 35)

02/20/2021 05:00:08:   P2P state, bytes in send queue:0
 
(Filename: ./Runtime/Export/Debug/Debug.bindings.h Line: 35)

02/20/2021 05:00:08: Disposing socket
 
(Filename: ./Runtime/Export/Debug/Debug.bindings.h Line: 35)

02/20/2021 05:00:08: Closing socket 0
 
(Filename: ./Runtime/Export/Debug/Debug.bindings.h Line: 35)

02/20/2021 05:00:08: Disposing socket
 
(Filename: ./Runtime/Export/Debug/Debug.bindings.h Line: 35)

02/20/2021 05:00:08: Closing socket 76561198018903555
 
(Filename: ./Runtime/Export/Debug/Debug.bindings.h Line: 35)

02/20/2021 05:00:08:   send queue size:0
 
(Filename: ./Runtime/Export/Debug/Debug.bindings.h Line: 35)

02/20/2021 05:00:08:   P2P state, bytes in send queue:0
 
(Filename: ./Runtime/Export/Debug/Debug.bindings.h Line: 35)

02/20/2021 05:00:08: Disposing socket
 
(Filename: ./Runtime/Export/Debug/Debug.bindings.h Line: 35)

02/20/2021 05:00:08: Closing socket 0
 
(Filename: ./Runtime/Export/Debug/Debug.bindings.h Line: 35)

02/20/2021 05:00:08: Disposing socket
 
(Filename: ./Runtime/Export/Debug/Debug.bindings.h Line: 35)

02/20/2021 05:00:08: Closing socket 76561198018752214
 
(Filename: ./Runtime/Export/Debug/Debug.bindings.h Line: 35)

02/20/2021 05:00:08:   send queue size:0
 
(Filename: ./Runtime/Export/Debug/Debug.bindings.h Line: 35)

02/20/2021 05:00:08:   P2P state, bytes in send queue:0
 
(Filename: ./Runtime/Export/Debug/Debug.bindings.h Line: 35)

02/20/2021 05:00:08: Last socket, unregistering callback
 
(Filename: ./Runtime/Export/Debug/Debug.bindings.h Line: 35)

02/20/2021 05:00:08: ZSteamSocket  UnregisterGlobalCallbacks, existing sockets:0
 
(Filename: ./Runtime/Export/Debug/Debug.bindings.h Line: 35)

02/20/2021 05:00:08: Disposing socket
 
(Filename: ./Runtime/Export/Debug/Debug.bindings.h Line: 35)

02/20/2021 05:00:08: Closing socket 0
 
(Filename: ./Runtime/Export/Debug/Debug.bindings.h Line: 35)

02/20/2021 05:00:08: Last socket, unregistering callback
 
(Filename: ./Runtime/Export/Debug/Debug.bindings.h Line: 35)

02/20/2021 05:00:08: ZSteamSocket  UnregisterGlobalCallbacks, existing sockets:0
 
(Filename: ./Runtime/Export/Debug/Debug.bindings.h Line: 35)

Setting up 1 worker threads for Enlighten.
  Thread -> id: 7f49408ab700 -> priority: 1 
02/20/2021 05:00:11: Steam manager on destroy
 
(Filename: ./Runtime/Export/Debug/Debug.bindings.h Line: 35)

02/20/2021 05:00:11: ZNet OnDestroy
 
(Filename: ./Runtime/Export/Debug/Debug.bindings.h Line: 35)

02/20/2021 05:00:11: Net scene destroyed
 
(Filename: ./Runtime/Export/Debug/Debug.bindings.h Line: 35)

