
Initialize engine version: 2019.4.20f1 (6dd1c08eedfa)
[Subsystems] Discovering subsystems at path /home/vhserver/serverfiles/valheim_server_Data/UnitySubsystems
Forcing GfxDevice: Null
GfxDevice: creating device client; threaded=0
NullGfxDevice:
    Version:  NULL 1.0 [1.0]
    Renderer: Null Device
    Vendor:   Unity Technologies
Begin MonoManager ReloadAssembly
- Completed reload, in  0.091 seconds
UnloadTime: 1.154853 ms
02/21/2021 05:00:16: Starting to load scene:start
 
(Filename: ./Runtime/Export/Debug/Debug.bindings.h Line: 35)

Couldn't create a Convex Mesh from source mesh "RearBig" within the maximum polygons limit (256). The partial hull will be used. Consider simplifying your mesh. 
(Filename:  Line: 91)

HDR Render Texture not supported, disabling HDR on reflection probe. 
(Filename:  Line: 277)

HDR Render Texture not supported, disabling HDR on reflection probe. 
(Filename:  Line: 277)

Unloading 6 Unused Serialized files (Serialized files now loaded: 0)
UnloadTime: 5.964584 ms
Only custom filters can be played. Please add a custom filter or an audioclip to the audiosource (Amb_MainMenu). 
(Filename:  Line: 509)

HDR Render Texture not supported, disabling HDR on reflection probe. 
(Filename:  Line: 277)

02/21/2021 05:14:57: Initializing world generator seed: ( 0 )   menu:True  worldgen version:1
 
(Filename: ./Runtime/Export/Debug/Debug.bindings.h Line: 35)

02/21/2021 05:14:57: Using mountain distance: 1000
 
(Filename: ./Runtime/Export/Debug/Debug.bindings.h Line: 35)

02/21/2021 05:14:57: Render threading mode:SingleThreaded
 
(Filename: ./Runtime/Export/Debug/Debug.bindings.h Line: 35)

02/21/2021 05:14:57: Get create world abc123
 
(Filename: ./Runtime/Export/Debug/Debug.bindings.h Line: 35)

02/21/2021 05:14:57: Using steam_appid.txt
 
(Filename: ./Runtime/Export/Debug/Debug.bindings.h Line: 35)

02/21/2021 05:14:57: Using steam APPID:892970
 
(Filename: ./Runtime/Export/Debug/Debug.bindings.h Line: 35)

CAppInfoCacheReadFromDiskThread took 1 milliseconds to initialize
CApplicationManagerPopulateThread took 0 milliseconds to initialize (will have waited on CAppInfoCacheReadFromDiskThread)
RecordSteamInterfaceCreation (PID 28908): SteamGameServer012 / GameServer
RecordSteamInterfaceCreation (PID 28908): SteamUtils009 / Utils
Setting breakpad minidump AppID = 892970
RecordSteamInterfaceCreation (PID 28908): SteamGameServer012 / GameServer
RecordSteamInterfaceCreation (PID 28908): SteamUtils009 / Utils
RecordSteamInterfaceCreation (PID 28908): SteamNetworking005 / Networking
RecordSteamInterfaceCreation (PID 28908): SteamGameServerStats001 / GameServerStats
RecordSteamInterfaceCreation (PID 28908): STEAMHTTP_INTERFACE_VERSION002 / HTTP
RecordSteamInterfaceCreation (PID 28908): STEAMINVENTORY_INTERFACE_V002 / Inventory
RecordSteamInterfaceCreation (PID 28908): STEAMUGC_INTERFACE_VERSION010 / UGC
RecordSteamInterfaceCreation (PID 28908): STEAMAPPS_INTERFACE_VERSION008 / Apps
02/21/2021 05:14:57: Server ID 90071992547409920
 
(Filename: ./Runtime/Export/Debug/Debug.bindings.h Line: 35)

02/21/2021 05:14:57: Steam game server initialized
 
(Filename: ./Runtime/Export/Debug/Debug.bindings.h Line: 35)

02/21/2021 05:14:57: Missing audio clip in music respawn
 
(Filename: ./Runtime/Export/Debug/Debug.bindings.h Line: 35)

02/21/2021 05:14:57: Builder started
 
(Filename: ./Runtime/Export/Debug/Debug.bindings.h Line: 35)

02/21/2021 05:14:59: Loaded localization English
 
(Filename: ./Runtime/Export/Debug/Debug.bindings.h Line: 35)

02/21/2021 05:14:59: Game server connected
 
(Filename: ./Runtime/Export/Debug/Debug.bindings.h Line: 35)


Unloading 16 unused Assets to reduce memory usage. Loaded Objects now: 85935.
Total: 75.279053 ms (FindLiveObjects: 4.409830 ms CreateObjectMapping: 13.657166 ms MarkObjects: 56.871824 ms  DeleteObjects: 0.335417 ms)

Unloading 6 Unused Serialized files (Serialized files now loaded: 0)
UnloadTime: 19.806907 ms
HDR Render Texture not supported, disabling HDR on reflection probe. 
(Filename:  Line: 277)

HDR Render Texture not supported, disabling HDR on reflection probe. 
(Filename:  Line: 277)

02/21/2021 05:15:00: Zonesystem Awake 16166637
 
(Filename: ./Runtime/Export/Debug/Debug.bindings.h Line: 35)

02/21/2021 05:15:00: DungeonDB Awake 16166637
 
(Filename: ./Runtime/Export/Debug/Debug.bindings.h Line: 35)

02/21/2021 05:15:00: ZSteamSocket  Registering global callbacks
 
(Filename: ./Runtime/Export/Debug/Debug.bindings.h Line: 35)

02/21/2021 05:15:00: Registering lobby
 
(Filename: ./Runtime/Export/Debug/Debug.bindings.h Line: 35)

02/21/2021 05:15:00: Initializing world generator seed:nepTbzQlS5 ( -1441259986 )   menu:False  worldgen version:1
 
(Filename: ./Runtime/Export/Debug/Debug.bindings.h Line: 35)

02/21/2021 05:15:00: Using mountain distance: 1000
 
(Filename: ./Runtime/Export/Debug/Debug.bindings.h Line: 35)

02/21/2021 05:15:00: Found 596 mountain points
 
(Filename: ./Runtime/Export/Debug/Debug.bindings.h Line: 35)

02/21/2021 05:15:00: Remaining mountains:81
 
(Filename: ./Runtime/Export/Debug/Debug.bindings.h Line: 35)

02/21/2021 05:15:00: Calc time 34.697 ms
 
(Filename: ./Runtime/Export/Debug/Debug.bindings.h Line: 35)

02/21/2021 05:15:00: Found 8216 lake points
 
(Filename: ./Runtime/Export/Debug/Debug.bindings.h Line: 35)

02/21/2021 05:15:02: Remaining lakes:115
 
(Filename: ./Runtime/Export/Debug/Debug.bindings.h Line: 35)

02/21/2021 05:15:02: Calc time 2733.917 ms
 
(Filename: ./Runtime/Export/Debug/Debug.bindings.h Line: 35)

02/21/2021 05:15:02: Rivers:157
 
(Filename: ./Runtime/Export/Debug/Debug.bindings.h Line: 35)

02/21/2021 05:15:03: River buckets 15631
 
(Filename: ./Runtime/Export/Debug/Debug.bindings.h Line: 35)

02/21/2021 05:15:03: River render time 449.084 ms
 
(Filename: ./Runtime/Export/Debug/Debug.bindings.h Line: 35)

02/21/2021 05:15:03: River Calc time 470.825 ms
 
(Filename: ./Runtime/Export/Debug/Debug.bindings.h Line: 35)

02/21/2021 05:15:04: River buckets 24190
 
(Filename: ./Runtime/Export/Debug/Debug.bindings.h Line: 35)

02/21/2021 05:15:04: River render time 640.455 ms
 
(Filename: ./Runtime/Export/Debug/Debug.bindings.h Line: 35)

02/21/2021 05:15:04: Placed 1878 streams
 
(Filename: ./Runtime/Export/Debug/Debug.bindings.h Line: 35)

02/21/2021 05:15:04: Stream Calc time 1551.601 ms
 
(Filename: ./Runtime/Export/Debug/Debug.bindings.h Line: 35)

02/21/2021 05:15:04: Load world abc123
 
(Filename: ./Runtime/Export/Debug/Debug.bindings.h Line: 35)

02/21/2021 05:15:04: Loading 394416 zdos , my id -825452629 data version:26
 
(Filename: ./Runtime/Export/Debug/Debug.bindings.h Line: 35)

02/21/2021 05:15:07: Loaded 100000 dead zdos
 
(Filename: ./Runtime/Export/Debug/Debug.bindings.h Line: 35)

02/21/2021 05:15:07: Removed 0 OLD generated ZDOS
 
(Filename: ./Runtime/Export/Debug/Debug.bindings.h Line: 35)

02/21/2021 05:15:07: Loaded 7132 locations
 
(Filename: ./Runtime/Export/Debug/Debug.bindings.h Line: 35)

02/21/2021 05:15:07: Audioman already exist, destroying self
 
(Filename: ./Runtime/Export/Debug/Debug.bindings.h Line: 35)


Unloading 490 unused Assets to reduce memory usage. Loaded Objects now: 86248.
Total: 544.236130 ms (FindLiveObjects: 8.080552 ms CreateObjectMapping: 13.337291 ms MarkObjects: 516.319416 ms  DeleteObjects: 6.492819 ms)

02/21/2021 05:15:13: Zonesystem Start 16166637
 
(Filename: ./Runtime/Export/Debug/Debug.bindings.h Line: 35)

02/21/2021 05:15:13: DungeonDB Start 16166637
 
(Filename: ./Runtime/Export/Debug/Debug.bindings.h Line: 35)

Warning: failed to init SDL thread priority manager: SDL not found
02/21/2021 05:18:11: Got session request from 76561198018752214
 
(Filename: ./Runtime/Export/Debug/Debug.bindings.h Line: 35)

02/21/2021 05:18:12: Got handshake from client 76561198018752214
 
(Filename: ./Runtime/Export/Debug/Debug.bindings.h Line: 35)

02/21/2021 05:18:19: VERSION check their:0.145.6  mine:0.145.6
 
(Filename: ./Runtime/Export/Debug/Debug.bindings.h Line: 35)

02/21/2021 05:18:19: Server: New peer connected,sending global keys
 
(Filename: ./Runtime/Export/Debug/Debug.bindings.h Line: 35)

02/21/2021 05:18:38: Got character ZDOID from Johanegro : 1791489247:9
 
(Filename: ./Runtime/Export/Debug/Debug.bindings.h Line: 35)

02/21/2021 05:20:01: Placed locations in zone 34,27  duration 15.045 ms
 
(Filename: ./Runtime/Export/Debug/Debug.bindings.h Line: 35)

02/21/2021 05:20:01: Loading dungeon
 
(Filename: ./Runtime/Export/Debug/Debug.bindings.h Line: 35)

02/21/2021 05:20:01: Dungeon loaded 0
 
(Filename: ./Runtime/Export/Debug/Debug.bindings.h Line: 35)

02/21/2021 05:20:01: Dungeon load time 1.138 ms
 
(Filename: ./Runtime/Export/Debug/Debug.bindings.h Line: 35)

02/21/2021 05:20:01: Available rooms:10
 
(Filename: ./Runtime/Export/Debug/Debug.bindings.h Line: 35)

02/21/2021 05:20:01: To place:30
 
(Filename: ./Runtime/Export/Debug/Debug.bindings.h Line: 35)

02/21/2021 05:20:02: Placed 11 rooms
 
(Filename: ./Runtime/Export/Debug/Debug.bindings.h Line: 35)

02/21/2021 05:20:02: Force generaeting hmap (2176.0, 0.0, 1792.0)
 
(Filename: ./Runtime/Export/Debug/Debug.bindings.h Line: 35)

02/21/2021 05:20:02: Placed locations in zone 34,28  duration 738.449 ms
 
(Filename: ./Runtime/Export/Debug/Debug.bindings.h Line: 35)

02/21/2021 05:20:02: Placed locations in zone 34,29  duration 2.565 ms
 
(Filename: ./Runtime/Export/Debug/Debug.bindings.h Line: 35)

02/21/2021 05:20:02: Loading dungeon
 
(Filename: ./Runtime/Export/Debug/Debug.bindings.h Line: 35)

02/21/2021 05:20:02: Dungeon loaded 0
 
(Filename: ./Runtime/Export/Debug/Debug.bindings.h Line: 35)

02/21/2021 05:20:02: Dungeon load time 0.77 ms
 
(Filename: ./Runtime/Export/Debug/Debug.bindings.h Line: 35)

02/21/2021 05:20:02: Available rooms:16
 
(Filename: ./Runtime/Export/Debug/Debug.bindings.h Line: 35)

02/21/2021 05:20:02: To place:30
 
(Filename: ./Runtime/Export/Debug/Debug.bindings.h Line: 35)

02/21/2021 05:20:02: Connections 4
 
(Filename: ./Runtime/Export/Debug/Debug.bindings.h Line: 35)

02/21/2021 05:20:02: placed 0 doors
 
(Filename: ./Runtime/Export/Debug/Debug.bindings.h Line: 35)

02/21/2021 05:20:02: Placed 27 rooms
 
(Filename: ./Runtime/Export/Debug/Debug.bindings.h Line: 35)

02/21/2021 05:20:02: Placed locations in zone 34,33  duration 121.485 ms
 
(Filename: ./Runtime/Export/Debug/Debug.bindings.h Line: 35)

02/21/2021 05:20:02: Loading dungeon
 
(Filename: ./Runtime/Export/Debug/Debug.bindings.h Line: 35)

02/21/2021 05:20:02: Dungeon loaded 0
 
(Filename: ./Runtime/Export/Debug/Debug.bindings.h Line: 35)

02/21/2021 05:20:02: Dungeon load time 0.604 ms
 
(Filename: ./Runtime/Export/Debug/Debug.bindings.h Line: 35)

02/21/2021 05:20:02: Available rooms:16
 
(Filename: ./Runtime/Export/Debug/Debug.bindings.h Line: 35)

02/21/2021 05:20:02: To place:30
 
(Filename: ./Runtime/Export/Debug/Debug.bindings.h Line: 35)

02/21/2021 05:20:02: Connections 4
 
(Filename: ./Runtime/Export/Debug/Debug.bindings.h Line: 35)

02/21/2021 05:20:02: placed 0 doors
 
(Filename: ./Runtime/Export/Debug/Debug.bindings.h Line: 35)

02/21/2021 05:20:02: Placed 26 rooms
 
(Filename: ./Runtime/Export/Debug/Debug.bindings.h Line: 35)

02/21/2021 05:20:02: Placed locations in zone 34,34  duration 88.252 ms
 
(Filename: ./Runtime/Export/Debug/Debug.bindings.h Line: 35)

02/21/2021 05:25:14:  Connections 1 ZDOS:396086  sent:0 recv:244
 
(Filename: ./Runtime/Export/Debug/Debug.bindings.h Line: 35)

Unloading 6 Unused Serialized files (Serialized files now loaded: 0)

Unloading 63 unused Assets to reduce memory usage. Loaded Objects now: 1116725.
Total: 917.452706 ms (FindLiveObjects: 108.061376 ms CreateObjectMapping: 30.518453 ms MarkObjects: 777.795484 ms  DeleteObjects: 1.067868 ms)

02/21/2021 05:28:04: Got connection failed callback: 76561198018752214
 
(Filename: ./Runtime/Export/Debug/Debug.bindings.h Line: 35)

02/21/2021 05:28:04: Closing socket 76561198018752214
 
(Filename: ./Runtime/Export/Debug/Debug.bindings.h Line: 35)

02/21/2021 05:28:04:   send queue size:0
 
(Filename: ./Runtime/Export/Debug/Debug.bindings.h Line: 35)

02/21/2021 05:28:04:   P2P state, bytes in send queue:0
 
(Filename: ./Runtime/Export/Debug/Debug.bindings.h Line: 35)

02/21/2021 05:28:04: Destroying abandoned non persistent zdo 1791489247:2633 owner 1791489247
 
(Filename: ./Runtime/Export/Debug/Debug.bindings.h Line: 35)

02/21/2021 05:28:04: Destroying abandoned non persistent zdo 1791489247:2632 owner 1791489247
 
(Filename: ./Runtime/Export/Debug/Debug.bindings.h Line: 35)

02/21/2021 05:28:04: Destroying abandoned non persistent zdo 1791489247:2293 owner 1791489247
 
(Filename: ./Runtime/Export/Debug/Debug.bindings.h Line: 35)

02/21/2021 05:28:04: Destroying abandoned non persistent zdo 1791489247:2629 owner 1791489247
 
(Filename: ./Runtime/Export/Debug/Debug.bindings.h Line: 35)

02/21/2021 05:28:04: Destroying abandoned non persistent zdo 1791489247:9 owner 1791489247
 
(Filename: ./Runtime/Export/Debug/Debug.bindings.h Line: 35)

02/21/2021 05:28:04: Destroying abandoned non persistent zdo 1791489247:2631 owner 1791489247
 
(Filename: ./Runtime/Export/Debug/Debug.bindings.h Line: 35)

02/21/2021 05:28:04: Destroying abandoned non persistent zdo 1791489247:2624 owner 1791489247
 
(Filename: ./Runtime/Export/Debug/Debug.bindings.h Line: 35)

02/21/2021 05:28:04: Destroying abandoned non persistent zdo 1791489247:2294 owner 1791489247
 
(Filename: ./Runtime/Export/Debug/Debug.bindings.h Line: 35)

02/21/2021 05:28:04: Destroying abandoned non persistent zdo 1791489247:2312 owner 1791489247
 
(Filename: ./Runtime/Export/Debug/Debug.bindings.h Line: 35)

02/21/2021 05:28:04: Destroying abandoned non persistent zdo 1791489247:2627 owner 1791489247
 
(Filename: ./Runtime/Export/Debug/Debug.bindings.h Line: 35)

02/21/2021 05:28:04: Destroying abandoned non persistent zdo 1791489247:2628 owner 1791489247
 
(Filename: ./Runtime/Export/Debug/Debug.bindings.h Line: 35)

02/21/2021 05:28:04: Destroying abandoned non persistent zdo 1791489247:2625 owner 1791489247
 
(Filename: ./Runtime/Export/Debug/Debug.bindings.h Line: 35)

02/21/2021 05:28:04: Destroying abandoned non persistent zdo 1791489247:2299 owner 1791489247
 
(Filename: ./Runtime/Export/Debug/Debug.bindings.h Line: 35)

02/21/2021 05:28:04: Destroying abandoned non persistent zdo 1791489247:2626 owner 1791489247
 
(Filename: ./Runtime/Export/Debug/Debug.bindings.h Line: 35)

02/21/2021 05:28:04: Destroying abandoned non persistent zdo 1791489247:2623 owner 1791489247
 
(Filename: ./Runtime/Export/Debug/Debug.bindings.h Line: 35)

02/21/2021 05:28:04: Destroying abandoned non persistent zdo 1791489247:2356 owner 1791489247
 
(Filename: ./Runtime/Export/Debug/Debug.bindings.h Line: 35)

02/21/2021 05:28:04: Destroying abandoned non persistent zdo 1791489247:2630 owner 1791489247
 
(Filename: ./Runtime/Export/Debug/Debug.bindings.h Line: 35)

02/21/2021 05:28:04: Disposing socket
 
(Filename: ./Runtime/Export/Debug/Debug.bindings.h Line: 35)

02/21/2021 05:28:04: Closing socket 0
 
(Filename: ./Runtime/Export/Debug/Debug.bindings.h Line: 35)

02/21/2021 05:28:04: Disposing socket
 
(Filename: ./Runtime/Export/Debug/Debug.bindings.h Line: 35)

02/21/2021 05:28:04: Closing socket 0
 
(Filename: ./Runtime/Export/Debug/Debug.bindings.h Line: 35)

02/21/2021 05:35:15:  Connections 0 ZDOS:396038  sent:0 recv:0
 
(Filename: ./Runtime/Export/Debug/Debug.bindings.h Line: 35)

Unloading 0 Unused Serialized files (Serialized files now loaded: 0)

Unloading 0 unused Assets to reduce memory usage. Loaded Objects now: 1116725.
Total: 948.042349 ms (FindLiveObjects: 115.288862 ms CreateObjectMapping: 31.401121 ms MarkObjects: 800.412130 ms  DeleteObjects: 0.934277 ms)

02/21/2021 05:35:17: clone 969
 
(Filename: ./Runtime/Export/Debug/Debug.bindings.h Line: 35)

02/21/2021 05:35:18: Saved 396038 zdos
 
(Filename: ./Runtime/Export/Debug/Debug.bindings.h Line: 35)

02/21/2021 05:35:19: World saved ( 1786.992ms )
 
(Filename: ./Runtime/Export/Debug/Debug.bindings.h Line: 35)

02/21/2021 05:45:16:  Connections 0 ZDOS:396038  sent:0 recv:0
 
(Filename: ./Runtime/Export/Debug/Debug.bindings.h Line: 35)

Unloading 0 Unused Serialized files (Serialized files now loaded: 0)

Unloading 0 unused Assets to reduce memory usage. Loaded Objects now: 1116725.
Total: 1086.170378 ms (FindLiveObjects: 134.580805 ms CreateObjectMapping: 37.847955 ms MarkObjects: 910.930325 ms  DeleteObjects: 2.805200 ms)

02/21/2021 05:55:17:  Connections 0 ZDOS:396038  sent:0 recv:0
 
(Filename: ./Runtime/Export/Debug/Debug.bindings.h Line: 35)

Unloading 0 Unused Serialized files (Serialized files now loaded: 0)

Unloading 0 unused Assets to reduce memory usage. Loaded Objects now: 1116725.
Total: 879.316353 ms (FindLiveObjects: 125.171133 ms CreateObjectMapping: 34.419288 ms MarkObjects: 718.903183 ms  DeleteObjects: 0.816327 ms)

02/21/2021 05:55:19: clone 1101
 
(Filename: ./Runtime/Export/Debug/Debug.bindings.h Line: 35)

02/21/2021 05:55:21: Saved 396038 zdos
 
(Filename: ./Runtime/Export/Debug/Debug.bindings.h Line: 35)

02/21/2021 05:55:21: World saved ( 1746.048ms )
 
(Filename: ./Runtime/Export/Debug/Debug.bindings.h Line: 35)

02/21/2021 06:05:18:  Connections 0 ZDOS:396038  sent:0 recv:0
 
(Filename: ./Runtime/Export/Debug/Debug.bindings.h Line: 35)

Unloading 0 Unused Serialized files (Serialized files now loaded: 0)

Unloading 0 unused Assets to reduce memory usage. Loaded Objects now: 1116725.
Total: 886.514942 ms (FindLiveObjects: 104.419878 ms CreateObjectMapping: 32.388111 ms MarkObjects: 748.790619 ms  DeleteObjects: 0.909843 ms)

02/21/2021 06:15:19:  Connections 0 ZDOS:396038  sent:0 recv:0
 
(Filename: ./Runtime/Export/Debug/Debug.bindings.h Line: 35)

Unloading 0 Unused Serialized files (Serialized files now loaded: 0)

Unloading 0 unused Assets to reduce memory usage. Loaded Objects now: 1116725.
Total: 908.561687 ms (FindLiveObjects: 132.144233 ms CreateObjectMapping: 31.680352 ms MarkObjects: 743.918981 ms  DeleteObjects: 0.812115 ms)

02/21/2021 06:15:21: clone 1197
 
(Filename: ./Runtime/Export/Debug/Debug.bindings.h Line: 35)

02/21/2021 06:15:23: Saved 396038 zdos
 
(Filename: ./Runtime/Export/Debug/Debug.bindings.h Line: 35)

02/21/2021 06:15:23: World saved ( 1559.163ms )
 
(Filename: ./Runtime/Export/Debug/Debug.bindings.h Line: 35)

02/21/2021 06:25:20:  Connections 0 ZDOS:396038  sent:0 recv:0
 
(Filename: ./Runtime/Export/Debug/Debug.bindings.h Line: 35)

Unloading 0 Unused Serialized files (Serialized files now loaded: 0)

Unloading 0 unused Assets to reduce memory usage. Loaded Objects now: 1116725.
Total: 880.674104 ms (FindLiveObjects: 116.641839 ms CreateObjectMapping: 31.475714 ms MarkObjects: 731.598145 ms  DeleteObjects: 0.951965 ms)

02/21/2021 06:35:21:  Connections 0 ZDOS:396038  sent:0 recv:0
 
(Filename: ./Runtime/Export/Debug/Debug.bindings.h Line: 35)

Unloading 0 Unused Serialized files (Serialized files now loaded: 0)

Unloading 0 unused Assets to reduce memory usage. Loaded Objects now: 1116725.
Total: 912.224029 ms (FindLiveObjects: 100.872044 ms CreateObjectMapping: 33.244361 ms MarkObjects: 777.231583 ms  DeleteObjects: 0.869360 ms)

02/21/2021 06:35:23: clone 1042
 
(Filename: ./Runtime/Export/Debug/Debug.bindings.h Line: 35)

02/21/2021 06:35:25: Saved 396038 zdos
 
(Filename: ./Runtime/Export/Debug/Debug.bindings.h Line: 35)

02/21/2021 06:35:25: World saved ( 1737.8ms )
 
(Filename: ./Runtime/Export/Debug/Debug.bindings.h Line: 35)

02/21/2021 06:45:22:  Connections 0 ZDOS:396038  sent:0 recv:0
 
(Filename: ./Runtime/Export/Debug/Debug.bindings.h Line: 35)

Unloading 0 Unused Serialized files (Serialized files now loaded: 0)

Unloading 0 unused Assets to reduce memory usage. Loaded Objects now: 1116725.
Total: 917.224171 ms (FindLiveObjects: 104.056191 ms CreateObjectMapping: 32.232349 ms MarkObjects: 780.107404 ms  DeleteObjects: 0.822241 ms)

02/21/2021 06:55:23:  Connections 0 ZDOS:396038  sent:0 recv:0
 
(Filename: ./Runtime/Export/Debug/Debug.bindings.h Line: 35)

Unloading 0 Unused Serialized files (Serialized files now loaded: 0)

Unloading 0 unused Assets to reduce memory usage. Loaded Objects now: 1116725.
Total: 960.867487 ms (FindLiveObjects: 101.391366 ms CreateObjectMapping: 32.175983 ms MarkObjects: 826.378188 ms  DeleteObjects: 0.915909 ms)

02/21/2021 06:55:26: clone 1109
 
(Filename: ./Runtime/Export/Debug/Debug.bindings.h Line: 35)

02/21/2021 06:55:28: Saved 396038 zdos
 
(Filename: ./Runtime/Export/Debug/Debug.bindings.h Line: 35)

02/21/2021 06:55:28: World saved ( 2161.553ms )
 
(Filename: ./Runtime/Export/Debug/Debug.bindings.h Line: 35)

02/21/2021 07:05:24:  Connections 0 ZDOS:396038  sent:0 recv:0
 
(Filename: ./Runtime/Export/Debug/Debug.bindings.h Line: 35)

Unloading 0 Unused Serialized files (Serialized files now loaded: 0)

Unloading 0 unused Assets to reduce memory usage. Loaded Objects now: 1116725.
Total: 926.065052 ms (FindLiveObjects: 115.428926 ms CreateObjectMapping: 30.857519 ms MarkObjects: 778.863400 ms  DeleteObjects: 0.909778 ms)

02/21/2021 07:15:25:  Connections 0 ZDOS:396038  sent:0 recv:0
 
(Filename: ./Runtime/Export/Debug/Debug.bindings.h Line: 35)

Unloading 0 Unused Serialized files (Serialized files now loaded: 0)

Unloading 0 unused Assets to reduce memory usage. Loaded Objects now: 1116725.
Total: 926.999394 ms (FindLiveObjects: 130.496361 ms CreateObjectMapping: 33.216402 ms MarkObjects: 762.352569 ms  DeleteObjects: 0.927985 ms)

02/21/2021 07:15:28: clone 1046
 
(Filename: ./Runtime/Export/Debug/Debug.bindings.h Line: 35)

02/21/2021 07:15:29: Saved 396038 zdos
 
(Filename: ./Runtime/Export/Debug/Debug.bindings.h Line: 35)

02/21/2021 07:15:30: World saved ( 1739.245ms )
 
(Filename: ./Runtime/Export/Debug/Debug.bindings.h Line: 35)

02/21/2021 07:25:26:  Connections 0 ZDOS:396038  sent:0 recv:0
 
(Filename: ./Runtime/Export/Debug/Debug.bindings.h Line: 35)

Unloading 0 Unused Serialized files (Serialized files now loaded: 0)

Unloading 0 unused Assets to reduce memory usage. Loaded Objects now: 1116725.
Total: 931.254328 ms (FindLiveObjects: 103.361845 ms CreateObjectMapping: 33.027502 ms MarkObjects: 793.930104 ms  DeleteObjects: 0.928992 ms)

02/21/2021 07:35:27:  Connections 0 ZDOS:396038  sent:0 recv:0
 
(Filename: ./Runtime/Export/Debug/Debug.bindings.h Line: 35)

Unloading 0 Unused Serialized files (Serialized files now loaded: 0)

Unloading 0 unused Assets to reduce memory usage. Loaded Objects now: 1116725.
Total: 879.978394 ms (FindLiveObjects: 97.785854 ms CreateObjectMapping: 33.432970 ms MarkObjects: 747.802211 ms  DeleteObjects: 0.951007 ms)

02/21/2021 07:35:30: clone 1032
 
(Filename: ./Runtime/Export/Debug/Debug.bindings.h Line: 35)

02/21/2021 07:35:32: Saved 396038 zdos
 
(Filename: ./Runtime/Export/Debug/Debug.bindings.h Line: 35)

02/21/2021 07:35:32: World saved ( 2060.182ms )
 
(Filename: ./Runtime/Export/Debug/Debug.bindings.h Line: 35)

02/21/2021 07:45:28:  Connections 0 ZDOS:396038  sent:0 recv:0
 
(Filename: ./Runtime/Export/Debug/Debug.bindings.h Line: 35)

Unloading 0 Unused Serialized files (Serialized files now loaded: 0)

Unloading 0 unused Assets to reduce memory usage. Loaded Objects now: 1116725.
Total: 945.970755 ms (FindLiveObjects: 130.580487 ms CreateObjectMapping: 31.993642 ms MarkObjects: 782.442348 ms  DeleteObjects: 0.948012 ms)

02/21/2021 07:55:28:  Connections 0 ZDOS:396038  sent:0 recv:0
 
(Filename: ./Runtime/Export/Debug/Debug.bindings.h Line: 35)

Unloading 0 Unused Serialized files (Serialized files now loaded: 0)

Unloading 0 unused Assets to reduce memory usage. Loaded Objects now: 1116725.
Total: 894.471358 ms (FindLiveObjects: 101.975474 ms CreateObjectMapping: 31.887089 ms MarkObjects: 759.732812 ms  DeleteObjects: 0.868362 ms)

02/21/2021 07:55:32: clone 1163
 
(Filename: ./Runtime/Export/Debug/Debug.bindings.h Line: 35)

02/21/2021 07:55:34: Saved 396038 zdos
 
(Filename: ./Runtime/Export/Debug/Debug.bindings.h Line: 35)

02/21/2021 07:55:34: World saved ( 1718.943ms )
 
(Filename: ./Runtime/Export/Debug/Debug.bindings.h Line: 35)

02/21/2021 08:01:32: Possible events:0
 
(Filename: ./Runtime/Export/Debug/Debug.bindings.h Line: 35)

02/21/2021 08:05:30:  Connections 0 ZDOS:396038  sent:0 recv:0
 
(Filename: ./Runtime/Export/Debug/Debug.bindings.h Line: 35)

Unloading 0 Unused Serialized files (Serialized files now loaded: 0)

Unloading 0 unused Assets to reduce memory usage. Loaded Objects now: 1116725.
Total: 869.474387 ms (FindLiveObjects: 121.553506 ms CreateObjectMapping: 29.248574 ms MarkObjects: 717.741409 ms  DeleteObjects: 0.925241 ms)

02/21/2021 08:15:30:  Connections 0 ZDOS:396038  sent:0 recv:0
 
(Filename: ./Runtime/Export/Debug/Debug.bindings.h Line: 35)

Unloading 0 Unused Serialized files (Serialized files now loaded: 0)

Unloading 0 unused Assets to reduce memory usage. Loaded Objects now: 1116725.
Total: 936.245665 ms (FindLiveObjects: 104.382130 ms CreateObjectMapping: 36.765759 ms MarkObjects: 794.121621 ms  DeleteObjects: 0.970106 ms)

02/21/2021 08:15:34: clone 1049
 
(Filename: ./Runtime/Export/Debug/Debug.bindings.h Line: 35)

02/21/2021 08:15:36: Saved 396038 zdos
 
(Filename: ./Runtime/Export/Debug/Debug.bindings.h Line: 35)

02/21/2021 08:15:36: World saved ( 1903.454ms )
 
(Filename: ./Runtime/Export/Debug/Debug.bindings.h Line: 35)

02/21/2021 08:25:32:  Connections 0 ZDOS:396038  sent:0 recv:0
 
(Filename: ./Runtime/Export/Debug/Debug.bindings.h Line: 35)

Unloading 0 Unused Serialized files (Serialized files now loaded: 0)

Unloading 0 unused Assets to reduce memory usage. Loaded Objects now: 1116725.
Total: 898.938275 ms (FindLiveObjects: 98.207133 ms CreateObjectMapping: 32.474451 ms MarkObjects: 767.373543 ms  DeleteObjects: 0.877210 ms)

02/21/2021 08:35:32:  Connections 0 ZDOS:396038  sent:0 recv:0
 
(Filename: ./Runtime/Export/Debug/Debug.bindings.h Line: 35)

Unloading 0 Unused Serialized files (Serialized files now loaded: 0)

Unloading 0 unused Assets to reduce memory usage. Loaded Objects now: 1116725.
Total: 919.240112 ms (FindLiveObjects: 134.797052 ms CreateObjectMapping: 38.143592 ms MarkObjects: 745.419428 ms  DeleteObjects: 0.873551 ms)

02/21/2021 08:35:36: clone 1062
 
(Filename: ./Runtime/Export/Debug/Debug.bindings.h Line: 35)

02/21/2021 08:35:38: Saved 396038 zdos
 
(Filename: ./Runtime/Export/Debug/Debug.bindings.h Line: 35)

02/21/2021 08:35:38: World saved ( 1712.313ms )
 
(Filename: ./Runtime/Export/Debug/Debug.bindings.h Line: 35)

02/21/2021 08:45:34:  Connections 0 ZDOS:396038  sent:0 recv:0
 
(Filename: ./Runtime/Export/Debug/Debug.bindings.h Line: 35)

Unloading 0 Unused Serialized files (Serialized files now loaded: 0)

Unloading 0 unused Assets to reduce memory usage. Loaded Objects now: 1116725.
Total: 1007.548546 ms (FindLiveObjects: 109.047420 ms CreateObjectMapping: 33.502535 ms MarkObjects: 864.011555 ms  DeleteObjects: 0.980554 ms)

02/21/2021 08:55:34:  Connections 0 ZDOS:396038  sent:0 recv:0
 
(Filename: ./Runtime/Export/Debug/Debug.bindings.h Line: 35)

Unloading 0 Unused Serialized files (Serialized files now loaded: 0)

Unloading 0 unused Assets to reduce memory usage. Loaded Objects now: 1116725.
Total: 976.372599 ms (FindLiveObjects: 96.886304 ms CreateObjectMapping: 32.707430 ms MarkObjects: 845.824963 ms  DeleteObjects: 0.948221 ms)

02/21/2021 08:55:39: clone 1039
 
(Filename: ./Runtime/Export/Debug/Debug.bindings.h Line: 35)

02/21/2021 08:55:40: Saved 396038 zdos
 
(Filename: ./Runtime/Export/Debug/Debug.bindings.h Line: 35)

02/21/2021 08:55:40: World saved ( 1800.805ms )
 
(Filename: ./Runtime/Export/Debug/Debug.bindings.h Line: 35)

^C02/21/2021 09:00:04: Game - OnApplicationQuit
 
(Filename: ./Runtime/Export/Debug/Debug.bindings.h Line: 35)

02/21/2021 09:00:04: ZNet Shutdown
 
(Filename: ./Runtime/Export/Debug/Debug.bindings.h Line: 35)

02/21/2021 09:00:05: clone 1125
 
(Filename: ./Runtime/Export/Debug/Debug.bindings.h Line: 35)

02/21/2021 09:00:07: Saved 396038 zdos
 
(Filename: ./Runtime/Export/Debug/Debug.bindings.h Line: 35)

02/21/2021 09:00:07: World saved ( 1654.878ms )
 
(Filename: ./Runtime/Export/Debug/Debug.bindings.h Line: 35)

02/21/2021 09:00:07: Sending disconnect msg
 
(Filename: ./Runtime/Export/Debug/Debug.bindings.h Line: 35)

02/21/2021 09:00:07: Disposing socket
 
(Filename: ./Runtime/Export/Debug/Debug.bindings.h Line: 35)

02/21/2021 09:00:07: Closing socket 0
 
(Filename: ./Runtime/Export/Debug/Debug.bindings.h Line: 35)

02/21/2021 09:00:07: Last socket, unregistering callback
 
(Filename: ./Runtime/Export/Debug/Debug.bindings.h Line: 35)

02/21/2021 09:00:07: ZSteamSocket  UnregisterGlobalCallbacks, existing sockets:0
 
(Filename: ./Runtime/Export/Debug/Debug.bindings.h Line: 35)

Setting up 1 worker threads for Enlighten.
  Thread -> id: 7fb47d57e700 -> priority: 1 
02/21/2021 09:00:11: ZNet OnDestroy
 
(Filename: ./Runtime/Export/Debug/Debug.bindings.h Line: 35)

02/21/2021 09:00:11: Net scene destroyed
 
(Filename: ./Runtime/Export/Debug/Debug.bindings.h Line: 35)

02/21/2021 09:00:11: Steam manager on destroy
 
(Filename: ./Runtime/Export/Debug/Debug.bindings.h Line: 35)

