Initialize engine version: 2019.4.16f1 (e05b6e02d63e)
[Subsystems] Discovering subsystems at path /home/vhserver/serverfiles/valheim_server_Data/UnitySubsystems
Forcing GfxDevice: Null
GfxDevice: creating device client; threaded=0
NullGfxDevice:
    Version:  NULL 1.0 [1.0]
    Renderer: Null Device
    Vendor:   Unity Technologies
Begin MonoManager ReloadAssembly
- Completed reload, in  0.103 seconds
UnloadTime: 1.458259 ms
02/15/2021 13:00:12: Starting to load scene:start
 
(Filename: ./Runtime/Export/Debug/Debug.bindings.h Line: 35)

Couldn't create a Convex Mesh from source mesh "RearBig" within the maximum polygons limit (256). The partial hull will be used. Consider simplifying your mesh. 
(Filename:  Line: 91)

WARNING: Shader Unsupported: 'Autodesk Interactive' - All passes removed
WARNING: Shader Did you use #pragma only_renderers and omit this platform?
HDR Render Texture not supported, disabling HDR on reflection probe. 
(Filename:  Line: 277)

HDR Render Texture not supported, disabling HDR on reflection probe. 
(Filename:  Line: 277)

Unloading 6 Unused Serialized files (Serialized files now loaded: 0)
UnloadTime: 6.810990 ms
Only custom filters can be played. Please add a custom filter or an audioclip to the audiosource (Amb_MainMenu). 
(Filename:  Line: 509)

HDR Render Texture not supported, disabling HDR on reflection probe. 
(Filename:  Line: 277)

Initializing Google Analytics 0.2. 
(Filename: ./Runtime/Export/Debug/Debug.bindings.h Line: 35)

02/15/2021 13:14:55: Initializing world generator seed: ( 0 )   menu:True  worldgen version:1
 
(Filename: ./Runtime/Export/Debug/Debug.bindings.h Line: 35)

02/15/2021 13:14:55: Using mountain distance: 1000
 
(Filename: ./Runtime/Export/Debug/Debug.bindings.h Line: 35)

02/15/2021 13:14:55: Render threading mode:SingleThreaded
 
(Filename: ./Runtime/Export/Debug/Debug.bindings.h Line: 35)

02/15/2021 13:14:55: Get create world abc123
 
(Filename: ./Runtime/Export/Debug/Debug.bindings.h Line: 35)

02/15/2021 13:14:55: Using steam_appid.txt
 
(Filename: ./Runtime/Export/Debug/Debug.bindings.h Line: 35)

02/15/2021 13:14:55: Using steam APPID:892970
 
(Filename: ./Runtime/Export/Debug/Debug.bindings.h Line: 35)

CAppInfoCacheReadFromDiskThread took 1 milliseconds to initialize
CApplicationManagerPopulateThread took 0 milliseconds to initialize (will have waited on CAppInfoCacheReadFromDiskThread)
RecordSteamInterfaceCreation (PID 23224): SteamGameServer012 / GameServer
RecordSteamInterfaceCreation (PID 23224): SteamUtils009 / Utils
Setting breakpad minidump AppID = 892970
RecordSteamInterfaceCreation (PID 23224): SteamGameServer012 / GameServer
RecordSteamInterfaceCreation (PID 23224): SteamUtils009 / Utils
RecordSteamInterfaceCreation (PID 23224): SteamNetworking005 / Networking
RecordSteamInterfaceCreation (PID 23224): SteamGameServerStats001 / GameServerStats
RecordSteamInterfaceCreation (PID 23224): STEAMHTTP_INTERFACE_VERSION002 / HTTP
RecordSteamInterfaceCreation (PID 23224): STEAMINVENTORY_INTERFACE_V002 / Inventory
RecordSteamInterfaceCreation (PID 23224): STEAMUGC_INTERFACE_VERSION010 / UGC
RecordSteamInterfaceCreation (PID 23224): STEAMAPPS_INTERFACE_VERSION008 / Apps
02/15/2021 13:14:55: Server ID 90071992547409920
 
(Filename: ./Runtime/Export/Debug/Debug.bindings.h Line: 35)

02/15/2021 13:14:55: Steam game server initialized
 
(Filename: ./Runtime/Export/Debug/Debug.bindings.h Line: 35)

02/15/2021 13:14:55: Missing audio clip in music respawn
 
(Filename: ./Runtime/Export/Debug/Debug.bindings.h Line: 35)

02/15/2021 13:14:55: Builder started
 
(Filename: ./Runtime/Export/Debug/Debug.bindings.h Line: 35)

02/15/2021 13:14:57: Loaded localization English
 
(Filename: ./Runtime/Export/Debug/Debug.bindings.h Line: 35)

02/15/2021 13:14:57: Game server connected
 
(Filename: ./Runtime/Export/Debug/Debug.bindings.h Line: 35)


Unloading 16 unused Assets to reduce memory usage. Loaded Objects now: 85931.
Total: 75.393727 ms (FindLiveObjects: 4.275197 ms CreateObjectMapping: 14.945662 ms MarkObjects: 55.799949 ms  DeleteObjects: 0.368266 ms)

Unloading 6 Unused Serialized files (Serialized files now loaded: 0)
UnloadTime: 18.587355 ms
HDR Render Texture not supported, disabling HDR on reflection probe. 
(Filename:  Line: 277)

HDR Render Texture not supported, disabling HDR on reflection probe. 
(Filename:  Line: 277)

02/15/2021 13:14:57: Zonesystem Awake 18005495
 
(Filename: ./Runtime/Export/Debug/Debug.bindings.h Line: 35)

02/15/2021 13:14:57: DungeonDB Awake 18005495
 
(Filename: ./Runtime/Export/Debug/Debug.bindings.h Line: 35)

02/15/2021 13:14:57: ZSteamSocket  Registering global callbacks
 
(Filename: ./Runtime/Export/Debug/Debug.bindings.h Line: 35)

02/15/2021 13:14:57: Registering lobby
 
(Filename: ./Runtime/Export/Debug/Debug.bindings.h Line: 35)

02/15/2021 13:14:57: Initializing world generator seed:nepTbzQlS5 ( -1441259986 )   menu:False  worldgen version:1
 
(Filename: ./Runtime/Export/Debug/Debug.bindings.h Line: 35)

02/15/2021 13:14:57: Using mountain distance: 1000
 
(Filename: ./Runtime/Export/Debug/Debug.bindings.h Line: 35)

02/15/2021 13:14:57: Found 596 mountain points
 
(Filename: ./Runtime/Export/Debug/Debug.bindings.h Line: 35)

02/15/2021 13:14:57: Remaining mountains:81
 
(Filename: ./Runtime/Export/Debug/Debug.bindings.h Line: 35)

02/15/2021 13:14:57: Calc time 32.937 ms
 
(Filename: ./Runtime/Export/Debug/Debug.bindings.h Line: 35)

02/15/2021 13:14:57: Found 8216 lake points
 
(Filename: ./Runtime/Export/Debug/Debug.bindings.h Line: 35)

02/15/2021 13:15:00: Remaining lakes:115
 
(Filename: ./Runtime/Export/Debug/Debug.bindings.h Line: 35)

02/15/2021 13:15:00: Calc time 2723.199 ms
 
(Filename: ./Runtime/Export/Debug/Debug.bindings.h Line: 35)

02/15/2021 13:15:00: Rivers:157
 
(Filename: ./Runtime/Export/Debug/Debug.bindings.h Line: 35)

02/15/2021 13:15:01: River buckets 15631
 
(Filename: ./Runtime/Export/Debug/Debug.bindings.h Line: 35)

02/15/2021 13:15:01: River render time 545.248 ms
 
(Filename: ./Runtime/Export/Debug/Debug.bindings.h Line: 35)

02/15/2021 13:15:01: River Calc time 564.314 ms
 
(Filename: ./Runtime/Export/Debug/Debug.bindings.h Line: 35)

02/15/2021 13:15:03: River buckets 24190
 
(Filename: ./Runtime/Export/Debug/Debug.bindings.h Line: 35)

02/15/2021 13:15:03: River render time 633.115 ms
 
(Filename: ./Runtime/Export/Debug/Debug.bindings.h Line: 35)

02/15/2021 13:15:03: Placed 1878 streams
 
(Filename: ./Runtime/Export/Debug/Debug.bindings.h Line: 35)

02/15/2021 13:15:03: Stream Calc time 1902.6 ms
 
(Filename: ./Runtime/Export/Debug/Debug.bindings.h Line: 35)

02/15/2021 13:15:03: Load world abc123
 
(Filename: ./Runtime/Export/Debug/Debug.bindings.h Line: 35)

02/15/2021 13:15:03: Loading 171413 zdos , my id 4848292 data version:26
 
(Filename: ./Runtime/Export/Debug/Debug.bindings.h Line: 35)

02/15/2021 13:15:04: Loaded 100000 dead zdos
 
(Filename: ./Runtime/Export/Debug/Debug.bindings.h Line: 35)

02/15/2021 13:15:04: Removed 0 OLD generated ZDOS
 
(Filename: ./Runtime/Export/Debug/Debug.bindings.h Line: 35)

02/15/2021 13:15:04: Loaded 7132 locations
 
(Filename: ./Runtime/Export/Debug/Debug.bindings.h Line: 35)

02/15/2021 13:15:04: Build settings:10
 
(Filename: ./Runtime/Export/Debug/Debug.bindings.h Line: 35)

02/15/2021 13:15:04: Removing -1233507428
 
(Filename: ./Runtime/Export/Debug/Debug.bindings.h Line: 35)

02/15/2021 13:15:04: Removing 1883198027
 
(Filename: ./Runtime/Export/Debug/Debug.bindings.h Line: 35)

02/15/2021 13:15:04: Removing 868418350
 
(Filename: ./Runtime/Export/Debug/Debug.bindings.h Line: 35)

02/15/2021 13:15:04: Removing -535269195
 
(Filename: ./Runtime/Export/Debug/Debug.bindings.h Line: 35)

02/15/2021 13:15:04: Removing 1547815568
 
(Filename: ./Runtime/Export/Debug/Debug.bindings.h Line: 35)

02/15/2021 13:15:04: Removing -359949137
 
(Filename: ./Runtime/Export/Debug/Debug.bindings.h Line: 35)

02/15/2021 13:15:04: Removing 319464002
 
(Filename: ./Runtime/Export/Debug/Debug.bindings.h Line: 35)

02/15/2021 13:15:04: Removing 1225882809
 
(Filename: ./Runtime/Export/Debug/Debug.bindings.h Line: 35)

02/15/2021 13:15:04: Removing 404029124
 
(Filename: ./Runtime/Export/Debug/Debug.bindings.h Line: 35)

02/15/2021 13:15:04: Audioman already exist, destroying self
 
(Filename: ./Runtime/Export/Debug/Debug.bindings.h Line: 35)


Unloading 490 unused Assets to reduce memory usage. Loaded Objects now: 86244.
Total: 328.760921 ms (FindLiveObjects: 9.977976 ms CreateObjectMapping: 16.459866 ms MarkObjects: 294.998555 ms  DeleteObjects: 7.318068 ms)

02/15/2021 13:15:09: Zonesystem Start 18005495
 
(Filename: ./Runtime/Export/Debug/Debug.bindings.h Line: 35)

02/15/2021 13:15:10: DungeonDB Start 18005495
 
(Filename: ./Runtime/Export/Debug/Debug.bindings.h Line: 35)

Warning: failed to init SDL thread priority manager: SDL not found
02/15/2021 13:25:10:  Connections 0 ZDOS:171413  sent:0 recv:0
 
(Filename: ./Runtime/Export/Debug/Debug.bindings.h Line: 35)

Unloading 6 Unused Serialized files (Serialized files now loaded: 0)

Unloading 6 unused Assets to reduce memory usage. Loaded Objects now: 1116466.
Total: 697.269854 ms (FindLiveObjects: 107.952520 ms CreateObjectMapping: 31.846121 ms MarkObjects: 556.536572 ms  DeleteObjects: 0.929020 ms)

02/15/2021 13:29:16: Got session request from 76561197991367904
 
(Filename: ./Runtime/Export/Debug/Debug.bindings.h Line: 35)

02/15/2021 13:29:17: Got handshake from client 76561197991367904
 
(Filename: ./Runtime/Export/Debug/Debug.bindings.h Line: 35)

02/15/2021 13:29:20: VERSION check their:0.143.5  mine:0.143.5
 
(Filename: ./Runtime/Export/Debug/Debug.bindings.h Line: 35)

02/15/2021 13:29:20: Server: New peer connected,sending global keys
 
(Filename: ./Runtime/Export/Debug/Debug.bindings.h Line: 35)

02/15/2021 13:29:40: Got character ZDOID from Spacey : -357459488:1
 
(Filename: ./Runtime/Export/Debug/Debug.bindings.h Line: 35)

02/15/2021 13:35:11:  Connections 1 ZDOS:171428  sent:0 recv:230
 
(Filename: ./Runtime/Export/Debug/Debug.bindings.h Line: 35)

Unloading 0 Unused Serialized files (Serialized files now loaded: 0)

Unloading 0 unused Assets to reduce memory usage. Loaded Objects now: 1116466.
Total: 740.815690 ms (FindLiveObjects: 100.042130 ms CreateObjectMapping: 36.561298 ms MarkObjects: 603.226471 ms  DeleteObjects: 0.980663 ms)

02/15/2021 13:45:11:  Connections 1 ZDOS:171430  sent:0 recv:239
 
(Filename: ./Runtime/Export/Debug/Debug.bindings.h Line: 35)

Unloading 0 Unused Serialized files (Serialized files now loaded: 0)

Unloading 0 unused Assets to reduce memory usage. Loaded Objects now: 1116466.
Total: 705.445441 ms (FindLiveObjects: 101.054443 ms CreateObjectMapping: 32.963213 ms MarkObjects: 570.507817 ms  DeleteObjects: 0.914483 ms)

02/15/2021 13:45:12: clone 454
 
(Filename: ./Runtime/Export/Debug/Debug.bindings.h Line: 35)

02/15/2021 13:45:14: Saved 171425 zdos
 
(Filename: ./Runtime/Export/Debug/Debug.bindings.h Line: 35)

02/15/2021 13:45:14: World saved ( 1441.408ms )
 
(Filename: ./Runtime/Export/Debug/Debug.bindings.h Line: 35)

02/15/2021 13:55:12:  Connections 1 ZDOS:171479  sent:0 recv:268
 
(Filename: ./Runtime/Export/Debug/Debug.bindings.h Line: 35)

Unloading 0 Unused Serialized files (Serialized files now loaded: 0)

Unloading 0 unused Assets to reduce memory usage. Loaded Objects now: 1116466.
Total: 686.991454 ms (FindLiveObjects: 95.404879 ms CreateObjectMapping: 33.238705 ms MarkObjects: 557.373141 ms  DeleteObjects: 0.969450 ms)

02/15/2021 14:05:12:  Connections 1 ZDOS:171517  sent:0 recv:226
 
(Filename: ./Runtime/Export/Debug/Debug.bindings.h Line: 35)

Unloading 0 Unused Serialized files (Serialized files now loaded: 0)

Unloading 0 unused Assets to reduce memory usage. Loaded Objects now: 1116466.
Total: 705.302114 ms (FindLiveObjects: 101.360578 ms CreateObjectMapping: 32.790126 ms MarkObjects: 570.194802 ms  DeleteObjects: 0.951457 ms)

02/15/2021 14:15:12:  Connections 1 ZDOS:171563  sent:0 recv:271
 
(Filename: ./Runtime/Export/Debug/Debug.bindings.h Line: 35)

Unloading 0 Unused Serialized files (Serialized files now loaded: 0)

Unloading 0 unused Assets to reduce memory usage. Loaded Objects now: 1116466.
Total: 725.950644 ms (FindLiveObjects: 126.577640 ms CreateObjectMapping: 32.942228 ms MarkObjects: 565.379345 ms  DeleteObjects: 1.045720 ms)

02/15/2021 14:15:14: clone 522
 
(Filename: ./Runtime/Export/Debug/Debug.bindings.h Line: 35)

02/15/2021 14:15:15: Saved 171549 zdos
 
(Filename: ./Runtime/Export/Debug/Debug.bindings.h Line: 35)

02/15/2021 14:15:15: World saved ( 1491.57ms )
 
(Filename: ./Runtime/Export/Debug/Debug.bindings.h Line: 35)

02/15/2021 14:25:13:  Connections 1 ZDOS:171589  sent:2 recv:231
 
(Filename: ./Runtime/Export/Debug/Debug.bindings.h Line: 35)

Unloading 0 Unused Serialized files (Serialized files now loaded: 0)

Unloading 0 unused Assets to reduce memory usage. Loaded Objects now: 1116466.
Total: 689.816045 ms (FindLiveObjects: 96.981166 ms CreateObjectMapping: 31.826148 ms MarkObjects: 560.065919 ms  DeleteObjects: 0.937635 ms)

02/15/2021 14:35:13:  Connections 1 ZDOS:171608  sent:0 recv:230
 
(Filename: ./Runtime/Export/Debug/Debug.bindings.h Line: 35)

Unloading 0 Unused Serialized files (Serialized files now loaded: 0)

Unloading 0 unused Assets to reduce memory usage. Loaded Objects now: 1116466.
Total: 665.674610 ms (FindLiveObjects: 98.085815 ms CreateObjectMapping: 31.254534 ms MarkObjects: 535.422344 ms  DeleteObjects: 0.906234 ms)

02/15/2021 14:45:14:  Connections 1 ZDOS:171604  sent:0 recv:307
 
(Filename: ./Runtime/Export/Debug/Debug.bindings.h Line: 35)

Unloading 0 Unused Serialized files (Serialized files now loaded: 0)

Unloading 0 unused Assets to reduce memory usage. Loaded Objects now: 1116466.
Total: 705.029937 ms (FindLiveObjects: 100.855902 ms CreateObjectMapping: 31.236112 ms MarkObjects: 571.343941 ms  DeleteObjects: 1.589399 ms)

02/15/2021 14:45:15: clone 469
 
(Filename: ./Runtime/Export/Debug/Debug.bindings.h Line: 35)

02/15/2021 14:45:16: Saved 171595 zdos
 
(Filename: ./Runtime/Export/Debug/Debug.bindings.h Line: 35)

02/15/2021 14:45:16: World saved ( 1418.796ms )
 
(Filename: ./Runtime/Export/Debug/Debug.bindings.h Line: 35)

02/15/2021 14:55:14:  Connections 1 ZDOS:171658  sent:0 recv:252
 
(Filename: ./Runtime/Export/Debug/Debug.bindings.h Line: 35)

Unloading 0 Unused Serialized files (Serialized files now loaded: 0)

Unloading 0 unused Assets to reduce memory usage. Loaded Objects now: 1116466.
Total: 699.896675 ms (FindLiveObjects: 96.050608 ms CreateObjectMapping: 32.522577 ms MarkObjects: 570.201338 ms  DeleteObjects: 1.116802 ms)

02/15/2021 15:05:15:  Connections 1 ZDOS:171695  sent:0 recv:263
 
(Filename: ./Runtime/Export/Debug/Debug.bindings.h Line: 35)

Unloading 0 Unused Serialized files (Serialized files now loaded: 0)

Unloading 0 unused Assets to reduce memory usage. Loaded Objects now: 1116466.
Total: 719.997815 ms (FindLiveObjects: 119.879861 ms CreateObjectMapping: 39.976176 ms MarkObjects: 559.172905 ms  DeleteObjects: 0.963330 ms)

02/15/2021 15:15:15:  Connections 1 ZDOS:171752  sent:0 recv:245
 
(Filename: ./Runtime/Export/Debug/Debug.bindings.h Line: 35)

Unloading 0 Unused Serialized files (Serialized files now loaded: 0)

Unloading 0 unused Assets to reduce memory usage. Loaded Objects now: 1116466.
Total: 728.212068 ms (FindLiveObjects: 102.333285 ms CreateObjectMapping: 32.193493 ms MarkObjects: 592.742439 ms  DeleteObjects: 0.936970 ms)

02/15/2021 15:15:16: clone 417
 
(Filename: ./Runtime/Export/Debug/Debug.bindings.h Line: 35)

02/15/2021 15:15:17: Saved 171735 zdos
 
(Filename: ./Runtime/Export/Debug/Debug.bindings.h Line: 35)

02/15/2021 15:15:17: World saved ( 1369.277ms )
 
(Filename: ./Runtime/Export/Debug/Debug.bindings.h Line: 35)

02/15/2021 15:16:17: Time 124073.779858653, day:68    nextm:124470.000010729  skipspeed:33.0183460063611
 
(Filename: ./Runtime/Export/Debug/Debug.bindings.h Line: 35)

02/15/2021 15:25:15:  Connections 1 ZDOS:171726  sent:0 recv:216
 
(Filename: ./Runtime/Export/Debug/Debug.bindings.h Line: 35)

Unloading 0 Unused Serialized files (Serialized files now loaded: 0)

Unloading 0 unused Assets to reduce memory usage. Loaded Objects now: 1116466.
Total: 810.503458 ms (FindLiveObjects: 133.143592 ms CreateObjectMapping: 34.224560 ms MarkObjects: 640.700856 ms  DeleteObjects: 2.428285 ms)

02/15/2021 15:29:38: Got session request from 76561198251994680
 
(Filename: ./Runtime/Export/Debug/Debug.bindings.h Line: 35)

02/15/2021 15:29:41: Got handshake from client 76561198251994680
 
(Filename: ./Runtime/Export/Debug/Debug.bindings.h Line: 35)

02/15/2021 15:29:43: VERSION check their:0.143.5  mine:0.143.5
 
(Filename: ./Runtime/Export/Debug/Debug.bindings.h Line: 35)

02/15/2021 15:29:43: Server: New peer connected,sending global keys
 
(Filename: ./Runtime/Export/Debug/Debug.bindings.h Line: 35)

02/15/2021 15:30:03: Got character ZDOID from Rysiu : -1132982452:1
 
(Filename: ./Runtime/Export/Debug/Debug.bindings.h Line: 35)

02/15/2021 15:35:16:  Connections 2 ZDOS:171820  sent:215 recv:226
 
(Filename: ./Runtime/Export/Debug/Debug.bindings.h Line: 35)

Unloading 0 Unused Serialized files (Serialized files now loaded: 0)

Unloading 0 unused Assets to reduce memory usage. Loaded Objects now: 1116466.
Total: 678.441705 ms (FindLiveObjects: 105.528372 ms CreateObjectMapping: 31.763427 ms MarkObjects: 539.410577 ms  DeleteObjects: 1.734289 ms)

02/15/2021 15:39:46: RPC_Disconnect 
 
(Filename: ./Runtime/Export/Debug/Debug.bindings.h Line: 35)

02/15/2021 15:39:46: Destroying abandoned non persistent zdo -1132982452:1752 owner -1132982452
 
(Filename: ./Runtime/Export/Debug/Debug.bindings.h Line: 35)

02/15/2021 15:39:46: Destroying abandoned non persistent zdo -1132982452:1 owner -1132982452
 
(Filename: ./Runtime/Export/Debug/Debug.bindings.h Line: 35)

02/15/2021 15:39:46: Destroying abandoned non persistent zdo -1132982452:1748 owner -1132982452
 
(Filename: ./Runtime/Export/Debug/Debug.bindings.h Line: 35)

02/15/2021 15:39:46: Destroying abandoned non persistent zdo -1132982452:1442 owner -1132982452
 
(Filename: ./Runtime/Export/Debug/Debug.bindings.h Line: 35)

02/15/2021 15:39:46: Destroying abandoned non persistent zdo -1132982452:1750 owner -1132982452
 
(Filename: ./Runtime/Export/Debug/Debug.bindings.h Line: 35)

02/15/2021 15:39:46: Destroying abandoned non persistent zdo -1132982452:1755 owner -1132982452
 
(Filename: ./Runtime/Export/Debug/Debug.bindings.h Line: 35)

02/15/2021 15:39:46: Destroying abandoned non persistent zdo -1132982452:1746 owner -1132982452
 
(Filename: ./Runtime/Export/Debug/Debug.bindings.h Line: 35)

02/15/2021 15:39:46: Destroying abandoned non persistent zdo -1132982452:1397 owner -1132982452
 
(Filename: ./Runtime/Export/Debug/Debug.bindings.h Line: 35)

02/15/2021 15:39:46: Destroying abandoned non persistent zdo -1132982452:1749 owner -1132982452
 
(Filename: ./Runtime/Export/Debug/Debug.bindings.h Line: 35)

02/15/2021 15:39:46: Destroying abandoned non persistent zdo -1132982452:1751 owner -1132982452
 
(Filename: ./Runtime/Export/Debug/Debug.bindings.h Line: 35)

02/15/2021 15:39:46: Destroying abandoned non persistent zdo -1132982452:1747 owner -1132982452
 
(Filename: ./Runtime/Export/Debug/Debug.bindings.h Line: 35)

02/15/2021 15:39:46: Destroying abandoned non persistent zdo -1132982452:1745 owner -1132982452
 
(Filename: ./Runtime/Export/Debug/Debug.bindings.h Line: 35)

02/15/2021 15:39:46: Destroying abandoned non persistent zdo -1132982452:1744 owner -1132982452
 
(Filename: ./Runtime/Export/Debug/Debug.bindings.h Line: 35)

02/15/2021 15:39:46: Destroying abandoned non persistent zdo -1132982452:1754 owner -1132982452
 
(Filename: ./Runtime/Export/Debug/Debug.bindings.h Line: 35)

02/15/2021 15:39:46: Destroying abandoned non persistent zdo -1132982452:1753 owner -1132982452
 
(Filename: ./Runtime/Export/Debug/Debug.bindings.h Line: 35)

02/15/2021 15:39:46: Disposing socket
 
(Filename: ./Runtime/Export/Debug/Debug.bindings.h Line: 35)

02/15/2021 15:39:46: Closing socket 76561198251994680
 
(Filename: ./Runtime/Export/Debug/Debug.bindings.h Line: 35)

02/15/2021 15:39:46:   send queue size:0
 
(Filename: ./Runtime/Export/Debug/Debug.bindings.h Line: 35)

02/15/2021 15:39:46:   P2P state, bytes in send queue:0
 
(Filename: ./Runtime/Export/Debug/Debug.bindings.h Line: 35)

02/15/2021 15:39:46: Disposing socket
 
(Filename: ./Runtime/Export/Debug/Debug.bindings.h Line: 35)

02/15/2021 15:39:46: Closing socket 0
 
(Filename: ./Runtime/Export/Debug/Debug.bindings.h Line: 35)

02/15/2021 15:45:16:  Connections 1 ZDOS:171817  sent:0 recv:201
 
(Filename: ./Runtime/Export/Debug/Debug.bindings.h Line: 35)

Unloading 0 Unused Serialized files (Serialized files now loaded: 0)

Unloading 0 unused Assets to reduce memory usage. Loaded Objects now: 1116466.
Total: 825.800796 ms (FindLiveObjects: 96.363653 ms CreateObjectMapping: 33.547096 ms MarkObjects: 694.909241 ms  DeleteObjects: 0.975196 ms)

02/15/2021 15:45:18: clone 663
 
(Filename: ./Runtime/Export/Debug/Debug.bindings.h Line: 35)

02/15/2021 15:45:19: Saved 171811 zdos
 
(Filename: ./Runtime/Export/Debug/Debug.bindings.h Line: 35)

02/15/2021 15:45:19: World saved ( 1413.816ms )
 
(Filename: ./Runtime/Export/Debug/Debug.bindings.h Line: 35)

02/15/2021 15:55:17:  Connections 1 ZDOS:171866  sent:0 recv:230
 
(Filename: ./Runtime/Export/Debug/Debug.bindings.h Line: 35)

Unloading 0 Unused Serialized files (Serialized files now loaded: 0)

Unloading 0 unused Assets to reduce memory usage. Loaded Objects now: 1116466.
Total: 713.311046 ms (FindLiveObjects: 102.376568 ms CreateObjectMapping: 33.968305 ms MarkObjects: 575.968545 ms  DeleteObjects: 0.992665 ms)

02/15/2021 16:05:17:  Connections 1 ZDOS:171873  sent:0 recv:225
 
(Filename: ./Runtime/Export/Debug/Debug.bindings.h Line: 35)

Unloading 0 Unused Serialized files (Serialized files now loaded: 0)

Unloading 0 unused Assets to reduce memory usage. Loaded Objects now: 1116466.
Total: 697.844532 ms (FindLiveObjects: 93.586331 ms CreateObjectMapping: 34.655984 ms MarkObjects: 567.373277 ms  DeleteObjects: 2.223578 ms)

02/15/2021 16:15:18:  Connections 1 ZDOS:171878  sent:0 recv:211
 
(Filename: ./Runtime/Export/Debug/Debug.bindings.h Line: 35)

Unloading 0 Unused Serialized files (Serialized files now loaded: 0)

Unloading 0 unused Assets to reduce memory usage. Loaded Objects now: 1116466.
Total: 682.174344 ms (FindLiveObjects: 91.481352 ms CreateObjectMapping: 30.954830 ms MarkObjects: 557.395201 ms  DeleteObjects: 2.337885 ms)

02/15/2021 16:15:19: clone 527
 
(Filename: ./Runtime/Export/Debug/Debug.bindings.h Line: 35)

02/15/2021 16:15:21: Saved 171857 zdos
 
(Filename: ./Runtime/Export/Debug/Debug.bindings.h Line: 35)

02/15/2021 16:15:21: World saved ( 1524.775ms )
 
(Filename: ./Runtime/Export/Debug/Debug.bindings.h Line: 35)

02/15/2021 16:25:18:  Connections 1 ZDOS:171834  sent:0 recv:289
 
(Filename: ./Runtime/Export/Debug/Debug.bindings.h Line: 35)

Unloading 0 Unused Serialized files (Serialized files now loaded: 0)

Unloading 0 unused Assets to reduce memory usage. Loaded Objects now: 1116466.
Total: 667.713609 ms (FindLiveObjects: 102.377173 ms CreateObjectMapping: 32.657345 ms MarkObjects: 531.657958 ms  DeleteObjects: 1.015680 ms)

02/15/2021 16:35:19:  Connections 1 ZDOS:171805  sent:0 recv:217
 
(Filename: ./Runtime/Export/Debug/Debug.bindings.h Line: 35)

Unloading 0 Unused Serialized files (Serialized files now loaded: 0)

Unloading 0 unused Assets to reduce memory usage. Loaded Objects now: 1116466.
Total: 714.671482 ms (FindLiveObjects: 96.388749 ms CreateObjectMapping: 30.853815 ms MarkObjects: 586.442098 ms  DeleteObjects: 0.981319 ms)

02/15/2021 16:45:19:  Connections 1 ZDOS:171872  sent:0 recv:232
 
(Filename: ./Runtime/Export/Debug/Debug.bindings.h Line: 35)

Unloading 0 Unused Serialized files (Serialized files now loaded: 0)

Unloading 0 unused Assets to reduce memory usage. Loaded Objects now: 1116466.
Total: 686.321891 ms (FindLiveObjects: 115.071973 ms CreateObjectMapping: 33.929161 ms MarkObjects: 536.359319 ms  DeleteObjects: 0.956656 ms)

02/15/2021 16:45:20: clone 432
 
(Filename: ./Runtime/Export/Debug/Debug.bindings.h Line: 35)

02/15/2021 16:45:22: Saved 171854 zdos
 
(Filename: ./Runtime/Export/Debug/Debug.bindings.h Line: 35)

02/15/2021 16:45:22: World saved ( 1383.179ms )
 
(Filename: ./Runtime/Export/Debug/Debug.bindings.h Line: 35)

02/15/2021 16:55:20:  Connections 1 ZDOS:171904  sent:0 recv:201
 
(Filename: ./Runtime/Export/Debug/Debug.bindings.h Line: 35)

Unloading 0 Unused Serialized files (Serialized files now loaded: 0)

Unloading 0 unused Assets to reduce memory usage. Loaded Objects now: 1116466.
Total: 643.858721 ms (FindLiveObjects: 95.633595 ms CreateObjectMapping: 31.510407 ms MarkObjects: 515.488787 ms  DeleteObjects: 1.220895 ms)

^C02/15/2021 17:00:05: Game - OnApplicationQuit
 
(Filename: ./Runtime/Export/Debug/Debug.bindings.h Line: 35)

02/15/2021 17:00:05: ZNet Shutdown
 
(Filename: ./Runtime/Export/Debug/Debug.bindings.h Line: 35)

02/15/2021 17:00:05: clone 599
 
(Filename: ./Runtime/Export/Debug/Debug.bindings.h Line: 35)

02/15/2021 17:00:06: Saved 171896 zdos
 
(Filename: ./Runtime/Export/Debug/Debug.bindings.h Line: 35)

02/15/2021 17:00:06: World saved ( 824.23ms )
 
(Filename: ./Runtime/Export/Debug/Debug.bindings.h Line: 35)

02/15/2021 17:00:06: Sending disconnect msg
 
(Filename: ./Runtime/Export/Debug/Debug.bindings.h Line: 35)

02/15/2021 17:00:06: Sent to 76561197991367904
 
(Filename: ./Runtime/Export/Debug/Debug.bindings.h Line: 35)

02/15/2021 17:00:06: Disposing socket
 
(Filename: ./Runtime/Export/Debug/Debug.bindings.h Line: 35)

02/15/2021 17:00:06: Closing socket 0
 
(Filename: ./Runtime/Export/Debug/Debug.bindings.h Line: 35)

02/15/2021 17:00:06: Disposing socket
 
(Filename: ./Runtime/Export/Debug/Debug.bindings.h Line: 35)

02/15/2021 17:00:06: Closing socket 76561197991367904
 
(Filename: ./Runtime/Export/Debug/Debug.bindings.h Line: 35)

02/15/2021 17:00:06:   send queue size:0
 
(Filename: ./Runtime/Export/Debug/Debug.bindings.h Line: 35)

02/15/2021 17:00:07:   P2P state, bytes in send queue:0
 
(Filename: ./Runtime/Export/Debug/Debug.bindings.h Line: 35)

02/15/2021 17:00:07: Last socket, unregistering callback
 
(Filename: ./Runtime/Export/Debug/Debug.bindings.h Line: 35)

02/15/2021 17:00:07: ZSteamSocket  UnregisterGlobalCallbacks, existing sockets:0
 
(Filename: ./Runtime/Export/Debug/Debug.bindings.h Line: 35)

02/15/2021 17:00:07: Disposing socket
 
(Filename: ./Runtime/Export/Debug/Debug.bindings.h Line: 35)

02/15/2021 17:00:07: Closing socket 0
 
(Filename: ./Runtime/Export/Debug/Debug.bindings.h Line: 35)

02/15/2021 17:00:07: Last socket, unregistering callback
 
(Filename: ./Runtime/Export/Debug/Debug.bindings.h Line: 35)

02/15/2021 17:00:07: ZSteamSocket  UnregisterGlobalCallbacks, existing sockets:0
 
(Filename: ./Runtime/Export/Debug/Debug.bindings.h Line: 35)

Setting up 1 worker threads for Enlighten.
  Thread -> id: 7f34fafff700 -> priority: 1 
02/15/2021 17:00:07: ZNet OnDestroy
 
(Filename: ./Runtime/Export/Debug/Debug.bindings.h Line: 35)

02/15/2021 17:00:07: Net scene destroyed
 
(Filename: ./Runtime/Export/Debug/Debug.bindings.h Line: 35)

02/15/2021 17:00:08: Steam manager on destroy
 
(Filename: ./Runtime/Export/Debug/Debug.bindings.h Line: 35)

