Feb 14 12:00:14.028 vhserver: START: PASS: Started THEVIKINGBOYZ
Feb 14 12:00:14.090 vhserver: MODS-INSTALL: INFO: LinuxGSM version: v21.1.3
Feb 14 12:00:14.100 vhserver: MODS-INSTALL: PASS: core_exit.sh exiting with code: 0
Feb 14 16:26:59.957 vhserver: CORE: PASS: Display commands
Feb 14 16:26:59.974 vhserver: CORE: INFO: LinuxGSM version: v21.1.3
Feb 14 16:26:59.977 vhserver: CORE: PASS: core_exit.sh exiting with code: 0
Feb 14 16:27:06.119 vhserver: CORE: PASS: Downloading command_dev_debug.sh
Feb 14 16:27:06.643 vhserver: INFO: Enabled dev-debug
Feb 14 16:27:06.666 vhserver: INFO: LinuxGSM version: v21.1.3
Feb 14 16:27:06.670 vhserver: PASS: core_exit.sh exiting with code: 0
Feb 14 16:27:11.924 vhserver: CORE: PASS: Display commands
Feb 14 16:27:11.941 vhserver: CORE: INFO: LinuxGSM version: v21.1.3
Feb 14 16:27:11.943 vhserver: CORE: PASS: core_exit.sh exiting with code: 0
Feb 14 16:27:22.859 vhserver: CORE: PASS: Downloading command_dev_query_raw.sh
Feb 14 16:27:23.828 vhserver: DEV-QUERY-RAW: INFO: LinuxGSM version: v21.1.3
Feb 14 16:27:23.831 vhserver: DEV-QUERY-RAW: PASS: core_exit.sh exiting with code: 0
Feb 14 16:28:06.366 vhserver: DETAILS: INFO: LinuxGSM version: v21.1.3
Feb 14 16:28:06.369 vhserver: DETAILS: PASS: core_exit.sh exiting with code: 0
Feb 14 16:28:17.326 vhserver: CORE: ERROR: Unknown command: ./vhserver postdetials
Feb 14 16:28:17.582 vhserver: CORE: PASS: Display commands
Feb 14 16:28:17.596 vhserver: CORE: INFO: LinuxGSM version: v21.1.3
Feb 14 16:28:17.603 vhserver: CORE: PASS: core_exit.sh exiting with code: 0
Feb 14 16:28:21.674 vhserver: CORE: PASS: Downloading command_postdetails.sh
Feb 14 16:28:29.288 vhserver: POST-DETAILS: PASS: termbin.com for 30D
Feb 14 16:28:29.294 vhserver: POST-DETAILS: INFO: https://termbin.com/yan7
Feb 14 16:28:29.312 vhserver: POST-DETAILS: INFO: LinuxGSM version: v21.1.3
Feb 14 16:28:29.317 vhserver: POST-DETAILS: PASS: core_exit.sh exiting with code: 0
Feb 14 16:33:11.000 vhserver: CONSOLE: PASS: Console accessed
Feb 14 16:35:48.671 vhserver: CONSOLE: PASS: Console closed
Feb 14 16:35:48.690 vhserver: CONSOLE: INFO: LinuxGSM version: v21.1.3
Feb 14 16:35:48.693 vhserver: CONSOLE: PASS: core_exit.sh exiting with code: 0
Feb 14 17:00:05.450 vhserver: STOP: INFO: Graceful: CTRL+c
Feb 14 17:00:11.135 vhserver: STOP: PASS: Graceful: CTRL+c: OK: 4 seconds
Feb 14 17:00:11.824 vhserver: START: INFO: Using anonymous Steam login
Feb 14 17:00:12.523 vhserver: START: INFO: Rotating log files
